#
# There is insufficient memory for the Java Runtime Environment to continue.
# Native memory allocation (malloc) failed to allocate 1116720 bytes. Error detail: Chunk::new
# Possible reasons:
#   The system is out of physical RAM or swap space
#   This process is running with CompressedOops enabled, and the Java Heap may be blocking the growth of the native heap
# Possible solutions:
#   Reduce memory load on the system
#   Increase physical memory or swap space
#   Check if swap backing store is full
#   Decrease Java heap size (-Xmx/-Xms)
#   Decrease number of Java threads
#   Decrease Java thread stack sizes (-Xss)
#   Set larger code cache with -XX:ReservedCodeCacheSize=
#   JVM is running with Zero Based Compressed Oops mode in which the Java heap is
#     placed in the first 32GB address space. The Java Heap base address is the
#     maximum limit for the native heap growth. Please use -XX:HeapBaseMinAddress
#     to set the Java Heap base and to place the Java Heap above 32GB virtual address.
# This output file may be truncated or incomplete.
#
#  Out of Memory Error (arena.cpp:186), pid=14980, tid=8828
#
# JRE version: OpenJDK Runtime Environment Temurin-25.0.3+9 (25.0.3+9) (build 25.0.3+9-LTS)
# Java VM: OpenJDK 64-Bit Server VM Temurin-25.0.3+9 (25.0.3+9-LTS, mixed mode, sharing, tiered, compressed oops, compressed class ptrs, serial gc, windows-amd64)
# No core dump will be written. Minidumps are not enabled by default on client versions of Windows
#

---------------  S U M M A R Y ------------

Command Line: --add-opens=java.base/java.lang=ALL-UNNAMED --add-opens=java.base/java.lang.invoke=ALL-UNNAMED --add-opens=java.base/java.util=ALL-UNNAMED --add-opens=java.prefs/java.util.prefs=ALL-UNNAMED --add-exports=jdk.compiler/com.sun.tools.javac.api=ALL-UNNAMED --add-exports=jdk.compiler/com.sun.tools.javac.util=ALL-UNNAMED --add-opens=java.base/java.nio.charset=ALL-UNNAMED --add-opens=java.base/java.net=ALL-UNNAMED --add-opens=java.base/java.util.concurrent=ALL-UNNAMED --add-opens=java.base/java.util.concurrent.atomic=ALL-UNNAMED --add-opens=java.xml/javax.xml.namespace=ALL-UNNAMED --add-opens=java.base/java.time=ALL-UNNAMED --enable-native-access=ALL-UNNAMED -XX:MaxMetaspaceSize=128m -XX:+UseSerialGC -XX:ReservedCodeCacheSize=64m -XX:HeapBaseMinAddress=0x100000000 -Xms64m -Xmx192m -Dfile.encoding=UTF-8 -Duser.country=BR -Duser.language=pt -Duser.variant -javaagent:C:\Users\Usuario\.gradle\wrapper\dists\gradle-9.5.1-bin\iq79hdu3mqx29lgffhp8bfmx\gradle-9.5.1\lib\agents\gradle-instrumentation-agent-9.5.1.jar org.gradle.launcher.daemon.bootstrap.GradleDaemon 9.5.1

Host: AMD Ryzen 3 7320U with Radeon Graphics         , 8 cores, 3G,  Windows 11 , 64 bit Build 26100 (10.0.26100.8521)
Time: Sun Jun 28 11:26:37 2026 Hora oficial do Brasil elapsed time: 21.816617 seconds (0d 0h 0m 21s)

---------------  T H R E A D  ---------------

Current thread (0x000001ce330d1ce0):  JavaThread "C2 CompilerThread0" daemon [_thread_in_native, id=8828, stack(0x00000091c3c00000,0x00000091c3d00000) (1024K)]


Current CompileTask:
C2:21816 4112       4       java.lang.invoke.InvokerBytecodeGenerator::emitStaticInvoke (260 bytes)

Stack: [0x00000091c3c00000,0x00000091c3d00000]
Native frames: (J=compiled Java code, j=interpreted, Vv=VM code, C=native code)
V  [jvm.dll+0x7aa709]  (no source info available)
V  [jvm.dll+0x7749ed]  (no source info available)
V  [jvm.dll+0x9f7433]  (no source info available)
V  [jvm.dll+0x9f9a21]  (no source info available)
V  [jvm.dll+0x9fa133]  (no source info available)
V  [jvm.dll+0x2fd266]  (no source info available)
V  [jvm.dll+0x1113c6]  (no source info available)
V  [jvm.dll+0x1116ee]  (no source info available)
V  [jvm.dll+0x45425d]  (no source info available)
V  [jvm.dll+0x422f32]  (no source info available)
V  [jvm.dll+0x42234a]  (no source info available)
V  [jvm.dll+0x2c0629]  (no source info available)
V  [jvm.dll+0x2bf80f]  (no source info available)
V  [jvm.dll+0x2374a0]  (no source info available)
V  [jvm.dll+0x2cf906]  (no source info available)
V  [jvm.dll+0x2cdb8a]  (no source info available)
V  [jvm.dll+0x49070e]  (no source info available)
V  [jvm.dll+0x99894d]  (no source info available)
V  [jvm.dll+0x7a8ce5]  (no source info available)
C  [ucrtbase.dll+0x2cd30]  (no source info available)
C  [KERNEL32.DLL+0x2e957]  (no source info available)
C  [ntdll.dll+0x87c1c]  (no source info available)

Lock stack of current Java thread (top to bottom):


---------------  P R O C E S S  ---------------

Threads class SMR info:
_java_thread_list=0x000001ce478eac00, length=36, elements={
0x000001ce330409e0, 0x000001ce330c6d90, 0x000001ce330c84c0, 0x000001ce330c9320,
0x000001ce330cbe60, 0x000001ce330cccc0, 0x000001ce330d0df0, 0x000001ce330d1ce0,
0x000001ce330d6f70, 0x000001ce3fc7b280, 0x000001ce3fce5920, 0x000001ce45adc200,
0x000001ce45ccb7e0, 0x000001ce462f2470, 0x000001ce44c6e0b0, 0x000001ce462ec0f0,
0x000001ce3fbd1370, 0x000001ce3fb9f400, 0x000001ce45c0fbb0, 0x000001ce45c0f3e0,
0x000001ce45c10b50, 0x000001ce45c0dc70, 0x000001ce45c11af0, 0x000001ce45c14200,
0x000001ce45c122c0, 0x000001ce4648bb40, 0x000001ce4648d2b0, 0x000001ce4648b370,
0x000001ce4648da80, 0x000001ce46b47380, 0x000001ce46b48320, 0x000001ce46b48af0,
0x000001ce46b4a260, 0x000001ce46b4c970, 0x000001ce46b4b9d0, 0x000001ce46b4b200
}

Java Threads: ( => current thread )
  0x000001ce330409e0 JavaThread "main"                              [_thread_blocked, id=1336, stack(0x00000091c3300000,0x00000091c3400000) (1024K)]
  0x000001ce330c6d90 JavaThread "Reference Handler"          daemon [_thread_blocked, id=8352, stack(0x00000091c3600000,0x00000091c3700000) (1024K)]
  0x000001ce330c84c0 JavaThread "Finalizer"                  daemon [_thread_blocked, id=2072, stack(0x00000091c3700000,0x00000091c3800000) (1024K)]
  0x000001ce330c9320 JavaThread "Signal Dispatcher"          daemon [_thread_blocked, id=9888, stack(0x00000091c3800000,0x00000091c3900000) (1024K)]
  0x000001ce330cbe60 JavaThread "Attach Listener"            daemon [_thread_blocked, id=19104, stack(0x00000091c3900000,0x00000091c3a00000) (1024K)]
  0x000001ce330cccc0 JavaThread "Service Thread"             daemon [_thread_blocked, id=21428, stack(0x00000091c3a00000,0x00000091c3b00000) (1024K)]
  0x000001ce330d0df0 JavaThread "Monitor Deflation Thread"   daemon [_thread_blocked, id=18900, stack(0x00000091c3b00000,0x00000091c3c00000) (1024K)]
=>0x000001ce330d1ce0 JavaThread "C2 CompilerThread0"         daemon [_thread_in_native, id=8828, stack(0x00000091c3c00000,0x00000091c3d00000) (1024K)]
  0x000001ce330d6f70 JavaThread "C1 CompilerThread0"         daemon [_thread_blocked, id=14404, stack(0x00000091c3d00000,0x00000091c3e00000) (1024K)]
  0x000001ce3fc7b280 JavaThread "Common-Cleaner"             daemon [_thread_blocked, id=12816, stack(0x00000091c3e00000,0x00000091c3f00000) (1024K)]
  0x000001ce3fce5920 JavaThread "Notification Thread"        daemon [_thread_blocked, id=19056, stack(0x00000091c3f00000,0x00000091c4000000) (1024K)]
  0x000001ce45adc200 JavaThread "Daemon health stats"               [_thread_blocked, id=21048, stack(0x00000091c4000000,0x00000091c4100000) (1024K)]
  0x000001ce45ccb7e0 JavaThread "Incoming local TCP Connector on port 49671"        [_thread_in_native, id=4344, stack(0x00000091c4100000,0x00000091c4200000) (1024K)]
  0x000001ce462f2470 JavaThread "Daemon periodic checks"            [_thread_blocked, id=19536, stack(0x00000091c4200000,0x00000091c4300000) (1024K)]
  0x000001ce44c6e0b0 JavaThread "Daemon"                            [_thread_blocked, id=18488, stack(0x00000091c4400000,0x00000091c4500000) (1024K)]
  0x000001ce462ec0f0 JavaThread "Handler for socket connection from /127.0.0.1:49671 to /127.0.0.1:54858"        [_thread_in_native, id=20696, stack(0x00000091c4500000,0x00000091c4600000) (1024K)]
  0x000001ce3fbd1370 JavaThread "Cancel handler"                    [_thread_blocked, id=13800, stack(0x00000091c4600000,0x00000091c4700000) (1024K)]
  0x000001ce3fb9f400 JavaThread "Daemon worker"                     [_thread_in_vm, id=3180, stack(0x00000091c4700000,0x00000091c4800000) (1024K)]
  0x000001ce45c0fbb0 JavaThread "Asynchronous log dispatcher for DefaultDaemonConnection: socket connection from /127.0.0.1:49671 to /127.0.0.1:54858"        [_thread_blocked, id=8248, stack(0x00000091c4800000,0x00000091c4900000) (1024K)]
  0x000001ce45c0f3e0 JavaThread "Stdin handler"                     [_thread_blocked, id=14444, stack(0x00000091c4900000,0x00000091c4a00000) (1024K)]
  0x000001ce45c10b50 JavaThread "Daemon client event forwarder"        [_thread_blocked, id=14184, stack(0x00000091c4a00000,0x00000091c4b00000) (1024K)]
  0x000001ce45c0dc70 JavaThread "Cache worker for journal cache (C:\Users\Usuario\.gradle\caches\journal-1)"        [_thread_blocked, id=10748, stack(0x00000091c4300000,0x00000091c4400000) (1024K)]
  0x000001ce45c11af0 JavaThread "File lock request listener"        [_thread_in_native, id=21476, stack(0x00000091c4b00000,0x00000091c4c00000) (1024K)]
  0x000001ce45c14200 JavaThread "Cache worker for file hash cache (C:\Users\Usuario\.gradle\caches\9.5.1\fileHashes)"        [_thread_blocked, id=6532, stack(0x00000091c4c00000,0x00000091c4d00000) (1024K)]
  0x000001ce45c122c0 JavaThread "File lock release action executor"        [_thread_blocked, id=21500, stack(0x00000091c4d00000,0x00000091c4e00000) (1024K)]
  0x000001ce4648bb40 JavaThread "Cache worker for file hash cache (C:\Users\Usuario\Documents\ecommerce-api\.gradle\9.5.1\fileHashes)"        [_thread_blocked, id=17412, stack(0x00000091c4e00000,0x00000091c4f00000) (1024K)]
  0x000001ce4648d2b0 JavaThread "Cache worker for Build Output Cleanup Cache (C:\Users\Usuario\Documents\ecommerce-api\.gradle\buildOutputCleanup)"        [_thread_blocked, id=2420, stack(0x00000091c4f00000,0x00000091c5000000) (1024K)]
  0x000001ce4648b370 JavaThread "File watcher server"        daemon [_thread_in_native, id=6488, stack(0x00000091c5000000,0x00000091c5100000) (1024K)]
  0x000001ce4648da80 JavaThread "File watcher consumer"      daemon [_thread_blocked, id=8104, stack(0x00000091c5100000,0x00000091c5200000) (1024K)]
  0x000001ce46b47380 JavaThread "jar transforms"                    [_thread_blocked, id=2984, stack(0x00000091c5200000,0x00000091c5300000) (1024K)]
  0x000001ce46b48320 JavaThread "jar transforms Thread 2"           [_thread_blocked, id=14412, stack(0x00000091c5300000,0x00000091c5400000) (1024K)]
  0x000001ce46b48af0 JavaThread "jar transforms Thread 3"           [_thread_blocked, id=11784, stack(0x00000091c5400000,0x00000091c5500000) (1024K)]
  0x000001ce46b4a260 JavaThread "Cache worker for file content cache (C:\Users\Usuario\.gradle\caches\9.5.1\fileContent)"        [_thread_blocked, id=17560, stack(0x00000091c5500000,0x00000091c5600000) (1024K)]
  0x000001ce46b4c970 JavaThread "Cache worker for checksums cache (C:\Users\Usuario\Documents\ecommerce-api\.gradle\9.5.1\checksums)"        [_thread_blocked, id=18864, stack(0x00000091c5600000,0x00000091c5700000) (1024K)]
  0x000001ce46b4b9d0 JavaThread "Cache worker for cache directory md-supplier (C:\Users\Usuario\.gradle\caches\9.5.1\md-supplier)"        [_thread_blocked, id=16488, stack(0x00000091c5700000,0x00000091c5800000) (1024K)]
  0x000001ce46b4b200 JavaThread "Cache worker for cache directory md-rule (C:\Users\Usuario\.gradle\caches\9.5.1\md-rule)"        [_thread_blocked, id=19496, stack(0x00000091c5800000,0x00000091c5900000) (1024K)]
Total: 36

Other Threads:
  0x000001ce330b4e40 VMThread "VM Thread"                           [id=9352, stack(0x00000091c3500000,0x00000091c3600000) (1024K)]
  0x000001ce32b5c970 WatcherThread "VM Periodic Task Thread"        [id=11856, stack(0x00000091c3400000,0x00000091c3500000) (1024K)]
Total: 2

Threads with active compile tasks:
C2 CompilerThread0  23360 4112       4       java.lang.invoke.InvokerBytecodeGenerator::emitStaticInvoke (260 bytes)
Total: 1

VM state: not at safepoint (normal execution)

VM Mutex/Monitor currently owned by a thread: None

Heap address: 0x0000000100000000, size: 192 MB, Compressed Oops mode: Zero based, Oop shift amount: 3

CDS archive(s) mapped at: [0x00000000a4000000-0x00000000a4dd0000-0x00000000a4dd0000), size 14483456, SharedBaseAddress: 0x00000000a4000000, ArchiveRelocationMode: 1.
Compressed class space mapped at: 0x00000000a5000000-0x00000000ac000000, reserved size: 117440512
UseCompressedClassPointers 1, UseCompactObjectHeaders 0
Narrow klass pointer bits 32, Max shift 3
Narrow klass base: 0x00000000a4000000, Narrow klass shift: 0
Encoding Range: [0x00000000a4000000 - 0x00000001a4000000), (4294967296 bytes)
Klass Range:    [0x00000000a4010000 - 0x00000000ac000000), (134152192 bytes)
Klass ID Range:  [65536 - 134217721) (134152185)
Protection zone: [0x00000000a4000000 - 0x00000000a4010000), (65536 bytes)

GC Precious Log:
 CardTable entry size: 512
 CPUs: 8 total, 8 available
 Memory: 3615M
 Large Page Support: Disabled
 NUMA Support: Disabled
 Compressed Oops: Enabled (Zero based)
 Heap Min Capacity: 64M
 Heap Initial Capacity: 64M
 Heap Max Capacity: 192M
 Pre-touch: Disabled

Heap:
 DefNew     total 22976K, used 4321K [0x0000000100000000, 0x00000001018e0000, 0x0000000104000000)
  eden space 20480K,  21% used [0x0000000100000000, 0x00000001004384a0, 0x0000000101400000)
  from space 2496K,   0% used [0x0000000101400000, 0x0000000101400000, 0x0000000101670000)
  to   space 2496K,   0% used [0x0000000101670000, 0x0000000101670000, 0x00000001018e0000)
 Tenured    total 50684K, used 30410K [0x0000000104000000, 0x000000010717f000, 0x000000010c000000)
  the  space 50684K,  59% used [0x0000000104000000, 0x0000000105db2858, 0x000000010717f000)

Card table byte_map: [0x000001ce329e0000,0x000001ce32a40000] _byte_map_base: 0x000001ce321e0000

Polling page: 0x000001ce31000000

Metaspace:
Metaspace        used 34977K, committed 36416K, reserved 180224K
 class space     used 5327K, committed 6016K, reserved 114688K

Usage:
  Non-class:     28.95 MB used.
      Class:      5.20 MB used.
       Both:     34.16 MB used.

Virtual space:
  Non-class space:       64.00 MB reserved,      29.69 MB ( 46%) committed,  1 nodes.
      Class space:      112.00 MB reserved,       5.88 MB (  5%) committed,  1 nodes.
             Both:      176.00 MB reserved,      35.56 MB ( 20%) committed. 

Chunk freelists:
   Non-Class:  2.17 MB
       Class:  10.11 MB
        Both:  12.28 MB

MaxMetaspaceSize: 128.00 MB
CompressedClassSpaceSize: 112.00 MB
Initial GC threshold: 21.00 MB
Current GC threshold: 58.38 MB
CDS: on
 - commit_granule_bytes: 65536.
 - commit_granule_words: 8192.
 - virtual_space_node_default_size: 8388608.
 - enlarge_chunks_in_place: 1.
UseCompressedClassPointers 1, UseCompactObjectHeaders 0
Narrow klass pointer bits 32, Max shift 3
Narrow klass base: 0x00000000a4000000, Narrow klass shift: 0
Encoding Range: [0x00000000a4000000 - 0x00000001a4000000), (4294967296 bytes)
Klass Range:    [0x00000000a4010000 - 0x00000000ac000000), (134152192 bytes)
Klass ID Range:  [65536 - 134217721) (134152185)
Protection zone: [0x00000000a4000000 - 0x00000000a4010000), (65536 bytes)


Internal statistics:

num_allocs_failed_limit: 6.
num_arena_births: 2376.
num_arena_deaths: 0.
num_vsnodes_births: 2.
num_vsnodes_deaths: 0.
num_space_committed: 569.
num_space_uncommitted: 0.
num_chunks_returned_to_freelist: 6.
num_chunks_taken_from_freelist: 3967.
num_chunk_merges: 6.
num_chunk_splits: 2570.
num_chunks_enlarged: 1560.
num_inconsistent_stats: 0.

CodeCache: size=65536Kb used=8677Kb max_used=9653Kb free=56859Kb
 bounds [0x000001ce3bb30000, 0x000001ce3c4a0000, 0x000001ce3fb30000]
 total_blobs=4494, nmethods=3841, adapters=558, full_count=0
Compilation: enabled, stopped_count=0, restarted_count=0

Compilation events (20 events):
Event: 20.698 Thread 0x000001ce330d6f70 nmethod 4270 0x000001ce3bc8ab88 code [0x000001ce3bc8ac80, 0x000001ce3bc8ad48]
Event: 20.708 Thread 0x000001ce330d1ce0 nmethod 4261 0x000001ce3bd0c808 code [0x000001ce3bd0c900, 0x000001ce3bd0eb10]
Event: 20.708 Thread 0x000001ce330d1ce0 4221       4       java.security.CodeSource::getCertificates (95 bytes)
Event: 20.711 Thread 0x000001ce330d1ce0 nmethod 4221 0x000001ce3bc8f208 code [0x000001ce3bc8f300, 0x000001ce3bc8f7f0]
Event: 20.712 Thread 0x000001ce330d1ce0 4162       4       java.lang.StringBuilder::length (5 bytes)
Event: 20.712 Thread 0x000001ce330d1ce0 nmethod 4162 0x000001ce3bc8cc88 code [0x000001ce3bc8cd80, 0x000001ce3bc8cdf8]
Event: 20.712 Thread 0x000001ce330d1ce0 4177       4       jdk.internal.classfile.impl.AbstractElement::<init> (5 bytes)
Event: 20.712 Thread 0x000001ce330d1ce0 nmethod 4177 0x000001ce3bc93988 code [0x000001ce3bc93a80, 0x000001ce3bc93af8]
Event: 20.712 Thread 0x000001ce330d1ce0 4132       4       java.lang.reflect.Modifier::isPrivate (12 bytes)
Event: 20.712 Thread 0x000001ce330d1ce0 nmethod 4132 0x000001ce3bc96e08 code [0x000001ce3bc96f00, 0x000001ce3bc96f70]
Event: 20.712 Thread 0x000001ce330d1ce0 4136       4       org.objectweb.asm.ByteVector::putShort (52 bytes)
Event: 20.713 Thread 0x000001ce330d1ce0 nmethod 4136 0x000001ce3bc9a508 code [0x000001ce3bc9a600, 0x000001ce3bc9a7c0]
Event: 20.713 Thread 0x000001ce330d1ce0 4185       4       jdk.internal.classfile.impl.DirectCodeBuilder::storeLocal (126 bytes)
Event: 20.720 Thread 0x000001ce330d1ce0 nmethod 4185 0x000001ce3bcb0188 code [0x000001ce3bcb0280, 0x000001ce3bcb0dd8]
Event: 20.720 Thread 0x000001ce330d1ce0 4195       4       java.util.ImmutableCollections$ListItr::hasNext (17 bytes)
Event: 20.720 Thread 0x000001ce330d1ce0 nmethod 4195 0x000001ce3bc9c208 code [0x000001ce3bc9c300, 0x000001ce3bc9c388]
Event: 20.720 Thread 0x000001ce330d1ce0 4110       4       java.lang.invoke.InvokerBytecodeGenerator::isStaticallyInvocable (168 bytes)
Event: 20.723 Thread 0x000001ce330d1ce0 nmethod 4110 0x000001ce3bc90308 code [0x000001ce3bc90400, 0x000001ce3bc907e8]
Event: 20.723 Thread 0x000001ce330d1ce0 4112       4       java.lang.invoke.InvokerBytecodeGenerator::emitStaticInvoke (260 bytes)
Event: 20.899 Thread 0x000001ce330d6f70 4271       3       java.lang.invoke.VarHandleGuards::guard_LI_L (89 bytes)

GC Heap Usage History (20 events):
Event: 14.961 {heap Before GC invocations=7 (full 0):
 DefNew     total 19648K, used 18157K [0x0000000100000000, 0x0000000101550000, 0x0000000104000000)
  eden space 17472K, 100% used [0x0000000100000000, 0x0000000101110000, 0x0000000101110000)
  from space 2176K,  31% used [0x0000000101330000, 0x00000001013db498, 0x0000000101550000)
  to   space 2176K,   0% used [0x0000000101110000, 0x0000000101110000, 0x0000000101330000)
 Tenured    total 43712K, used 19443K [0x0000000104000000, 0x0000000106ab0000, 0x000000010c000000)
  the  space 43712K,  44% used [0x0000000104000000, 0x00000001052fcfb0, 0x0000000106ab0000)
}
Event: 14.971 {heap After GC invocations=8 (full 0):
 DefNew     total 19648K, used 1726K [0x0000000100000000, 0x0000000101550000, 0x0000000104000000)
  eden space 17472K,   0% used [0x0000000100000000, 0x0000000100000000, 0x0000000101110000)
  from space 2176K,  79% used [0x0000000101110000, 0x00000001012bf870, 0x0000000101330000)
  to   space 2176K,   0% used [0x0000000101330000, 0x0000000101330000, 0x0000000101550000)
 Tenured    total 43712K, used 19443K [0x0000000104000000, 0x0000000106ab0000, 0x000000010c000000)
  the  space 43712K,  44% used [0x0000000104000000, 0x00000001052fcfb0, 0x0000000106ab0000)
}
Event: 15.618 {heap Before GC invocations=8 (full 0):
 DefNew     total 19648K, used 19198K [0x0000000100000000, 0x0000000101550000, 0x0000000104000000)
  eden space 17472K, 100% used [0x0000000100000000, 0x0000000101110000, 0x0000000101110000)
  from space 2176K,  79% used [0x0000000101110000, 0x00000001012bf870, 0x0000000101330000)
  to   space 2176K,   0% used [0x0000000101330000, 0x0000000101330000, 0x0000000101550000)
 Tenured    total 43712K, used 19443K [0x0000000104000000, 0x0000000106ab0000, 0x000000010c000000)
  the  space 43712K,  44% used [0x0000000104000000, 0x00000001052fcfb0, 0x0000000106ab0000)
}
Event: 15.632 {heap After GC invocations=9 (full 0):
 DefNew     total 19648K, used 2119K [0x0000000100000000, 0x0000000101550000, 0x0000000104000000)
  eden space 17472K,   0% used [0x0000000100000000, 0x0000000100000000, 0x0000000101110000)
  from space 2176K,  97% used [0x0000000101330000, 0x0000000101541ed0, 0x0000000101550000)
  to   space 2176K,   0% used [0x0000000101110000, 0x0000000101110000, 0x0000000101330000)
 Tenured    total 43712K, used 20113K [0x0000000104000000, 0x0000000106ab0000, 0x000000010c000000)
  the  space 43712K,  46% used [0x0000000104000000, 0x00000001053a4578, 0x0000000106ab0000)
}
Event: 15.961 {heap Before GC invocations=9 (full 0):
 DefNew     total 19648K, used 14012K [0x0000000100000000, 0x0000000101550000, 0x0000000104000000)
  eden space 17472K,  68% used [0x0000000100000000, 0x0000000100b9d348, 0x0000000101110000)
  from space 2176K,  97% used [0x0000000101330000, 0x0000000101541ed0, 0x0000000101550000)
  to   space 2176K,   0% used [0x0000000101110000, 0x0000000101110000, 0x0000000101330000)
 Tenured    total 43712K, used 20113K [0x0000000104000000, 0x0000000106ab0000, 0x000000010c000000)
  the  space 43712K,  46% used [0x0000000104000000, 0x00000001053a4578, 0x0000000106ab0000)
}
Event: 16.028 {heap After GC invocations=10 (full 1):
 DefNew     total 19776K, used 0K [0x0000000100000000, 0x0000000101570000, 0x0000000104000000)
  eden space 17600K,   0% used [0x0000000100000000, 0x0000000100000000, 0x0000000101130000)
  from space 2176K,   0% used [0x0000000101130000, 0x0000000101130000, 0x0000000101350000)
  to   space 2176K,   0% used [0x0000000101350000, 0x0000000101350000, 0x0000000101570000)
 Tenured    total 43712K, used 22874K [0x0000000104000000, 0x0000000106ab0000, 0x000000010c000000)
  the  space 43712K,  52% used [0x0000000104000000, 0x0000000105656820, 0x0000000106ab0000)
}
Event: 16.919 {heap Before GC invocations=10 (full 1):
 DefNew     total 19776K, used 17600K [0x0000000100000000, 0x0000000101570000, 0x0000000104000000)
  eden space 17600K, 100% used [0x0000000100000000, 0x0000000101130000, 0x0000000101130000)
  from space 2176K,   0% used [0x0000000101130000, 0x0000000101130000, 0x0000000101350000)
  to   space 2176K,   0% used [0x0000000101350000, 0x0000000101350000, 0x0000000101570000)
 Tenured    total 43712K, used 22874K [0x0000000104000000, 0x0000000106ab0000, 0x000000010c000000)
  the  space 43712K,  52% used [0x0000000104000000, 0x0000000105656820, 0x0000000106ab0000)
}
Event: 16.927 {heap After GC invocations=11 (full 1):
 DefNew     total 19776K, used 1055K [0x0000000100000000, 0x0000000101570000, 0x0000000104000000)
  eden space 17600K,   0% used [0x0000000100000000, 0x0000000100000000, 0x0000000101130000)
  from space 2176K,  48% used [0x0000000101350000, 0x0000000101457e18, 0x0000000101570000)
  to   space 2176K,   0% used [0x0000000101130000, 0x0000000101130000, 0x0000000101350000)
 Tenured    total 43712K, used 22874K [0x0000000104000000, 0x0000000106ab0000, 0x000000010c000000)
  the  space 43712K,  52% used [0x0000000104000000, 0x0000000105656820, 0x0000000106ab0000)
}
Event: 17.384 {heap Before GC invocations=11 (full 1):
 DefNew     total 19776K, used 18655K [0x0000000100000000, 0x0000000101570000, 0x0000000104000000)
  eden space 17600K, 100% used [0x0000000100000000, 0x0000000101130000, 0x0000000101130000)
  from space 2176K,  48% used [0x0000000101350000, 0x0000000101457e18, 0x0000000101570000)
  to   space 2176K,   0% used [0x0000000101130000, 0x0000000101130000, 0x0000000101350000)
 Tenured    total 43712K, used 22874K [0x0000000104000000, 0x0000000106ab0000, 0x000000010c000000)
  the  space 43712K,  52% used [0x0000000104000000, 0x0000000105656820, 0x0000000106ab0000)
}
Event: 17.395 {heap After GC invocations=12 (full 1):
 DefNew     total 19776K, used 2029K [0x0000000100000000, 0x0000000101570000, 0x0000000104000000)
  eden space 17600K,   0% used [0x0000000100000000, 0x0000000100000000, 0x0000000101130000)
  from space 2176K,  93% used [0x0000000101130000, 0x000000010132b618, 0x0000000101350000)
  to   space 2176K,   0% used [0x0000000101350000, 0x0000000101350000, 0x0000000101570000)
 Tenured    total 43712K, used 22874K [0x0000000104000000, 0x0000000106ab0000, 0x000000010c000000)
  the  space 43712K,  52% used [0x0000000104000000, 0x0000000105656820, 0x0000000106ab0000)
}
Event: 17.929 {heap Before GC invocations=12 (full 1):
 DefNew     total 19776K, used 19629K [0x0000000100000000, 0x0000000101570000, 0x0000000104000000)
  eden space 17600K, 100% used [0x0000000100000000, 0x0000000101130000, 0x0000000101130000)
  from space 2176K,  93% used [0x0000000101130000, 0x000000010132b618, 0x0000000101350000)
  to   space 2176K,   0% used [0x0000000101350000, 0x0000000101350000, 0x0000000101570000)
 Tenured    total 43712K, used 22874K [0x0000000104000000, 0x0000000106ab0000, 0x000000010c000000)
  the  space 43712K,  52% used [0x0000000104000000, 0x0000000105656820, 0x0000000106ab0000)
}
Event: 17.946 {heap After GC invocations=13 (full 1):
 DefNew     total 19776K, used 2176K [0x0000000100000000, 0x0000000101570000, 0x0000000104000000)
  eden space 17600K,   0% used [0x0000000100000000, 0x0000000100000000, 0x0000000101130000)
  from space 2176K, 100% used [0x0000000101350000, 0x0000000101570000, 0x0000000101570000)
  to   space 2176K,   0% used [0x0000000101130000, 0x0000000101130000, 0x0000000101350000)
 Tenured    total 43712K, used 25685K [0x0000000104000000, 0x0000000106ab0000, 0x000000010c000000)
  the  space 43712K,  58% used [0x0000000104000000, 0x00000001059154f8, 0x0000000106ab0000)
}
Event: 18.419 {heap Before GC invocations=13 (full 1):
 DefNew     total 19776K, used 19776K [0x0000000100000000, 0x0000000101570000, 0x0000000104000000)
  eden space 17600K, 100% used [0x0000000100000000, 0x0000000101130000, 0x0000000101130000)
  from space 2176K, 100% used [0x0000000101350000, 0x0000000101570000, 0x0000000101570000)
  to   space 2176K,   0% used [0x0000000101130000, 0x0000000101130000, 0x0000000101350000)
 Tenured    total 43712K, used 25685K [0x0000000104000000, 0x0000000106ab0000, 0x000000010c000000)
  the  space 43712K,  58% used [0x0000000104000000, 0x00000001059154f8, 0x0000000106ab0000)
}
Event: 18.431 {heap After GC invocations=14 (full 1):
 DefNew     total 19776K, used 1118K [0x0000000100000000, 0x0000000101570000, 0x0000000104000000)
  eden space 17600K,   0% used [0x0000000100000000, 0x0000000100000000, 0x0000000101130000)
  from space 2176K,  51% used [0x0000000101130000, 0x0000000101247a08, 0x0000000101350000)
  to   space 2176K,   0% used [0x0000000101350000, 0x0000000101350000, 0x0000000101570000)
 Tenured    total 43712K, used 27484K [0x0000000104000000, 0x0000000106ab0000, 0x000000010c000000)
  the  space 43712K,  62% used [0x0000000104000000, 0x0000000105ad7390, 0x0000000106ab0000)
}
Event: 18.819 {heap Before GC invocations=14 (full 1):
 DefNew     total 19776K, used 18718K [0x0000000100000000, 0x0000000101570000, 0x0000000104000000)
  eden space 17600K, 100% used [0x0000000100000000, 0x0000000101130000, 0x0000000101130000)
  from space 2176K,  51% used [0x0000000101130000, 0x0000000101247a08, 0x0000000101350000)
  to   space 2176K,   0% used [0x0000000101350000, 0x0000000101350000, 0x0000000101570000)
 Tenured    total 43712K, used 27484K [0x0000000104000000, 0x0000000106ab0000, 0x000000010c000000)
  the  space 43712K,  62% used [0x0000000104000000, 0x0000000105ad7390, 0x0000000106ab0000)
}
Event: 18.828 {heap After GC invocations=15 (full 1):
 DefNew     total 19776K, used 737K [0x0000000100000000, 0x0000000101570000, 0x0000000104000000)
  eden space 17600K,   0% used [0x0000000100000000, 0x0000000100000000, 0x0000000101130000)
  from space 2176K,  33% used [0x0000000101350000, 0x0000000101408628, 0x0000000101570000)
  to   space 2176K,   0% used [0x0000000101130000, 0x0000000101130000, 0x0000000101350000)
 Tenured    total 43712K, used 28414K [0x0000000104000000, 0x0000000106ab0000, 0x000000010c000000)
  the  space 43712K,  65% used [0x0000000104000000, 0x0000000105bbfb38, 0x0000000106ab0000)
}
Event: 19.218 {heap Before GC invocations=15 (full 1):
 DefNew     total 19776K, used 18337K [0x0000000100000000, 0x0000000101570000, 0x0000000104000000)
  eden space 17600K, 100% used [0x0000000100000000, 0x0000000101130000, 0x0000000101130000)
  from space 2176K,  33% used [0x0000000101350000, 0x0000000101408628, 0x0000000101570000)
  to   space 2176K,   0% used [0x0000000101130000, 0x0000000101130000, 0x0000000101350000)
 Tenured    total 43712K, used 28414K [0x0000000104000000, 0x0000000106ab0000, 0x000000010c000000)
  the  space 43712K,  65% used [0x0000000104000000, 0x0000000105bbfb38, 0x0000000106ab0000)
}
Event: 19.226 {heap After GC invocations=16 (full 1):
 DefNew     total 19776K, used 1442K [0x0000000100000000, 0x0000000101570000, 0x0000000104000000)
  eden space 17600K,   0% used [0x0000000100000000, 0x0000000100000000, 0x0000000101130000)
  from space 2176K,  66% used [0x0000000101130000, 0x0000000101298858, 0x0000000101350000)
  to   space 2176K,   0% used [0x0000000101350000, 0x0000000101350000, 0x0000000101570000)
 Tenured    total 43712K, used 28414K [0x0000000104000000, 0x0000000106ab0000, 0x000000010c000000)
  the  space 43712K,  65% used [0x0000000104000000, 0x0000000105bbfb38, 0x0000000106ab0000)
}
Event: 19.546 {heap Before GC invocations=16 (full 1):
 DefNew     total 19776K, used 14545K [0x0000000100000000, 0x0000000101570000, 0x0000000104000000)
  eden space 17600K,  74% used [0x0000000100000000, 0x0000000100ccbda8, 0x0000000101130000)
  from space 2176K,  66% used [0x0000000101130000, 0x0000000101298858, 0x0000000101350000)
  to   space 2176K,   0% used [0x0000000101350000, 0x0000000101350000, 0x0000000101570000)
 Tenured    total 43712K, used 28414K [0x0000000104000000, 0x0000000106ab0000, 0x000000010c000000)
  the  space 43712K,  65% used [0x0000000104000000, 0x0000000105bbfb38, 0x0000000106ab0000)
}
Event: 20.641 {heap After GC invocations=17 (full 2):
 DefNew     total 22976K, used 0K [0x0000000100000000, 0x00000001018e0000, 0x0000000104000000)
  eden space 20480K,   0% used [0x0000000100000000, 0x0000000100000000, 0x0000000101400000)
  from space 2496K,   0% used [0x0000000101400000, 0x0000000101400000, 0x0000000101670000)
  to   space 2496K,   0% used [0x0000000101670000, 0x0000000101670000, 0x00000001018e0000)
 Tenured    total 50684K, used 30410K [0x0000000104000000, 0x000000010717f000, 0x000000010c000000)
  the  space 50684K,  59% used [0x0000000104000000, 0x0000000105db2858, 0x000000010717f000)
}

Metaspace Usage History (20 events):
Event: 14.961 {metaspace Before GC invocations=7 (full 0):
 Metaspace       used 16971K, committed 17472K, reserved 180224K
  class space    used 2395K, committed 2624K, reserved 114688K
}
Event: 14.971 {metaspace After GC invocations=8 (full 0):
 Metaspace       used 16971K, committed 17472K, reserved 180224K
  class space    used 2395K, committed 2624K, reserved 114688K
}
Event: 15.618 {metaspace Before GC invocations=8 (full 0):
 Metaspace       used 19478K, committed 20032K, reserved 180224K
  class space    used 2826K, committed 3072K, reserved 114688K
}
Event: 15.632 {metaspace After GC invocations=9 (full 0):
 Metaspace       used 19478K, committed 20032K, reserved 180224K
  class space    used 2826K, committed 3072K, reserved 114688K
}
Event: 15.961 {metaspace Before GC invocations=9 (full 0):
 Metaspace       used 20863K, committed 21504K, reserved 180224K
  class space    used 3075K, committed 3328K, reserved 114688K
}
Event: 16.028 {metaspace After GC invocations=10 (full 1):
 Metaspace       used 20863K, committed 21504K, reserved 180224K
  class space    used 3075K, committed 3328K, reserved 114688K
}
Event: 16.919 {metaspace Before GC invocations=10 (full 1):
 Metaspace       used 23056K, committed 23872K, reserved 180224K
  class space    used 3445K, committed 3776K, reserved 114688K
}
Event: 16.927 {metaspace After GC invocations=11 (full 1):
 Metaspace       used 23056K, committed 23872K, reserved 180224K
  class space    used 3445K, committed 3776K, reserved 114688K
}
Event: 17.384 {metaspace Before GC invocations=11 (full 1):
 Metaspace       used 24880K, committed 25792K, reserved 180224K
  class space    used 3767K, committed 4160K, reserved 114688K
}
Event: 17.395 {metaspace After GC invocations=12 (full 1):
 Metaspace       used 24880K, committed 25792K, reserved 180224K
  class space    used 3767K, committed 4160K, reserved 114688K
}
Event: 17.929 {metaspace Before GC invocations=12 (full 1):
 Metaspace       used 26464K, committed 27520K, reserved 180224K
  class space    used 4055K, committed 4544K, reserved 114688K
}
Event: 17.946 {metaspace After GC invocations=13 (full 1):
 Metaspace       used 26464K, committed 27520K, reserved 180224K
  class space    used 4055K, committed 4544K, reserved 114688K
}
Event: 18.420 {metaspace Before GC invocations=13 (full 1):
 Metaspace       used 29706K, committed 30784K, reserved 180224K
  class space    used 4369K, committed 4864K, reserved 114688K
}
Event: 18.431 {metaspace After GC invocations=14 (full 1):
 Metaspace       used 29706K, committed 30784K, reserved 180224K
  class space    used 4369K, committed 4864K, reserved 114688K
}
Event: 18.819 {metaspace Before GC invocations=14 (full 1):
 Metaspace       used 31563K, committed 32768K, reserved 180224K
  class space    used 4691K, committed 5248K, reserved 114688K
}
Event: 18.828 {metaspace After GC invocations=15 (full 1):
 Metaspace       used 31563K, committed 32768K, reserved 180224K
  class space    used 4691K, committed 5248K, reserved 114688K
}
Event: 19.218 {metaspace Before GC invocations=15 (full 1):
 Metaspace       used 33272K, committed 34560K, reserved 180224K
  class space    used 5005K, committed 5632K, reserved 114688K
}
Event: 19.226 {metaspace After GC invocations=16 (full 1):
 Metaspace       used 33272K, committed 34560K, reserved 180224K
  class space    used 5005K, committed 5632K, reserved 114688K
}
Event: 19.546 {metaspace Before GC invocations=16 (full 1):
 Metaspace       used 34435K, committed 35840K, reserved 180224K
  class space    used 5217K, committed 5888K, reserved 114688K
}
Event: 20.641 {metaspace After GC invocations=17 (full 2):
 Metaspace       used 34435K, committed 35840K, reserved 180224K
  class space    used 5217K, committed 5888K, reserved 114688K
}

Dll operation events (14 events):
Event: 0.045 Loaded shared library C:\Program Files\Eclipse Adoptium\jdk-25.0.3.9-hotspot\bin\java.dll
Event: 0.484 Loaded shared library C:\Program Files\Eclipse Adoptium\jdk-25.0.3.9-hotspot\bin\zip.dll
Event: 0.501 Loaded shared library C:\Program Files\Eclipse Adoptium\jdk-25.0.3.9-hotspot\bin\instrument.dll
Event: 0.518 Loaded shared library C:\Program Files\Eclipse Adoptium\jdk-25.0.3.9-hotspot\bin\net.dll
Event: 0.541 Loaded shared library C:\Program Files\Eclipse Adoptium\jdk-25.0.3.9-hotspot\bin\nio.dll
Event: 0.548 Loaded shared library C:\Program Files\Eclipse Adoptium\jdk-25.0.3.9-hotspot\bin\zip.dll
Event: 2.841 Loaded shared library C:\Program Files\Eclipse Adoptium\jdk-25.0.3.9-hotspot\bin\jimage.dll
Event: 5.142 Loaded shared library C:\Program Files\Eclipse Adoptium\jdk-25.0.3.9-hotspot\bin\verify.dll
Event: 5.246 Loaded shared library C:\Users\Usuario\.gradle\native\660c5614fbf4a5f2a75b1949f50a0caf5cd603558e7d8a26e50b933a0cfb79d1\windows-amd64\native-platform.dll
Event: 5.298 Loaded shared library C:\Users\Usuario\.gradle\native\0.2.8\x86_64-windows-gnu\gradle-fileevents.dll
Event: 8.375 Loaded shared library C:\Program Files\Eclipse Adoptium\jdk-25.0.3.9-hotspot\bin\management.dll
Event: 8.390 Loaded shared library C:\Program Files\Eclipse Adoptium\jdk-25.0.3.9-hotspot\bin\management_ext.dll
Event: 11.732 Loaded shared library C:\Program Files\Eclipse Adoptium\jdk-25.0.3.9-hotspot\bin\extnet.dll
Event: 13.590 Loaded shared library C:\Program Files\Eclipse Adoptium\jdk-25.0.3.9-hotspot\bin\sunmscapi.dll

Deoptimization events (20 events):
Event: 18.336 Thread 0x000001ce3fb9f400 Uncommon trap: trap_request=0xffffff6e fr.pc=0x000001ce3bf17eb4 relative=0x00000000000001b4
Event: 18.336 Thread 0x000001ce3fb9f400 Uncommon trap: reason=predicate action=maybe_recompile pc=0x000001ce3bf17eb4 method=java.util.LinkedHashMap.keysToArray([Ljava/lang/Object;Z)[Ljava/lang/Object; @ 53 c2
Event: 18.336 Thread 0x000001ce3fb9f400 DEOPT PACKING pc=0x000001ce3bf17eb4 sp=0x00000091c47f6310
Event: 18.336 Thread 0x000001ce3fb9f400 DEOPT UNPACKING pc=0x000001ce3bbc3602 sp=0x00000091c47f62a0 mode 2
Event: 18.377 Thread 0x000001ce3fb9f400 Uncommon trap: trap_request=0xffffff45 fr.pc=0x000001ce3bc6acb4 relative=0x00000000000000b4
Event: 18.377 Thread 0x000001ce3fb9f400 Uncommon trap: reason=unstable_if action=reinterpret pc=0x000001ce3bc6acb4 method=java.lang.String.hashCode()I @ 42 c2
Event: 18.377 Thread 0x000001ce3fb9f400 DEOPT PACKING pc=0x000001ce3bc6acb4 sp=0x00000091c47f5f90
Event: 18.378 Thread 0x000001ce3fb9f400 DEOPT UNPACKING pc=0x000001ce3bbc3602 sp=0x00000091c47f5f20 mode 2
Event: 18.728 Thread 0x000001ce3fb9f400 Uncommon trap: trap_request=0xffffffde fr.pc=0x000001ce3bc7b05c relative=0x00000000000001dc
Event: 18.728 Thread 0x000001ce3fb9f400 Uncommon trap: reason=class_check action=maybe_recompile pc=0x000001ce3bc7b05c method=java.lang.String.equals(Ljava/lang/Object;)Z @ 8 c2
Event: 18.728 Thread 0x000001ce3fb9f400 DEOPT PACKING pc=0x000001ce3bc7b05c sp=0x00000091c47f8930
Event: 18.728 Thread 0x000001ce3fb9f400 DEOPT UNPACKING pc=0x000001ce3bbc3602 sp=0x00000091c47f88c8 mode 2
Event: 20.645 Thread 0x000001ce3fb9f400 Uncommon trap: trap_request=0xffffffde fr.pc=0x000001ce3bc7b05c relative=0x00000000000001dc
Event: 20.645 Thread 0x000001ce3fb9f400 Uncommon trap: reason=class_check action=maybe_recompile pc=0x000001ce3bc7b05c method=java.lang.String.equals(Ljava/lang/Object;)Z @ 8 c2
Event: 20.645 Thread 0x000001ce3fb9f400 DEOPT PACKING pc=0x000001ce3bc7b05c sp=0x00000091c47f99d0
Event: 20.645 Thread 0x000001ce3fb9f400 DEOPT UNPACKING pc=0x000001ce3bbc3602 sp=0x00000091c47f9968 mode 2
Event: 20.648 Thread 0x000001ce3fb9f400 Uncommon trap: trap_request=0xffffffde fr.pc=0x000001ce3bc7b05c relative=0x00000000000001dc
Event: 20.648 Thread 0x000001ce3fb9f400 Uncommon trap: reason=class_check action=maybe_recompile pc=0x000001ce3bc7b05c method=java.lang.String.equals(Ljava/lang/Object;)Z @ 8 c2
Event: 20.648 Thread 0x000001ce3fb9f400 DEOPT PACKING pc=0x000001ce3bc7b05c sp=0x00000091c47f9710
Event: 20.648 Thread 0x000001ce3fb9f400 DEOPT UNPACKING pc=0x000001ce3bbc3602 sp=0x00000091c47f96a8 mode 2

Classes loaded (20 events):
Event: 18.885 Loading class java/lang/reflect/AnnotatedType
Event: 18.885 Loading class java/lang/reflect/AnnotatedType done
Event: 18.904 Loading class sun/reflect/generics/tree/IntSignature
Event: 18.905 Loading class sun/reflect/generics/tree/IntSignature done
Event: 18.905 Loading class sun/reflect/generics/tree/ArrayTypeSignature
Event: 18.905 Loading class sun/reflect/generics/tree/ArrayTypeSignature done
Event: 18.916 Loading class java/lang/SafeVarargs
Event: 18.916 Loading class java/lang/SafeVarargs done
Event: 19.057 Loading class jdk/internal/reflect/MethodHandleIntegerFieldAccessorImpl
Event: 19.057 Loading class jdk/internal/reflect/MethodHandleIntegerFieldAccessorImpl done
Event: 19.379 Loading class java/lang/invoke/BoundMethodHandle$Species_LLLLLLLLLLLLLLLLLLLLLLLLLLL
Event: 19.379 Loading class java/lang/invoke/BoundMethodHandle$Species_LLLLLLLLLLLLLLLLLLLLLLLLLLL done
Event: 19.383 Loading class java/lang/invoke/BoundMethodHandle$Species_LLLLLLLLLLLLLLLLLLLLLLLLLLLL
Event: 19.383 Loading class java/lang/invoke/BoundMethodHandle$Species_LLLLLLLLLLLLLLLLLLLLLLLLLLLL done
Event: 19.386 Loading class java/lang/invoke/BoundMethodHandle$Species_LLLLLLLLLLLLLLLLLLLLLLLLLLLLL
Event: 19.386 Loading class java/lang/invoke/BoundMethodHandle$Species_LLLLLLLLLLLLLLLLLLLLLLLLLLLLL done
Event: 19.391 Loading class java/lang/invoke/BoundMethodHandle$Species_LLLLLLLLLLLLLLLLLLLLLLLLLLLLLL
Event: 19.391 Loading class java/lang/invoke/BoundMethodHandle$Species_LLLLLLLLLLLLLLLLLLLLLLLLLLLLLL done
Event: 20.654 Loading class java/io/StringReader
Event: 20.654 Loading class java/io/StringReader done

Classes unloaded (0 events):
No events

Classes redefined (0 events):
No events

Internal exceptions (20 events):
Event: 18.166 Thread 0x000001ce3fb9f400 Exception <a 'java/lang/NoSuchMethodError'{0x00000001007417e8}: static Lorg/gradle/tooling/internal/consumer/versioning/VersionDetails$R28VersionDetails;.<clinit>()V> (0x00000001007417e8) 
thrown [s\src\hotspot\share\prims\jni.cpp, line 1106]
Event: 18.166 Thread 0x000001ce3fb9f400 Exception <a 'java/lang/NoSuchMethodError'{0x0000000100742b30}: static Lorg/gradle/tooling/internal/consumer/versioning/VersionDetails$R35VersionDetails;.<clinit>()V> (0x0000000100742b30) 
thrown [s\src\hotspot\share\prims\jni.cpp, line 1106]
Event: 18.166 Thread 0x000001ce3fb9f400 Exception <a 'java/lang/NoSuchMethodError'{0x0000000100744030}: static Lorg/gradle/tooling/internal/consumer/versioning/VersionDetails$R44VersionDetails;.<clinit>()V> (0x0000000100744030) 
thrown [s\src\hotspot\share\prims\jni.cpp, line 1106]
Event: 18.166 Thread 0x000001ce3fb9f400 Exception <a 'java/lang/NoSuchMethodError'{0x0000000100745478}: static Lorg/gradle/tooling/internal/consumer/versioning/VersionDetails$R48VersionDetails;.<clinit>()V> (0x0000000100745478) 
thrown [s\src\hotspot\share\prims\jni.cpp, line 1106]
Event: 18.166 Thread 0x000001ce3fb9f400 Exception <a 'java/lang/NoSuchMethodError'{0x0000000100746760}: static Lorg/gradle/tooling/internal/consumer/versioning/VersionDetails$R51VersionDetails;.<clinit>()V> (0x0000000100746760) 
thrown [s\src\hotspot\share\prims\jni.cpp, line 1106]
Event: 18.466 Thread 0x000001ce3fb9f400 Exception <a 'java/lang/NoSuchMethodError'{0x00000001000e1cf8}: 'void java.lang.invoke.DirectMethodHandle$Holder.invokeInterface(java.lang.Object, java.lang.Object, java.lang.Object, java.lang.Object, java.lang.Object)'> (0x00000001000e1cf8) 
thrown [s\src\hotspot\share\interpreter\linkResolver.cpp, line 804]
Event: 18.661 Thread 0x000001ce3fb9f400 Exception <a 'java/lang/NoSuchMethodError'{0x0000000100991308}: 'java.lang.Object java.lang.invoke.DirectMethodHandle$Holder.invokeVirtual(java.lang.Object, java.lang.Object, java.lang.Object, java.lang.Object, java.lang.Object, java.lang.Object, java.lang.Object, java.lang.Object, java.lang.Object, java.lang.Object, java.lang.Object, java.lang.Object, java.lang.Object, java.lang.Object, java.lang.Object)'> (0x0000000100991308) 
thrown [s\src\hotspot\share\interpreter\linkResolver.cpp, line 804]
Event: 18.729 Thread 0x000001ce3fb9f400 Exception <a 'java/lang/NoSuchMethodError'{0x0000000100d46d50}: 'java.lang.Object java.lang.invoke.DirectMethodHandle$Holder.newInvokeSpecial(java.lang.Object, java.lang.Object, java.lang.Object, java.lang.Object, java.lang.Object, java.lang.Object, java.lang.Object, java.lang.Object, java.lang.Object, java.lang.Object, java.lang.Object, java.lang.Object)'> (0x0000000100d46d50) 
thrown [s\src\hotspot\share\interpreter\linkResolver.cpp, line 804]
Event: 18.757 Thread 0x000001ce3fb9f400 Exception <a 'java/lang/NoSuchMethodError'{0x0000000100ef2c38}: 'java.lang.Object java.lang.invoke.DirectMethodHandle$Holder.invokeSpecialIFC(java.lang.Object, java.lang.Object, java.lang.Object, java.lang.Object)'> (0x0000000100ef2c38) 
thrown [s\src\hotspot\share\interpreter\linkResolver.cpp, line 804]
Event: 19.050 Thread 0x000001ce3fb9f400 Exception <a 'java/lang/NoSuchMethodError'{0x00000001008cd200}: 'java.lang.Object java.lang.invoke.DirectMethodHandle$Holder.newInvokeSpecial(java.lang.Object, java.lang.Object, int, int)'> (0x00000001008cd200) 
thrown [s\src\hotspot\share\interpreter\linkResolver.cpp, line 804]
Event: 19.058 Thread 0x000001ce3fb9f400 Exception <a 'java/lang/NoSuchMethodError'{0x000000010092a8e0}: 'void java.lang.invoke.DirectMethodHandle$Holder.invokeSpecial(java.lang.Object, java.lang.Object, int)'> (0x000000010092a8e0) 
thrown [s\src\hotspot\share\interpreter\linkResolver.cpp, line 804]
Event: 19.058 Thread 0x000001ce3fb9f400 Exception <a 'java/lang/NoSuchMethodError'{0x0000000100933aa8}: 'void java.lang.invoke.Invokers$Holder.invokeExact_MT(java.lang.Object, int, java.lang.Object)'> (0x0000000100933aa8) 
thrown [s\src\hotspot\share\interpreter\linkResolver.cpp, line 804]
Event: 19.138 Thread 0x000001ce3fb9f400 Exception <a 'java/lang/NoSuchMethodError'{0x0000000100c122a8}: 'java.lang.Object java.lang.invoke.DirectMethodHandle$Holder.newInvokeSpecial(java.lang.Object, java.lang.Object, java.lang.Object, java.lang.Object, java.lang.Object, java.lang.Object, java.lang.Object, java.lang.Object, java.lang.Object, java.lang.Object, java.lang.Object)'> (0x0000000100c122a8) 
thrown [s\src\hotspot\share\interpreter\linkResolver.cpp, line 804]
Event: 19.183 Thread 0x000001ce3fb9f400 Exception <a 'java/lang/NoSuchMethodError'{0x0000000100f2fc28}: 'java.lang.Object java.lang.invoke.Invokers$Holder.linkToTargetMethod(java.lang.Object, java.lang.Object, java.lang.Object, java.lang.Object, java.lang.Object, java.lang.Object, java.lang.Object, java.lang.Object, java.lang.Object, java.lang.Object, java.lang.Object, java.lang.Object)'> (0x0000000100f2fc28) 
thrown [s\src\hotspot\share\interpreter\linkResolver.cpp, line 804]
Event: 19.365 Thread 0x000001ce3fb9f400 Exception <a 'java/lang/NoSuchMethodError'{0x00000001005f49d8}: 'java.lang.Object java.lang.invoke.DelegatingMethodHandle$Holder.reinvoke_L(java.lang.Object, java.lang.Object, java.lang.Object, java.lang.Object, java.lang.Object, java.lang.Object, java.lang.Object, java.lang.Object, java.lang.Object, java.lang.Object, java.lang.Object, java.lang.Object, java.lang.Object, java.lang.Object, java.lang.Object, java.lang.Object, java.lang.Object, java.lang.Object, java.lang.Object, java.lang.Object, java.lang.O
Event: 19.381 Thread 0x000001ce3fb9f400 Exception <a 'java/lang/NoSuchMethodError'{0x0000000100796b08}: 'java.lang.Object java.lang.invoke.DirectMethodHandle$Holder.invokeStatic(java.lang.Object, java.lang.Object, java.lang.Object, java.lang.Object, java.lang.Object, java.lang.Object, java.lang.Object, java.lang.Object, java.lang.Object, java.lang.Object, java.lang.Object, java.lang.Object, java.lang.Object, java.lang.Object, java.lang.Object, java.lang.Object, java.lang.Object, java.lang.Object, java.lang.Object, java.lang.Object, java.lang.Obj
Event: 19.385 Thread 0x000001ce3fb9f400 Exception <a 'java/lang/NoSuchMethodError'{0x00000001007d7ea0}: 'java.lang.Object java.lang.invoke.DirectMethodHandle$Holder.invokeStatic(java.lang.Object, java.lang.Object, java.lang.Object, java.lang.Object, java.lang.Object, java.lang.Object, java.lang.Object, java.lang.Object, java.lang.Object, java.lang.Object, java.lang.Object, java.lang.Object, java.lang.Object, java.lang.Object, java.lang.Object, java.lang.Object, java.lang.Object, java.lang.Object, java.lang.Object, java.lang.Object, java.lang.Obj
Event: 19.388 Thread 0x000001ce3fb9f400 Exception <a 'java/lang/NoSuchMethodError'{0x000000010081a9e0}: 'java.lang.Object java.lang.invoke.DirectMethodHandle$Holder.invokeStatic(java.lang.Object, java.lang.Object, java.lang.Object, java.lang.Object, java.lang.Object, java.lang.Object, java.lang.Object, java.lang.Object, java.lang.Object, java.lang.Object, java.lang.Object, java.lang.Object, java.lang.Object, java.lang.Object, java.lang.Object, java.lang.Object, java.lang.Object, java.lang.Object, java.lang.Object, java.lang.Object, java.lang.Obj
Event: 19.392 Thread 0x000001ce3fb9f400 Exception <a 'java/lang/NoSuchMethodError'{0x000000010085e1b0}: 'java.lang.Object java.lang.invoke.DirectMethodHandle$Holder.invokeStatic(java.lang.Object, java.lang.Object, java.lang.Object, java.lang.Object, java.lang.Object, java.lang.Object, java.lang.Object, java.lang.Object, java.lang.Object, java.lang.Object, java.lang.Object, java.lang.Object, java.lang.Object, java.lang.Object, java.lang.Object, java.lang.Object, java.lang.Object, java.lang.Object, java.lang.Object, java.lang.Object, java.lang.Obj
Event: 20.669 Thread 0x000001ce3fb9f400 Exception <a 'java/lang/IncompatibleClassChangeError'{0x000000010019b6f8}: Found class java.lang.Object, but interface was expected> (0x000000010019b6f8) 
thrown [s\src\hotspot\share\interpreter\linkResolver.cpp, line 871]

VM Operations (20 events):
Event: 17.965 Executing non-safepoint VM operation: HandshakeAllThreads (Deoptimize)
Event: 17.965 Executing non-safepoint VM operation: HandshakeAllThreads (Deoptimize) done
Event: 17.997 Executing non-safepoint VM operation: HandshakeAllThreads (Deoptimize)
Event: 17.997 Executing non-safepoint VM operation: HandshakeAllThreads (Deoptimize) done
Event: 18.051 Executing non-safepoint VM operation: HandshakeAllThreads (Deoptimize)
Event: 18.051 Executing non-safepoint VM operation: HandshakeAllThreads (Deoptimize) done
Event: 18.419 Executing safepoint VM operation: SerialCollectForAllocation (Allocation Failure)
Event: 18.431 Executing safepoint VM operation: SerialCollectForAllocation (Allocation Failure) done
Event: 18.689 Executing non-safepoint VM operation: HandshakeAllThreads (Deoptimize)
Event: 18.689 Executing non-safepoint VM operation: HandshakeAllThreads (Deoptimize) done
Event: 18.819 Executing safepoint VM operation: SerialCollectForAllocation (Allocation Failure)
Event: 18.828 Executing safepoint VM operation: SerialCollectForAllocation (Allocation Failure) done
Event: 18.897 Executing non-safepoint VM operation: HandshakeAllThreads (Deoptimize)
Event: 18.897 Executing non-safepoint VM operation: HandshakeAllThreads (Deoptimize) done
Event: 19.218 Executing safepoint VM operation: SerialCollectForAllocation (Allocation Failure)
Event: 19.226 Executing safepoint VM operation: SerialCollectForAllocation (Allocation Failure) done
Event: 19.546 Executing safepoint VM operation: CollectForMetadataAllocation (Metadata GC Threshold)
Event: 20.641 Executing safepoint VM operation: CollectForMetadataAllocation (Metadata GC Threshold) done
Event: 20.673 Executing non-safepoint VM operation: HandshakeAllThreads (Deoptimize)
Event: 20.673 Executing non-safepoint VM operation: HandshakeAllThreads (Deoptimize) done

Memory protections (0 events):
No events

Nmethod flushes (20 events):
Event: 19.606 Thread 0x000001ce330b4e40 flushing  nmethod 0x000001ce3c0b2908
Event: 19.606 Thread 0x000001ce330b4e40 flushing  nmethod 0x000001ce3c0b4688
Event: 19.606 Thread 0x000001ce330b4e40 flushing  nmethod 0x000001ce3c0b5888
Event: 19.606 Thread 0x000001ce330b4e40 flushing  nmethod 0x000001ce3c0d3a88
Event: 19.606 Thread 0x000001ce330b4e40 flushing  nmethod 0x000001ce3c0dc588
Event: 19.606 Thread 0x000001ce330b4e40 flushing  nmethod 0x000001ce3c0dcb88
Event: 19.606 Thread 0x000001ce330b4e40 flushing  nmethod 0x000001ce3c0dd208
Event: 19.606 Thread 0x000001ce330b4e40 flushing  nmethod 0x000001ce3c0e0908
Event: 19.606 Thread 0x000001ce330b4e40 flushing  nmethod 0x000001ce3c0e2088
Event: 19.606 Thread 0x000001ce330b4e40 flushing  nmethod 0x000001ce3c0efe08
Event: 19.606 Thread 0x000001ce330b4e40 flushing  nmethod 0x000001ce3c0fda88
Event: 19.606 Thread 0x000001ce330b4e40 flushing  nmethod 0x000001ce3c11eb88
Event: 19.606 Thread 0x000001ce330b4e40 flushing  nmethod 0x000001ce3c11f588
Event: 19.606 Thread 0x000001ce330b4e40 flushing  nmethod 0x000001ce3c121e88
Event: 19.606 Thread 0x000001ce330b4e40 flushing  nmethod 0x000001ce3c126988
Event: 19.606 Thread 0x000001ce330b4e40 flushing  nmethod 0x000001ce3c155a08
Event: 19.606 Thread 0x000001ce330b4e40 flushing  nmethod 0x000001ce3c179d88
Event: 19.606 Thread 0x000001ce330b4e40 flushing  nmethod 0x000001ce3c189888
Event: 19.606 Thread 0x000001ce330b4e40 flushing  nmethod 0x000001ce3c18e388
Event: 19.606 Thread 0x000001ce330b4e40 flushing  nmethod 0x000001ce3c252708

Events (20 events):
Event: 13.735 Thread 0x000001ce44c6e0b0 Thread added: 0x000001ce3fb9f400
Event: 13.761 Thread 0x000001ce3fb9f400 Thread added: 0x000001ce45c0fbb0
Event: 13.780 Thread 0x000001ce3fb9f400 Thread added: 0x000001ce45c0f3e0
Event: 13.789 Thread 0x000001ce3fb9f400 Thread added: 0x000001ce45c10b50
Event: 14.005 Thread 0x000001ce449a0f10 Thread exited: 0x000001ce449a0f10
Event: 14.612 Thread 0x000001ce3fb9f400 Thread added: 0x000001ce45c0dc70
Event: 14.627 Thread 0x000001ce3fb9f400 Thread added: 0x000001ce45c11af0
Event: 14.761 Thread 0x000001ce3fb9f400 Thread added: 0x000001ce45c14200
Event: 15.331 Thread 0x000001ce45c11af0 Thread added: 0x000001ce45c122c0
Event: 17.123 Thread 0x000001ce3fb9f400 Thread added: 0x000001ce4648bb40
Event: 17.148 Thread 0x000001ce3fb9f400 Thread added: 0x000001ce4648d2b0
Event: 17.718 Thread 0x000001ce3fb9f400 Thread added: 0x000001ce4648b370
Event: 17.728 Thread 0x000001ce3fb9f400 Thread added: 0x000001ce4648da80
Event: 17.886 Thread 0x000001ce3fb9f400 Thread added: 0x000001ce46b47380
Event: 17.886 Thread 0x000001ce3fb9f400 Thread added: 0x000001ce46b48320
Event: 17.886 Thread 0x000001ce3fb9f400 Thread added: 0x000001ce46b48af0
Event: 18.614 Thread 0x000001ce3fb9f400 Thread added: 0x000001ce46b4a260
Event: 18.742 Thread 0x000001ce3fb9f400 Thread added: 0x000001ce46b4c970
Event: 19.202 Thread 0x000001ce3fb9f400 Thread added: 0x000001ce46b4b9d0
Event: 19.317 Thread 0x000001ce3fb9f400 Thread added: 0x000001ce46b4b200


Dynamic libraries:
0x00007ff7fcd60000 - 0x00007ff7fcd6e000 	C:\Program Files\Eclipse Adoptium\jdk-25.0.3.9-hotspot\bin\java.exe
0x00007ffd3ac80000 - 0x00007ffd3aee6000 	C:\WINDOWS\SYSTEM32\ntdll.dll
0x00007ffd39790000 - 0x00007ffd39859000 	C:\WINDOWS\System32\KERNEL32.DLL
0x00007ffd38330000 - 0x00007ffd3872a000 	C:\WINDOWS\System32\KERNELBASE.dll
0x00007ffd34f50000 - 0x00007ffd34ff0000 	C:\WINDOWS\SYSTEM32\apphelp.dll
0x00007ffd38730000 - 0x00007ffd3887c000 	C:\WINDOWS\System32\ucrtbase.dll
0x00007ffd1bee0000 - 0x00007ffd1bef6000 	C:\Program Files\Eclipse Adoptium\jdk-25.0.3.9-hotspot\bin\jli.dll
0x00007ffd0e070000 - 0x00007ffd0e08e000 	C:\Program Files\Eclipse Adoptium\jdk-25.0.3.9-hotspot\bin\VCRUNTIME140.dll
0x00007ffd3a760000 - 0x00007ffd3a927000 	C:\WINDOWS\System32\USER32.dll
0x00007ffd37f10000 - 0x00007ffd37f37000 	C:\WINDOWS\System32\win32u.dll
0x00007ffd39860000 - 0x00007ffd3988b000 	C:\WINDOWS\System32\GDI32.dll
0x00007ffd24880000 - 0x00007ffd24b12000 	C:\WINDOWS\WinSxS\amd64_microsoft.windows.common-controls_6595b64144ccf1df_6.0.26100.8521_none_3e08b75ce33403b3\COMCTL32.dll
0x00007ffd37f40000 - 0x00007ffd3806b000 	C:\WINDOWS\System32\gdi32full.dll
0x00007ffd38ab0000 - 0x00007ffd38b59000 	C:\WINDOWS\System32\msvcrt.dll
0x00007ffd38880000 - 0x00007ffd38923000 	C:\WINDOWS\System32\msvcp_win.dll
0x00007ffd38ca0000 - 0x00007ffd38cd2000 	C:\WINDOWS\System32\IMM32.DLL
0x00007ffd30980000 - 0x00007ffd3098c000 	C:\Program Files\Eclipse Adoptium\jdk-25.0.3.9-hotspot\bin\vcruntime140_1.dll
0x00007ffd059f0000 - 0x00007ffd05a7d000 	C:\Program Files\Eclipse Adoptium\jdk-25.0.3.9-hotspot\bin\msvcp140.dll
0x00007ffc99be0000 - 0x00007ffc9ab0a000 	C:\Program Files\Eclipse Adoptium\jdk-25.0.3.9-hotspot\bin\server\jvm.dll
0x00007ffd39e20000 - 0x00007ffd39ed6000 	C:\WINDOWS\System32\ADVAPI32.dll
0x00007ffd396e0000 - 0x00007ffd3978a000 	C:\WINDOWS\System32\sechost.dll
0x00007ffd394c0000 - 0x00007ffd395d8000 	C:\WINDOWS\System32\RPCRT4.dll
0x00007ffd39990000 - 0x00007ffd39a10000 	C:\WINDOWS\System32\WS2_32.dll
0x00007ffd37d60000 - 0x00007ffd37dbe000 	C:\WINDOWS\SYSTEM32\POWRPROF.dll
0x00007ffd2b1b0000 - 0x00007ffd2b1e6000 	C:\WINDOWS\SYSTEM32\WINMM.dll
0x00007ffd2f9c0000 - 0x00007ffd2f9cb000 	C:\WINDOWS\SYSTEM32\VERSION.dll
0x00007ffd37d40000 - 0x00007ffd37d54000 	C:\WINDOWS\SYSTEM32\UMPDC.dll
0x00007ffd36ca0000 - 0x00007ffd36cbb000 	C:\WINDOWS\SYSTEM32\kernel.appcore.dll
0x00007ffd167d0000 - 0x00007ffd167da000 	C:\Program Files\Eclipse Adoptium\jdk-25.0.3.9-hotspot\bin\jimage.dll
0x00007ffd2ed20000 - 0x00007ffd2ef62000 	C:\WINDOWS\SYSTEM32\DBGHELP.DLL
0x00007ffd39a20000 - 0x00007ffd39da3000 	C:\WINDOWS\System32\combase.dll
0x00007ffd39f00000 - 0x00007ffd39fd9000 	C:\WINDOWS\System32\OLEAUT32.dll
0x00007ffd235b0000 - 0x00007ffd235eb000 	C:\WINDOWS\SYSTEM32\dbgcore.DLL
0x00007ffd38280000 - 0x00007ffd38328000 	C:\WINDOWS\System32\bcryptPrimitives.dll
0x00007ffd33200000 - 0x00007ffd3320f000 	C:\Program Files\Eclipse Adoptium\jdk-25.0.3.9-hotspot\bin\instrument.dll
0x00007ffd0c100000 - 0x00007ffd0c11e000 	C:\Program Files\Eclipse Adoptium\jdk-25.0.3.9-hotspot\bin\java.dll
0x00007ffd3a930000 - 0x00007ffd3aac8000 	C:\WINDOWS\System32\ole32.dll
0x00007ffd38ce0000 - 0x00007ffd39464000 	C:\WINDOWS\System32\SHELL32.dll
0x00007ffd35af0000 - 0x00007ffd36370000 	C:\WINDOWS\SYSTEM32\windows.storage.dll
0x00007ffd395e0000 - 0x00007ffd396d6000 	C:\WINDOWS\System32\SHCORE.dll
0x00007ffd39db0000 - 0x00007ffd39e17000 	C:\WINDOWS\System32\shlwapi.dll
0x00007ffd37e30000 - 0x00007ffd37e59000 	C:\WINDOWS\SYSTEM32\profapi.dll
0x00007ffd08480000 - 0x00007ffd08496000 	C:\Program Files\Eclipse Adoptium\jdk-25.0.3.9-hotspot\bin\zip.dll
0x00007ffd09fe0000 - 0x00007ffd09ff1000 	C:\Program Files\Eclipse Adoptium\jdk-25.0.3.9-hotspot\bin\net.dll
0x00007ffd37210000 - 0x00007ffd3727c000 	C:\WINDOWS\system32\mswsock.dll
0x00007ffd085f0000 - 0x00007ffd08606000 	C:\Program Files\Eclipse Adoptium\jdk-25.0.3.9-hotspot\bin\nio.dll
0x00007ffd13f90000 - 0x00007ffd13fa0000 	C:\Program Files\Eclipse Adoptium\jdk-25.0.3.9-hotspot\bin\verify.dll
0x00007ffcfdb80000 - 0x00007ffcfdba7000 	C:\Users\Usuario\.gradle\native\660c5614fbf4a5f2a75b1949f50a0caf5cd603558e7d8a26e50b933a0cfb79d1\windows-amd64\native-platform.dll
0x00007ffd018b0000 - 0x00007ffd01927000 	C:\Users\Usuario\.gradle\native\0.2.8\x86_64-windows-gnu\gradle-fileevents.dll
0x00007ffd0e060000 - 0x00007ffd0e06a000 	C:\Program Files\Eclipse Adoptium\jdk-25.0.3.9-hotspot\bin\management.dll
0x00007ffd0c650000 - 0x00007ffd0c65c000 	C:\Program Files\Eclipse Adoptium\jdk-25.0.3.9-hotspot\bin\management_ext.dll
0x00007ffd38b60000 - 0x00007ffd38b68000 	C:\WINDOWS\System32\PSAPI.DLL
0x00007ffd366a0000 - 0x00007ffd366d3000 	C:\WINDOWS\SYSTEM32\IPHLPAPI.DLL
0x00007ffd3aad0000 - 0x00007ffd3aada000 	C:\WINDOWS\System32\NSI.dll
0x00007ffd11c20000 - 0x00007ffd11c29000 	C:\Program Files\Eclipse Adoptium\jdk-25.0.3.9-hotspot\bin\extnet.dll
0x00007ffd374f0000 - 0x00007ffd3750b000 	C:\WINDOWS\SYSTEM32\CRYPTSP.dll
0x00007ffd36c00000 - 0x00007ffd36c39000 	C:\WINDOWS\system32\rsaenh.dll
0x00007ffd372c0000 - 0x00007ffd372f3000 	C:\WINDOWS\SYSTEM32\USERENV.dll
0x00007ffd37e00000 - 0x00007ffd37e2a000 	C:\WINDOWS\SYSTEM32\bcrypt.dll
0x00007ffd37510000 - 0x00007ffd3751c000 	C:\WINDOWS\SYSTEM32\CRYPTBASE.dll
0x00007ffd0c610000 - 0x00007ffd0c61e000 	C:\Program Files\Eclipse Adoptium\jdk-25.0.3.9-hotspot\bin\sunmscapi.dll
0x00007ffd38100000 - 0x00007ffd38278000 	C:\WINDOWS\System32\CRYPT32.dll
0x00007ffd37710000 - 0x00007ffd37740000 	C:\WINDOWS\SYSTEM32\ncrypt.dll
0x00007ffd376c0000 - 0x00007ffd376ff000 	C:\WINDOWS\SYSTEM32\NTASN1.dll
0x00007ffcd8730000 - 0x00007ffcd8738000 	C:\WINDOWS\system32\wshunix.dll

JVMTI agents:
C:\Users\Usuario\.gradle\wrapper\dists\gradle-9.5.1-bin\iq79hdu3mqx29lgffhp8bfmx\gradle-9.5.1\lib\agents\gradle-instrumentation-agent-9.5.1.jar path:C:\Program Files\Eclipse Adoptium\jdk-25.0.3.9-hotspot\bin\instrument.dll, loaded, initialized, instrumentlib options:none

dbghelp: loaded successfully - version: 4.0.5 - missing functions: none
symbol engine: initialized successfully - sym options: 0x614 - pdb path: .;C:\Program Files\Eclipse Adoptium\jdk-25.0.3.9-hotspot\bin;C:\WINDOWS\SYSTEM32;C:\WINDOWS\WinSxS\amd64_microsoft.windows.common-controls_6595b64144ccf1df_6.0.26100.8521_none_3e08b75ce33403b3;C:\Program Files\Eclipse Adoptium\jdk-25.0.3.9-hotspot\bin\server;C:\Users\Usuario\.gradle\native\660c5614fbf4a5f2a75b1949f50a0caf5cd603558e7d8a26e50b933a0cfb79d1\windows-amd64;C:\Users\Usuario\.gradle\native\0.2.8\x86_64-windows-gnu

VM Arguments:
jvm_args: --add-opens=java.base/java.lang=ALL-UNNAMED --add-opens=java.base/java.lang.invoke=ALL-UNNAMED --add-opens=java.base/java.util=ALL-UNNAMED --add-opens=java.prefs/java.util.prefs=ALL-UNNAMED --add-exports=jdk.compiler/com.sun.tools.javac.api=ALL-UNNAMED --add-exports=jdk.compiler/com.sun.tools.javac.util=ALL-UNNAMED --add-opens=java.base/java.nio.charset=ALL-UNNAMED --add-opens=java.base/java.net=ALL-UNNAMED --add-opens=java.base/java.util.concurrent=ALL-UNNAMED --add-opens=java.base/java.util.concurrent.atomic=ALL-UNNAMED --add-opens=java.xml/javax.xml.namespace=ALL-UNNAMED --add-opens=java.base/java.time=ALL-UNNAMED --enable-native-access=ALL-UNNAMED -XX:MaxMetaspaceSize=128m -XX:+UseSerialGC -XX:ReservedCodeCacheSize=64m -XX:HeapBaseMinAddress=0x100000000 -Xms64m -Xmx192m -Dfile.encoding=UTF-8 -Duser.country=BR -Duser.language=pt -Duser.variant -javaagent:C:\Users\Usuario\.gradle\wrapper\dists\gradle-9.5.1-bin\iq79hdu3mqx29lgffhp8bfmx\gradle-9.5.1\lib\agents\gradle-instrumentation-agent-9.5.1.jar 
java_command: org.gradle.launcher.daemon.bootstrap.GradleDaemon 9.5.1
java_class_path (initial): C:\Users\Usuario\.gradle\wrapper\dists\gradle-9.5.1-bin\iq79hdu3mqx29lgffhp8bfmx\gradle-9.5.1\lib\gradle-daemon-main-9.5.1.jar
Launcher Type: SUN_STANDARD

[Global flags]
     intx CICompilerCount                          = 4                                         {product} {ergonomic}
   size_t CompressedClassSpaceSize                 = 117440512                                 {product} {ergonomic}
   size_t HeapBaseMinAddress                       = 4294967296                             {pd product} {command line}
   size_t InitialHeapSize                          = 67108864                                  {product} {command line}
   size_t MaxHeapSize                              = 201326592                                 {product} {command line}
   size_t MaxMetaspaceSize                         = 134217728                                 {product} {command line}
   size_t MaxNewSize                               = 67108864                                  {product} {ergonomic}
   size_t MinHeapDeltaBytes                        = 196608                                    {product} {ergonomic}
   size_t MinHeapSize                              = 67108864                                  {product} {command line}
   size_t NewSize                                  = 22347776                                  {product} {ergonomic}
    uintx NonNMethodCodeHeapSize                   = 4096                                   {pd product} {ergonomic}
    uintx NonProfiledCodeHeapSize                  = 0                                      {pd product} {ergonomic}
    uintx ProfiledCodeHeapSize                     = 0                                      {pd product} {ergonomic}
    uintx ReservedCodeCacheSize                    = 67108864                               {pd product} {command line}
   size_t SoftMaxHeapSize                          = 201326592                              {manageable} {ergonomic}
     bool UseCompressedOops                        = true                           {product lp64_product} {ergonomic}
     bool UseLargePagesIndividualAllocation        = false                                  {pd product} {ergonomic}
     bool UseSerialGC                              = true                                      {product} {command line}

Logging:
Log output configuration:
 #0: stdout all=warning uptime,level,tags foldmultilines=false
 #1: stderr all=off uptime,level,tags foldmultilines=false

Release file:
IMPLEMENTOR="Eclipse Adoptium" 
IMPLEMENTOR_VERSION="Temurin-25.0.3+9" 
JAVA_RUNTIME_VERSION="25.0.3+9-LTS" 
JAVA_VERSION="25.0.3" 
JAVA_VERSION_DATE="2026-04-21" 
LIBC="default" 
MODULES="java.base java.compiler java.datatransfer java.xml java.prefs java.desktop java.instrument java.logging java.management java.security.sasl java.naming java.rmi java.management.rmi java.net.http java.scripting java.security.jgss java.transaction.xa java.sql java.sql.rowset java.xml.crypto java.se java.smartcardio jdk.accessibility jdk.internal.jvmstat jdk.attach jdk.charsets jdk.internal.opt jdk.zipfs jdk.compiler jdk.crypto.cryptoki jdk.crypto.ec jdk.crypto.mscapi jdk.dynalink jdk.internal.ed jdk.editpad jdk.internal.vm.ci jdk.graal.compiler jdk.graal.compiler.management jdk.hotspot.agent jdk.httpserver jdk.incubator.vector jdk.internal.le jdk.internal.md jdk.jartool jdk.javadoc jdk.jcmd jdk.management jdk.management.agent jdk.jconsole jdk.jdeps jdk.jdwp.agent jdk.jdi jdk.jfr jdk.jlink jdk.jpackage jdk.jshell jdk.jsobject jdk.jstatd jdk.localedata jdk.management.jfr jdk.naming.dns jdk.naming.rmi jdk.net jdk.nio.mapmode jdk.sctp jdk.security.auth jdk.security.jgss jdk.unsupported jdk.unsupported.desktop jdk.xml.dom" 
OS_ARCH="x86_64" 
OS_NAME="Windows" 
SOURCE=".:git:cda0a1776184" 
BUILD_SOURCE="git:a612825ee82a20ac872d60958c349854c1f29a8e"
BUILD_SOURCE_REPO="https://github.com/adoptium/temurin-build.git"
SOURCE_REPO="https://github.com/adoptium/jdk25u.git"
FULL_VERSION="25.0.3+9-LTS"
SEMANTIC_VERSION="25.0.3+9"
BUILD_INFO="OS: Windows Server 2022 Version: 10.0"
JVM_VARIANT="Hotspot"
JVM_VERSION="25.0.3+9-LTS"
IMAGE_TYPE="JDK"

Environment Variables:
PATH=C:\Program Files\Eclipse Adoptium\jdk-25.0.3.9-hotspot\bin;C:\Program Files (x86)\Common Files\Oracle\Java\java8path;C:\Program Files (x86)\Common Files\Oracle\Java\javapath;C:\WINDOWS\system32;C:\WINDOWS;C:\WINDOWS\System32\Wbem;C:\WINDOWS\System32\WindowsPowerShell\v1.0\;C:\WINDOWS\System32\OpenSSH\;C:\Program Files\Git\cmd;C:\Users\Usuario\AppData\Local\Programs\Python\Python313\Scripts\;C:\Users\Usuario\AppData\Local\Programs\Python\Python313\;C:\Users\Usuario\AppData\Local\Programs\Python\Launcher\;C:\Users\Usuario\.local\bin;C:\Users\Usuario\AppData\Local\Microsoft\WindowsApps;C:\Users\Usuario\AppData\Local\Programs\Microsoft VS Code\bin;C:\maven\apache-maven-3.9.15\bin;C:\Program Files\nodejs\;C:\Program Files\Eclipse Adoptium\jdk-25.0.3.9-hotspot\bin;C:\Program Files (x86)\Common Files\Oracle\Java\java8path;C:\Program Files (x86)\Common Files\Oracle\Java\javapath;C:\WINDOWS\system32;C:\WINDOWS;C:\WINDOWS\System32\Wbem;C:\WINDOWS\System32\WindowsPowerShell\v1.0\;C:\WINDOWS\System32\OpenSSH\;C:\Program Files\Git\cmd;C:\Users\Usuario\AppData\Local\Programs\Python\Python313\Scripts\;C:\Users\Usuario\AppData\Local\Programs\Python\Python313\;C:\Users\Usuario\AppData\Local\Programs\Python\Launcher\;C:\Users\Usuario\.local\bin;C:\Users\Usuario\AppData\Local\Microsoft\WindowsApps;C:\Users\Usuario\AppData\Local\Programs\Microsoft VS Code\bin;C:\maven\apache-maven-3.9.15\bin;C:\Users\Usuario\AppData\Local\Programs\Python\Python313\Scripts\;C:\Users\Usuario\AppData\Local\Programs\Python\Python313\;C:\Users\Usuario\AppData\Local\Programs\Python\Launcher\;C:\Users\Usuario\.local\bin;C:\Users\Usuario\AppData\Local\Microsoft\WindowsApps;C:\Users\Usuario\AppData\Local\Programs\Microsoft VS Code\bin;C:\dev\flutter\;C:\dev\flutter\bin;C:\Users\Usuario\AppData\Roaming\npm
USERNAME=Usuario
OS=Windows_NT
PROCESSOR_IDENTIFIER=AMD64 Family 23 Model 160 Stepping 0, AuthenticAMD
TMP=C:\Users\Usuario\AppData\Local\Temp
TEMP=C:\Users\Usuario\AppData\Local\Temp




Compilation memory statistics disabled.

Periodic native trim disabled

---------------  S Y S T E M  ---------------

OS:
 Windows 11 , 64 bit Build 26100 (10.0.26100.8521)
OS uptime: 4 days 14:29 hours

CPU: total 8 (initial active 8) (8 cores per cpu, 2 threads per core) family 23 model 160 stepping 0 microcode 0x8a00006, cx8, cmov, fxsr, ht, mmx, 3dnowpref, sse, sse2, sse3, ssse3, sse4a, sse4.1, sse4.2, popcnt, lzcnt, tsc, tscinvbit, avx, avx2, aes, clmul, bmi1, bmi2, adx, sha, fma, vzeroupper, clflush, clflushopt, clwb, rdtscp, rdpid, f16c
Processor Information for the first 8 processors :
  Max Mhz: 2401, Current Mhz: 2401, Mhz Limit: 2401

Memory: 4k page, system-wide physical 3615M (284M free)
TotalPageFile size 14879M (AvailPageFile size 2M)
current process WorkingSet (physical memory assigned to process): 162M, peak: 182M
current process commit charge ("private bytes"): 206M, peak: 210M

vm_info: OpenJDK 64-Bit Server VM (25.0.3+9-LTS) for windows-amd64 JRE (25.0.3+9-LTS), built on 2026-04-21T00:00:00Z with MS VC++ 17.12 (VS2022)

END.
