#
# There is insufficient memory for the Java Runtime Environment to continue.
# Native memory allocation (malloc) failed to allocate 1707216 bytes. Error detail: Chunk::new
# Possible reasons:
#   The system is out of physical RAM or swap space
#   This process is running with CompressedOops enabled, and the Java Heap may be blocking the growth of the native heap
# Possible solutions:
#   Reduce memory load on the system
#   Increase physical memory or swap space
#   Check if swap backing store is full
#   Decrease Java heap size (-Xmx/-Xms)
#   Decrease number of Java threads
#   Decrease Java thread stack sizes (-Xss)
#   Set larger code cache with -XX:ReservedCodeCacheSize=
#   JVM is running with Unscaled Compressed Oops mode in which the Java heap is
#     placed in the first 4GB address space. The Java Heap base address is the
#     maximum limit for the native heap growth. Please use -XX:HeapBaseMinAddress
#     to set the Java Heap base and to place the Java Heap above 4GB virtual address.
# This output file may be truncated or incomplete.
#
#  Out of Memory Error (arena.cpp:168), pid=20084, tid=8992
#
# JRE version: OpenJDK Runtime Environment Temurin-21.0.11+10 (21.0.11+10) (build 21.0.11+10-LTS)
# Java VM: OpenJDK 64-Bit Server VM Temurin-21.0.11+10 (21.0.11+10-LTS, mixed mode, sharing, tiered, compressed oops, compressed class ptrs, parallel gc, windows-amd64)
# No core dump will be written. Minidumps are not enabled by default on client versions of Windows
#

---------------  S U M M A R Y ------------

Command Line: --add-modules=ALL-SYSTEM --add-opens=java.base/java.util=ALL-UNNAMED --add-opens=java.base/java.lang=ALL-UNNAMED --add-opens=java.base/sun.nio.fs=ALL-UNNAMED -Declipse.application=org.eclipse.jdt.ls.core.id1 -Dosgi.bundles.defaultStartLevel=4 -Declipse.product=org.eclipse.jdt.ls.core.product -Djava.import.generatesMetadataFilesAtProjectRoot=false -DDetectVMInstallationsJob.disabled=true -Dfile.encoding=utf8 -XX:+UseParallelGC -XX:GCTimeRatio=4 -XX:AdaptiveSizePolicyWeight=90 -Dsun.zip.disableMemoryMapping=true -Xmx2G -Xms100m -Xlog:disable -javaagent:c:\Users\Usuario\.vscode\extensions\redhat.java-1.55.0-win32-x64\lombok\lombok-1.18.39-4050.jar -XX:+HeapDumpOnOutOfMemoryError -XX:HeapDumpPath=c:\Users\Usuario\AppData\Roaming\Code\User\workspaceStorage\9d62cc1232502d2153a8e60a10c01b7a\redhat.java -Daether.dependencyCollector.impl=bf c:\Users\Usuario\.vscode\extensions\redhat.java-1.55.0-win32-x64\server\plugins\org.eclipse.equinox.launcher_1.7.200.v20260619-2039.jar -configuration c:\Users\Usuario\AppData\Roaming\Code\User\globalStorage\redhat.java\1.55.0\config_win -data c:\Users\Usuario\AppData\Roaming\Code\User\workspaceStorage\9d62cc1232502d2153a8e60a10c01b7a\redhat.java\jdt_ws --pipe=\\.\pipe\lsp-7c119e8df283e59aabf3075d0c99f63b-sock

Host: AMD Ryzen 3 7320U with Radeon Graphics         , 8 cores, 3G,  Windows 11 , 64 bit Build 26100 (10.0.26100.8521)
Time: Sun Jun 28 10:20:50 2026 Hora oficial do Brasil elapsed time: 6448.510784 seconds (0d 1h 47m 28s)

---------------  T H R E A D  ---------------

Current thread (0x000001d5efb1a3a0):  JavaThread "C2 CompilerThread0" daemon [_thread_in_native, id=8992, stack(0x0000004d9bc00000,0x0000004d9bd00000) (1024K)]


Current CompileTask:
C2:6448510 13289   !   4       org.eclipse.jdt.internal.compiler.classfmt.ClassFileReader::<init> (1968 bytes)

Stack: [0x0000004d9bc00000,0x0000004d9bd00000]
Native frames: (J=compiled Java code, j=interpreted, Vv=VM code, C=native code)
V  [jvm.dll+0x6d7e19]
V  [jvm.dll+0x8b5096]
V  [jvm.dll+0x8b764e]
V  [jvm.dll+0x8b7d33]
V  [jvm.dll+0x284596]
V  [jvm.dll+0xc685d]
V  [jvm.dll+0xc6da1]
V  [jvm.dll+0x3bed6b]
V  [jvm.dll+0x1e3f42]
V  [jvm.dll+0x24c853]
V  [jvm.dll+0x24bce0]
V  [jvm.dll+0x1cb4ae]
V  [jvm.dll+0x25baad]
V  [jvm.dll+0x25a03a]
V  [jvm.dll+0x3f868e]
V  [jvm.dll+0x85fb0d]
V  [jvm.dll+0x6d664d]
C  [ucrtbase.dll+0x2cd30]
C  [KERNEL32.DLL+0x2e957]
C  [ntdll.dll+0x87c1c]


---------------  P R O C E S S  ---------------

Threads class SMR info:
_java_thread_list=0x000001d5f63c8aa0, length=58, elements={
0x000001d5d6cd08e0, 0x000001d5efb0ef30, 0x000001d5efb10f50, 0x000001d5efb13830,
0x000001d5efb16520, 0x000001d5efb16f80, 0x000001d5efb179e0, 0x000001d5efb1a3a0,
0x000001d5efb3e660, 0x000001d5f162f440, 0x000001d5f16d1580, 0x000001d5f1cdcd90,
0x000001d5f1b3faa0, 0x000001d5f1b414e0, 0x000001d5f1b3f410, 0x000001d5f1b407c0,
0x000001d5f1b3e6f0, 0x000001d5f1b3ed80, 0x000001d5f68ec1b0, 0x000001d5f68eae00,
0x000001d5f68edbf0, 0x000001d5f68eefa0, 0x000001d5f68ebb20, 0x000001d5f68f2420,
0x000001d5f68f1070, 0x000001d5f68ef630, 0x000001d5f68f09e0, 0x000001d5f68f1700,
0x000001d5f68f0350, 0x000001d5f68f1d90, 0x000001d5f68efcc0, 0x000001d5f1b40130,
0x000001d5f1b3e060, 0x000001d5f80e27f0, 0x000001d5f80e1440, 0x000001d5f80e1ad0,
0x000001d5f80e2160, 0x000001d5f80df370, 0x000001d5f80e0db0, 0x000001d5f80e4230,
0x000001d5f80e3510, 0x000001d5f8965f70, 0x000001d5f8968d60, 0x000001d5f89693f0,
0x000001d5f8969a80, 0x000001d5f8966600, 0x000001d5f8968040, 0x000001d5f89686d0,
0x000001d5f8966c90, 0x000001d5f896a110, 0x000001d5f896a7a0, 0x000001d5f8967320,
0x000001d5f896c870, 0x000001d5f80e55e0, 0x000001d5f80e2e80, 0x000001d5f80e3ba0,
0x000001d5f68ec840, 0x000001d5f68eced0
}

Java Threads: ( => current thread )
  0x000001d5d6cd08e0 JavaThread "main"                              [_thread_blocked, id=2220, stack(0x0000004d9b200000,0x0000004d9b300000) (1024K)]
  0x000001d5efb0ef30 JavaThread "Reference Handler"          daemon [_thread_blocked, id=8064, stack(0x0000004d9b600000,0x0000004d9b700000) (1024K)]
  0x000001d5efb10f50 JavaThread "Finalizer"                  daemon [_thread_blocked, id=9476, stack(0x0000004d9b700000,0x0000004d9b800000) (1024K)]
  0x000001d5efb13830 JavaThread "Signal Dispatcher"          daemon [_thread_blocked, id=13008, stack(0x0000004d9b800000,0x0000004d9b900000) (1024K)]
  0x000001d5efb16520 JavaThread "Attach Listener"            daemon [_thread_blocked, id=19828, stack(0x0000004d9b900000,0x0000004d9ba00000) (1024K)]
  0x000001d5efb16f80 JavaThread "Service Thread"             daemon [_thread_blocked, id=6172, stack(0x0000004d9ba00000,0x0000004d9bb00000) (1024K)]
  0x000001d5efb179e0 JavaThread "Monitor Deflation Thread"   daemon [_thread_blocked, id=13944, stack(0x0000004d9bb00000,0x0000004d9bc00000) (1024K)]
=>0x000001d5efb1a3a0 JavaThread "C2 CompilerThread0"         daemon [_thread_in_native, id=8992, stack(0x0000004d9bc00000,0x0000004d9bd00000) (1024K)]
  0x000001d5efb3e660 JavaThread "C1 CompilerThread0"         daemon [_thread_blocked, id=1396, stack(0x0000004d9bd00000,0x0000004d9be00000) (1024K)]
  0x000001d5f162f440 JavaThread "Common-Cleaner"             daemon [_thread_blocked, id=18976, stack(0x0000004d9be00000,0x0000004d9bf00000) (1024K)]
  0x000001d5f16d1580 JavaThread "Notification Thread"        daemon [_thread_blocked, id=16540, stack(0x0000004d9bf00000,0x0000004d9c000000) (1024K)]
  0x000001d5f1cdcd90 JavaThread "Active Thread: Equinox Container: 31ff4573-e778-43c9-85b5-a968f3f7a951"        [_thread_blocked, id=17980, stack(0x0000004d9cc00000,0x0000004d9cd00000) (1024K)]
  0x000001d5f1b3faa0 JavaThread "Framework Event Dispatcher: Equinox Container: 31ff4573-e778-43c9-85b5-a968f3f7a951" daemon [_thread_blocked, id=11488, stack(0x0000004d9cd00000,0x0000004d9ce00000) (1024K)]
  0x000001d5f1b414e0 JavaThread "Start Level: Equinox Container: 31ff4573-e778-43c9-85b5-a968f3f7a951" daemon [_thread_blocked, id=14612, stack(0x0000004d9ce00000,0x0000004d9cf00000) (1024K)]
  0x000001d5f1b3f410 JavaThread "Bundle File Closer"         daemon [_thread_blocked, id=7632, stack(0x0000004d9d000000,0x0000004d9d100000) (1024K)]
  0x000001d5f1b407c0 JavaThread "Refresh Thread: Equinox Container: 31ff4573-e778-43c9-85b5-a968f3f7a951" daemon [_thread_blocked, id=12340, stack(0x0000004d9d100000,0x0000004d9d200000) (1024K)]
  0x000001d5f1b3e6f0 JavaThread "SCR Component Actor"        daemon [_thread_blocked, id=14560, stack(0x0000004d9d400000,0x0000004d9d500000) (1024K)]
  0x000001d5f1b3ed80 JavaThread "Worker-JM"                         [_thread_blocked, id=12164, stack(0x0000004d9d500000,0x0000004d9d600000) (1024K)]
  0x000001d5f68ec1b0 JavaThread "Worker-1: Updating project configurations"        [_thread_blocked, id=19880, stack(0x0000004d9d700000,0x0000004d9d800000) (1024K)]
  0x000001d5f68eae00 JavaThread "Java indexing"              daemon [_thread_in_Java, id=10416, stack(0x0000004d9da00000,0x0000004d9db00000) (1024K)]
  0x000001d5f68edbf0 JavaThread "JNA Cleaner"                daemon [_thread_blocked, id=11452, stack(0x0000004d9c600000,0x0000004d9c700000) (1024K)]
  0x000001d5f68eefa0 JavaThread "Thread-1"                   daemon [_thread_in_native, id=10156, stack(0x0000004d9cb00000,0x0000004d9cc00000) (1024K)]
  0x000001d5f68ebb20 JavaThread "Thread-2"                   daemon [_thread_in_native, id=12128, stack(0x0000004d9d200000,0x0000004d9d300000) (1024K)]
  0x000001d5f68f2420 JavaThread "Thread-3"                   daemon [_thread_in_native, id=14032, stack(0x0000004d9d300000,0x0000004d9d400000) (1024K)]
  0x000001d5f68f1070 JavaThread "Thread-4"                   daemon [_thread_in_native, id=15216, stack(0x0000004d9db00000,0x0000004d9dc00000) (1024K)]
  0x000001d5f68ef630 JavaThread "Thread-5"                   daemon [_thread_in_native, id=17852, stack(0x0000004d9dc00000,0x0000004d9dd00000) (1024K)]
  0x000001d5f68f09e0 JavaThread "Thread-6"                   daemon [_thread_in_native, id=7552, stack(0x0000004d9dd00000,0x0000004d9de00000) (1024K)]
  0x000001d5f68f1700 JavaThread "Thread-7"                   daemon [_thread_in_native, id=11092, stack(0x0000004d9de00000,0x0000004d9df00000) (1024K)]
  0x000001d5f68f0350 JavaThread "Thread-8"                   daemon [_thread_in_native, id=7004, stack(0x0000004d9df00000,0x0000004d9e000000) (1024K)]
  0x000001d5f68f1d90 JavaThread "Thread-9"                   daemon [_thread_in_native, id=1880, stack(0x0000004d9e000000,0x0000004d9e100000) (1024K)]
  0x000001d5f68efcc0 JavaThread "pool-2-thread-1"                   [_thread_blocked, id=16984, stack(0x0000004d9e100000,0x0000004d9e200000) (1024K)]
  0x000001d5f1b40130 JavaThread "WorkspaceEventsHandler"            [_thread_blocked, id=10392, stack(0x0000004d9e200000,0x0000004d9e300000) (1024K)]
  0x000001d5f1b3e060 JavaThread "pool-1-thread-1"                   [_thread_blocked, id=13260, stack(0x0000004d9e300000,0x0000004d9e400000) (1024K)]
  0x000001d5f80e27f0 JavaThread "pool-3-thread-1"                   [_thread_blocked, id=2560, stack(0x0000004d9ef00000,0x0000004d9f000000) (1024K)]
  0x000001d5f80e1440 JavaThread "Timer-0"                           [_thread_blocked, id=10172, stack(0x0000004d9af00000,0x0000004d9b000000) (1024K)]
  0x000001d5f80e1ad0 JavaThread "Timer-1"                           [_thread_blocked, id=10092, stack(0x0000004d9b000000,0x0000004d9b100000) (1024K)]
  0x000001d5f80e2160 JavaThread "Timer-2"                           [_thread_blocked, id=4816, stack(0x0000004d9b100000,0x0000004d9b200000) (1024K)]
  0x000001d5f80df370 JavaThread "Timer-3"                           [_thread_blocked, id=17480, stack(0x0000004d9c700000,0x0000004d9c800000) (1024K)]
  0x000001d5f80e0db0 JavaThread "Timer-4"                           [_thread_blocked, id=12720, stack(0x0000004d9c800000,0x0000004d9c900000) (1024K)]
  0x000001d5f80e4230 JavaThread "Timer-5"                           [_thread_blocked, id=8436, stack(0x0000004d9e500000,0x0000004d9e600000) (1024K)]
  0x000001d5f80e3510 JavaThread "Worker-7"                          [_thread_blocked, id=9868, stack(0x0000004d9e600000,0x0000004d9e700000) (1024K)]
  0x000001d5f8965f70 JavaThread "Timer-6"                           [_thread_blocked, id=19928, stack(0x0000004d9c900000,0x0000004d9ca00000) (1024K)]
  0x000001d5f8968d60 JavaThread "Worker-11: Java indexing... "        [_thread_blocked, id=20624, stack(0x0000004d9d900000,0x0000004d9da00000) (1024K)]
  0x000001d5f89693f0 JavaThread "Timer-7"                           [_thread_blocked, id=18324, stack(0x0000004d9ca00000,0x0000004d9cb00000) (1024K)]
  0x000001d5f8969a80 JavaThread "Timer-8"                           [_thread_blocked, id=6108, stack(0x0000004d9d600000,0x0000004d9d700000) (1024K)]
  0x000001d5f8966600 JavaThread "Timer-9"                           [_thread_blocked, id=11724, stack(0x0000004d9d800000,0x0000004d9d900000) (1024K)]
  0x000001d5f8968040 JavaThread "Timer-10"                          [_thread_blocked, id=11800, stack(0x0000004d9e400000,0x0000004d9e500000) (1024K)]
  0x000001d5f89686d0 JavaThread "Worker-12: Processing JDT Change Events"        [_thread_blocked, id=21132, stack(0x0000004d9ea00000,0x0000004d9eb00000) (1024K)]
  0x000001d5f8966c90 JavaThread "Timer-11"                          [_thread_blocked, id=9860, stack(0x0000004d9e700000,0x0000004d9e800000) (1024K)]
  0x000001d5f896a110 JavaThread "Timer-12"                          [_thread_blocked, id=21228, stack(0x0000004d9e800000,0x0000004d9e900000) (1024K)]
  0x000001d5f896a7a0 JavaThread "Connection worker"                 [_thread_in_native, id=3452, stack(0x0000004d9eb00000,0x0000004d9ec00000) (1024K)]
  0x000001d5f8967320 JavaThread "Worker-13"                         [_thread_blocked, id=20660, stack(0x0000004d9ec00000,0x0000004d9ed00000) (1024K)]
  0x000001d5f896c870 JavaThread "pool-8-thread-1"                   [_thread_blocked, id=10652, stack(0x0000004d9ed00000,0x0000004d9ee00000) (1024K)]
  0x000001d5f80e55e0 JavaThread "Compiler Source File Reader" daemon [_thread_blocked, id=20780, stack(0x0000004d9f000000,0x0000004d9f100000) (1024K)]
  0x000001d5f80e2e80 JavaThread "Compiler Class File Writer" daemon [_thread_blocked, id=12764, stack(0x0000004d9f100000,0x0000004d9f200000) (1024K)]
  0x000001d5f80e3ba0 JavaThread "Compiler Source File Reader" daemon [_thread_blocked, id=3064, stack(0x0000004d9f200000,0x0000004d9f300000) (1024K)]
  0x000001d5f68ec840 JavaThread "Compiler Class File Writer" daemon [_thread_blocked, id=5696, stack(0x0000004d9f300000,0x0000004d9f400000) (1024K)]
  0x000001d5f68eced0 JavaThread "Worker-14"                         [_thread_blocked, id=10132, stack(0x0000004d9f400000,0x0000004d9f500000) (1024K)]
Total: 58

Other Threads:
  0x000001d5efb028c0 VMThread "VM Thread"                           [id=8568, stack(0x0000004d9b500000,0x0000004d9b600000) (1024K)]
  0x000001d5efa1ca00 WatcherThread "VM Periodic Task Thread"        [id=16080, stack(0x0000004d9b400000,0x0000004d9b500000) (1024K)]
  0x000001d5d90b9a70 WorkerThread "GC Thread#0"                     [id=8148, stack(0x0000004d9b300000,0x0000004d9b400000) (1024K)]
  0x000001d5f184f560 WorkerThread "GC Thread#1"                     [id=18636, stack(0x0000004d9c000000,0x0000004d9c100000) (1024K)]
  0x000001d5f184ee00 WorkerThread "GC Thread#2"                     [id=12284, stack(0x0000004d9c100000,0x0000004d9c200000) (1024K)]
  0x000001d5f184f1b0 WorkerThread "GC Thread#3"                     [id=12308, stack(0x0000004d9c200000,0x0000004d9c300000) (1024K)]
  0x000001d5f1850070 WorkerThread "GC Thread#4"                     [id=10976, stack(0x0000004d9c300000,0x0000004d9c400000) (1024K)]
  0x000001d5f1850420 WorkerThread "GC Thread#5"                     [id=4860, stack(0x0000004d9c400000,0x0000004d9c500000) (1024K)]
  0x000001d5f184f910 WorkerThread "GC Thread#6"                     [id=8516, stack(0x0000004d9c500000,0x0000004d9c600000) (1024K)]
  0x000001d5f18507d0 WorkerThread "GC Thread#7"                     [id=9424, stack(0x0000004d9cf00000,0x0000004d9d000000) (1024K)]
Total: 10

Threads with active compile tasks:
C2 CompilerThread0  6448612 13289   !   4       org.eclipse.jdt.internal.compiler.classfmt.ClassFileReader::<init> (1968 bytes)
Total: 1

VM state: not at safepoint (normal execution)

VM Mutex/Monitor currently owned by a thread: None

Heap address: 0x0000000080000000, size: 2048 MB, Compressed Oops mode: 32-bit

CDS archive(s) mapped at: [0x000001d580000000-0x000001d580ba0000-0x000001d580ba0000), size 12189696, SharedBaseAddress: 0x000001d580000000, ArchiveRelocationMode: 1.
Compressed class space mapped at: 0x000001d581000000-0x000001d5c1000000, reserved size: 1073741824
Narrow klass base: 0x000001d580000000, Narrow klass shift: 0, Narrow klass range: 0x100000000

GC Precious Log:
 CardTable entry size: 512
 CPUs: 8 total, 8 available
 Memory: 3615M
 Large Page Support: Disabled
 NUMA Support: Disabled
 Compressed Oops: Enabled (32-bit)
 Alignments: Space 512K, Generation 512K, Heap 2M
 Heap Min Capacity: 100M
 Heap Initial Capacity: 100M
 Heap Max Capacity: 2G
 Pre-touch: Disabled
 Parallel Workers: 8

Heap:
 PSYoungGen      total 4608K, used 694K [0x00000000d5580000, 0x00000000d5b00000, 0x0000000100000000)
  eden space 3584K, 2% used [0x00000000d5580000,0x00000000d5595a78,0x00000000d5900000)
  from space 1024K, 59% used [0x00000000d5a00000,0x00000000d5a98000,0x00000000d5b00000)
  to   space 1024K, 0% used [0x00000000d5900000,0x00000000d5900000,0x00000000d5a00000)
 ParOldGen       total 635392K, used 634990K [0x0000000080000000, 0x00000000a6c80000, 0x00000000d5580000)
  object space 635392K, 99% used [0x0000000080000000,0x00000000a6c1b868,0x00000000a6c80000)
 Metaspace       used 83926K, committed 85696K, reserved 1179648K
  class space    used 10222K, committed 10944K, reserved 1048576K

Card table byte_map: [0x000001d5d8a30000,0x000001d5d8e40000] _byte_map_base: 0x000001d5d8630000

Marking Bits: (ParMarkBitMap*) 0x00007ffc9b7d4460
 Begin Bits: [0x000001d5eb540000, 0x000001d5ed540000)
 End Bits:   [0x000001d5ed540000, 0x000001d5ef540000)

Polling page: 0x000001d5d7060000

Metaspace:

Usage:
  Non-class:     71.98 MB used.
      Class:      9.98 MB used.
       Both:     81.96 MB used.

Virtual space:
  Non-class space:      128.00 MB reserved,      73.00 MB ( 57%) committed,  2 nodes.
      Class space:        1.00 GB reserved,      10.69 MB (  1%) committed,  1 nodes.
             Both:        1.12 GB reserved,      83.69 MB (  7%) committed. 

Chunk freelists:
   Non-Class:  6.73 MB
       Class:  5.29 MB
        Both:  12.03 MB

MaxMetaspaceSize: unlimited
CompressedClassSpaceSize: 1.00 GB
Initial GC threshold: 21.00 MB
Current GC threshold: 97.31 MB
CDS: on
 - commit_granule_bytes: 65536.
 - commit_granule_words: 8192.
 - virtual_space_node_default_size: 8388608.
 - enlarge_chunks_in_place: 1.
 - use_allocation_guard: 0.


Internal statistics:

num_allocs_failed_limit: 9.
num_arena_births: 1576.
num_arena_deaths: 26.
num_vsnodes_births: 3.
num_vsnodes_deaths: 0.
num_space_committed: 1339.
num_space_uncommitted: 0.
num_chunks_returned_to_freelist: 39.
num_chunks_taken_from_freelist: 5349.
num_chunk_merges: 13.
num_chunk_splits: 3330.
num_chunks_enlarged: 1961.
num_inconsistent_stats: 0.

CodeHeap 'non-profiled nmethods': size=120000Kb used=11009Kb max_used=11009Kb free=108990Kb
 bounds [0x000001d5e3d60000, 0x000001d5e4830000, 0x000001d5eb290000]
CodeHeap 'profiled nmethods': size=120000Kb used=26318Kb max_used=26318Kb free=93681Kb
 bounds [0x000001d5dc290000, 0x000001d5ddc50000, 0x000001d5e37c0000]
CodeHeap 'non-nmethods': size=5760Kb used=1479Kb max_used=1546Kb free=4281Kb
 bounds [0x000001d5e37c0000, 0x000001d5e3a30000, 0x000001d5e3d60000]
CodeCache: size=245760Kb, used=38806Kb, max_used=38873Kb, free=206952Kb
 total_blobs=13238, nmethods=12438, adapters=706, full_count=0
Compilation: enabled, stopped_count=0, restarted_count=0

Compilation events (20 events):
Event: 6446.353 Thread 0x000001d5efb3e660 13280       1       org.eclipse.jdt.internal.core.ClasspathEntry::combineAccessRules (5 bytes)
Event: 6446.353 Thread 0x000001d5efb3e660 nmethod 13280 0x000001d5e480f890 code [0x000001d5e480fa20, 0x000001d5e480faf0]
Event: 6446.381 Thread 0x000001d5efb3e660 13281       3       org.eclipse.core.runtime.Path::toPortableString (158 bytes)
Event: 6446.382 Thread 0x000001d5efb3e660 nmethod 13281 0x000001d5ddc3b090 code [0x000001d5ddc3b340, 0x000001d5ddc3be10]
Event: 6446.460 Thread 0x000001d5efb3e660 13282       3       org.eclipse.core.internal.events.ResourceComparator::compareLocal (59 bytes)
Event: 6446.465 Thread 0x000001d5efb3e660 nmethod 13282 0x000001d5ddc3c290 code [0x000001d5ddc3c460, 0x000001d5ddc3ca50]
Event: 6446.471 Thread 0x000001d5efb3e660 13283       1       org.eclipse.core.internal.dtree.DataTreeNode::type (2 bytes)
Event: 6446.472 Thread 0x000001d5efb3e660 nmethod 13283 0x000001d5e480fb90 code [0x000001d5e480fd20, 0x000001d5e480fde8]
Event: 6446.485 Thread 0x000001d5efb3e660 13285       3       org.eclipse.core.internal.resources.MarkerWriter::snap (153 bytes)
Event: 6446.494 Thread 0x000001d5efb3e660 nmethod 13285 0x000001d5ddc3cb90 code [0x000001d5ddc3cf80, 0x000001d5ddc3ed38]
Event: 6446.494 Thread 0x000001d5efb3e660 13286       3       org.eclipse.core.internal.resources.SyncInfoWriter::snapSyncInfo (157 bytes)
Event: 6446.503 Thread 0x000001d5efb3e660 nmethod 13286 0x000001d5ddc3f890 code [0x000001d5ddc3fd80, 0x000001d5ddc42840]
Event: 6446.504 Thread 0x000001d5efb3e660 13287       1       org.eclipse.core.internal.dtree.AbstractDataTreeNode::isEmptyDelta (2 bytes)
Event: 6446.504 Thread 0x000001d5efb3e660 nmethod 13287 0x000001d5e480fe90 code [0x000001d5e4810020, 0x000001d5e48100e8]
Event: 6446.901 Thread 0x000001d5efb3e660 13288       3       java.lang.CharacterDataLatin1::isDigit (18 bytes)
Event: 6446.901 Thread 0x000001d5efb3e660 nmethod 13288 0x000001d5ddc43690 code [0x000001d5ddc43840, 0x000001d5ddc439d0]
Event: 6446.990 Thread 0x000001d5efb1a3a0 nmethod 13268% 0x000001d5e4810190 code [0x000001d5e4810b20, 0x000001d5e481b1a8]
Event: 6447.005 Thread 0x000001d5efb1a3a0 13284       4       org.eclipse.core.internal.resources.ResourceInfo::isSet (14 bytes)
Event: 6447.005 Thread 0x000001d5efb1a3a0 nmethod 13284 0x000001d5e4820210 code [0x000001d5e48203a0, 0x000001d5e4820440]
Event: 6447.020 Thread 0x000001d5efb1a3a0 13289   !   4       org.eclipse.jdt.internal.compiler.classfmt.ClassFileReader::<init> (1968 bytes)

GC Heap History (20 events):
Event: 6447.287 GC heap before
{Heap before GC invocations=1193 (full 3):
 PSYoungGen      total 3584K, used 2976K [0x00000000d5580000, 0x00000000d5980000, 0x0000000100000000)
  eden space 2560K, 100% used [0x00000000d5580000,0x00000000d5800000,0x00000000d5800000)
  from space 1024K, 40% used [0x00000000d5800000,0x00000000d5868000,0x00000000d5900000)
  to   space 512K, 0% used [0x00000000d5900000,0x00000000d5900000,0x00000000d5980000)
 ParOldGen       total 627712K, used 627455K [0x0000000080000000, 0x00000000a6500000, 0x00000000d5580000)
  object space 627712K, 99% used [0x0000000080000000,0x00000000a64bfd80,0x00000000a6500000)
 Metaspace       used 83926K, committed 85696K, reserved 1179648K
  class space    used 10222K, committed 10944K, reserved 1048576K
}
Event: 6447.291 GC heap after
{Heap after GC invocations=1193 (full 3):
 PSYoungGen      total 3072K, used 480K [0x00000000d5580000, 0x00000000d5980000, 0x0000000100000000)
  eden space 2560K, 0% used [0x00000000d5580000,0x00000000d5580000,0x00000000d5800000)
  from space 512K, 93% used [0x00000000d5900000,0x00000000d5978128,0x00000000d5980000)
  to   space 512K, 0% used [0x00000000d5880000,0x00000000d5880000,0x00000000d5900000)
 ParOldGen       total 628224K, used 627751K [0x0000000080000000, 0x00000000a6580000, 0x00000000d5580000)
  object space 628224K, 99% used [0x0000000080000000,0x00000000a6509d80,0x00000000a6580000)
 Metaspace       used 83926K, committed 85696K, reserved 1179648K
  class space    used 10222K, committed 10944K, reserved 1048576K
}
Event: 6447.303 GC heap before
{Heap before GC invocations=1194 (full 3):
 PSYoungGen      total 3072K, used 3040K [0x00000000d5580000, 0x00000000d5980000, 0x0000000100000000)
  eden space 2560K, 100% used [0x00000000d5580000,0x00000000d5800000,0x00000000d5800000)
  from space 512K, 93% used [0x00000000d5900000,0x00000000d5978128,0x00000000d5980000)
  to   space 512K, 0% used [0x00000000d5880000,0x00000000d5880000,0x00000000d5900000)
 ParOldGen       total 628224K, used 627751K [0x0000000080000000, 0x00000000a6580000, 0x00000000d5580000)
  object space 628224K, 99% used [0x0000000080000000,0x00000000a6509d80,0x00000000a6580000)
 Metaspace       used 83926K, committed 85696K, reserved 1179648K
  class space    used 10222K, committed 10944K, reserved 1048576K
}
Event: 6447.306 GC heap after
{Heap after GC invocations=1194 (full 3):
 PSYoungGen      total 3072K, used 448K [0x00000000d5580000, 0x00000000d5980000, 0x0000000100000000)
  eden space 2560K, 0% used [0x00000000d5580000,0x00000000d5580000,0x00000000d5800000)
  from space 512K, 87% used [0x00000000d5880000,0x00000000d58f0000,0x00000000d5900000)
  to   space 512K, 0% used [0x00000000d5900000,0x00000000d5900000,0x00000000d5980000)
 ParOldGen       total 628224K, used 628087K [0x0000000080000000, 0x00000000a6580000, 0x00000000d5580000)
  object space 628224K, 99% used [0x0000000080000000,0x00000000a655dd80,0x00000000a6580000)
 Metaspace       used 83926K, committed 85696K, reserved 1179648K
  class space    used 10222K, committed 10944K, reserved 1048576K
}
Event: 6447.317 GC heap before
{Heap before GC invocations=1195 (full 3):
 PSYoungGen      total 3072K, used 2995K [0x00000000d5580000, 0x00000000d5980000, 0x0000000100000000)
  eden space 2560K, 99% used [0x00000000d5580000,0x00000000d57fcc90,0x00000000d5800000)
  from space 512K, 87% used [0x00000000d5880000,0x00000000d58f0000,0x00000000d5900000)
  to   space 512K, 0% used [0x00000000d5900000,0x00000000d5900000,0x00000000d5980000)
 ParOldGen       total 628224K, used 628087K [0x0000000080000000, 0x00000000a6580000, 0x00000000d5580000)
  object space 628224K, 99% used [0x0000000080000000,0x00000000a655dd80,0x00000000a6580000)
 Metaspace       used 83926K, committed 85696K, reserved 1179648K
  class space    used 10222K, committed 10944K, reserved 1048576K
}
Event: 6447.320 GC heap after
{Heap after GC invocations=1195 (full 3):
 PSYoungGen      total 3072K, used 488K [0x00000000d5580000, 0x00000000d5980000, 0x0000000100000000)
  eden space 2560K, 0% used [0x00000000d5580000,0x00000000d5580000,0x00000000d5800000)
  from space 512K, 95% used [0x00000000d5900000,0x00000000d597a270,0x00000000d5980000)
  to   space 512K, 0% used [0x00000000d5880000,0x00000000d5880000,0x00000000d5900000)
 ParOldGen       total 628736K, used 628407K [0x0000000080000000, 0x00000000a6600000, 0x00000000d5580000)
  object space 628736K, 99% used [0x0000000080000000,0x00000000a65add80,0x00000000a6600000)
 Metaspace       used 83926K, committed 85696K, reserved 1179648K
  class space    used 10222K, committed 10944K, reserved 1048576K
}
Event: 6447.330 GC heap before
{Heap before GC invocations=1196 (full 3):
 PSYoungGen      total 3072K, used 3048K [0x00000000d5580000, 0x00000000d5980000, 0x0000000100000000)
  eden space 2560K, 100% used [0x00000000d5580000,0x00000000d5800000,0x00000000d5800000)
  from space 512K, 95% used [0x00000000d5900000,0x00000000d597a270,0x00000000d5980000)
  to   space 512K, 0% used [0x00000000d5880000,0x00000000d5880000,0x00000000d5900000)
 ParOldGen       total 628736K, used 628407K [0x0000000080000000, 0x00000000a6600000, 0x00000000d5580000)
  object space 628736K, 99% used [0x0000000080000000,0x00000000a65add80,0x00000000a6600000)
 Metaspace       used 83926K, committed 85696K, reserved 1179648K
  class space    used 10222K, committed 10944K, reserved 1048576K
}
Event: 6447.332 GC heap after
{Heap after GC invocations=1196 (full 3):
 PSYoungGen      total 3072K, used 384K [0x00000000d5580000, 0x00000000d5980000, 0x0000000100000000)
  eden space 2560K, 0% used [0x00000000d5580000,0x00000000d5580000,0x00000000d5800000)
  from space 512K, 75% used [0x00000000d5880000,0x00000000d58e0000,0x00000000d5900000)
  to   space 512K, 0% used [0x00000000d5900000,0x00000000d5900000,0x00000000d5980000)
 ParOldGen       total 629248K, used 628783K [0x0000000080000000, 0x00000000a6680000, 0x00000000d5580000)
  object space 629248K, 99% used [0x0000000080000000,0x00000000a660bd80,0x00000000a6680000)
 Metaspace       used 83926K, committed 85696K, reserved 1179648K
  class space    used 10222K, committed 10944K, reserved 1048576K
}
Event: 6447.342 GC heap before
{Heap before GC invocations=1197 (full 3):
 PSYoungGen      total 3072K, used 2944K [0x00000000d5580000, 0x00000000d5980000, 0x0000000100000000)
  eden space 2560K, 100% used [0x00000000d5580000,0x00000000d5800000,0x00000000d5800000)
  from space 512K, 75% used [0x00000000d5880000,0x00000000d58e0000,0x00000000d5900000)
  to   space 512K, 0% used [0x00000000d5900000,0x00000000d5900000,0x00000000d5980000)
 ParOldGen       total 629248K, used 628783K [0x0000000080000000, 0x00000000a6680000, 0x00000000d5580000)
  object space 629248K, 99% used [0x0000000080000000,0x00000000a660bd80,0x00000000a6680000)
 Metaspace       used 83926K, committed 85696K, reserved 1179648K
  class space    used 10222K, committed 10944K, reserved 1048576K
}
Event: 6447.344 GC heap after
{Heap after GC invocations=1197 (full 3):
 PSYoungGen      total 3072K, used 352K [0x00000000d5580000, 0x00000000d5980000, 0x0000000100000000)
  eden space 2560K, 0% used [0x00000000d5580000,0x00000000d5580000,0x00000000d5800000)
  from space 512K, 68% used [0x00000000d5900000,0x00000000d5958000,0x00000000d5980000)
  to   space 512K, 0% used [0x00000000d5880000,0x00000000d5880000,0x00000000d5900000)
 ParOldGen       total 629248K, used 629039K [0x0000000080000000, 0x00000000a6680000, 0x00000000d5580000)
  object space 629248K, 99% used [0x0000000080000000,0x00000000a664bd80,0x00000000a6680000)
 Metaspace       used 83926K, committed 85696K, reserved 1179648K
  class space    used 10222K, committed 10944K, reserved 1048576K
}
Event: 6447.352 GC heap before
{Heap before GC invocations=1198 (full 3):
 PSYoungGen      total 3072K, used 2912K [0x00000000d5580000, 0x00000000d5980000, 0x0000000100000000)
  eden space 2560K, 100% used [0x00000000d5580000,0x00000000d5800000,0x00000000d5800000)
  from space 512K, 68% used [0x00000000d5900000,0x00000000d5958000,0x00000000d5980000)
  to   space 512K, 0% used [0x00000000d5880000,0x00000000d5880000,0x00000000d5900000)
 ParOldGen       total 629248K, used 629039K [0x0000000080000000, 0x00000000a6680000, 0x00000000d5580000)
  object space 629248K, 99% used [0x0000000080000000,0x00000000a664bd80,0x00000000a6680000)
 Metaspace       used 83926K, committed 85696K, reserved 1179648K
  class space    used 10222K, committed 10944K, reserved 1048576K
}
Event: 6447.354 GC heap after
{Heap after GC invocations=1198 (full 3):
 PSYoungGen      total 3072K, used 448K [0x00000000d5580000, 0x00000000d5980000, 0x0000000100000000)
  eden space 2560K, 0% used [0x00000000d5580000,0x00000000d5580000,0x00000000d5800000)
  from space 512K, 87% used [0x00000000d5880000,0x00000000d58f0000,0x00000000d5900000)
  to   space 512K, 0% used [0x00000000d5900000,0x00000000d5900000,0x00000000d5980000)
 ParOldGen       total 629760K, used 629287K [0x0000000080000000, 0x00000000a6700000, 0x00000000d5580000)
  object space 629760K, 99% used [0x0000000080000000,0x00000000a6689d80,0x00000000a6700000)
 Metaspace       used 83926K, committed 85696K, reserved 1179648K
  class space    used 10222K, committed 10944K, reserved 1048576K
}
Event: 6447.363 GC heap before
{Heap before GC invocations=1199 (full 3):
 PSYoungGen      total 3072K, used 3007K [0x00000000d5580000, 0x00000000d5980000, 0x0000000100000000)
  eden space 2560K, 99% used [0x00000000d5580000,0x00000000d57ffe20,0x00000000d5800000)
  from space 512K, 87% used [0x00000000d5880000,0x00000000d58f0000,0x00000000d5900000)
  to   space 512K, 0% used [0x00000000d5900000,0x00000000d5900000,0x00000000d5980000)
 ParOldGen       total 629760K, used 629287K [0x0000000080000000, 0x00000000a6700000, 0x00000000d5580000)
  object space 629760K, 99% used [0x0000000080000000,0x00000000a6689d80,0x00000000a6700000)
 Metaspace       used 83926K, committed 85696K, reserved 1179648K
  class space    used 10222K, committed 10944K, reserved 1048576K
}
Event: 6447.365 GC heap after
{Heap after GC invocations=1199 (full 3):
 PSYoungGen      total 3072K, used 461K [0x00000000d5580000, 0x00000000d5980000, 0x0000000100000000)
  eden space 2560K, 0% used [0x00000000d5580000,0x00000000d5580000,0x00000000d5800000)
  from space 512K, 90% used [0x00000000d5900000,0x00000000d5973590,0x00000000d5980000)
  to   space 512K, 0% used [0x00000000d5880000,0x00000000d5880000,0x00000000d5900000)
 ParOldGen       total 629760K, used 629687K [0x0000000080000000, 0x00000000a6700000, 0x00000000d5580000)
  object space 629760K, 99% used [0x0000000080000000,0x00000000a66edd80,0x00000000a6700000)
 Metaspace       used 83926K, committed 85696K, reserved 1179648K
  class space    used 10222K, committed 10944K, reserved 1048576K
}
Event: 6447.370 GC heap before
{Heap before GC invocations=1200 (full 3):
 PSYoungGen      total 3072K, used 3021K [0x00000000d5580000, 0x00000000d5980000, 0x0000000100000000)
  eden space 2560K, 100% used [0x00000000d5580000,0x00000000d5800000,0x00000000d5800000)
  from space 512K, 90% used [0x00000000d5900000,0x00000000d5973590,0x00000000d5980000)
  to   space 512K, 0% used [0x00000000d5880000,0x00000000d5880000,0x00000000d5900000)
 ParOldGen       total 629760K, used 629687K [0x0000000080000000, 0x00000000a6700000, 0x00000000d5580000)
  object space 629760K, 99% used [0x0000000080000000,0x00000000a66edd80,0x00000000a6700000)
 Metaspace       used 83926K, committed 85696K, reserved 1179648K
  class space    used 10222K, committed 10944K, reserved 1048576K
}
Event: 6447.372 GC heap after
{Heap after GC invocations=1200 (full 3):
 PSYoungGen      total 3584K, used 512K [0x00000000d5580000, 0x00000000d5b80000, 0x0000000100000000)
  eden space 3072K, 0% used [0x00000000d5580000,0x00000000d5580000,0x00000000d5880000)
  from space 512K, 100% used [0x00000000d5880000,0x00000000d5900000,0x00000000d5900000)
  to   space 1536K, 0% used [0x00000000d5a00000,0x00000000d5a00000,0x00000000d5b80000)
 ParOldGen       total 630784K, used 630343K [0x0000000080000000, 0x00000000a6800000, 0x00000000d5580000)
  object space 630784K, 99% used [0x0000000080000000,0x00000000a6791e88,0x00000000a6800000)
 Metaspace       used 83926K, committed 85696K, reserved 1179648K
  class space    used 10222K, committed 10944K, reserved 1048576K
}
Event: 6447.381 GC heap before
{Heap before GC invocations=1201 (full 3):
 PSYoungGen      total 3584K, used 3584K [0x00000000d5580000, 0x00000000d5b80000, 0x0000000100000000)
  eden space 3072K, 100% used [0x00000000d5580000,0x00000000d5880000,0x00000000d5880000)
  from space 512K, 100% used [0x00000000d5880000,0x00000000d5900000,0x00000000d5900000)
  to   space 1536K, 0% used [0x00000000d5a00000,0x00000000d5a00000,0x00000000d5b80000)
 ParOldGen       total 630784K, used 630343K [0x0000000080000000, 0x00000000a6800000, 0x00000000d5580000)
  object space 630784K, 99% used [0x0000000080000000,0x00000000a6791e88,0x00000000a6800000)
 Metaspace       used 83926K, committed 85696K, reserved 1179648K
  class space    used 10222K, committed 10944K, reserved 1048576K
}
Event: 6447.384 GC heap after
{Heap after GC invocations=1201 (full 3):
 PSYoungGen      total 5120K, used 672K [0x00000000d5580000, 0x00000000d5b80000, 0x0000000100000000)
  eden space 3584K, 0% used [0x00000000d5580000,0x00000000d5580000,0x00000000d5900000)
  from space 1536K, 43% used [0x00000000d5a00000,0x00000000d5aa8000,0x00000000d5b80000)
  to   space 1024K, 0% used [0x00000000d5900000,0x00000000d5900000,0x00000000d5a00000)
 ParOldGen       total 631296K, used 630853K [0x0000000080000000, 0x00000000a6880000, 0x00000000d5580000)
  object space 631296K, 99% used [0x0000000080000000,0x00000000a6811638,0x00000000a6880000)
 Metaspace       used 83926K, committed 85696K, reserved 1179648K
  class space    used 10222K, committed 10944K, reserved 1048576K
}
Event: 6447.398 GC heap before
{Heap before GC invocations=1202 (full 3):
 PSYoungGen      total 5120K, used 4256K [0x00000000d5580000, 0x00000000d5b80000, 0x0000000100000000)
  eden space 3584K, 100% used [0x00000000d5580000,0x00000000d5900000,0x00000000d5900000)
  from space 1536K, 43% used [0x00000000d5a00000,0x00000000d5aa8000,0x00000000d5b80000)
  to   space 1024K, 0% used [0x00000000d5900000,0x00000000d5900000,0x00000000d5a00000)
 ParOldGen       total 631296K, used 630853K [0x0000000080000000, 0x00000000a6880000, 0x00000000d5580000)
  object space 631296K, 99% used [0x0000000080000000,0x00000000a6811638,0x00000000a6880000)
 Metaspace       used 83926K, committed 85696K, reserved 1179648K
  class space    used 10222K, committed 10944K, reserved 1048576K
}
Event: 6448.499 GC heap after
{Heap after GC invocations=1202 (full 3):
 PSYoungGen      total 4608K, used 921K [0x00000000d5580000, 0x00000000d5c00000, 0x0000000100000000)
  eden space 3584K, 0% used [0x00000000d5580000,0x00000000d5580000,0x00000000d5900000)
  from space 1024K, 90% used [0x00000000d5900000,0x00000000d59e6720,0x00000000d5a00000)
  to   space 1024K, 0% used [0x00000000d5b00000,0x00000000d5b00000,0x00000000d5c00000)
 ParOldGen       total 631808K, used 631446K [0x0000000080000000, 0x00000000a6900000, 0x00000000d5580000)
  object space 631808K, 99% used [0x0000000080000000,0x00000000a68a5a40,0x00000000a6900000)
 Metaspace       used 83926K, committed 85696K, reserved 1179648K
  class space    used 10222K, committed 10944K, reserved 1048576K
}

Dll operation events (15 events):
Event: 0.036 Loaded shared library c:\Users\Usuario\.vscode\extensions\redhat.java-1.55.0-win32-x64\jre\21.0.11-win32-x86_64\bin\java.dll
Event: 0.278 Loaded shared library c:\Users\Usuario\.vscode\extensions\redhat.java-1.55.0-win32-x64\jre\21.0.11-win32-x86_64\bin\zip.dll
Event: 0.346 Loaded shared library C:\Users\Usuario\.vscode\extensions\redhat.java-1.55.0-win32-x64\jre\21.0.11-win32-x86_64\bin\instrument.dll
Event: 0.382 Loaded shared library C:\Users\Usuario\.vscode\extensions\redhat.java-1.55.0-win32-x64\jre\21.0.11-win32-x86_64\bin\net.dll
Event: 0.387 Loaded shared library C:\Users\Usuario\.vscode\extensions\redhat.java-1.55.0-win32-x64\jre\21.0.11-win32-x86_64\bin\nio.dll
Event: 0.392 Loaded shared library C:\Users\Usuario\.vscode\extensions\redhat.java-1.55.0-win32-x64\jre\21.0.11-win32-x86_64\bin\zip.dll
Event: 0.444 Loaded shared library C:\Users\Usuario\.vscode\extensions\redhat.java-1.55.0-win32-x64\jre\21.0.11-win32-x86_64\bin\jimage.dll
Event: 0.679 Loaded shared library c:\Users\Usuario\.vscode\extensions\redhat.java-1.55.0-win32-x64\jre\21.0.11-win32-x86_64\bin\verify.dll
Event: 7.586 Loaded shared library C:\Users\Usuario\AppData\Roaming\Code\User\globalStorage\redhat.java\1.55.0\config_win\org.eclipse.equinox.launcher\org.eclipse.equinox.launcher.win32.win32.x86_64_1.3.100.v20260613-0559\eclipse_11924.dll
Event: 11.977 Loaded shared library C:\Users\Usuario\.vscode\extensions\redhat.java-1.55.0-win32-x64\jre\21.0.11-win32-x86_64\bin\management.dll
Event: 11.988 Loaded shared library C:\Users\Usuario\.vscode\extensions\redhat.java-1.55.0-win32-x64\jre\21.0.11-win32-x86_64\bin\management_ext.dll
Event: 18.817 Loaded shared library C:\Users\Usuario\AppData\Local\Temp\jna-1531808526\jna5756568435536653295.dll
Event: 19.321 Loaded shared library C:\Users\Usuario\.vscode\extensions\redhat.java-1.55.0-win32-x64\jre\21.0.11-win32-x86_64\bin\sunmscapi.dll
Event: 20.254 Loaded shared library C:\Users\Usuario\.vscode\extensions\redhat.java-1.55.0-win32-x64\jre\21.0.11-win32-x86_64\bin\extnet.dll
Event: 256.719 Loaded shared library C:\Users\Usuario\.gradle\native\660c5614fbf4a5f2a75b1949f50a0caf5cd603558e7d8a26e50b933a0cfb79d1\windows-amd64\native-platform.dll

Deoptimization events (20 events):
Event: 6447.149 Thread 0x000001d5f68eae00 DEOPT PACKING pc=0x000001d5ddc2d272 sp=0x0000004d9dafed00
Event: 6447.149 Thread 0x000001d5f68eae00 DEOPT UNPACKING pc=0x000001d5e3814242 sp=0x0000004d9dafe278 mode 0
Event: 6447.165 Thread 0x000001d5f68eae00 DEOPT PACKING pc=0x000001d5ddc2d272 sp=0x0000004d9dafed00
Event: 6447.165 Thread 0x000001d5f68eae00 DEOPT UNPACKING pc=0x000001d5e3814242 sp=0x0000004d9dafe278 mode 0
Event: 6447.187 Thread 0x000001d5f68eae00 DEOPT PACKING pc=0x000001d5ddc2d272 sp=0x0000004d9dafed00
Event: 6447.187 Thread 0x000001d5f68eae00 DEOPT UNPACKING pc=0x000001d5e3814242 sp=0x0000004d9dafe278 mode 0
Event: 6447.221 Thread 0x000001d5f68eae00 DEOPT PACKING pc=0x000001d5ddc2d272 sp=0x0000004d9dafed00
Event: 6447.221 Thread 0x000001d5f68eae00 DEOPT UNPACKING pc=0x000001d5e3814242 sp=0x0000004d9dafe278 mode 0
Event: 6447.235 Thread 0x000001d5f68eae00 DEOPT PACKING pc=0x000001d5ddc2d272 sp=0x0000004d9dafed00
Event: 6447.235 Thread 0x000001d5f68eae00 DEOPT UNPACKING pc=0x000001d5e3814242 sp=0x0000004d9dafe278 mode 0
Event: 6447.263 Thread 0x000001d5f68eae00 DEOPT PACKING pc=0x000001d5ddc2d81e sp=0x0000004d9dafed00
Event: 6447.263 Thread 0x000001d5f68eae00 DEOPT UNPACKING pc=0x000001d5e3814242 sp=0x0000004d9dafe278 mode 0
Event: 6447.284 Thread 0x000001d5f68eae00 DEOPT PACKING pc=0x000001d5ddc2d272 sp=0x0000004d9dafed00
Event: 6447.284 Thread 0x000001d5f68eae00 DEOPT UNPACKING pc=0x000001d5e3814242 sp=0x0000004d9dafe278 mode 0
Event: 6447.310 Thread 0x000001d5f68eae00 DEOPT PACKING pc=0x000001d5ddc2d272 sp=0x0000004d9dafed00
Event: 6447.310 Thread 0x000001d5f68eae00 DEOPT UNPACKING pc=0x000001d5e3814242 sp=0x0000004d9dafe278 mode 0
Event: 6447.357 Thread 0x000001d5f68eae00 DEOPT PACKING pc=0x000001d5ddc2d272 sp=0x0000004d9dafed00
Event: 6447.357 Thread 0x000001d5f68eae00 DEOPT UNPACKING pc=0x000001d5e3814242 sp=0x0000004d9dafe278 mode 0
Event: 6447.386 Thread 0x000001d5f68eae00 DEOPT PACKING pc=0x000001d5ddc2d272 sp=0x0000004d9dafed00
Event: 6447.386 Thread 0x000001d5f68eae00 DEOPT UNPACKING pc=0x000001d5e3814242 sp=0x0000004d9dafe278 mode 0

Classes loaded (20 events):
Event: 6360.507 Loading class sun/nio/cs/ThreadLocalCoders$1
Event: 6360.507 Loading class sun/nio/cs/ThreadLocalCoders$Cache
Event: 6360.507 Loading class sun/nio/cs/ThreadLocalCoders$Cache done
Event: 6360.507 Loading class sun/nio/cs/ThreadLocalCoders$1 done
Event: 6360.508 Loading class sun/nio/cs/ThreadLocalCoders$2
Event: 6360.509 Loading class sun/nio/cs/ThreadLocalCoders$2 done
Event: 6369.849 Loading class java/util/stream/ReduceOps$4
Event: 6369.850 Loading class java/util/stream/ReduceOps$4 done
Event: 6369.851 Loading class java/util/stream/ReduceOps$4ReducingSink
Event: 6369.853 Loading class java/util/stream/ReduceOps$4ReducingSink done
Event: 6369.859 Loading class java/nio/file/Files$2
Event: 6369.860 Loading class java/nio/file/Files$2 done
Event: 6371.148 Loading class jdk/internal/module/IllegalAccessLogger
Event: 6371.148 Loading class jdk/internal/module/IllegalAccessLogger done
Event: 6371.875 Loading class java/util/Hashtable$ValueCollection
Event: 6371.879 Loading class java/util/Hashtable$ValueCollection done
Event: 6371.940 Loading class java/util/concurrent/ConcurrentHashMap$KeySpliterator
Event: 6371.945 Loading class java/util/concurrent/ConcurrentHashMap$KeySpliterator done
Event: 6374.884 Loading class jdk/internal/module/IllegalAccessLogger
Event: 6374.885 Loading class jdk/internal/module/IllegalAccessLogger done

Classes unloaded (13 events):
Event: 16.463 Thread 0x000001d5efb028c0 Unloading class 0x000001d5811b1000 'java/lang/invoke/LambdaForm$MH+0x000001d5811b1000'
Event: 16.463 Thread 0x000001d5efb028c0 Unloading class 0x000001d5811b0c00 'java/lang/invoke/LambdaForm$MH+0x000001d5811b0c00'
Event: 16.463 Thread 0x000001d5efb028c0 Unloading class 0x000001d5811b0800 'java/lang/invoke/LambdaForm$MH+0x000001d5811b0800'
Event: 16.463 Thread 0x000001d5efb028c0 Unloading class 0x000001d5811b0400 'java/lang/invoke/LambdaForm$MH+0x000001d5811b0400'
Event: 16.463 Thread 0x000001d5efb028c0 Unloading class 0x000001d5811b0000 'java/lang/invoke/LambdaForm$BMH+0x000001d5811b0000'
Event: 16.463 Thread 0x000001d5efb028c0 Unloading class 0x000001d5811afc00 'java/lang/invoke/LambdaForm$DMH+0x000001d5811afc00'
Event: 16.463 Thread 0x000001d5efb028c0 Unloading class 0x000001d5811ae800 'java/lang/invoke/LambdaForm$DMH+0x000001d5811ae800'
Event: 19.202 Thread 0x000001d5efb028c0 Unloading class 0x000001d5812e3c00 'java/lang/invoke/LambdaForm$MH+0x000001d5812e3c00'
Event: 19.202 Thread 0x000001d5efb028c0 Unloading class 0x000001d5812e3000 'java/lang/invoke/LambdaForm$MH+0x000001d5812e3000'
Event: 19.202 Thread 0x000001d5efb028c0 Unloading class 0x000001d5812e2800 'java/lang/invoke/LambdaForm$MH+0x000001d5812e2800'
Event: 19.202 Thread 0x000001d5efb028c0 Unloading class 0x000001d5812e2000 'java/lang/invoke/LambdaForm$MH+0x000001d5812e2000'
Event: 19.202 Thread 0x000001d5efb028c0 Unloading class 0x000001d5812e1800 'java/lang/invoke/LambdaForm$DMH+0x000001d5812e1800'
Event: 19.202 Thread 0x000001d5efb028c0 Unloading class 0x000001d5812e1000 'java/lang/invoke/LambdaForm$MH+0x000001d5812e1000'

Classes redefined (0 events):
No events

Internal exceptions (20 events):
Event: 6429.626 Thread 0x000001d5f68eae00 Exception <a 'sun/nio/fs/WindowsException'{0x00000000d5612770}> (0x00000000d5612770) 
thrown [s\src\hotspot\share\prims\jni.cpp, line 520]
Event: 6429.672 Thread 0x000001d5f68eae00 Exception <a 'sun/nio/fs/WindowsException'{0x00000000d55b65d0}> (0x00000000d55b65d0) 
thrown [s\src\hotspot\share\prims\jni.cpp, line 520]
Event: 6429.842 Thread 0x000001d5f68eae00 Exception <a 'sun/nio/fs/WindowsException'{0x00000000d572bb28}> (0x00000000d572bb28) 
thrown [s\src\hotspot\share\prims\jni.cpp, line 520]
Event: 6431.044 Thread 0x000001d5f68eae00 Exception <a 'sun/nio/fs/WindowsException'{0x00000000d56df808}> (0x00000000d56df808) 
thrown [s\src\hotspot\share\prims\jni.cpp, line 520]
Event: 6431.843 Thread 0x000001d5f68eae00 Exception <a 'sun/nio/fs/WindowsException'{0x00000000d558c300}> (0x00000000d558c300) 
thrown [s\src\hotspot\share\prims\jni.cpp, line 520]
Event: 6432.416 Thread 0x000001d5f68eae00 Exception <a 'sun/nio/fs/WindowsException'{0x00000000d5688bc0}> (0x00000000d5688bc0) 
thrown [s\src\hotspot\share\prims\jni.cpp, line 520]
Event: 6432.506 Thread 0x000001d5f68eae00 Exception <a 'sun/nio/fs/WindowsException'{0x00000000d577b738}> (0x00000000d577b738) 
thrown [s\src\hotspot\share\prims\jni.cpp, line 520]
Event: 6432.928 Thread 0x000001d5f68eae00 Exception <a 'sun/nio/fs/WindowsException'{0x00000000d562da50}> (0x00000000d562da50) 
thrown [s\src\hotspot\share\prims\jni.cpp, line 520]
Event: 6432.985 Thread 0x000001d5f68eae00 Exception <a 'sun/nio/fs/WindowsException'{0x00000000d5727eb8}> (0x00000000d5727eb8) 
thrown [s\src\hotspot\share\prims\jni.cpp, line 520]
Event: 6438.980 Thread 0x000001d5f68eae00 Exception <a 'sun/nio/fs/WindowsException'{0x00000000d57bf750}> (0x00000000d57bf750) 
thrown [s\src\hotspot\share\prims\jni.cpp, line 520]
Event: 6441.901 Thread 0x000001d5f68eae00 Exception <a 'sun/nio/fs/WindowsException'{0x00000000d55906f0}> (0x00000000d55906f0) 
thrown [s\src\hotspot\share\prims\jni.cpp, line 520]
Event: 6442.403 Thread 0x000001d5f68eae00 Exception <a 'sun/nio/fs/WindowsException'{0x00000000d56f1a90}> (0x00000000d56f1a90) 
thrown [s\src\hotspot\share\prims\jni.cpp, line 520]
Event: 6442.514 Thread 0x000001d5f68eae00 Exception <a 'sun/nio/fs/WindowsException'{0x00000000d5738d00}> (0x00000000d5738d00) 
thrown [s\src\hotspot\share\prims\jni.cpp, line 520]
Event: 6442.915 Thread 0x000001d5f68eae00 Exception <a 'sun/nio/fs/WindowsException'{0x00000000d5601b38}> (0x00000000d5601b38) 
thrown [s\src\hotspot\share\prims\jni.cpp, line 520]
Event: 6442.989 Thread 0x000001d5f68eae00 Exception <a 'sun/nio/fs/WindowsException'{0x00000000d567a3e0}> (0x00000000d567a3e0) 
thrown [s\src\hotspot\share\prims\jni.cpp, line 520]
Event: 6443.013 Thread 0x000001d5f68eae00 Exception <a 'sun/nio/fs/WindowsException'{0x00000000d55b0a58}> (0x00000000d55b0a58) 
thrown [s\src\hotspot\share\prims\jni.cpp, line 520]
Event: 6443.036 Thread 0x000001d5f68eae00 Exception <a 'sun/nio/fs/WindowsException'{0x00000000d55ded90}> (0x00000000d55ded90) 
thrown [s\src\hotspot\share\prims\jni.cpp, line 520]
Event: 6443.067 Thread 0x000001d5f68eae00 Exception <a 'sun/nio/fs/WindowsException'{0x00000000d55f60a0}> (0x00000000d55f60a0) 
thrown [s\src\hotspot\share\prims\jni.cpp, line 520]
Event: 6446.370 Thread 0x000001d5f80e3510 Exception <a 'sun/nio/fs/WindowsException'{0x00000000d5582130}> (0x00000000d5582130) 
thrown [s\src\hotspot\share\prims\jni.cpp, line 520]
Event: 6446.372 Thread 0x000001d5f80e3510 Exception <a 'sun/nio/fs/WindowsException'{0x00000000d574cf08}> (0x00000000d574cf08) 
thrown [s\src\hotspot\share\prims\jni.cpp, line 520]

ZGC Phase Switch (0 events):
No events

VM Operations (20 events):
Event: 6447.287 Executing safepoint VM operation: ParallelGCFailedAllocation (Allocation Failure)
Event: 6447.291 Executing safepoint VM operation: ParallelGCFailedAllocation (Allocation Failure) done
Event: 6447.303 Executing safepoint VM operation: ParallelGCFailedAllocation (Allocation Failure)
Event: 6447.306 Executing safepoint VM operation: ParallelGCFailedAllocation (Allocation Failure) done
Event: 6447.317 Executing safepoint VM operation: ParallelGCFailedAllocation (Allocation Failure)
Event: 6447.320 Executing safepoint VM operation: ParallelGCFailedAllocation (Allocation Failure) done
Event: 6447.330 Executing safepoint VM operation: ParallelGCFailedAllocation (Allocation Failure)
Event: 6447.332 Executing safepoint VM operation: ParallelGCFailedAllocation (Allocation Failure) done
Event: 6447.342 Executing safepoint VM operation: ParallelGCFailedAllocation (Allocation Failure)
Event: 6447.344 Executing safepoint VM operation: ParallelGCFailedAllocation (Allocation Failure) done
Event: 6447.352 Executing safepoint VM operation: ParallelGCFailedAllocation (Allocation Failure)
Event: 6447.354 Executing safepoint VM operation: ParallelGCFailedAllocation (Allocation Failure) done
Event: 6447.363 Executing safepoint VM operation: ParallelGCFailedAllocation (Allocation Failure)
Event: 6447.365 Executing safepoint VM operation: ParallelGCFailedAllocation (Allocation Failure) done
Event: 6447.370 Executing safepoint VM operation: ParallelGCFailedAllocation (Allocation Failure)
Event: 6447.372 Executing safepoint VM operation: ParallelGCFailedAllocation (Allocation Failure) done
Event: 6447.381 Executing safepoint VM operation: ParallelGCFailedAllocation (Allocation Failure)
Event: 6447.384 Executing safepoint VM operation: ParallelGCFailedAllocation (Allocation Failure) done
Event: 6447.398 Executing safepoint VM operation: ParallelGCFailedAllocation (Allocation Failure)
Event: 6448.499 Executing safepoint VM operation: ParallelGCFailedAllocation (Allocation Failure) done

Memory protections (0 events):
No events

Nmethod flushes (20 events):
Event: 258.909 Thread 0x000001d5efb028c0 flushing  nmethod 0x000001d5dcc8e910
Event: 258.909 Thread 0x000001d5efb028c0 flushing  nmethod 0x000001d5dcc8ed90
Event: 258.909 Thread 0x000001d5efb028c0 flushing  nmethod 0x000001d5dcc90310
Event: 258.909 Thread 0x000001d5efb028c0 flushing  nmethod 0x000001d5dcc91410
Event: 258.909 Thread 0x000001d5efb028c0 flushing  nmethod 0x000001d5dcca6190
Event: 258.909 Thread 0x000001d5efb028c0 flushing  nmethod 0x000001d5dcca7290
Event: 258.909 Thread 0x000001d5efb028c0 flushing  nmethod 0x000001d5dcca7710
Event: 258.909 Thread 0x000001d5efb028c0 flushing  nmethod 0x000001d5dcca8090
Event: 258.909 Thread 0x000001d5efb028c0 flushing  nmethod 0x000001d5dcca9290
Event: 258.909 Thread 0x000001d5efb028c0 flushing  nmethod 0x000001d5dccaba90
Event: 258.909 Thread 0x000001d5efb028c0 flushing  nmethod 0x000001d5dccac010
Event: 258.909 Thread 0x000001d5efb028c0 flushing  nmethod 0x000001d5dccac390
Event: 258.909 Thread 0x000001d5efb028c0 flushing  nmethod 0x000001d5dccb0110
Event: 258.909 Thread 0x000001d5efb028c0 flushing  nmethod 0x000001d5dccb0610
Event: 258.909 Thread 0x000001d5efb028c0 flushing  nmethod 0x000001d5dccb1390
Event: 258.909 Thread 0x000001d5efb028c0 flushing  nmethod 0x000001d5dccdbb90
Event: 258.909 Thread 0x000001d5efb028c0 flushing  nmethod 0x000001d5dccf0f90
Event: 258.909 Thread 0x000001d5efb028c0 flushing  nmethod 0x000001d5dccf1410
Event: 258.909 Thread 0x000001d5efb028c0 flushing  nmethod 0x000001d5dccf2610
Event: 258.909 Thread 0x000001d5efb028c0 flushing  nmethod 0x000001d5dccf2c10

Events (20 events):
Event: 6353.181 Thread 0x000001d5f68ec1b0 Thread added: 0x000001d5f896a7a0
Event: 6353.212 Thread 0x000001d5f8968d60 Thread added: 0x000001d5f8967320
Event: 6353.231 Thread 0x000001d5f896a7a0 Thread added: 0x000001d5f896c870
Event: 6353.270 Thread 0x000001d5f896a7a0 Thread added: 0x000001d5f896cf00
Event: 6353.324 Thread 0x000001d5f896cf00 Thread added: 0x000001d5f896d590
Event: 6353.325 Thread 0x000001d5f896cf00 Thread added: 0x000001d5f896c1e0
Event: 6353.325 Thread 0x000001d5f896d590 Thread exited: 0x000001d5f896d590
Event: 6360.496 Thread 0x000001d5f80e3510 Thread added: 0x000001d5f80e55e0
Event: 6369.945 Thread 0x000001d5f896cf00 Thread exited: 0x000001d5f896cf00
Event: 6369.951 Thread 0x000001d5f896c1e0 Thread exited: 0x000001d5f896c1e0
Event: 6371.211 Thread 0x000001d5f80e3510 Thread added: 0x000001d5f80e6300
Event: 6371.971 Thread 0x000001d5f80e3510 Thread added: 0x000001d5f80e2e80
Event: 6372.414 Thread 0x000001d5f80e3510 Thread added: 0x000001d5f80e3ba0
Event: 6374.931 Thread 0x000001d5f80e3510 Thread added: 0x000001d5f68ec840
Event: 6375.466 Thread 0x000001d5f8967320 Thread added: 0x000001d5f68eced0
Event: 6437.420 Thread 0x000001d5f80e6300 Thread exited: 0x000001d5f80e6300
Event: 6446.287 Thread 0x000001d5f80e3510 Thread added: 0x000001d5f896c1e0
Event: 6446.307 Thread 0x000001d5f896c1e0 Thread exited: 0x000001d5f896c1e0
Event: 6446.386 Thread 0x000001d5f80e3510 Thread added: 0x000001d5f896c1e0
Event: 6446.391 Thread 0x000001d5f896c1e0 Thread exited: 0x000001d5f896c1e0


Dynamic libraries:
0x00007ff6b1840000 - 0x00007ff6b184e000 	c:\Users\Usuario\.vscode\extensions\redhat.java-1.55.0-win32-x64\jre\21.0.11-win32-x86_64\bin\java.exe
0x00007ffd3ac80000 - 0x00007ffd3aee6000 	C:\WINDOWS\SYSTEM32\ntdll.dll
0x00007ffd39790000 - 0x00007ffd39859000 	C:\WINDOWS\System32\KERNEL32.DLL
0x00007ffd38330000 - 0x00007ffd3872a000 	C:\WINDOWS\System32\KERNELBASE.dll
0x00007ffd34f50000 - 0x00007ffd34ff0000 	C:\WINDOWS\SYSTEM32\apphelp.dll
0x00007ffd38730000 - 0x00007ffd3887c000 	C:\WINDOWS\System32\ucrtbase.dll
0x00007ffd134d0000 - 0x00007ffd134e8000 	c:\Users\Usuario\.vscode\extensions\redhat.java-1.55.0-win32-x64\jre\21.0.11-win32-x86_64\bin\jli.dll
0x00007ffd3a760000 - 0x00007ffd3a927000 	C:\WINDOWS\System32\USER32.dll
0x00007ffd37f10000 - 0x00007ffd37f37000 	C:\WINDOWS\System32\win32u.dll
0x00007ffd39860000 - 0x00007ffd3988b000 	C:\WINDOWS\System32\GDI32.dll
0x00007ffd37f40000 - 0x00007ffd3806b000 	C:\WINDOWS\System32\gdi32full.dll
0x00007ffd38880000 - 0x00007ffd38923000 	C:\WINDOWS\System32\msvcp_win.dll
0x00007ffd24880000 - 0x00007ffd24b12000 	C:\WINDOWS\WinSxS\amd64_microsoft.windows.common-controls_6595b64144ccf1df_6.0.26100.8521_none_3e08b75ce33403b3\COMCTL32.dll
0x00007ffd38ab0000 - 0x00007ffd38b59000 	C:\WINDOWS\System32\msvcrt.dll
0x00007ffd171b0000 - 0x00007ffd171ce000 	c:\Users\Usuario\.vscode\extensions\redhat.java-1.55.0-win32-x64\jre\21.0.11-win32-x86_64\bin\VCRUNTIME140.dll
0x00007ffd38ca0000 - 0x00007ffd38cd2000 	C:\WINDOWS\System32\IMM32.DLL
0x00007ffd34ed0000 - 0x00007ffd34edc000 	c:\Users\Usuario\.vscode\extensions\redhat.java-1.55.0-win32-x64\jre\21.0.11-win32-x86_64\bin\vcruntime140_1.dll
0x00007ffd084a0000 - 0x00007ffd0852d000 	c:\Users\Usuario\.vscode\extensions\redhat.java-1.55.0-win32-x64\jre\21.0.11-win32-x86_64\bin\msvcp140.dll
0x00007ffc9ab10000 - 0x00007ffc9b8b2000 	c:\Users\Usuario\.vscode\extensions\redhat.java-1.55.0-win32-x64\jre\21.0.11-win32-x86_64\bin\server\jvm.dll
0x00007ffd39e20000 - 0x00007ffd39ed6000 	C:\WINDOWS\System32\ADVAPI32.dll
0x00007ffd396e0000 - 0x00007ffd3978a000 	C:\WINDOWS\System32\sechost.dll
0x00007ffd394c0000 - 0x00007ffd395d8000 	C:\WINDOWS\System32\RPCRT4.dll
0x00007ffd39990000 - 0x00007ffd39a10000 	C:\WINDOWS\System32\WS2_32.dll
0x00007ffd37d60000 - 0x00007ffd37dbe000 	C:\WINDOWS\SYSTEM32\POWRPROF.dll
0x00007ffd2f9c0000 - 0x00007ffd2f9cb000 	C:\WINDOWS\SYSTEM32\VERSION.dll
0x00007ffd2b1b0000 - 0x00007ffd2b1e6000 	C:\WINDOWS\SYSTEM32\WINMM.dll
0x00007ffd37d40000 - 0x00007ffd37d54000 	C:\WINDOWS\SYSTEM32\UMPDC.dll
0x00007ffd36ca0000 - 0x00007ffd36cbb000 	C:\WINDOWS\SYSTEM32\kernel.appcore.dll
0x00007ffd342b0000 - 0x00007ffd342ba000 	c:\Users\Usuario\.vscode\extensions\redhat.java-1.55.0-win32-x64\jre\21.0.11-win32-x86_64\bin\jimage.dll
0x00007ffd2ed20000 - 0x00007ffd2ef62000 	C:\WINDOWS\SYSTEM32\DBGHELP.DLL
0x00007ffd39a20000 - 0x00007ffd39da3000 	C:\WINDOWS\System32\combase.dll
0x00007ffd39f00000 - 0x00007ffd39fd9000 	C:\WINDOWS\System32\OLEAUT32.dll
0x00007ffd235b0000 - 0x00007ffd235eb000 	C:\WINDOWS\SYSTEM32\dbgcore.DLL
0x00007ffd38280000 - 0x00007ffd38328000 	C:\WINDOWS\System32\bcryptPrimitives.dll
0x00007ffd10af0000 - 0x00007ffd10aff000 	c:\Users\Usuario\.vscode\extensions\redhat.java-1.55.0-win32-x64\jre\21.0.11-win32-x86_64\bin\instrument.dll
0x00007ffd11db0000 - 0x00007ffd11dd0000 	c:\Users\Usuario\.vscode\extensions\redhat.java-1.55.0-win32-x64\jre\21.0.11-win32-x86_64\bin\java.dll
0x00007ffd38ce0000 - 0x00007ffd39464000 	C:\WINDOWS\System32\SHELL32.dll
0x00007ffd35af0000 - 0x00007ffd36370000 	C:\WINDOWS\SYSTEM32\windows.storage.dll
0x00007ffd395e0000 - 0x00007ffd396d6000 	C:\WINDOWS\System32\SHCORE.dll
0x00007ffd39db0000 - 0x00007ffd39e17000 	C:\WINDOWS\System32\shlwapi.dll
0x00007ffd37e30000 - 0x00007ffd37e59000 	C:\WINDOWS\SYSTEM32\profapi.dll
0x00007ffd11d90000 - 0x00007ffd11da8000 	c:\Users\Usuario\.vscode\extensions\redhat.java-1.55.0-win32-x64\jre\21.0.11-win32-x86_64\bin\zip.dll
0x00007ffd30b90000 - 0x00007ffd30ba0000 	C:\Users\Usuario\.vscode\extensions\redhat.java-1.55.0-win32-x64\jre\21.0.11-win32-x86_64\bin\net.dll
0x00007ffd32210000 - 0x00007ffd32339000 	C:\WINDOWS\SYSTEM32\WINHTTP.dll
0x00007ffd37210000 - 0x00007ffd3727c000 	C:\WINDOWS\system32\mswsock.dll
0x00007ffd10540000 - 0x00007ffd10556000 	C:\Users\Usuario\.vscode\extensions\redhat.java-1.55.0-win32-x64\jre\21.0.11-win32-x86_64\bin\nio.dll
0x00007ffd103f0000 - 0x00007ffd10400000 	c:\Users\Usuario\.vscode\extensions\redhat.java-1.55.0-win32-x64\jre\21.0.11-win32-x86_64\bin\verify.dll
0x00007ffd059a0000 - 0x00007ffd059e5000 	C:\Users\Usuario\AppData\Roaming\Code\User\globalStorage\redhat.java\1.55.0\config_win\org.eclipse.equinox.launcher\org.eclipse.equinox.launcher.win32.win32.x86_64_1.3.100.v20260613-0559\eclipse_11924.dll
0x00007ffd3a930000 - 0x00007ffd3aac8000 	C:\WINDOWS\System32\ole32.dll
0x00007ffd10370000 - 0x00007ffd1037a000 	C:\Users\Usuario\.vscode\extensions\redhat.java-1.55.0-win32-x64\jre\21.0.11-win32-x86_64\bin\management.dll
0x00007ffd0f550000 - 0x00007ffd0f55c000 	C:\Users\Usuario\.vscode\extensions\redhat.java-1.55.0-win32-x64\jre\21.0.11-win32-x86_64\bin\management_ext.dll
0x00007ffd38b60000 - 0x00007ffd38b68000 	C:\WINDOWS\System32\PSAPI.DLL
0x00007ffd374f0000 - 0x00007ffd3750b000 	C:\WINDOWS\SYSTEM32\CRYPTSP.dll
0x00007ffd36c00000 - 0x00007ffd36c39000 	C:\WINDOWS\system32\rsaenh.dll
0x00007ffd372c0000 - 0x00007ffd372f3000 	C:\WINDOWS\SYSTEM32\USERENV.dll
0x00007ffd37e00000 - 0x00007ffd37e2a000 	C:\WINDOWS\SYSTEM32\bcrypt.dll
0x00007ffd37510000 - 0x00007ffd3751c000 	C:\WINDOWS\SYSTEM32\CRYPTBASE.dll
0x00007ffd366a0000 - 0x00007ffd366d3000 	C:\WINDOWS\SYSTEM32\IPHLPAPI.DLL
0x00007ffd3aad0000 - 0x00007ffd3aada000 	C:\WINDOWS\System32\NSI.dll
0x00007ffd03630000 - 0x00007ffd03679000 	C:\Users\Usuario\AppData\Local\Temp\jna-1531808526\jna5756568435536653295.dll
0x00007ffd323f0000 - 0x00007ffd3240d000 	C:\WINDOWS\SYSTEM32\dhcpcsvc6.DLL
0x00007ffd323c0000 - 0x00007ffd323e5000 	C:\WINDOWS\SYSTEM32\dhcpcsvc.DLL
0x00007ffd134c0000 - 0x00007ffd134ce000 	C:\Users\Usuario\.vscode\extensions\redhat.java-1.55.0-win32-x64\jre\21.0.11-win32-x86_64\bin\sunmscapi.dll
0x00007ffd38100000 - 0x00007ffd38278000 	C:\WINDOWS\System32\CRYPT32.dll
0x00007ffd37710000 - 0x00007ffd37740000 	C:\WINDOWS\SYSTEM32\ncrypt.dll
0x00007ffd376c0000 - 0x00007ffd376ff000 	C:\WINDOWS\SYSTEM32\NTASN1.dll
0x00007ffd366e0000 - 0x00007ffd3682a000 	C:\WINDOWS\SYSTEM32\DNSAPI.dll
0x00007ffd37030000 - 0x00007ffd3703d000 	C:\WINDOWS\SYSTEM32\DSPARSE.dll
0x00007ffd31280000 - 0x00007ffd3128b000 	C:\Windows\System32\rasadhlp.dll
0x00007ffd328b0000 - 0x00007ffd32936000 	C:\WINDOWS\System32\fwpuclnt.dll
0x00007ffd11d80000 - 0x00007ffd11d89000 	C:\Users\Usuario\.vscode\extensions\redhat.java-1.55.0-win32-x64\jre\21.0.11-win32-x86_64\bin\extnet.dll
0x00007ffcfdb80000 - 0x00007ffcfdba7000 	C:\Users\Usuario\.gradle\native\660c5614fbf4a5f2a75b1949f50a0caf5cd603558e7d8a26e50b933a0cfb79d1\windows-amd64\native-platform.dll
0x00007ffcd8730000 - 0x00007ffcd8738000 	C:\WINDOWS\system32\wshunix.dll

JVMTI agents:
c:\Users\Usuario\.vscode\extensions\redhat.java-1.55.0-win32-x64\lombok\lombok-1.18.39-4050.jar path:c:\Users\Usuario\.vscode\extensions\redhat.java-1.55.0-win32-x64\jre\21.0.11-win32-x86_64\bin\instrument.dll, loaded, initialized, instrumentlib options:none

dbghelp: loaded successfully - version: 4.0.5 - missing functions: none
symbol engine: initialized successfully - sym options: 0x614 - pdb path: .;c:\Users\Usuario\.vscode\extensions\redhat.java-1.55.0-win32-x64\jre\21.0.11-win32-x86_64\bin;C:\WINDOWS\SYSTEM32;C:\WINDOWS\WinSxS\amd64_microsoft.windows.common-controls_6595b64144ccf1df_6.0.26100.8521_none_3e08b75ce33403b3;c:\Users\Usuario\.vscode\extensions\redhat.java-1.55.0-win32-x64\jre\21.0.11-win32-x86_64\bin\server;C:\Users\Usuario\AppData\Roaming\Code\User\globalStorage\redhat.java\1.55.0\config_win\org.eclipse.equinox.launcher\org.eclipse.equinox.launcher.win32.win32.x86_64_1.3.100.v20260613-0559;C:\Users\Usuario\AppData\Local\Temp\jna-1531808526;C:\Users\Usuario\.gradle\native\660c5614fbf4a5f2a75b1949f50a0caf5cd603558e7d8a26e50b933a0cfb79d1\windows-amd64

VM Arguments:
jvm_args: --add-modules=ALL-SYSTEM --add-opens=java.base/java.util=ALL-UNNAMED --add-opens=java.base/java.lang=ALL-UNNAMED --add-opens=java.base/sun.nio.fs=ALL-UNNAMED -Declipse.application=org.eclipse.jdt.ls.core.id1 -Dosgi.bundles.defaultStartLevel=4 -Declipse.product=org.eclipse.jdt.ls.core.product -Djava.import.generatesMetadataFilesAtProjectRoot=false -DDetectVMInstallationsJob.disabled=true -Dfile.encoding=utf8 -XX:+UseParallelGC -XX:GCTimeRatio=4 -XX:AdaptiveSizePolicyWeight=90 -Dsun.zip.disableMemoryMapping=true -Xmx2G -Xms100m -Xlog:disable -javaagent:c:\Users\Usuario\.vscode\extensions\redhat.java-1.55.0-win32-x64\lombok\lombok-1.18.39-4050.jar -XX:+HeapDumpOnOutOfMemoryError -XX:HeapDumpPath=c:\Users\Usuario\AppData\Roaming\Code\User\workspaceStorage\9d62cc1232502d2153a8e60a10c01b7a\redhat.java -Daether.dependencyCollector.impl=bf 
java_command: c:\Users\Usuario\.vscode\extensions\redhat.java-1.55.0-win32-x64\server\plugins\org.eclipse.equinox.launcher_1.7.200.v20260619-2039.jar -configuration c:\Users\Usuario\AppData\Roaming\Code\User\globalStorage\redhat.java\1.55.0\config_win -data c:\Users\Usuario\AppData\Roaming\Code\User\workspaceStorage\9d62cc1232502d2153a8e60a10c01b7a\redhat.java\jdt_ws --pipe=\\.\pipe\lsp-7c119e8df283e59aabf3075d0c99f63b-sock
java_class_path (initial): c:\Users\Usuario\.vscode\extensions\redhat.java-1.55.0-win32-x64\server\plugins\org.eclipse.equinox.launcher_1.7.200.v20260619-2039.jar
Launcher Type: SUN_STANDARD

[Global flags]
    uintx AdaptiveSizePolicyWeight                 = 90                                        {product} {command line}
     intx CICompilerCount                          = 4                                         {product} {ergonomic}
    uintx GCTimeRatio                              = 4                                         {product} {command line}
     bool HeapDumpOnOutOfMemoryError               = true                                   {manageable} {command line}
    ccstr HeapDumpPath                             = c:\Users\Usuario\AppData\Roaming\Code\User\workspaceStorage\9d62cc1232502d2153a8e60a10c01b7a\redhat.java         {manageable} {command line}
   size_t InitialHeapSize                          = 104857600                                 {product} {command line}
   size_t MaxHeapSize                              = 2147483648                                {product} {command line}
   size_t MaxNewSize                               = 715653120                                 {product} {ergonomic}
   size_t MinHeapDeltaBytes                        = 524288                                    {product} {ergonomic}
   size_t MinHeapSize                              = 104857600                                 {product} {command line}
   size_t NewSize                                  = 34603008                                  {product} {ergonomic}
    uintx NonNMethodCodeHeapSize                   = 5839372                                {pd product} {ergonomic}
    uintx NonProfiledCodeHeapSize                  = 122909434                              {pd product} {ergonomic}
   size_t OldSize                                  = 70254592                                  {product} {ergonomic}
    uintx ProfiledCodeHeapSize                     = 122909434                              {pd product} {ergonomic}
    uintx ReservedCodeCacheSize                    = 251658240                              {pd product} {ergonomic}
     bool SegmentedCodeCache                       = true                                      {product} {ergonomic}
   size_t SoftMaxHeapSize                          = 2147483648                             {manageable} {ergonomic}
     bool UseCompressedOops                        = true                           {product lp64_product} {ergonomic}
     bool UseLargePagesIndividualAllocation        = false                                  {pd product} {ergonomic}
     bool UseParallelGC                            = true                                      {product} {command line}

Logging:
Log output configuration:
 #0: stdout all=off uptime,level,tags foldmultilines=false
 #1: stderr all=off uptime,level,tags foldmultilines=false

Release file:
JAVA_VERSION="21.0.11" 
MODULES="java.base java.compiler java.datatransfer java.xml java.prefs java.desktop java.instrument java.logging java.management java.security.sasl java.naming java.rmi java.management.rmi java.net.http java.scripting java.security.jgss java.transaction.xa java.sql java.sql.rowset java.xml.crypto java.se java.smartcardio jdk.accessibility jdk.internal.jvmstat jdk.attach jdk.charsets jdk.internal.opt jdk.zipfs jdk.compiler jdk.crypto.ec jdk.crypto.cryptoki jdk.crypto.mscapi jdk.dynalink jdk.internal.ed jdk.editpad jdk.hotspot.agent jdk.httpserver jdk.internal.le jdk.internal.vm.ci jdk.internal.vm.compiler jdk.internal.vm.compiler.management jdk.jartool jdk.javadoc jdk.jcmd jdk.management jdk.management.agent jdk.jconsole jdk.jdeps jdk.jdwp.agent jdk.jdi jdk.jfr jdk.jshell jdk.jsobject jdk.jstatd jdk.localedata jdk.management.jfr jdk.naming.dns jdk.naming.rmi jdk.net jdk.nio.mapmode jdk.random jdk.sctp jdk.security.auth jdk.security.jgss jdk.unsupported jdk.unsupported.desktop jdk.xml.dom" 

Environment Variables:
PATH=C:\Program Files\Eclipse Adoptium\jdk-25.0.3.9-hotspot\bin;C:\Program Files (x86)\Common Files\Oracle\Java\java8path;C:\Program Files (x86)\Common Files\Oracle\Java\javapath;C:\WINDOWS\system32;C:\WINDOWS;C:\WINDOWS\System32\Wbem;C:\WINDOWS\System32\WindowsPowerShell\v1.0\;C:\WINDOWS\System32\OpenSSH\;C:\Program Files\Git\cmd;C:\Users\Usuario\AppData\Local\Programs\Python\Python313\Scripts\;C:\Users\Usuario\AppData\Local\Programs\Python\Python313\;C:\Users\Usuario\AppData\Local\Programs\Python\Launcher\;C:\Users\Usuario\.local\bin;C:\Users\Usuario\AppData\Local\Microsoft\WindowsApps;C:\Users\Usuario\AppData\Local\Programs\Microsoft VS Code\bin;C:\maven\apache-maven-3.9.15\bin;C:\Program Files\nodejs\;C:\Program Files\Eclipse Adoptium\jdk-25.0.3.9-hotspot\bin;C:\Program Files (x86)\Common Files\Oracle\Java\java8path;C:\Program Files (x86)\Common Files\Oracle\Java\javapath;C:\WINDOWS\system32;C:\WINDOWS;C:\WINDOWS\System32\Wbem;C:\WINDOWS\System32\WindowsPowerShell\v1.0\;C:\WINDOWS\System32\OpenSSH\;C:\Program Files\Git\cmd;C:\Users\Usuario\AppData\Local\Programs\Python\Python313\Scripts\;C:\Users\Usuario\AppData\Local\Programs\Python\Python313\;C:\Users\Usuario\AppData\Local\Programs\Python\Launcher\;C:\Users\Usuario\.local\bin;C:\Users\Usuario\AppData\Local\Microsoft\WindowsApps;C:\Users\Usuario\AppData\Local\Programs\Microsoft VS Code\bin;C:\maven\apache-maven-3.9.15\bin;C:\Users\Usuario\AppData\Local\Programs\Python\Python313\Scripts\;C:\Users\Usuario\AppData\Local\Programs\Python\Python313\;C:\Users\Usuario\AppData\Local\Programs\Python\Launcher\;C:\Users\Usuario\.local\bin;C:\Users\Usuario\AppData\Local\Microsoft\WindowsApps;C:\Users\Usuario\AppData\Local\Programs\Microsoft VS Code\bin;C:\dev\flutter\;C:\dev\flutter\bin;C:\Users\Usuario\AppData\Roaming\npm
USERNAME=Usuario
OS=Windows_NT
PROCESSOR_IDENTIFIER=AMD64 Family 23 Model 160 Stepping 0, AuthenticAMD
TMP=C:\Users\Usuario\AppData\Local\Temp
TEMP=C:\Users\Usuario\AppData\Local\Temp




Periodic native trim disabled

---------------  S Y S T E M  ---------------

OS:
 Windows 11 , 64 bit Build 26100 (10.0.26100.8521)
OS uptime: 4 days 13:23 hours

CPU: total 8 (initial active 8) (8 cores per cpu, 2 threads per core) family 23 model 160 stepping 0 microcode 0x8a00006, cx8, cmov, fxsr, ht, mmx, 3dnowpref, sse, sse2, sse3, ssse3, sse4a, sse4.1, sse4.2, popcnt, lzcnt, tsc, tscinvbit, avx, avx2, aes, clmul, bmi1, bmi2, adx, sha, fma, vzeroupper, clflush, clflushopt, rdtscp, rdpid, f16c
Processor Information for the first 8 processors :
  Max Mhz: 2401, Current Mhz: 2401, Mhz Limit: 2401

Memory: 4k page, system-wide physical 3615M (147M free)
TotalPageFile size 14879M (AvailPageFile size 13M)
current process WorkingSet (physical memory assigned to process): 193M, peak: 251M
current process commit charge ("private bytes"): 984M, peak: 998M

vm_info: OpenJDK 64-Bit Server VM (21.0.11+10-LTS) for windows-amd64 JRE (21.0.11+10-LTS), built on 2026-04-21T00:00:00Z by "admin" with MS VC++ 17.12 (VS2022)

END.
