#
# There is insufficient memory for the Java Runtime Environment to continue.
# Native memory allocation (malloc) failed to allocate 1058016 bytes. Error detail: Chunk::new
# Possible reasons:
#   The system is out of physical RAM or swap space
#   This process is running with CompressedOops enabled, and the Java Heap may be blocking the growth of the native heap
# Possible solutions:
#   Reduce memory load on the system
#   Increase physical memory or swap space
#   Check if swap backing store is full
#   Decrease Java heap size (-Xmx/-Xms)
#   Decrease number of Java threads
#   Decrease Java thread stack sizes (-Xss)
#   Set larger code cache with -XX:ReservedCodeCacheSize=
#   JVM is running with Unscaled Compressed Oops mode in which the Java heap is
#     placed in the first 4GB address space. The Java Heap base address is the
#     maximum limit for the native heap growth. Please use -XX:HeapBaseMinAddress
#     to set the Java Heap base and to place the Java Heap above 4GB virtual address.
# This output file may be truncated or incomplete.
#
#  Out of Memory Error (arena.cpp:168), pid=14444, tid=13080
#
# JRE version: OpenJDK Runtime Environment Temurin-21.0.11+10 (21.0.11+10) (build 21.0.11+10-LTS)
# Java VM: OpenJDK 64-Bit Server VM Temurin-21.0.11+10 (21.0.11+10-LTS, mixed mode, sharing, tiered, compressed oops, compressed class ptrs, g1 gc, windows-amd64)
# No core dump will be written. Minidumps are not enabled by default on client versions of Windows
#

---------------  S U M M A R Y ------------

Command Line: --add-opens=java.base/java.lang=ALL-UNNAMED --add-opens=java.base/java.lang.invoke=ALL-UNNAMED --add-opens=java.base/java.util=ALL-UNNAMED --add-opens=java.prefs/java.util.prefs=ALL-UNNAMED --add-exports=jdk.compiler/com.sun.tools.javac.api=ALL-UNNAMED --add-exports=jdk.compiler/com.sun.tools.javac.util=ALL-UNNAMED --add-opens=java.base/java.nio.charset=ALL-UNNAMED --add-opens=java.base/java.net=ALL-UNNAMED --add-opens=java.base/java.util.concurrent=ALL-UNNAMED --add-opens=java.base/java.util.concurrent.atomic=ALL-UNNAMED --add-opens=java.xml/javax.xml.namespace=ALL-UNNAMED --add-opens=java.base/java.time=ALL-UNNAMED -XX:MaxMetaspaceSize=384m -XX:+HeapDumpOnOutOfMemoryError -Xms256m -Xmx512m -Dfile.encoding=UTF-8 -Duser.country=BR -Duser.language=pt -Duser.variant -javaagent:C:\Users\Usuario\.gradle\wrapper\dists\gradle-9.5.1-bin\iq79hdu3mqx29lgffhp8bfmx\gradle-9.5.1\lib\agents\gradle-instrumentation-agent-9.5.1.jar org.gradle.launcher.daemon.bootstrap.GradleDaemon 9.5.1

Host: AMD Ryzen 3 7320U with Radeon Graphics         , 8 cores, 3G,  Windows 11 , 64 bit Build 26100 (10.0.26100.8521)
Time: Sun Jun 28 10:20:50 2026 Hora oficial do Brasil elapsed time: 95.805680 seconds (0d 0h 1m 35s)

---------------  T H R E A D  ---------------

Current thread (0x000001dc31bb8a90):  JavaThread "C2 CompilerThread0" daemon [_thread_in_native, id=13080, stack(0x0000009776700000,0x0000009776800000) (1024K)]


Current CompileTask:
C2:95805 10494       4       org.gradle.api.internal.artifacts.ModuleComponentSelectorSerializer::read (50 bytes)

Stack: [0x0000009776700000,0x0000009776800000]
Native frames: (J=compiled Java code, j=interpreted, Vv=VM code, C=native code)
V  [jvm.dll+0x6d7e19]
V  [jvm.dll+0x8b5096]
V  [jvm.dll+0x8b764e]
V  [jvm.dll+0x8b7d33]
V  [jvm.dll+0x284596]
V  [jvm.dll+0xc685d]
V  [jvm.dll+0xc6da1]
V  [jvm.dll+0x2fb4ee]
V  [jvm.dll+0x5fe9a4]
V  [jvm.dll+0x255d67]
V  [jvm.dll+0x25612d]
V  [jvm.dll+0x24e6a0]
V  [jvm.dll+0x24bbe6]
V  [jvm.dll+0x1cb4ae]
V  [jvm.dll+0x25baad]
V  [jvm.dll+0x25a03a]
V  [jvm.dll+0x3f868e]
V  [jvm.dll+0x85fb0d]
V  [jvm.dll+0x6d664d]
C  [ucrtbase.dll+0x2cd30]
C  [KERNEL32.DLL+0x2e957]
C  [ntdll.dll+0x87c1c]


---------------  P R O C E S S  ---------------

Threads class SMR info:
_java_thread_list=0x000001dc4dda6d40, length=56, elements={
0x000001dc1c2451f0, 0x000001dc31b9d2f0, 0x000001dc31b9dd50, 0x000001dc31ba3a30,
0x000001dc31ba46f0, 0x000001dc31ba7290, 0x000001dc31ba7e20, 0x000001dc31bb8a90,
0x000001dc31bb9270, 0x000001dc31ef44f0, 0x000001dc31e66e20, 0x000001dc4cc39460,
0x000001dc4b9d8f30, 0x000001dc4c797f50, 0x000001dc4b08f6f0, 0x000001dc4b12b650,
0x000001dc4b9ace10, 0x000001dc4ba1f8c0, 0x000001dc31d1d410, 0x000001dc31d1e7c0,
0x000001dc31d1daa0, 0x000001dc31d1e130, 0x000001dc31d1f4e0, 0x000001dc31d1c6f0,
0x000001dc31d1ee50, 0x000001dc4de86270, 0x000001dc4de84830, 0x000001dc4de85550,
0x000001dc4de85be0, 0x000001dc4de84ec0, 0x000001dc4de86900, 0x000001dc4de86f90,
0x000001dc4de87cb0, 0x000001dc4de8aaa0, 0x000001dc4de896f0, 0x000001dc4de889d0,
0x000001dc4de8a410, 0x000001dc4de89060, 0x000001dc4de89d80, 0x000001dc4de8b130,
0x000001dc4e1cb6b0, 0x000001dc4e1c9c70, 0x000001dc4e1cbd40, 0x000001dc4e1cc3d0,
0x000001dc4e1cca60, 0x000001dc4e1cd0f0, 0x000001dc4e1ca990, 0x000001dc4e1cd780,
0x000001dc4e1ca300, 0x000001dc4e1cde10, 0x000001dc4e1ce4a0, 0x000001dc4e1cb020,
0x000001dc4e1d0c00, 0x000001dc4e1ceb30, 0x000001dc4e1cfee0, 0x000001dc4e1d1290
}

Java Threads: ( => current thread )
  0x000001dc1c2451f0 JavaThread "main"                              [_thread_blocked, id=19532, stack(0x0000009775900000,0x0000009775a00000) (1024K)]
  0x000001dc31b9d2f0 JavaThread "Reference Handler"          daemon [_thread_blocked, id=17424, stack(0x0000009776100000,0x0000009776200000) (1024K)]
  0x000001dc31b9dd50 JavaThread "Finalizer"                  daemon [_thread_blocked, id=2328, stack(0x0000009776200000,0x0000009776300000) (1024K)]
  0x000001dc31ba3a30 JavaThread "Signal Dispatcher"          daemon [_thread_blocked, id=16188, stack(0x0000009776300000,0x0000009776400000) (1024K)]
  0x000001dc31ba46f0 JavaThread "Attach Listener"            daemon [_thread_blocked, id=21180, stack(0x0000009776400000,0x0000009776500000) (1024K)]
  0x000001dc31ba7290 JavaThread "Service Thread"             daemon [_thread_blocked, id=8680, stack(0x0000009776500000,0x0000009776600000) (1024K)]
  0x000001dc31ba7e20 JavaThread "Monitor Deflation Thread"   daemon [_thread_blocked, id=21296, stack(0x0000009776600000,0x0000009776700000) (1024K)]
=>0x000001dc31bb8a90 JavaThread "C2 CompilerThread0"         daemon [_thread_in_native, id=13080, stack(0x0000009776700000,0x0000009776800000) (1024K)]
  0x000001dc31bb9270 JavaThread "C1 CompilerThread0"         daemon [_thread_blocked, id=19808, stack(0x0000009776800000,0x0000009776900000) (1024K)]
  0x000001dc31ef44f0 JavaThread "Common-Cleaner"             daemon [_thread_blocked, id=11808, stack(0x0000009776900000,0x0000009776a00000) (1024K)]
  0x000001dc31e66e20 JavaThread "Notification Thread"        daemon [_thread_blocked, id=1572, stack(0x0000009776a00000,0x0000009776b00000) (1024K)]
  0x000001dc4cc39460 JavaThread "Daemon health stats"               [_thread_blocked, id=17204, stack(0x0000009777000000,0x0000009777100000) (1024K)]
  0x000001dc4b9d8f30 JavaThread "Incoming local TCP Connector on port 54979"        [_thread_in_native, id=6004, stack(0x0000009777100000,0x0000009777200000) (1024K)]
  0x000001dc4c797f50 JavaThread "Daemon periodic checks"            [_thread_blocked, id=13540, stack(0x0000009777200000,0x0000009777300000) (1024K)]
  0x000001dc4b08f6f0 JavaThread "Daemon"                            [_thread_blocked, id=21344, stack(0x0000009777300000,0x0000009777400000) (1024K)]
  0x000001dc4b12b650 JavaThread "Handler for socket connection from /127.0.0.1:54979 to /127.0.0.1:54980"        [_thread_in_native, id=19264, stack(0x0000009777400000,0x0000009777500000) (1024K)]
  0x000001dc4b9ace10 JavaThread "Cancel handler"                    [_thread_blocked, id=7128, stack(0x0000009777500000,0x0000009777600000) (1024K)]
  0x000001dc4ba1f8c0 JavaThread "Daemon worker"                     [_thread_blocked, id=11244, stack(0x0000009777600000,0x0000009777700000) (1024K)]
  0x000001dc31d1d410 JavaThread "Asynchronous log dispatcher for DefaultDaemonConnection: socket connection from /127.0.0.1:54979 to /127.0.0.1:54980"        [_thread_blocked, id=7500, stack(0x0000009777700000,0x0000009777800000) (1024K)]
  0x000001dc31d1e7c0 JavaThread "Stdin handler"                     [_thread_blocked, id=16988, stack(0x0000009777800000,0x0000009777900000) (1024K)]
  0x000001dc31d1daa0 JavaThread "Daemon client event forwarder"        [_thread_blocked, id=14060, stack(0x0000009777900000,0x0000009777a00000) (1024K)]
  0x000001dc31d1e130 JavaThread "Cache worker for journal cache (C:\Users\Usuario\.gradle\caches\journal-1)"        [_thread_blocked, id=7580, stack(0x0000009777a00000,0x0000009777b00000) (1024K)]
  0x000001dc31d1f4e0 JavaThread "File lock request listener"        [_thread_in_native, id=8332, stack(0x0000009777b00000,0x0000009777c00000) (1024K)]
  0x000001dc31d1c6f0 JavaThread "Cache worker for file hash cache (C:\Users\Usuario\.gradle\caches\9.5.1\fileHashes)"        [_thread_blocked, id=5972, stack(0x0000009777c00000,0x0000009777d00000) (1024K)]
  0x000001dc31d1ee50 JavaThread "Cache worker for file hash cache (C:\Users\Usuario\Documents\ecommerce-api\.gradle\9.5.1\fileHashes)"        [_thread_blocked, id=8416, stack(0x0000009778000000,0x0000009778100000) (1024K)]
  0x000001dc4de86270 JavaThread "Cache worker for Build Output Cleanup Cache (C:\Users\Usuario\Documents\ecommerce-api\.gradle\buildOutputCleanup)"        [_thread_blocked, id=14824, stack(0x0000009778100000,0x0000009778200000) (1024K)]
  0x000001dc4de84830 JavaThread "File watcher server"        daemon [_thread_in_native, id=14908, stack(0x0000009778200000,0x0000009778300000) (1024K)]
  0x000001dc4de85550 JavaThread "File watcher consumer"      daemon [_thread_blocked, id=11448, stack(0x0000009778300000,0x0000009778400000) (1024K)]
  0x000001dc4de85be0 JavaThread "Cache worker for file content cache (C:\Users\Usuario\.gradle\caches\9.5.1\fileContent)"        [_thread_blocked, id=21460, stack(0x0000009778400000,0x0000009778500000) (1024K)]
  0x000001dc4de84ec0 JavaThread "Cache worker for checksums cache (C:\Users\Usuario\Documents\ecommerce-api\.gradle\9.5.1\checksums)"        [_thread_blocked, id=16500, stack(0x0000009778500000,0x0000009778600000) (1024K)]
  0x000001dc4de86900 JavaThread "Cache worker for cache directory md-supplier (C:\Users\Usuario\.gradle\caches\9.5.1\md-supplier)"        [_thread_blocked, id=16880, stack(0x0000009778600000,0x0000009778700000) (1024K)]
  0x000001dc4de86f90 JavaThread "Cache worker for cache directory md-rule (C:\Users\Usuario\.gradle\caches\9.5.1\md-rule)"        [_thread_blocked, id=7484, stack(0x0000009778700000,0x0000009778800000) (1024K)]
  0x000001dc4de87cb0 JavaThread "jar transforms"                    [_thread_blocked, id=7968, stack(0x0000009778800000,0x0000009778900000) (1024K)]
  0x000001dc4de8aaa0 JavaThread "jar transforms Thread 2"           [_thread_blocked, id=15748, stack(0x0000009778900000,0x0000009778a00000) (1024K)]
  0x000001dc4de896f0 JavaThread "jar transforms Thread 3"           [_thread_blocked, id=8408, stack(0x0000009778a00000,0x0000009778b00000) (1024K)]
  0x000001dc4de889d0 JavaThread "jar transforms Thread 4"           [_thread_blocked, id=8648, stack(0x0000009778b00000,0x0000009778c00000) (1024K)]
  0x000001dc4de8a410 JavaThread "jar transforms Thread 5"           [_thread_blocked, id=11704, stack(0x0000009775600000,0x0000009775700000) (1024K)]
  0x000001dc4de89060 JavaThread "Build operations"                  [_thread_blocked, id=6716, stack(0x0000009775700000,0x0000009775800000) (1024K)]
  0x000001dc4de89d80 JavaThread "Build operations Thread 2"         [_thread_blocked, id=11784, stack(0x0000009775800000,0x0000009775900000) (1024K)]
  0x000001dc4de8b130 JavaThread "Build operations Thread 3"         [_thread_blocked, id=14980, stack(0x0000009778c00000,0x0000009778d00000) (1024K)]
  0x000001dc4e1cb6b0 JavaThread "Build operations Thread 4"         [_thread_blocked, id=20676, stack(0x0000009778d00000,0x0000009778e00000) (1024K)]
  0x000001dc4e1c9c70 JavaThread "Build operations Thread 5"         [_thread_blocked, id=17152, stack(0x0000009778e00000,0x0000009778f00000) (1024K)]
  0x000001dc4e1cbd40 JavaThread "Build operations Thread 6"         [_thread_blocked, id=1816, stack(0x0000009778f00000,0x0000009779000000) (1024K)]
  0x000001dc4e1cc3d0 JavaThread "Build operations Thread 7"         [_thread_blocked, id=2232, stack(0x0000009779000000,0x0000009779100000) (1024K)]
  0x000001dc4e1cca60 JavaThread "Build operations Thread 8"         [_thread_blocked, id=3248, stack(0x0000009779100000,0x0000009779200000) (1024K)]
  0x000001dc4e1cd0f0 JavaThread "Memory manager"                    [_thread_blocked, id=16232, stack(0x0000009779200000,0x0000009779300000) (1024K)]
  0x000001dc4e1ca990 JavaThread "jar transforms Thread 6"           [_thread_blocked, id=14608, stack(0x0000009779300000,0x0000009779400000) (1024K)]
  0x000001dc4e1cd780 JavaThread "included builds"                   [_thread_in_Java, id=20540, stack(0x0000009779400000,0x0000009779500000) (1024K)]
  0x000001dc4e1ca300 JavaThread "Execution worker"                  [_thread_blocked, id=13316, stack(0x0000009779500000,0x0000009779600000) (1024K)]
  0x000001dc4e1cde10 JavaThread "Execution worker Thread 2"         [_thread_blocked, id=14808, stack(0x0000009779600000,0x0000009779700000) (1024K)]
  0x000001dc4e1ce4a0 JavaThread "Execution worker Thread 3"         [_thread_blocked, id=21108, stack(0x0000009779700000,0x0000009779800000) (1024K)]
  0x000001dc4e1cb020 JavaThread "Execution worker Thread 4"         [_thread_blocked, id=4732, stack(0x0000009779800000,0x0000009779900000) (1024K)]
  0x000001dc4e1d0c00 JavaThread "Execution worker Thread 5"         [_thread_blocked, id=19712, stack(0x0000009779900000,0x0000009779a00000) (1024K)]
  0x000001dc4e1ceb30 JavaThread "Execution worker Thread 6"         [_thread_blocked, id=20752, stack(0x0000009779a00000,0x0000009779b00000) (1024K)]
  0x000001dc4e1cfee0 JavaThread "Execution worker Thread 7"         [_thread_blocked, id=6412, stack(0x0000009779b00000,0x0000009779c00000) (1024K)]
  0x000001dc4e1d1290 JavaThread "Cache worker for execution history cache (C:\Users\Usuario\Documents\ecommerce-api\.gradle\9.5.1\executionHistory)"        [_thread_blocked, id=16260, stack(0x0000009779c00000,0x0000009779d00000) (1024K)]
Total: 56

Other Threads:
  0x000001dc31b82380 VMThread "VM Thread"                           [id=3260, stack(0x0000009776000000,0x0000009776100000) (1024K)]
  0x000001dc31c70490 WatcherThread "VM Periodic Task Thread"        [id=20568, stack(0x0000009775f00000,0x0000009776000000) (1024K)]
  0x000001dc1c26f390 WorkerThread "GC Thread#0"                     [id=4740, stack(0x0000009775a00000,0x0000009775b00000) (1024K)]
  0x000001dc4b6e29b0 WorkerThread "GC Thread#1"                     [id=6528, stack(0x0000009776b00000,0x0000009776c00000) (1024K)]
  0x000001dc4b6e2d60 WorkerThread "GC Thread#2"                     [id=19496, stack(0x0000009776c00000,0x0000009776d00000) (1024K)]
  0x000001dc4b84f490 WorkerThread "GC Thread#3"                     [id=4672, stack(0x0000009776d00000,0x0000009776e00000) (1024K)]
  0x000001dc4b84f840 WorkerThread "GC Thread#4"                     [id=16944, stack(0x0000009776e00000,0x0000009776f00000) (1024K)]
  0x000001dc4b84fbf0 WorkerThread "GC Thread#5"                     [id=16032, stack(0x0000009776f00000,0x0000009777000000) (1024K)]
  0x000001dc4ebfd550 WorkerThread "GC Thread#6"                     [id=8976, stack(0x0000009777d00000,0x0000009777e00000) (1024K)]
  0x000001dc4ebfef20 WorkerThread "GC Thread#7"                     [id=6380, stack(0x0000009777e00000,0x0000009777f00000) (1024K)]
  0x000001dc1c272110 ConcurrentGCThread "G1 Main Marker"            [id=17376, stack(0x0000009775b00000,0x0000009775c00000) (1024K)]
  0x000001dc1c272b80 WorkerThread "G1 Conc#0"                       [id=15364, stack(0x0000009775c00000,0x0000009775d00000) (1024K)]
  0x000001dc4de162b0 WorkerThread "G1 Conc#1"                       [id=12584, stack(0x0000009777f00000,0x0000009778000000) (1024K)]
  0x000001dc31abc2f0 ConcurrentGCThread "G1 Refine#0"               [id=21232, stack(0x0000009775d00000,0x0000009775e00000) (1024K)]
  0x000001dc31abcb20 ConcurrentGCThread "G1 Service"                [id=1956, stack(0x0000009775e00000,0x0000009775f00000) (1024K)]
Total: 15

Threads with active compile tasks:
C2 CompilerThread0  95840 10494       4       org.gradle.api.internal.artifacts.ModuleComponentSelectorSerializer::read (50 bytes)
C1 CompilerThread0  95840 10570   !   3       io.spring.gradle.dependencymanagement.org.apache.maven.model.DependencyManagement::clone (137 bytes)
Total: 2

VM state: not at safepoint (normal execution)

VM Mutex/Monitor currently owned by a thread: None

Heap address: 0x00000000e0000000, size: 512 MB, Compressed Oops mode: 32-bit

CDS archive(s) mapped at: [0x000001dc32000000-0x000001dc32ba0000-0x000001dc32ba0000), size 12189696, SharedBaseAddress: 0x000001dc32000000, ArchiveRelocationMode: 1.
Compressed class space mapped at: 0x000001dc33000000-0x000001dc47000000, reserved size: 335544320
Narrow klass base: 0x000001dc32000000, Narrow klass shift: 0, Narrow klass range: 0x100000000

GC Precious Log:
 CardTable entry size: 512
 Card Set container configuration: InlinePtr #cards 5 size 8 Array Of Cards #cards 12 size 40 Howl #buckets 4 coarsen threshold 1843 Howl Bitmap #cards 512 size 80 coarsen threshold 460 Card regions per heap region 1 cards per card region 2048
 CPUs: 8 total, 8 available
 Memory: 3615M
 Large Page Support: Disabled
 NUMA Support: Disabled
 Compressed Oops: Enabled (32-bit)
 Heap Region Size: 1M
 Heap Min Capacity: 256M
 Heap Initial Capacity: 256M
 Heap Max Capacity: 512M
 Pre-touch: Disabled
 Parallel Workers: 8
 Concurrent Workers: 2
 Concurrent Refinement Workers: 8
 Periodic GC: Disabled

Heap:
 garbage-first heap   total 262144K, used 162000K [0x00000000e0000000, 0x0000000100000000)
  region size 1024K, 112 young (114688K), 7 survivors (7168K)
 Metaspace       used 63749K, committed 65984K, reserved 393216K
  class space    used 9453K, committed 10560K, reserved 327680K

Heap Regions: E=young(eden), S=young(survivor), O=old, HS=humongous(starts), HC=humongous(continues), CS=collection set, F=free, TAMS=top-at-mark-start, PB=parsable bottom
|   0|0x00000000e0000000, 0x00000000e0100000, 0x00000000e0100000|100%|HS|  |TAMS 0x00000000e0000000| PB 0x00000000e0000000| Complete 
|   1|0x00000000e0100000, 0x00000000e0200000, 0x00000000e0200000|100%|HC|  |TAMS 0x00000000e0100000| PB 0x00000000e0100000| Complete 
|   2|0x00000000e0200000, 0x00000000e0300000, 0x00000000e0300000|100%|HC|  |TAMS 0x00000000e0200000| PB 0x00000000e0200000| Complete 
|   3|0x00000000e0300000, 0x00000000e0400000, 0x00000000e0400000|100%|HC|  |TAMS 0x00000000e0300000| PB 0x00000000e0300000| Complete 
|   4|0x00000000e0400000, 0x00000000e0500000, 0x00000000e0500000|100%| O|  |TAMS 0x00000000e0400000| PB 0x00000000e0400000| Untracked 
|   5|0x00000000e0500000, 0x00000000e0600000, 0x00000000e0600000|100%| O|  |TAMS 0x00000000e0500000| PB 0x00000000e0500000| Untracked 
|   6|0x00000000e0600000, 0x00000000e0700000, 0x00000000e0700000|100%| O|  |TAMS 0x00000000e0600000| PB 0x00000000e0600000| Untracked 
|   7|0x00000000e0700000, 0x00000000e0800000, 0x00000000e0800000|100%| O|  |TAMS 0x00000000e0700000| PB 0x00000000e0700000| Untracked 
|   8|0x00000000e0800000, 0x00000000e0900000, 0x00000000e0900000|100%|HS|  |TAMS 0x00000000e0800000| PB 0x00000000e0800000| Complete 
|   9|0x00000000e0900000, 0x00000000e0a00000, 0x00000000e0a00000|100%| O|  |TAMS 0x00000000e0900000| PB 0x00000000e0900000| Untracked 
|  10|0x00000000e0a00000, 0x00000000e0b00000, 0x00000000e0b00000|100%| O|  |TAMS 0x00000000e0a00000| PB 0x00000000e0a00000| Untracked 
|  11|0x00000000e0b00000, 0x00000000e0c00000, 0x00000000e0c00000|100%| O|  |TAMS 0x00000000e0b00000| PB 0x00000000e0b00000| Untracked 
|  12|0x00000000e0c00000, 0x00000000e0d00000, 0x00000000e0d00000|100%| O|  |TAMS 0x00000000e0c00000| PB 0x00000000e0c00000| Untracked 
|  13|0x00000000e0d00000, 0x00000000e0e00000, 0x00000000e0e00000|100%| O|  |TAMS 0x00000000e0d00000| PB 0x00000000e0d00000| Untracked 
|  14|0x00000000e0e00000, 0x00000000e0f00000, 0x00000000e0f00000|100%| O|  |TAMS 0x00000000e0e00000| PB 0x00000000e0e00000| Untracked 
|  15|0x00000000e0f00000, 0x00000000e1000000, 0x00000000e1000000|100%| O|  |TAMS 0x00000000e0f00000| PB 0x00000000e0f00000| Untracked 
|  16|0x00000000e1000000, 0x00000000e1100000, 0x00000000e1100000|100%| O|  |TAMS 0x00000000e1000000| PB 0x00000000e1000000| Untracked 
|  17|0x00000000e1100000, 0x00000000e1200000, 0x00000000e1200000|100%| O|  |TAMS 0x00000000e1100000| PB 0x00000000e1100000| Untracked 
|  18|0x00000000e1200000, 0x00000000e1300000, 0x00000000e1300000|100%| O|  |TAMS 0x00000000e1200000| PB 0x00000000e1200000| Untracked 
|  19|0x00000000e1300000, 0x00000000e1400000, 0x00000000e1400000|100%| O|  |TAMS 0x00000000e1300000| PB 0x00000000e1300000| Untracked 
|  20|0x00000000e1400000, 0x00000000e1500000, 0x00000000e1500000|100%| O|  |TAMS 0x00000000e1400000| PB 0x00000000e1400000| Untracked 
|  21|0x00000000e1500000, 0x00000000e1600000, 0x00000000e1600000|100%| O|  |TAMS 0x00000000e1500000| PB 0x00000000e1500000| Untracked 
|  22|0x00000000e1600000, 0x00000000e1700000, 0x00000000e1700000|100%| O|  |TAMS 0x00000000e1600000| PB 0x00000000e1600000| Untracked 
|  23|0x00000000e1700000, 0x00000000e1800000, 0x00000000e1800000|100%| O|  |TAMS 0x00000000e1700000| PB 0x00000000e1700000| Untracked 
|  24|0x00000000e1800000, 0x00000000e1900000, 0x00000000e1900000|100%| O|  |TAMS 0x00000000e1800000| PB 0x00000000e1800000| Untracked 
|  25|0x00000000e1900000, 0x00000000e1a00000, 0x00000000e1a00000|100%| O|  |TAMS 0x00000000e1900000| PB 0x00000000e1900000| Untracked 
|  26|0x00000000e1a00000, 0x00000000e1b00000, 0x00000000e1b00000|100%| O|  |TAMS 0x00000000e1a00000| PB 0x00000000e1a00000| Untracked 
|  27|0x00000000e1b00000, 0x00000000e1c00000, 0x00000000e1c00000|100%| O|  |TAMS 0x00000000e1b00000| PB 0x00000000e1b00000| Untracked 
|  28|0x00000000e1c00000, 0x00000000e1d00000, 0x00000000e1d00000|100%| O|Cm|TAMS 0x00000000e1c00000| PB 0x00000000e1c00000| Complete 
|  29|0x00000000e1d00000, 0x00000000e1e00000, 0x00000000e1e00000|100%| O|  |TAMS 0x00000000e1d00000| PB 0x00000000e1d00000| Untracked 
|  30|0x00000000e1e00000, 0x00000000e1f00000, 0x00000000e1f00000|100%| O|  |TAMS 0x00000000e1e00000| PB 0x00000000e1e00000| Untracked 
|  31|0x00000000e1f00000, 0x00000000e2000000, 0x00000000e2000000|100%| O|  |TAMS 0x00000000e1f00000| PB 0x00000000e1f00000| Untracked 
|  32|0x00000000e2000000, 0x00000000e2100000, 0x00000000e2100000|100%| O|  |TAMS 0x00000000e2000000| PB 0x00000000e2000000| Untracked 
|  33|0x00000000e2100000, 0x00000000e2200000, 0x00000000e2200000|100%| O|  |TAMS 0x00000000e2100000| PB 0x00000000e2100000| Untracked 
|  34|0x00000000e2200000, 0x00000000e2300000, 0x00000000e2300000|100%| O|  |TAMS 0x00000000e2200000| PB 0x00000000e2200000| Untracked 
|  35|0x00000000e2300000, 0x00000000e2400000, 0x00000000e2400000|100%| O|  |TAMS 0x00000000e2300000| PB 0x00000000e2300000| Untracked 
|  36|0x00000000e2400000, 0x00000000e2500000, 0x00000000e2500000|100%| O|  |TAMS 0x00000000e2400000| PB 0x00000000e2400000| Untracked 
|  37|0x00000000e2500000, 0x00000000e2600000, 0x00000000e2600000|100%| O|  |TAMS 0x00000000e2500000| PB 0x00000000e2500000| Untracked 
|  38|0x00000000e2600000, 0x00000000e2700000, 0x00000000e2700000|100%| O|  |TAMS 0x00000000e2600000| PB 0x00000000e2600000| Untracked 
|  39|0x00000000e2700000, 0x00000000e2800000, 0x00000000e2800000|100%| O|  |TAMS 0x00000000e2700000| PB 0x00000000e2700000| Untracked 
|  40|0x00000000e2800000, 0x00000000e2900000, 0x00000000e2900000|100%| O|  |TAMS 0x00000000e2800000| PB 0x00000000e2800000| Untracked 
|  41|0x00000000e2900000, 0x00000000e2a00000, 0x00000000e2a00000|100%| O|  |TAMS 0x00000000e2900000| PB 0x00000000e2900000| Untracked 
|  42|0x00000000e2a00000, 0x00000000e2b00000, 0x00000000e2b00000|100%| O|  |TAMS 0x00000000e2a00000| PB 0x00000000e2a00000| Untracked 
|  43|0x00000000e2b00000, 0x00000000e2c00000, 0x00000000e2c00000|100%| O|  |TAMS 0x00000000e2b00000| PB 0x00000000e2b00000| Untracked 
|  44|0x00000000e2c00000, 0x00000000e2d00000, 0x00000000e2d00000|100%| O|  |TAMS 0x00000000e2c00000| PB 0x00000000e2c00000| Untracked 
|  45|0x00000000e2d00000, 0x00000000e2e00000, 0x00000000e2e00000|100%| O|  |TAMS 0x00000000e2d00000| PB 0x00000000e2d00000| Untracked 
|  46|0x00000000e2e00000, 0x00000000e2f00000, 0x00000000e2f00000|100%| O|  |TAMS 0x00000000e2e00000| PB 0x00000000e2e00000| Untracked 
|  47|0x00000000e2f00000, 0x00000000e3000000, 0x00000000e3000000|100%| O|  |TAMS 0x00000000e2f00000| PB 0x00000000e2f00000| Untracked 
|  48|0x00000000e3000000, 0x00000000e305a768, 0x00000000e3100000| 35%| O|  |TAMS 0x00000000e3000000| PB 0x00000000e3000000| Untracked 
|  49|0x00000000e3100000, 0x00000000e3100000, 0x00000000e3200000|  0%| F|  |TAMS 0x00000000e3100000| PB 0x00000000e3100000| Untracked 
|  50|0x00000000e3200000, 0x00000000e3200000, 0x00000000e3300000|  0%| F|  |TAMS 0x00000000e3200000| PB 0x00000000e3200000| Untracked 
|  51|0x00000000e3300000, 0x00000000e3300000, 0x00000000e3400000|  0%| F|  |TAMS 0x00000000e3300000| PB 0x00000000e3300000| Untracked 
|  52|0x00000000e3400000, 0x00000000e3400000, 0x00000000e3500000|  0%| F|  |TAMS 0x00000000e3400000| PB 0x00000000e3400000| Untracked 
|  53|0x00000000e3500000, 0x00000000e3500000, 0x00000000e3600000|  0%| F|  |TAMS 0x00000000e3500000| PB 0x00000000e3500000| Untracked 
|  54|0x00000000e3600000, 0x00000000e3600000, 0x00000000e3700000|  0%| F|  |TAMS 0x00000000e3600000| PB 0x00000000e3600000| Untracked 
|  55|0x00000000e3700000, 0x00000000e3700000, 0x00000000e3800000|  0%| F|  |TAMS 0x00000000e3700000| PB 0x00000000e3700000| Untracked 
|  56|0x00000000e3800000, 0x00000000e3800000, 0x00000000e3900000|  0%| F|  |TAMS 0x00000000e3800000| PB 0x00000000e3800000| Untracked 
|  57|0x00000000e3900000, 0x00000000e3900000, 0x00000000e3a00000|  0%| F|  |TAMS 0x00000000e3900000| PB 0x00000000e3900000| Untracked 
|  58|0x00000000e3a00000, 0x00000000e3a00000, 0x00000000e3b00000|  0%| F|  |TAMS 0x00000000e3a00000| PB 0x00000000e3a00000| Untracked 
|  59|0x00000000e3b00000, 0x00000000e3b00000, 0x00000000e3c00000|  0%| F|  |TAMS 0x00000000e3b00000| PB 0x00000000e3b00000| Untracked 
|  60|0x00000000e3c00000, 0x00000000e3c00000, 0x00000000e3d00000|  0%| F|  |TAMS 0x00000000e3c00000| PB 0x00000000e3c00000| Untracked 
|  61|0x00000000e3d00000, 0x00000000e3d00000, 0x00000000e3e00000|  0%| F|  |TAMS 0x00000000e3d00000| PB 0x00000000e3d00000| Untracked 
|  62|0x00000000e3e00000, 0x00000000e3e00000, 0x00000000e3f00000|  0%| F|  |TAMS 0x00000000e3e00000| PB 0x00000000e3e00000| Untracked 
|  63|0x00000000e3f00000, 0x00000000e3f00000, 0x00000000e4000000|  0%| F|  |TAMS 0x00000000e3f00000| PB 0x00000000e3f00000| Untracked 
|  64|0x00000000e4000000, 0x00000000e4000000, 0x00000000e4100000|  0%| F|  |TAMS 0x00000000e4000000| PB 0x00000000e4000000| Untracked 
|  65|0x00000000e4100000, 0x00000000e4100000, 0x00000000e4200000|  0%| F|  |TAMS 0x00000000e4100000| PB 0x00000000e4100000| Untracked 
|  66|0x00000000e4200000, 0x00000000e4200000, 0x00000000e4300000|  0%| F|  |TAMS 0x00000000e4200000| PB 0x00000000e4200000| Untracked 
|  67|0x00000000e4300000, 0x00000000e4300000, 0x00000000e4400000|  0%| F|  |TAMS 0x00000000e4300000| PB 0x00000000e4300000| Untracked 
|  68|0x00000000e4400000, 0x00000000e4400000, 0x00000000e4500000|  0%| F|  |TAMS 0x00000000e4400000| PB 0x00000000e4400000| Untracked 
|  69|0x00000000e4500000, 0x00000000e4500000, 0x00000000e4600000|  0%| F|  |TAMS 0x00000000e4500000| PB 0x00000000e4500000| Untracked 
|  70|0x00000000e4600000, 0x00000000e4600000, 0x00000000e4700000|  0%| F|  |TAMS 0x00000000e4600000| PB 0x00000000e4600000| Untracked 
|  71|0x00000000e4700000, 0x00000000e4700000, 0x00000000e4800000|  0%| F|  |TAMS 0x00000000e4700000| PB 0x00000000e4700000| Untracked 
|  72|0x00000000e4800000, 0x00000000e4800000, 0x00000000e4900000|  0%| F|  |TAMS 0x00000000e4800000| PB 0x00000000e4800000| Untracked 
|  73|0x00000000e4900000, 0x00000000e4900000, 0x00000000e4a00000|  0%| F|  |TAMS 0x00000000e4900000| PB 0x00000000e4900000| Untracked 
|  74|0x00000000e4a00000, 0x00000000e4a00000, 0x00000000e4b00000|  0%| F|  |TAMS 0x00000000e4a00000| PB 0x00000000e4a00000| Untracked 
|  75|0x00000000e4b00000, 0x00000000e4b00000, 0x00000000e4c00000|  0%| F|  |TAMS 0x00000000e4b00000| PB 0x00000000e4b00000| Untracked 
|  76|0x00000000e4c00000, 0x00000000e4c00000, 0x00000000e4d00000|  0%| F|  |TAMS 0x00000000e4c00000| PB 0x00000000e4c00000| Untracked 
|  77|0x00000000e4d00000, 0x00000000e4d00000, 0x00000000e4e00000|  0%| F|  |TAMS 0x00000000e4d00000| PB 0x00000000e4d00000| Untracked 
|  78|0x00000000e4e00000, 0x00000000e4e00000, 0x00000000e4f00000|  0%| F|  |TAMS 0x00000000e4e00000| PB 0x00000000e4e00000| Untracked 
|  79|0x00000000e4f00000, 0x00000000e4f00000, 0x00000000e5000000|  0%| F|  |TAMS 0x00000000e4f00000| PB 0x00000000e4f00000| Untracked 
|  80|0x00000000e5000000, 0x00000000e5000000, 0x00000000e5100000|  0%| F|  |TAMS 0x00000000e5000000| PB 0x00000000e5000000| Untracked 
|  81|0x00000000e5100000, 0x00000000e5100000, 0x00000000e5200000|  0%| F|  |TAMS 0x00000000e5100000| PB 0x00000000e5100000| Untracked 
|  82|0x00000000e5200000, 0x00000000e5200000, 0x00000000e5300000|  0%| F|  |TAMS 0x00000000e5200000| PB 0x00000000e5200000| Untracked 
|  83|0x00000000e5300000, 0x00000000e5300000, 0x00000000e5400000|  0%| F|  |TAMS 0x00000000e5300000| PB 0x00000000e5300000| Untracked 
|  84|0x00000000e5400000, 0x00000000e5400000, 0x00000000e5500000|  0%| F|  |TAMS 0x00000000e5400000| PB 0x00000000e5400000| Untracked 
|  85|0x00000000e5500000, 0x00000000e5500000, 0x00000000e5600000|  0%| F|  |TAMS 0x00000000e5500000| PB 0x00000000e5500000| Untracked 
|  86|0x00000000e5600000, 0x00000000e5600000, 0x00000000e5700000|  0%| F|  |TAMS 0x00000000e5600000| PB 0x00000000e5600000| Untracked 
|  87|0x00000000e5700000, 0x00000000e5700000, 0x00000000e5800000|  0%| F|  |TAMS 0x00000000e5700000| PB 0x00000000e5700000| Untracked 
|  88|0x00000000e5800000, 0x00000000e5800000, 0x00000000e5900000|  0%| F|  |TAMS 0x00000000e5800000| PB 0x00000000e5800000| Untracked 
|  89|0x00000000e5900000, 0x00000000e5900000, 0x00000000e5a00000|  0%| F|  |TAMS 0x00000000e5900000| PB 0x00000000e5900000| Untracked 
|  90|0x00000000e5a00000, 0x00000000e5a00000, 0x00000000e5b00000|  0%| F|  |TAMS 0x00000000e5a00000| PB 0x00000000e5a00000| Untracked 
|  91|0x00000000e5b00000, 0x00000000e5b00000, 0x00000000e5c00000|  0%| F|  |TAMS 0x00000000e5b00000| PB 0x00000000e5b00000| Untracked 
|  92|0x00000000e5c00000, 0x00000000e5c00000, 0x00000000e5d00000|  0%| F|  |TAMS 0x00000000e5c00000| PB 0x00000000e5c00000| Untracked 
|  93|0x00000000e5d00000, 0x00000000e5d00000, 0x00000000e5e00000|  0%| F|  |TAMS 0x00000000e5d00000| PB 0x00000000e5d00000| Untracked 
|  94|0x00000000e5e00000, 0x00000000e5e00000, 0x00000000e5f00000|  0%| F|  |TAMS 0x00000000e5e00000| PB 0x00000000e5e00000| Untracked 
|  95|0x00000000e5f00000, 0x00000000e5f00000, 0x00000000e6000000|  0%| F|  |TAMS 0x00000000e5f00000| PB 0x00000000e5f00000| Untracked 
|  96|0x00000000e6000000, 0x00000000e6000000, 0x00000000e6100000|  0%| F|  |TAMS 0x00000000e6000000| PB 0x00000000e6000000| Untracked 
|  97|0x00000000e6100000, 0x00000000e6100000, 0x00000000e6200000|  0%| F|  |TAMS 0x00000000e6100000| PB 0x00000000e6100000| Untracked 
|  98|0x00000000e6200000, 0x00000000e6200000, 0x00000000e6300000|  0%| F|  |TAMS 0x00000000e6200000| PB 0x00000000e6200000| Untracked 
|  99|0x00000000e6300000, 0x00000000e6300000, 0x00000000e6400000|  0%| F|  |TAMS 0x00000000e6300000| PB 0x00000000e6300000| Untracked 
| 100|0x00000000e6400000, 0x00000000e6400000, 0x00000000e6500000|  0%| F|  |TAMS 0x00000000e6400000| PB 0x00000000e6400000| Untracked 
| 101|0x00000000e6500000, 0x00000000e6500000, 0x00000000e6600000|  0%| F|  |TAMS 0x00000000e6500000| PB 0x00000000e6500000| Untracked 
| 102|0x00000000e6600000, 0x00000000e6600000, 0x00000000e6700000|  0%| F|  |TAMS 0x00000000e6600000| PB 0x00000000e6600000| Untracked 
| 103|0x00000000e6700000, 0x00000000e6700000, 0x00000000e6800000|  0%| F|  |TAMS 0x00000000e6700000| PB 0x00000000e6700000| Untracked 
| 104|0x00000000e6800000, 0x00000000e6800000, 0x00000000e6900000|  0%| F|  |TAMS 0x00000000e6800000| PB 0x00000000e6800000| Untracked 
| 105|0x00000000e6900000, 0x00000000e6900000, 0x00000000e6a00000|  0%| F|  |TAMS 0x00000000e6900000| PB 0x00000000e6900000| Untracked 
| 106|0x00000000e6a00000, 0x00000000e6a00000, 0x00000000e6b00000|  0%| F|  |TAMS 0x00000000e6a00000| PB 0x00000000e6a00000| Untracked 
| 107|0x00000000e6b00000, 0x00000000e6b00000, 0x00000000e6c00000|  0%| F|  |TAMS 0x00000000e6b00000| PB 0x00000000e6b00000| Untracked 
| 108|0x00000000e6c00000, 0x00000000e6c00000, 0x00000000e6d00000|  0%| F|  |TAMS 0x00000000e6c00000| PB 0x00000000e6c00000| Untracked 
| 109|0x00000000e6d00000, 0x00000000e6d00000, 0x00000000e6e00000|  0%| F|  |TAMS 0x00000000e6d00000| PB 0x00000000e6d00000| Untracked 
| 110|0x00000000e6e00000, 0x00000000e6e00000, 0x00000000e6f00000|  0%| F|  |TAMS 0x00000000e6e00000| PB 0x00000000e6e00000| Untracked 
| 111|0x00000000e6f00000, 0x00000000e6f00000, 0x00000000e7000000|  0%| F|  |TAMS 0x00000000e6f00000| PB 0x00000000e6f00000| Untracked 
| 112|0x00000000e7000000, 0x00000000e7000000, 0x00000000e7100000|  0%| F|  |TAMS 0x00000000e7000000| PB 0x00000000e7000000| Untracked 
| 113|0x00000000e7100000, 0x00000000e7100000, 0x00000000e7200000|  0%| F|  |TAMS 0x00000000e7100000| PB 0x00000000e7100000| Untracked 
| 114|0x00000000e7200000, 0x00000000e7200000, 0x00000000e7300000|  0%| F|  |TAMS 0x00000000e7200000| PB 0x00000000e7200000| Untracked 
| 115|0x00000000e7300000, 0x00000000e7300000, 0x00000000e7400000|  0%| F|  |TAMS 0x00000000e7300000| PB 0x00000000e7300000| Untracked 
| 116|0x00000000e7400000, 0x00000000e7400000, 0x00000000e7500000|  0%| F|  |TAMS 0x00000000e7400000| PB 0x00000000e7400000| Untracked 
| 117|0x00000000e7500000, 0x00000000e7500000, 0x00000000e7600000|  0%| F|  |TAMS 0x00000000e7500000| PB 0x00000000e7500000| Untracked 
| 118|0x00000000e7600000, 0x00000000e7600000, 0x00000000e7700000|  0%| F|  |TAMS 0x00000000e7600000| PB 0x00000000e7600000| Untracked 
| 119|0x00000000e7700000, 0x00000000e7700000, 0x00000000e7800000|  0%| F|  |TAMS 0x00000000e7700000| PB 0x00000000e7700000| Untracked 
| 120|0x00000000e7800000, 0x00000000e7800000, 0x00000000e7900000|  0%| F|  |TAMS 0x00000000e7800000| PB 0x00000000e7800000| Untracked 
| 121|0x00000000e7900000, 0x00000000e7900000, 0x00000000e7a00000|  0%| F|  |TAMS 0x00000000e7900000| PB 0x00000000e7900000| Untracked 
| 122|0x00000000e7a00000, 0x00000000e7a00000, 0x00000000e7b00000|  0%| F|  |TAMS 0x00000000e7a00000| PB 0x00000000e7a00000| Untracked 
| 123|0x00000000e7b00000, 0x00000000e7b00000, 0x00000000e7c00000|  0%| F|  |TAMS 0x00000000e7b00000| PB 0x00000000e7b00000| Untracked 
| 124|0x00000000e7c00000, 0x00000000e7c00000, 0x00000000e7d00000|  0%| F|  |TAMS 0x00000000e7c00000| PB 0x00000000e7c00000| Untracked 
| 125|0x00000000e7d00000, 0x00000000e7d00000, 0x00000000e7e00000|  0%| F|  |TAMS 0x00000000e7d00000| PB 0x00000000e7d00000| Untracked 
| 126|0x00000000e7e00000, 0x00000000e7e00000, 0x00000000e7f00000|  0%| F|  |TAMS 0x00000000e7e00000| PB 0x00000000e7e00000| Untracked 
| 127|0x00000000e7f00000, 0x00000000e7f00000, 0x00000000e8000000|  0%| F|  |TAMS 0x00000000e7f00000| PB 0x00000000e7f00000| Untracked 
| 128|0x00000000e8000000, 0x00000000e8000000, 0x00000000e8100000|  0%| F|  |TAMS 0x00000000e8000000| PB 0x00000000e8000000| Untracked 
| 129|0x00000000e8100000, 0x00000000e8100000, 0x00000000e8200000|  0%| F|  |TAMS 0x00000000e8100000| PB 0x00000000e8100000| Untracked 
| 130|0x00000000e8200000, 0x00000000e8200000, 0x00000000e8300000|  0%| F|  |TAMS 0x00000000e8200000| PB 0x00000000e8200000| Untracked 
| 131|0x00000000e8300000, 0x00000000e8300000, 0x00000000e8400000|  0%| F|  |TAMS 0x00000000e8300000| PB 0x00000000e8300000| Untracked 
| 132|0x00000000e8400000, 0x00000000e8400000, 0x00000000e8500000|  0%| F|  |TAMS 0x00000000e8400000| PB 0x00000000e8400000| Untracked 
| 133|0x00000000e8500000, 0x00000000e8500000, 0x00000000e8600000|  0%| F|  |TAMS 0x00000000e8500000| PB 0x00000000e8500000| Untracked 
| 134|0x00000000e8600000, 0x00000000e8600000, 0x00000000e8700000|  0%| F|  |TAMS 0x00000000e8600000| PB 0x00000000e8600000| Untracked 
| 135|0x00000000e8700000, 0x00000000e8700000, 0x00000000e8800000|  0%| F|  |TAMS 0x00000000e8700000| PB 0x00000000e8700000| Untracked 
| 136|0x00000000e8800000, 0x00000000e8800000, 0x00000000e8900000|  0%| F|  |TAMS 0x00000000e8800000| PB 0x00000000e8800000| Untracked 
| 137|0x00000000e8900000, 0x00000000e8900000, 0x00000000e8a00000|  0%| F|  |TAMS 0x00000000e8900000| PB 0x00000000e8900000| Untracked 
| 138|0x00000000e8a00000, 0x00000000e8a00000, 0x00000000e8b00000|  0%| F|  |TAMS 0x00000000e8a00000| PB 0x00000000e8a00000| Untracked 
| 139|0x00000000e8b00000, 0x00000000e8b00000, 0x00000000e8c00000|  0%| F|  |TAMS 0x00000000e8b00000| PB 0x00000000e8b00000| Untracked 
| 140|0x00000000e8c00000, 0x00000000e8c00000, 0x00000000e8d00000|  0%| F|  |TAMS 0x00000000e8c00000| PB 0x00000000e8c00000| Untracked 
| 141|0x00000000e8d00000, 0x00000000e8d00000, 0x00000000e8e00000|  0%| F|  |TAMS 0x00000000e8d00000| PB 0x00000000e8d00000| Untracked 
| 142|0x00000000e8e00000, 0x00000000e8e00000, 0x00000000e8f00000|  0%| F|  |TAMS 0x00000000e8e00000| PB 0x00000000e8e00000| Untracked 
| 143|0x00000000e8f00000, 0x00000000e8f00000, 0x00000000e9000000|  0%| F|  |TAMS 0x00000000e8f00000| PB 0x00000000e8f00000| Untracked 
| 144|0x00000000e9000000, 0x00000000e90cd480, 0x00000000e9100000| 80%| E|  |TAMS 0x00000000e9000000| PB 0x00000000e9000000| Complete 
| 145|0x00000000e9100000, 0x00000000e9200000, 0x00000000e9200000|100%| E|CS|TAMS 0x00000000e9100000| PB 0x00000000e9100000| Complete 
| 146|0x00000000e9200000, 0x00000000e9300000, 0x00000000e9300000|100%| E|CS|TAMS 0x00000000e9200000| PB 0x00000000e9200000| Complete 
| 147|0x00000000e9300000, 0x00000000e9400000, 0x00000000e9400000|100%| E|CS|TAMS 0x00000000e9300000| PB 0x00000000e9300000| Complete 
| 148|0x00000000e9400000, 0x00000000e9500000, 0x00000000e9500000|100%| E|CS|TAMS 0x00000000e9400000| PB 0x00000000e9400000| Complete 
| 149|0x00000000e9500000, 0x00000000e9600000, 0x00000000e9600000|100%| E|CS|TAMS 0x00000000e9500000| PB 0x00000000e9500000| Complete 
| 150|0x00000000e9600000, 0x00000000e9700000, 0x00000000e9700000|100%| E|CS|TAMS 0x00000000e9600000| PB 0x00000000e9600000| Complete 
| 151|0x00000000e9700000, 0x00000000e9800000, 0x00000000e9800000|100%| E|  |TAMS 0x00000000e9700000| PB 0x00000000e9700000| Complete 
| 152|0x00000000e9800000, 0x00000000e9900000, 0x00000000e9900000|100%| E|CS|TAMS 0x00000000e9800000| PB 0x00000000e9800000| Complete 
| 153|0x00000000e9900000, 0x00000000e9a00000, 0x00000000e9a00000|100%| E|CS|TAMS 0x00000000e9900000| PB 0x00000000e9900000| Complete 
| 154|0x00000000e9a00000, 0x00000000e9b00000, 0x00000000e9b00000|100%| E|CS|TAMS 0x00000000e9a00000| PB 0x00000000e9a00000| Complete 
| 155|0x00000000e9b00000, 0x00000000e9c00000, 0x00000000e9c00000|100%| E|CS|TAMS 0x00000000e9b00000| PB 0x00000000e9b00000| Complete 
| 156|0x00000000e9c00000, 0x00000000e9d00000, 0x00000000e9d00000|100%| E|CS|TAMS 0x00000000e9c00000| PB 0x00000000e9c00000| Complete 
| 157|0x00000000e9d00000, 0x00000000e9e00000, 0x00000000e9e00000|100%| E|CS|TAMS 0x00000000e9d00000| PB 0x00000000e9d00000| Complete 
| 158|0x00000000e9e00000, 0x00000000e9f00000, 0x00000000e9f00000|100%| E|CS|TAMS 0x00000000e9e00000| PB 0x00000000e9e00000| Complete 
| 159|0x00000000e9f00000, 0x00000000ea000000, 0x00000000ea000000|100%| E|CS|TAMS 0x00000000e9f00000| PB 0x00000000e9f00000| Complete 
| 160|0x00000000ea000000, 0x00000000ea100000, 0x00000000ea100000|100%| E|CS|TAMS 0x00000000ea000000| PB 0x00000000ea000000| Complete 
| 161|0x00000000ea100000, 0x00000000ea200000, 0x00000000ea200000|100%| E|CS|TAMS 0x00000000ea100000| PB 0x00000000ea100000| Complete 
| 162|0x00000000ea200000, 0x00000000ea300000, 0x00000000ea300000|100%| E|CS|TAMS 0x00000000ea200000| PB 0x00000000ea200000| Complete 
| 163|0x00000000ea300000, 0x00000000ea400000, 0x00000000ea400000|100%| E|CS|TAMS 0x00000000ea300000| PB 0x00000000ea300000| Complete 
| 164|0x00000000ea400000, 0x00000000ea500000, 0x00000000ea500000|100%| E|CS|TAMS 0x00000000ea400000| PB 0x00000000ea400000| Complete 
| 165|0x00000000ea500000, 0x00000000ea600000, 0x00000000ea600000|100%| E|CS|TAMS 0x00000000ea500000| PB 0x00000000ea500000| Complete 
| 166|0x00000000ea600000, 0x00000000ea700000, 0x00000000ea700000|100%| E|CS|TAMS 0x00000000ea600000| PB 0x00000000ea600000| Complete 
| 167|0x00000000ea700000, 0x00000000ea800000, 0x00000000ea800000|100%| E|CS|TAMS 0x00000000ea700000| PB 0x00000000ea700000| Complete 
| 168|0x00000000ea800000, 0x00000000ea900000, 0x00000000ea900000|100%| E|CS|TAMS 0x00000000ea800000| PB 0x00000000ea800000| Complete 
| 169|0x00000000ea900000, 0x00000000eaa00000, 0x00000000eaa00000|100%| E|CS|TAMS 0x00000000ea900000| PB 0x00000000ea900000| Complete 
| 170|0x00000000eaa00000, 0x00000000eab00000, 0x00000000eab00000|100%| E|CS|TAMS 0x00000000eaa00000| PB 0x00000000eaa00000| Complete 
| 171|0x00000000eab00000, 0x00000000eac00000, 0x00000000eac00000|100%| E|CS|TAMS 0x00000000eab00000| PB 0x00000000eab00000| Complete 
| 172|0x00000000eac00000, 0x00000000ead00000, 0x00000000ead00000|100%| E|CS|TAMS 0x00000000eac00000| PB 0x00000000eac00000| Complete 
| 173|0x00000000ead00000, 0x00000000eae00000, 0x00000000eae00000|100%| E|CS|TAMS 0x00000000ead00000| PB 0x00000000ead00000| Complete 
| 174|0x00000000eae00000, 0x00000000eaf00000, 0x00000000eaf00000|100%| E|CS|TAMS 0x00000000eae00000| PB 0x00000000eae00000| Complete 
| 175|0x00000000eaf00000, 0x00000000eafd9930, 0x00000000eb000000| 84%| S|CS|TAMS 0x00000000eaf00000| PB 0x00000000eaf00000| Complete 
| 176|0x00000000eb000000, 0x00000000eb100000, 0x00000000eb100000|100%| S|CS|TAMS 0x00000000eb000000| PB 0x00000000eb000000| Complete 
| 177|0x00000000eb100000, 0x00000000eb200000, 0x00000000eb200000|100%| S|CS|TAMS 0x00000000eb100000| PB 0x00000000eb100000| Complete 
| 178|0x00000000eb200000, 0x00000000eb300000, 0x00000000eb300000|100%| S|CS|TAMS 0x00000000eb200000| PB 0x00000000eb200000| Complete 
| 179|0x00000000eb300000, 0x00000000eb400000, 0x00000000eb400000|100%| S|CS|TAMS 0x00000000eb300000| PB 0x00000000eb300000| Complete 
| 180|0x00000000eb400000, 0x00000000eb500000, 0x00000000eb500000|100%| S|CS|TAMS 0x00000000eb400000| PB 0x00000000eb400000| Complete 
| 181|0x00000000eb500000, 0x00000000eb600000, 0x00000000eb600000|100%| S|CS|TAMS 0x00000000eb500000| PB 0x00000000eb500000| Complete 
| 182|0x00000000eb600000, 0x00000000eb700000, 0x00000000eb700000|100%| E|CS|TAMS 0x00000000eb600000| PB 0x00000000eb600000| Complete 
| 183|0x00000000eb700000, 0x00000000eb800000, 0x00000000eb800000|100%| E|CS|TAMS 0x00000000eb700000| PB 0x00000000eb700000| Complete 
| 184|0x00000000eb800000, 0x00000000eb900000, 0x00000000eb900000|100%| E|CS|TAMS 0x00000000eb800000| PB 0x00000000eb800000| Complete 
| 185|0x00000000eb900000, 0x00000000eba00000, 0x00000000eba00000|100%| E|CS|TAMS 0x00000000eb900000| PB 0x00000000eb900000| Complete 
| 186|0x00000000eba00000, 0x00000000ebb00000, 0x00000000ebb00000|100%| E|CS|TAMS 0x00000000eba00000| PB 0x00000000eba00000| Complete 
| 187|0x00000000ebb00000, 0x00000000ebc00000, 0x00000000ebc00000|100%| E|CS|TAMS 0x00000000ebb00000| PB 0x00000000ebb00000| Complete 
| 188|0x00000000ebc00000, 0x00000000ebd00000, 0x00000000ebd00000|100%| E|CS|TAMS 0x00000000ebc00000| PB 0x00000000ebc00000| Complete 
| 189|0x00000000ebd00000, 0x00000000ebe00000, 0x00000000ebe00000|100%| E|CS|TAMS 0x00000000ebd00000| PB 0x00000000ebd00000| Complete 
| 190|0x00000000ebe00000, 0x00000000ebf00000, 0x00000000ebf00000|100%| E|CS|TAMS 0x00000000ebe00000| PB 0x00000000ebe00000| Complete 
| 191|0x00000000ebf00000, 0x00000000ec000000, 0x00000000ec000000|100%| E|CS|TAMS 0x00000000ebf00000| PB 0x00000000ebf00000| Complete 
| 192|0x00000000ec000000, 0x00000000ec100000, 0x00000000ec100000|100%| E|CS|TAMS 0x00000000ec000000| PB 0x00000000ec000000| Complete 
| 193|0x00000000ec100000, 0x00000000ec200000, 0x00000000ec200000|100%| E|CS|TAMS 0x00000000ec100000| PB 0x00000000ec100000| Complete 
| 194|0x00000000ec200000, 0x00000000ec300000, 0x00000000ec300000|100%| E|CS|TAMS 0x00000000ec200000| PB 0x00000000ec200000| Complete 
| 195|0x00000000ec300000, 0x00000000ec400000, 0x00000000ec400000|100%| E|CS|TAMS 0x00000000ec300000| PB 0x00000000ec300000| Complete 
| 196|0x00000000ec400000, 0x00000000ec500000, 0x00000000ec500000|100%| E|CS|TAMS 0x00000000ec400000| PB 0x00000000ec400000| Complete 
| 197|0x00000000ec500000, 0x00000000ec600000, 0x00000000ec600000|100%| E|CS|TAMS 0x00000000ec500000| PB 0x00000000ec500000| Complete 
| 198|0x00000000ec600000, 0x00000000ec700000, 0x00000000ec700000|100%| E|CS|TAMS 0x00000000ec600000| PB 0x00000000ec600000| Complete 
| 199|0x00000000ec700000, 0x00000000ec800000, 0x00000000ec800000|100%| E|CS|TAMS 0x00000000ec700000| PB 0x00000000ec700000| Complete 
| 200|0x00000000ec800000, 0x00000000ec900000, 0x00000000ec900000|100%| E|CS|TAMS 0x00000000ec800000| PB 0x00000000ec800000| Complete 
| 201|0x00000000ec900000, 0x00000000eca00000, 0x00000000eca00000|100%| E|CS|TAMS 0x00000000ec900000| PB 0x00000000ec900000| Complete 
| 202|0x00000000eca00000, 0x00000000ecb00000, 0x00000000ecb00000|100%| E|CS|TAMS 0x00000000eca00000| PB 0x00000000eca00000| Complete 
| 203|0x00000000ecb00000, 0x00000000ecc00000, 0x00000000ecc00000|100%| E|CS|TAMS 0x00000000ecb00000| PB 0x00000000ecb00000| Complete 
| 204|0x00000000ecc00000, 0x00000000ecd00000, 0x00000000ecd00000|100%| E|CS|TAMS 0x00000000ecc00000| PB 0x00000000ecc00000| Complete 
| 205|0x00000000ecd00000, 0x00000000ece00000, 0x00000000ece00000|100%| E|CS|TAMS 0x00000000ecd00000| PB 0x00000000ecd00000| Complete 
| 206|0x00000000ece00000, 0x00000000ecf00000, 0x00000000ecf00000|100%| E|CS|TAMS 0x00000000ece00000| PB 0x00000000ece00000| Complete 
| 207|0x00000000ecf00000, 0x00000000ed000000, 0x00000000ed000000|100%| E|CS|TAMS 0x00000000ecf00000| PB 0x00000000ecf00000| Complete 
| 208|0x00000000ed000000, 0x00000000ed100000, 0x00000000ed100000|100%| E|CS|TAMS 0x00000000ed000000| PB 0x00000000ed000000| Complete 
| 209|0x00000000ed100000, 0x00000000ed200000, 0x00000000ed200000|100%| E|CS|TAMS 0x00000000ed100000| PB 0x00000000ed100000| Complete 
| 210|0x00000000ed200000, 0x00000000ed300000, 0x00000000ed300000|100%| E|CS|TAMS 0x00000000ed200000| PB 0x00000000ed200000| Complete 
| 211|0x00000000ed300000, 0x00000000ed400000, 0x00000000ed400000|100%| E|CS|TAMS 0x00000000ed300000| PB 0x00000000ed300000| Complete 
| 212|0x00000000ed400000, 0x00000000ed500000, 0x00000000ed500000|100%| E|CS|TAMS 0x00000000ed400000| PB 0x00000000ed400000| Complete 
| 213|0x00000000ed500000, 0x00000000ed600000, 0x00000000ed600000|100%| E|CS|TAMS 0x00000000ed500000| PB 0x00000000ed500000| Complete 
| 214|0x00000000ed600000, 0x00000000ed700000, 0x00000000ed700000|100%| E|CS|TAMS 0x00000000ed600000| PB 0x00000000ed600000| Complete 
| 215|0x00000000ed700000, 0x00000000ed800000, 0x00000000ed800000|100%| E|CS|TAMS 0x00000000ed700000| PB 0x00000000ed700000| Complete 
| 216|0x00000000ed800000, 0x00000000ed900000, 0x00000000ed900000|100%| E|CS|TAMS 0x00000000ed800000| PB 0x00000000ed800000| Complete 
| 217|0x00000000ed900000, 0x00000000eda00000, 0x00000000eda00000|100%| E|CS|TAMS 0x00000000ed900000| PB 0x00000000ed900000| Complete 
| 218|0x00000000eda00000, 0x00000000edb00000, 0x00000000edb00000|100%| E|CS|TAMS 0x00000000eda00000| PB 0x00000000eda00000| Complete 
| 219|0x00000000edb00000, 0x00000000edc00000, 0x00000000edc00000|100%| E|CS|TAMS 0x00000000edb00000| PB 0x00000000edb00000| Complete 
| 220|0x00000000edc00000, 0x00000000edd00000, 0x00000000edd00000|100%| E|CS|TAMS 0x00000000edc00000| PB 0x00000000edc00000| Complete 
| 221|0x00000000edd00000, 0x00000000ede00000, 0x00000000ede00000|100%| E|CS|TAMS 0x00000000edd00000| PB 0x00000000edd00000| Complete 
| 222|0x00000000ede00000, 0x00000000edf00000, 0x00000000edf00000|100%| E|CS|TAMS 0x00000000ede00000| PB 0x00000000ede00000| Complete 
| 223|0x00000000edf00000, 0x00000000ee000000, 0x00000000ee000000|100%| E|CS|TAMS 0x00000000edf00000| PB 0x00000000edf00000| Complete 
| 224|0x00000000ee000000, 0x00000000ee100000, 0x00000000ee100000|100%| E|CS|TAMS 0x00000000ee000000| PB 0x00000000ee000000| Complete 
| 225|0x00000000ee100000, 0x00000000ee200000, 0x00000000ee200000|100%| E|CS|TAMS 0x00000000ee100000| PB 0x00000000ee100000| Complete 
| 226|0x00000000ee200000, 0x00000000ee300000, 0x00000000ee300000|100%| E|CS|TAMS 0x00000000ee200000| PB 0x00000000ee200000| Complete 
| 227|0x00000000ee300000, 0x00000000ee400000, 0x00000000ee400000|100%| E|CS|TAMS 0x00000000ee300000| PB 0x00000000ee300000| Complete 
| 228|0x00000000ee400000, 0x00000000ee500000, 0x00000000ee500000|100%| E|CS|TAMS 0x00000000ee400000| PB 0x00000000ee400000| Complete 
| 229|0x00000000ee500000, 0x00000000ee600000, 0x00000000ee600000|100%| E|CS|TAMS 0x00000000ee500000| PB 0x00000000ee500000| Complete 
| 230|0x00000000ee600000, 0x00000000ee700000, 0x00000000ee700000|100%| E|CS|TAMS 0x00000000ee600000| PB 0x00000000ee600000| Complete 
| 231|0x00000000ee700000, 0x00000000ee800000, 0x00000000ee800000|100%| E|CS|TAMS 0x00000000ee700000| PB 0x00000000ee700000| Complete 
| 232|0x00000000ee800000, 0x00000000ee900000, 0x00000000ee900000|100%| E|CS|TAMS 0x00000000ee800000| PB 0x00000000ee800000| Complete 
| 233|0x00000000ee900000, 0x00000000eea00000, 0x00000000eea00000|100%| E|CS|TAMS 0x00000000ee900000| PB 0x00000000ee900000| Complete 
| 234|0x00000000eea00000, 0x00000000eeb00000, 0x00000000eeb00000|100%| E|CS|TAMS 0x00000000eea00000| PB 0x00000000eea00000| Complete 
| 235|0x00000000eeb00000, 0x00000000eec00000, 0x00000000eec00000|100%| E|CS|TAMS 0x00000000eeb00000| PB 0x00000000eeb00000| Complete 
| 236|0x00000000eec00000, 0x00000000eed00000, 0x00000000eed00000|100%| E|CS|TAMS 0x00000000eec00000| PB 0x00000000eec00000| Complete 
| 237|0x00000000eed00000, 0x00000000eee00000, 0x00000000eee00000|100%| E|CS|TAMS 0x00000000eed00000| PB 0x00000000eed00000| Complete 
| 238|0x00000000eee00000, 0x00000000eef00000, 0x00000000eef00000|100%| E|CS|TAMS 0x00000000eee00000| PB 0x00000000eee00000| Complete 
| 239|0x00000000eef00000, 0x00000000ef000000, 0x00000000ef000000|100%| E|CS|TAMS 0x00000000eef00000| PB 0x00000000eef00000| Complete 
| 240|0x00000000ef000000, 0x00000000ef100000, 0x00000000ef100000|100%| E|CS|TAMS 0x00000000ef000000| PB 0x00000000ef000000| Complete 
| 241|0x00000000ef100000, 0x00000000ef200000, 0x00000000ef200000|100%| E|CS|TAMS 0x00000000ef100000| PB 0x00000000ef100000| Complete 
| 242|0x00000000ef200000, 0x00000000ef300000, 0x00000000ef300000|100%| E|CS|TAMS 0x00000000ef200000| PB 0x00000000ef200000| Complete 
| 243|0x00000000ef300000, 0x00000000ef400000, 0x00000000ef400000|100%| E|CS|TAMS 0x00000000ef300000| PB 0x00000000ef300000| Complete 
| 244|0x00000000ef400000, 0x00000000ef500000, 0x00000000ef500000|100%| E|CS|TAMS 0x00000000ef400000| PB 0x00000000ef400000| Complete 
| 245|0x00000000ef500000, 0x00000000ef600000, 0x00000000ef600000|100%| E|CS|TAMS 0x00000000ef500000| PB 0x00000000ef500000| Complete 
| 246|0x00000000ef600000, 0x00000000ef700000, 0x00000000ef700000|100%| E|CS|TAMS 0x00000000ef600000| PB 0x00000000ef600000| Complete 
| 247|0x00000000ef700000, 0x00000000ef800000, 0x00000000ef800000|100%| E|CS|TAMS 0x00000000ef700000| PB 0x00000000ef700000| Complete 
| 248|0x00000000ef800000, 0x00000000ef900000, 0x00000000ef900000|100%| E|CS|TAMS 0x00000000ef800000| PB 0x00000000ef800000| Complete 
| 249|0x00000000ef900000, 0x00000000efa00000, 0x00000000efa00000|100%| E|CS|TAMS 0x00000000ef900000| PB 0x00000000ef900000| Complete 
| 250|0x00000000efa00000, 0x00000000efb00000, 0x00000000efb00000|100%| E|CS|TAMS 0x00000000efa00000| PB 0x00000000efa00000| Complete 
| 251|0x00000000efb00000, 0x00000000efc00000, 0x00000000efc00000|100%| E|CS|TAMS 0x00000000efb00000| PB 0x00000000efb00000| Complete 
| 252|0x00000000efc00000, 0x00000000efd00000, 0x00000000efd00000|100%| E|CS|TAMS 0x00000000efc00000| PB 0x00000000efc00000| Complete 
| 253|0x00000000efd00000, 0x00000000efe00000, 0x00000000efe00000|100%| E|CS|TAMS 0x00000000efd00000| PB 0x00000000efd00000| Complete 
| 254|0x00000000efe00000, 0x00000000eff00000, 0x00000000eff00000|100%| E|CS|TAMS 0x00000000efe00000| PB 0x00000000efe00000| Complete 
| 255|0x00000000eff00000, 0x00000000f0000000, 0x00000000f0000000|100%| E|CS|TAMS 0x00000000eff00000| PB 0x00000000eff00000| Complete 

Card table byte_map: [0x000001dc2e860000,0x000001dc2e960000] _byte_map_base: 0x000001dc2e160000

Marking Bits: (CMBitMap*) 0x000001dc1c26f850
 Bits: [0x000001dc2e960000, 0x000001dc2f160000)

Polling page: 0x000001dc1a070000

Metaspace:

Usage:
  Non-class:     53.02 MB used.
      Class:      9.23 MB used.
       Both:     62.26 MB used.

Virtual space:
  Non-class space:       64.00 MB reserved,      54.12 MB ( 85%) committed,  1 nodes.
      Class space:      320.00 MB reserved,      10.31 MB (  3%) committed,  1 nodes.
             Both:      384.00 MB reserved,      64.44 MB ( 17%) committed. 

Chunk freelists:
   Non-Class:  9.50 MB
       Class:  5.56 MB
        Both:  15.07 MB

MaxMetaspaceSize: 384.00 MB
CompressedClassSpaceSize: 320.00 MB
Initial GC threshold: 21.00 MB
Current GC threshold: 99.06 MB
CDS: on
 - commit_granule_bytes: 65536.
 - commit_granule_words: 8192.
 - virtual_space_node_default_size: 8388608.
 - enlarge_chunks_in_place: 1.
 - use_allocation_guard: 0.


Internal statistics:

num_allocs_failed_limit: 12.
num_arena_births: 4038.
num_arena_deaths: 0.
num_vsnodes_births: 2.
num_vsnodes_deaths: 0.
num_space_committed: 1031.
num_space_uncommitted: 0.
num_chunks_returned_to_freelist: 12.
num_chunks_taken_from_freelist: 7334.
num_chunk_merges: 12.
num_chunk_splits: 4680.
num_chunks_enlarged: 2751.
num_inconsistent_stats: 0.

CodeHeap 'non-profiled nmethods': size=120000Kb used=5860Kb max_used=5860Kb free=114139Kb
 bounds [0x000001dc26f00000, 0x000001dc274c0000, 0x000001dc2e430000]
CodeHeap 'profiled nmethods': size=120000Kb used=19052Kb max_used=19052Kb free=100947Kb
 bounds [0x000001dc1f430000, 0x000001dc206d0000, 0x000001dc26960000]
CodeHeap 'non-nmethods': size=5760Kb used=1924Kb max_used=1969Kb free=3835Kb
 bounds [0x000001dc26960000, 0x000001dc26bd0000, 0x000001dc26f00000]
CodeCache: size=245760Kb, used=26836Kb, max_used=26881Kb, free=218921Kb
 total_blobs=10654, nmethods=9867, adapters=690, full_count=0
Compilation: enabled, stopped_count=0, restarted_count=0

Compilation events (20 events):
Event: 94.778 Thread 0x000001dc31bb9270 10548       3       org.gradle.api.internal.artifacts.ivyservice.resolveengine.graph.builder.NodeState::doVisitDependencies (273 bytes)
Event: 94.779 Thread 0x000001dc31bb9270 nmethod 10548 0x000001dc206bfe10 code [0x000001dc206c0180, 0x000001dc206c14b8]
Event: 94.783 Thread 0x000001dc31bb9270 10549       1       org.gradle.internal.operations.DefaultBuildOperationQueue::access$600 (5 bytes)
Event: 94.783 Thread 0x000001dc31bb9270 nmethod 10549 0x000001dc274b8690 code [0x000001dc274b8820, 0x000001dc274b88d0]
Event: 94.783 Thread 0x000001dc31bb9270 10550       1       org.gradle.internal.operations.DefaultBuildOperationQueue::access$800 (5 bytes)
Event: 94.783 Thread 0x000001dc31bb9270 nmethod 10550 0x000001dc274b8990 code [0x000001dc274b8b20, 0x000001dc274b8bd0]
Event: 94.785 Thread 0x000001dc31bb9270 10551       3       org.gradle.internal.resources.AbstractResourceLockRegistry$ThreadLockDetails::access$102 (7 bytes)
Event: 94.785 Thread 0x000001dc31bb9270 nmethod 10551 0x000001dc206c1990 code [0x000001dc206c1b20, 0x000001dc206c1c20]
Event: 94.789 Thread 0x000001dc31bb9270 10553       3       org.gradle.util.Path::child (47 bytes)
Event: 94.789 Thread 0x000001dc31bb9270 nmethod 10553 0x000001dc206c1d10 code [0x000001dc206c1ee0, 0x000001dc206c2390]
Event: 94.794 Thread 0x000001dc31bb9270 10554       3       java.lang.invoke.LambdaForm$MH/0x000001dc33849c00::invoke (67 bytes)
Event: 94.794 Thread 0x000001dc31bb9270 nmethod 10554 0x000001dc206c2510 code [0x000001dc206c2720, 0x000001dc206c2ee0]
Event: 94.794 Thread 0x000001dc31bb9270 10555       3       java.lang.invoke.LambdaForm$MH/0x000001dc33848800::invoke (47 bytes)
Event: 94.795 Thread 0x000001dc31bb9270 nmethod 10555 0x000001dc206c3110 code [0x000001dc206c3300, 0x000001dc206c39e8]
Event: 94.797 Thread 0x000001dc31bb9270 10556       3       java.util.IdentityHashMap::isEmpty (13 bytes)
Event: 94.797 Thread 0x000001dc31bb9270 nmethod 10556 0x000001dc206c3b90 code [0x000001dc206c3d20, 0x000001dc206c3e80]
Event: 94.799 Thread 0x000001dc31bb9270 10558       3       java.io.StringReader::ensureOpen (18 bytes)
Event: 94.800 Thread 0x000001dc31bb9270 nmethod 10558 0x000001dc206c3f10 code [0x000001dc206c40c0, 0x000001dc206c42c8]
Event: 94.806 Thread 0x000001dc31bb9270 10559       1       io.spring.gradle.dependencymanagement.org.apache.maven.model.Parent::getGroupId (5 bytes)
Event: 94.806 Thread 0x000001dc31bb9270 nmethod 10559 0x000001dc274b8c90 code [0x000001dc274b8e20, 0x000001dc274b8ee8]

GC Heap History (18 events):
Event: 4.522 GC heap before
{Heap before GC invocations=0 (full 0):
 garbage-first heap   total 262144K, used 26624K [0x00000000e0000000, 0x0000000100000000)
  region size 1024K, 23 young (23552K), 0 survivors (0K)
 Metaspace       used 2922K, committed 3072K, reserved 393216K
  class space    used 346K, committed 384K, reserved 327680K
}
Event: 4.542 GC heap after
{Heap after GC invocations=1 (full 0):
 garbage-first heap   total 262144K, used 11246K [0x00000000e0000000, 0x0000000100000000)
  region size 1024K, 3 young (3072K), 3 survivors (3072K)
 Metaspace       used 2922K, committed 3072K, reserved 393216K
  class space    used 346K, committed 384K, reserved 327680K
}
Event: 6.366 GC heap before
{Heap before GC invocations=1 (full 0):
 garbage-first heap   total 262144K, used 41966K [0x00000000e0000000, 0x0000000100000000)
  region size 1024K, 31 young (31744K), 3 survivors (3072K)
 Metaspace       used 4665K, committed 4864K, reserved 393216K
  class space    used 591K, committed 704K, reserved 327680K
}
Event: 6.371 GC heap after
{Heap after GC invocations=2 (full 0):
 garbage-first heap   total 262144K, used 14436K [0x00000000e0000000, 0x0000000100000000)
  region size 1024K, 3 young (3072K), 3 survivors (3072K)
 Metaspace       used 4665K, committed 4864K, reserved 393216K
  class space    used 591K, committed 704K, reserved 327680K
}
Event: 24.455 GC heap before
{Heap before GC invocations=2 (full 0):
 garbage-first heap   total 262144K, used 106596K [0x00000000e0000000, 0x0000000100000000)
  region size 1024K, 93 young (95232K), 3 survivors (3072K)
 Metaspace       used 18395K, committed 19008K, reserved 393216K
  class space    used 2571K, committed 2880K, reserved 327680K
}
Event: 24.482 GC heap after
{Heap after GC invocations=3 (full 0):
 garbage-first heap   total 262144K, used 23065K [0x00000000e0000000, 0x0000000100000000)
  region size 1024K, 11 young (11264K), 11 survivors (11264K)
 Metaspace       used 18395K, committed 19008K, reserved 393216K
  class space    used 2571K, committed 2880K, reserved 327680K
}
Event: 26.248 GC heap before
{Heap before GC invocations=3 (full 0):
 garbage-first heap   total 262144K, used 41497K [0x00000000e0000000, 0x0000000100000000)
  region size 1024K, 30 young (30720K), 11 survivors (11264K)
 Metaspace       used 20851K, committed 21504K, reserved 393216K
  class space    used 2998K, committed 3328K, reserved 327680K
}
Event: 26.314 GC heap after
{Heap after GC invocations=4 (full 0):
 garbage-first heap   total 262144K, used 24754K [0x00000000e0000000, 0x0000000100000000)
  region size 1024K, 2 young (2048K), 2 survivors (2048K)
 Metaspace       used 20851K, committed 21504K, reserved 393216K
  class space    used 2998K, committed 3328K, reserved 327680K
}
Event: 43.716 GC heap before
{Heap before GC invocations=5 (full 0):
 garbage-first heap   total 262144K, used 129202K [0x00000000e0000000, 0x0000000100000000)
  region size 1024K, 105 young (107520K), 2 survivors (2048K)
 Metaspace       used 34369K, committed 35776K, reserved 393216K
  class space    used 5081K, committed 5760K, reserved 327680K
}
Event: 43.813 GC heap after
{Heap after GC invocations=6 (full 0):
 garbage-first heap   total 262144K, used 30883K [0x00000000e0000000, 0x0000000100000000)
  region size 1024K, 8 young (8192K), 8 survivors (8192K)
 Metaspace       used 34369K, committed 35776K, reserved 393216K
  class space    used 5081K, committed 5760K, reserved 327680K
}
Event: 44.021 GC heap before
{Heap before GC invocations=6 (full 0):
 garbage-first heap   total 262144K, used 42147K [0x00000000e0000000, 0x0000000100000000)
  region size 1024K, 20 young (20480K), 8 survivors (8192K)
 Metaspace       used 34669K, committed 35968K, reserved 393216K
  class space    used 5119K, committed 5760K, reserved 327680K
}
Event: 44.109 GC heap after
{Heap after GC invocations=7 (full 0):
 garbage-first heap   total 262144K, used 31500K [0x00000000e0000000, 0x0000000100000000)
  region size 1024K, 9 young (9216K), 9 survivors (9216K)
 Metaspace       used 34669K, committed 35968K, reserved 393216K
  class space    used 5119K, committed 5760K, reserved 327680K
}
Event: 50.947 GC heap before
{Heap before GC invocations=8 (full 0):
 garbage-first heap   total 262144K, used 178956K [0x00000000e0000000, 0x0000000100000000)
  region size 1024K, 153 young (156672K), 9 survivors (9216K)
 Metaspace       used 37301K, committed 38592K, reserved 393216K
  class space    used 5574K, committed 6208K, reserved 327680K
}
Event: 51.040 GC heap after
{Heap after GC invocations=9 (full 0):
 garbage-first heap   total 262144K, used 40446K [0x00000000e0000000, 0x0000000100000000)
  region size 1024K, 18 young (18432K), 18 survivors (18432K)
 Metaspace       used 37301K, committed 38592K, reserved 393216K
  class space    used 5574K, committed 6208K, reserved 327680K
}
Event: 68.197 GC heap before
{Heap before GC invocations=9 (full 0):
 garbage-first heap   total 262144K, used 178686K [0x00000000e0000000, 0x0000000100000000)
  region size 1024K, 153 young (156672K), 18 survivors (18432K)
 Metaspace       used 52122K, committed 53888K, reserved 393216K
  class space    used 7742K, committed 8576K, reserved 327680K
}
Event: 68.402 GC heap after
{Heap after GC invocations=10 (full 0):
 garbage-first heap   total 262144K, used 49471K [0x00000000e0000000, 0x0000000100000000)
  region size 1024K, 20 young (20480K), 20 survivors (20480K)
 Metaspace       used 52122K, committed 53888K, reserved 393216K
  class space    used 7742K, committed 8576K, reserved 327680K
}
Event: 79.531 GC heap before
{Heap before GC invocations=10 (full 0):
 garbage-first heap   total 262144K, used 124223K [0x00000000e0000000, 0x0000000100000000)
  region size 1024K, 94 young (96256K), 20 survivors (20480K)
 Metaspace       used 58588K, committed 60608K, reserved 393216K
  class space    used 8802K, committed 9792K, reserved 327680K
}
Event: 79.631 GC heap after
{Heap after GC invocations=11 (full 0):
 garbage-first heap   total 262144K, used 56528K [0x00000000e0000000, 0x0000000100000000)
  region size 1024K, 7 young (7168K), 7 survivors (7168K)
 Metaspace       used 58588K, committed 60608K, reserved 393216K
  class space    used 8802K, committed 9792K, reserved 327680K
}

Dll operation events (14 events):
Event: 0.027 Loaded shared library C:\Users\Usuario\.vscode\extensions\redhat.java-1.55.0-win32-x64\jre\21.0.11-win32-x86_64\bin\java.dll
Event: 0.134 Loaded shared library C:\Users\Usuario\.vscode\extensions\redhat.java-1.55.0-win32-x64\jre\21.0.11-win32-x86_64\bin\zip.dll
Event: 0.175 Loaded shared library C:\Users\Usuario\.vscode\extensions\redhat.java-1.55.0-win32-x64\jre\21.0.11-win32-x86_64\bin\instrument.dll
Event: 0.186 Loaded shared library C:\Users\Usuario\.vscode\extensions\redhat.java-1.55.0-win32-x64\jre\21.0.11-win32-x86_64\bin\net.dll
Event: 0.198 Loaded shared library C:\Users\Usuario\.vscode\extensions\redhat.java-1.55.0-win32-x64\jre\21.0.11-win32-x86_64\bin\nio.dll
Event: 0.205 Loaded shared library C:\Users\Usuario\.vscode\extensions\redhat.java-1.55.0-win32-x64\jre\21.0.11-win32-x86_64\bin\zip.dll
Event: 1.851 Loaded shared library C:\Users\Usuario\.vscode\extensions\redhat.java-1.55.0-win32-x64\jre\21.0.11-win32-x86_64\bin\jimage.dll
Event: 3.478 Loaded shared library C:\Users\Usuario\.vscode\extensions\redhat.java-1.55.0-win32-x64\jre\21.0.11-win32-x86_64\bin\verify.dll
Event: 3.830 Loaded shared library C:\Users\Usuario\.gradle\native\660c5614fbf4a5f2a75b1949f50a0caf5cd603558e7d8a26e50b933a0cfb79d1\windows-amd64\native-platform.dll
Event: 4.179 Loaded shared library C:\Users\Usuario\.gradle\native\0.2.8\x86_64-windows-gnu\gradle-fileevents.dll
Event: 9.475 Loaded shared library C:\Users\Usuario\.vscode\extensions\redhat.java-1.55.0-win32-x64\jre\21.0.11-win32-x86_64\bin\management.dll
Event: 9.496 Loaded shared library C:\Users\Usuario\.vscode\extensions\redhat.java-1.55.0-win32-x64\jre\21.0.11-win32-x86_64\bin\management_ext.dll
Event: 10.748 Loaded shared library C:\Users\Usuario\.vscode\extensions\redhat.java-1.55.0-win32-x64\jre\21.0.11-win32-x86_64\bin\extnet.dll
Event: 16.781 Loaded shared library C:\Users\Usuario\.vscode\extensions\redhat.java-1.55.0-win32-x64\jre\21.0.11-win32-x86_64\bin\sunmscapi.dll

Deoptimization events (20 events):
Event: 94.270 Thread 0x000001dc4e1cd780 DEOPT PACKING pc=0x000001dc27400d68 sp=0x00000097794f6440
Event: 94.270 Thread 0x000001dc4e1cd780 DEOPT UNPACKING pc=0x000001dc269b4422 sp=0x00000097794f6418 mode 2
Event: 94.278 Thread 0x000001dc4e1cd780 Uncommon trap: trap_request=0xffffffc6 fr.pc=0x000001dc27426a00 relative=0x0000000000000080
Event: 94.278 Thread 0x000001dc4e1cd780 Uncommon trap: reason=bimorphic_or_optimized_type_check action=maybe_recompile pc=0x000001dc27426a00 method=com.google.common.collect.ImmutableList.copyOf(Ljava/util/Collection;)Lcom/google/common/collect/ImmutableList; @ 16 c2
Event: 94.278 Thread 0x000001dc4e1cd780 DEOPT PACKING pc=0x000001dc27426a00 sp=0x00000097794f6330
Event: 94.278 Thread 0x000001dc4e1cd780 DEOPT UNPACKING pc=0x000001dc269b4422 sp=0x00000097794f62f8 mode 2
Event: 94.288 Thread 0x000001dc4e1cd780 Uncommon trap: trap_request=0xffffffde fr.pc=0x000001dc2748ecc4 relative=0x0000000000001b24
Event: 94.288 Thread 0x000001dc4e1cd780 Uncommon trap: reason=class_check action=maybe_recompile pc=0x000001dc2748ecc4 method=org.gradle.api.internal.artifacts.ivyservice.resolveengine.result.DesugaredAttributeContainerSerializer.read(Lorg/gradle/internal/serialize/Decoder;)Lorg/gradle/api/inte
Event: 94.288 Thread 0x000001dc4e1cd780 DEOPT PACKING pc=0x000001dc2748ecc4 sp=0x00000097794f6480
Event: 94.288 Thread 0x000001dc4e1cd780 DEOPT UNPACKING pc=0x000001dc269b4422 sp=0x00000097794f6470 mode 2
Event: 94.325 Thread 0x000001dc4e1cd780 DEOPT PACKING pc=0x000001dc204be989 sp=0x00000097794f5d60
Event: 94.325 Thread 0x000001dc4e1cd780 DEOPT UNPACKING pc=0x000001dc269b4bc2 sp=0x00000097794f51f8 mode 3
Event: 94.558 Thread 0x000001dc4e1cd780 Uncommon trap: trap_request=0xffffff45 fr.pc=0x000001dc2742fc30 relative=0x0000000000000e10
Event: 94.558 Thread 0x000001dc4e1cd780 Uncommon trap: reason=unstable_if action=reinterpret pc=0x000001dc2742fc30 method=io.spring.gradle.dependencymanagement.org.codehaus.plexus.util.xml.pull.MXParser.nextImpl()I @ 280 c2
Event: 94.558 Thread 0x000001dc4e1cd780 DEOPT PACKING pc=0x000001dc2742fc30 sp=0x00000097794f6310
Event: 94.558 Thread 0x000001dc4e1cd780 DEOPT UNPACKING pc=0x000001dc269b4422 sp=0x00000097794f6290 mode 2
Event: 94.633 Thread 0x000001dc4e1cd780 DEOPT PACKING pc=0x000001dc203f72ce sp=0x00000097794f6090
Event: 94.633 Thread 0x000001dc4e1cd780 DEOPT UNPACKING pc=0x000001dc269b4bc2 sp=0x00000097794f55b0 mode 0
Event: 94.707 Thread 0x000001dc4e1cd780 DEOPT PACKING pc=0x000001dc1fc67122 sp=0x00000097794f5dc0
Event: 94.707 Thread 0x000001dc4e1cd780 DEOPT UNPACKING pc=0x000001dc269b4bc2 sp=0x00000097794f5308 mode 0

Classes loaded (20 events):
Event: 89.325 Loading class java/util/Stack
Event: 89.327 Loading class java/util/Stack done
Event: 89.422 Loading class java/lang/BooleanBeanInfo
Event: 89.422 Loading class java/lang/BooleanBeanInfo done
Event: 89.423 Loading class java/lang/BooleanBeanInfo
Event: 89.423 Loading class java/lang/BooleanBeanInfo done
Event: 89.423 Loading class java/lang/BooleanCustomizer
Event: 89.423 Loading class java/lang/BooleanCustomizer done
Event: 89.423 Loading class java/lang/BooleanCustomizer
Event: 89.423 Loading class java/lang/BooleanCustomizer done
Event: 89.424 Loading class jdk/internal/ValueBased
Event: 89.424 Loading class jdk/internal/ValueBased done
Event: 89.472 Loading class java/util/stream/ReduceOps$6
Event: 89.472 Loading class java/util/stream/ReduceOps$6 done
Event: 89.472 Loading class java/util/stream/ReduceOps$5ReducingSink
Event: 89.473 Loading class java/util/stream/ReduceOps$5ReducingSink done
Event: 89.816 Loading class java/text/MessageFormat
Event: 89.818 Loading class java/text/MessageFormat done
Event: 89.907 Loading class java/lang/StringIndexOutOfBoundsException
Event: 89.908 Loading class java/lang/StringIndexOutOfBoundsException done

Classes unloaded (0 events):
No events

Classes redefined (0 events):
No events

Internal exceptions (20 events):
Event: 89.384 Thread 0x000001dc4e1cd780 Exception <a 'java/lang/ClassNotFoundException'{0x00000000eda817c0}: org/gradle/api/internal/artifacts/configurations/DefaultConfigurationBeanInfo> (0x00000000eda817c0) 
thrown [s\src\hotspot\share\classfile\systemDictionary.cpp, line 313]
Event: 89.387 Thread 0x000001dc4e1cd780 Exception <a 'java/lang/ClassNotFoundException'{0x00000000eda94ec0}: org/gradle/api/internal/file/AbstractFileCollectionBeanInfo> (0x00000000eda94ec0) 
thrown [s\src\hotspot\share\classfile\systemDictionary.cpp, line 313]
Event: 89.388 Thread 0x000001dc4e1cd780 Exception <a 'java/lang/ClassNotFoundException'{0x00000000edaa82e0}: org/gradle/api/internal/file/AbstractFileCollectionCustomizer> (0x00000000edaa82e0) 
thrown [s\src\hotspot\share\classfile\systemDictionary.cpp, line 313]
Event: 89.392 Thread 0x000001dc4e1cd780 Exception <a 'java/lang/ClassNotFoundException'{0x00000000edad7bf8}: org/gradle/api/internal/artifacts/configurations/DefaultConfigurationCustomizer> (0x00000000edad7bf8) 
thrown [s\src\hotspot\share\classfile\systemDictionary.cpp, line 313]
Event: 89.397 Thread 0x000001dc4e1cd780 Exception <a 'java/lang/ClassNotFoundException'{0x00000000ed9665e8}: org/gradle/api/internal/artifacts/configurations/DefaultResolvableConfigurationCustomizer> (0x00000000ed9665e8) 
thrown [s\src\hotspot\share\classfile\systemDictionary.cpp, line 313]
Event: 89.400 Thread 0x000001dc4e1cd780 Exception <a 'java/lang/ClassNotFoundException'{0x00000000ed996790}: org/gradle/api/internal/artifacts/configurations/DefaultResolvableConfiguration_DecoratedCustomizer> (0x00000000ed996790) 
thrown [s\src\hotspot\share\classfile\systemDictionary.cpp, line 313]
Event: 89.423 Thread 0x000001dc4e1cd780 Exception <a 'java/lang/ClassNotFoundException'{0x00000000ed865280}: java/lang/BooleanBeanInfo> (0x00000000ed865280) 
thrown [s\src\hotspot\share\classfile\systemDictionary.cpp, line 313]
Event: 89.424 Thread 0x000001dc4e1cd780 Exception <a 'java/lang/ClassNotFoundException'{0x00000000ed86c580}: java/lang/BooleanCustomizer> (0x00000000ed86c580) 
thrown [s\src\hotspot\share\classfile\systemDictionary.cpp, line 313]
Event: 89.433 Thread 0x000001dc4e1cd780 Exception <a 'java/lang/ClassNotFoundException'{0x00000000ed8bccc8}: org/gradle/api/internal/artifacts/configurations/DefaultConfiguration$ConfigurationResolvableDependencies_DecoratedBeanInfo> (0x00000000ed8bccc8) 
thrown [s\src\hotspot\share\classfile\systemDictionary.cpp, line 313]
Event: 89.437 Thread 0x000001dc4e1cd780 Exception <a 'java/lang/ClassNotFoundException'{0x00000000ed8d5d78}: org/gradle/api/internal/artifacts/configurations/DefaultConfiguration$ConfigurationResolvableDependenciesBeanInfo> (0x00000000ed8d5d78) 
thrown [s\src\hotspot\share\classfile\systemDictionary.cpp, line 313]
Event: 89.442 Thread 0x000001dc4e1cd780 Exception <a 'java/lang/ClassNotFoundException'{0x00000000ed8eee38}: org/gradle/api/internal/artifacts/configurations/DefaultConfiguration$ConfigurationResolvableDependenciesCustomizer> (0x00000000ed8eee38) 
thrown [s\src\hotspot\share\classfile\systemDictionary.cpp, line 313]
Event: 89.444 Thread 0x000001dc4e1cd780 Exception <a 'java/lang/ClassNotFoundException'{0x00000000ed717460}: org/gradle/api/internal/artifacts/configurations/DefaultConfiguration$ConfigurationResolvableDependencies_DecoratedCustomizer> (0x00000000ed717460) 
thrown [s\src\hotspot\share\classfile\systemDictionary.cpp, line 313]
Event: 89.451 Thread 0x000001dc4e1cd780 Exception <a 'java/lang/ClassNotFoundException'{0x00000000ed767530}: org/gradle/api/internal/artifacts/result/DefaultResolutionResultBeanInfo> (0x00000000ed767530) 
thrown [s\src\hotspot\share\classfile\systemDictionary.cpp, line 313]
Event: 89.453 Thread 0x000001dc4e1cd780 Exception <a 'java/lang/ClassNotFoundException'{0x00000000ed77eef8}: org/gradle/api/internal/artifacts/result/DefaultResolutionResultCustomizer> (0x00000000ed77eef8) 
thrown [s\src\hotspot\share\classfile\systemDictionary.cpp, line 313]
Event: 90.019 Thread 0x000001dc4e1cd780 Exception <a 'java/lang/ClassNotFoundException'{0x00000000ec59ee38}: org/gradle/features/internal/binding/ProjectFeaturesDynamicObject_DecoratedBeanInfo> (0x00000000ec59ee38) 
thrown [s\src\hotspot\share\classfile\systemDictionary.cpp, line 313]
Event: 90.020 Thread 0x000001dc4e1cd780 Exception <a 'java/lang/ClassNotFoundException'{0x00000000ec5bb830}: org/gradle/features/internal/binding/ProjectFeaturesDynamicObjectBeanInfo> (0x00000000ec5bb830) 
thrown [s\src\hotspot\share\classfile\systemDictionary.cpp, line 313]
Event: 90.027 Thread 0x000001dc4e1cd780 Exception <a 'java/lang/ClassNotFoundException'{0x00000000ec5d7e08}: org/gradle/internal/metaobject/AbstractDynamicObjectBeanInfo> (0x00000000ec5d7e08) 
thrown [s\src\hotspot\share\classfile\systemDictionary.cpp, line 313]
Event: 90.032 Thread 0x000001dc4e1cd780 Exception <a 'java/lang/ClassNotFoundException'{0x00000000ec5f4138}: org/gradle/internal/metaobject/AbstractDynamicObjectCustomizer> (0x00000000ec5f4138) 
thrown [s\src\hotspot\share\classfile\systemDictionary.cpp, line 313]
Event: 90.038 Thread 0x000001dc4e1cd780 Exception <a 'java/lang/ClassNotFoundException'{0x00000000ec41ddf0}: org/gradle/features/internal/binding/ProjectFeaturesDynamicObjectCustomizer> (0x00000000ec41ddf0) 
thrown [s\src\hotspot\share\classfile\systemDictionary.cpp, line 313]
Event: 90.042 Thread 0x000001dc4e1cd780 Exception <a 'java/lang/ClassNotFoundException'{0x00000000ec4424d8}: org/gradle/features/internal/binding/ProjectFeaturesDynamicObject_DecoratedCustomizer> (0x00000000ec4424d8) 
thrown [s\src\hotspot\share\classfile\systemDictionary.cpp, line 313]

ZGC Phase Switch (0 events):
No events

VM Operations (20 events):
Event: 89.574 Executing safepoint VM operation: ICBufferFull done
Event: 90.244 Executing non-safepoint VM operation: HandshakeAllThreads (Deoptimize)
Event: 90.244 Executing non-safepoint VM operation: HandshakeAllThreads (Deoptimize) done
Event: 90.505 Executing safepoint VM operation: ICBufferFull
Event: 90.505 Executing safepoint VM operation: ICBufferFull done
Event: 91.519 Executing safepoint VM operation: Cleanup
Event: 91.519 Executing safepoint VM operation: Cleanup done
Event: 92.521 Executing safepoint VM operation: Cleanup
Event: 92.530 Executing safepoint VM operation: Cleanup done
Event: 93.531 Executing safepoint VM operation: Cleanup
Event: 93.532 Executing safepoint VM operation: Cleanup done
Event: 94.206 Executing non-safepoint VM operation: HandshakeAllThreads (Deoptimize)
Event: 94.206 Executing non-safepoint VM operation: HandshakeAllThreads (Deoptimize) done
Event: 94.310 Executing safepoint VM operation: ICBufferFull
Event: 94.310 Executing safepoint VM operation: ICBufferFull done
Event: 94.324 Executing non-safepoint VM operation: HandshakeAllThreads (Deoptimize)
Event: 94.325 Executing non-safepoint VM operation: HandshakeAllThreads (Deoptimize) done
Event: 94.578 Executing non-safepoint VM operation: HandshakeAllThreads (Deoptimize)
Event: 94.578 Executing non-safepoint VM operation: HandshakeAllThreads (Deoptimize) done
Event: 95.581 Executing safepoint VM operation: Cleanup

Memory protections (0 events):
No events

Nmethod flushes (20 events):
Event: 79.875 Thread 0x000001dc31b82380 flushing  nmethod 0x000001dc1f53ce90
Event: 79.877 Thread 0x000001dc31b82380 flushing  nmethod 0x000001dc1f5cc090
Event: 79.877 Thread 0x000001dc31b82380 flushing  nmethod 0x000001dc1f5cf910
Event: 79.877 Thread 0x000001dc31b82380 flushing  nmethod 0x000001dc1f637090
Event: 79.877 Thread 0x000001dc31b82380 flushing  nmethod 0x000001dc1f638290
Event: 79.877 Thread 0x000001dc31b82380 flushing  nmethod 0x000001dc1f639d90
Event: 79.877 Thread 0x000001dc31b82380 flushing  nmethod 0x000001dc1f63a410
Event: 79.877 Thread 0x000001dc31b82380 flushing  nmethod 0x000001dc1f6f0490
Event: 79.877 Thread 0x000001dc31b82380 flushing  nmethod 0x000001dc1f6f5d90
Event: 79.877 Thread 0x000001dc31b82380 flushing  nmethod 0x000001dc1f6f9310
Event: 79.877 Thread 0x000001dc31b82380 flushing  nmethod 0x000001dc1f763510
Event: 79.877 Thread 0x000001dc31b82380 flushing  nmethod 0x000001dc1f763e10
Event: 79.877 Thread 0x000001dc31b82380 flushing  nmethod 0x000001dc1f764990
Event: 79.877 Thread 0x000001dc31b82380 flushing  nmethod 0x000001dc1f870f10
Event: 79.877 Thread 0x000001dc31b82380 flushing  nmethod 0x000001dc1f872210
Event: 79.877 Thread 0x000001dc31b82380 flushing  nmethod 0x000001dc1f90fd90
Event: 79.877 Thread 0x000001dc31b82380 flushing  nmethod 0x000001dc1f910d10
Event: 79.877 Thread 0x000001dc31b82380 flushing  nmethod 0x000001dc1f911210
Event: 79.877 Thread 0x000001dc31b82380 flushing  nmethod 0x000001dc1f91a210
Event: 79.877 Thread 0x000001dc31b82380 flushing  nmethod 0x000001dc1f91a710

Events (20 events):
Event: 63.546 Thread 0x000001dc4ba1f8c0 Thread added: 0x000001dc4de8a410
Event: 69.647 Thread 0x000001dc4ba1f8c0 Thread added: 0x000001dc4de89060
Event: 69.648 Thread 0x000001dc4ba1f8c0 Thread added: 0x000001dc4de89d80
Event: 69.649 Thread 0x000001dc4ba1f8c0 Thread added: 0x000001dc4de8b130
Event: 69.650 Thread 0x000001dc4ba1f8c0 Thread added: 0x000001dc4e1cb6b0
Event: 69.651 Thread 0x000001dc4ba1f8c0 Thread added: 0x000001dc4e1c9c70
Event: 69.651 Thread 0x000001dc4ba1f8c0 Thread added: 0x000001dc4e1cbd40
Event: 69.651 Thread 0x000001dc4ba1f8c0 Thread added: 0x000001dc4e1cc3d0
Event: 70.218 Thread 0x000001dc4ba1f8c0 Thread added: 0x000001dc4e1cca60
Event: 77.832 Thread 0x000001dc4ba1f8c0 Thread added: 0x000001dc4e1cd0f0
Event: 84.195 Thread 0x000001dc4ba1f8c0 Thread added: 0x000001dc4e1ca990
Event: 89.086 Thread 0x000001dc4ba1f8c0 Thread added: 0x000001dc4e1cd780
Event: 89.107 Thread 0x000001dc4e1cd780 Thread added: 0x000001dc4e1ca300
Event: 89.107 Thread 0x000001dc4e1cd780 Thread added: 0x000001dc4e1cde10
Event: 89.107 Thread 0x000001dc4e1cd780 Thread added: 0x000001dc4e1ce4a0
Event: 89.107 Thread 0x000001dc4e1cd780 Thread added: 0x000001dc4e1cb020
Event: 89.108 Thread 0x000001dc4e1cd780 Thread added: 0x000001dc4e1d0c00
Event: 89.108 Thread 0x000001dc4e1cd780 Thread added: 0x000001dc4e1ceb30
Event: 89.108 Thread 0x000001dc4e1cd780 Thread added: 0x000001dc4e1cfee0
Event: 89.168 Thread 0x000001dc4e1cd780 Thread added: 0x000001dc4e1d1290


Dynamic libraries:
0x00007ff6b1840000 - 0x00007ff6b184e000 	C:\Users\Usuario\.vscode\extensions\redhat.java-1.55.0-win32-x64\jre\21.0.11-win32-x86_64\bin\java.exe
0x00007ffd3ac80000 - 0x00007ffd3aee6000 	C:\WINDOWS\SYSTEM32\ntdll.dll
0x00007ffd39790000 - 0x00007ffd39859000 	C:\WINDOWS\System32\KERNEL32.DLL
0x00007ffd38330000 - 0x00007ffd3872a000 	C:\WINDOWS\System32\KERNELBASE.dll
0x00007ffd34f50000 - 0x00007ffd34ff0000 	C:\WINDOWS\SYSTEM32\apphelp.dll
0x00007ffd38730000 - 0x00007ffd3887c000 	C:\WINDOWS\System32\ucrtbase.dll
0x00007ffd171b0000 - 0x00007ffd171ce000 	C:\Users\Usuario\.vscode\extensions\redhat.java-1.55.0-win32-x64\jre\21.0.11-win32-x86_64\bin\VCRUNTIME140.dll
0x00007ffd134d0000 - 0x00007ffd134e8000 	C:\Users\Usuario\.vscode\extensions\redhat.java-1.55.0-win32-x64\jre\21.0.11-win32-x86_64\bin\jli.dll
0x00007ffd3a760000 - 0x00007ffd3a927000 	C:\WINDOWS\System32\USER32.dll
0x00007ffd37f10000 - 0x00007ffd37f37000 	C:\WINDOWS\System32\win32u.dll
0x00007ffd39860000 - 0x00007ffd3988b000 	C:\WINDOWS\System32\GDI32.dll
0x00007ffd24880000 - 0x00007ffd24b12000 	C:\WINDOWS\WinSxS\amd64_microsoft.windows.common-controls_6595b64144ccf1df_6.0.26100.8521_none_3e08b75ce33403b3\COMCTL32.dll
0x00007ffd37f40000 - 0x00007ffd3806b000 	C:\WINDOWS\System32\gdi32full.dll
0x00007ffd38ab0000 - 0x00007ffd38b59000 	C:\WINDOWS\System32\msvcrt.dll
0x00007ffd38880000 - 0x00007ffd38923000 	C:\WINDOWS\System32\msvcp_win.dll
0x00007ffd38ca0000 - 0x00007ffd38cd2000 	C:\WINDOWS\System32\IMM32.DLL
0x00007ffd34ed0000 - 0x00007ffd34edc000 	C:\Users\Usuario\.vscode\extensions\redhat.java-1.55.0-win32-x64\jre\21.0.11-win32-x86_64\bin\vcruntime140_1.dll
0x00007ffd084a0000 - 0x00007ffd0852d000 	C:\Users\Usuario\.vscode\extensions\redhat.java-1.55.0-win32-x64\jre\21.0.11-win32-x86_64\bin\msvcp140.dll
0x00007ffc9ab10000 - 0x00007ffc9b8b2000 	C:\Users\Usuario\.vscode\extensions\redhat.java-1.55.0-win32-x64\jre\21.0.11-win32-x86_64\bin\server\jvm.dll
0x00007ffd39e20000 - 0x00007ffd39ed6000 	C:\WINDOWS\System32\ADVAPI32.dll
0x00007ffd396e0000 - 0x00007ffd3978a000 	C:\WINDOWS\System32\sechost.dll
0x00007ffd394c0000 - 0x00007ffd395d8000 	C:\WINDOWS\System32\RPCRT4.dll
0x00007ffd39990000 - 0x00007ffd39a10000 	C:\WINDOWS\System32\WS2_32.dll
0x00007ffd2f9c0000 - 0x00007ffd2f9cb000 	C:\WINDOWS\SYSTEM32\VERSION.dll
0x00007ffd2b1b0000 - 0x00007ffd2b1e6000 	C:\WINDOWS\SYSTEM32\WINMM.dll
0x00007ffd37d60000 - 0x00007ffd37dbe000 	C:\WINDOWS\SYSTEM32\POWRPROF.dll
0x00007ffd37d40000 - 0x00007ffd37d54000 	C:\WINDOWS\SYSTEM32\UMPDC.dll
0x00007ffd36ca0000 - 0x00007ffd36cbb000 	C:\WINDOWS\SYSTEM32\kernel.appcore.dll
0x00007ffd342b0000 - 0x00007ffd342ba000 	C:\Users\Usuario\.vscode\extensions\redhat.java-1.55.0-win32-x64\jre\21.0.11-win32-x86_64\bin\jimage.dll
0x00007ffd2ed20000 - 0x00007ffd2ef62000 	C:\WINDOWS\SYSTEM32\DBGHELP.DLL
0x00007ffd39a20000 - 0x00007ffd39da3000 	C:\WINDOWS\System32\combase.dll
0x00007ffd39f00000 - 0x00007ffd39fd9000 	C:\WINDOWS\System32\OLEAUT32.dll
0x00007ffd235b0000 - 0x00007ffd235eb000 	C:\WINDOWS\SYSTEM32\dbgcore.DLL
0x00007ffd38280000 - 0x00007ffd38328000 	C:\WINDOWS\System32\bcryptPrimitives.dll
0x00007ffd10af0000 - 0x00007ffd10aff000 	C:\Users\Usuario\.vscode\extensions\redhat.java-1.55.0-win32-x64\jre\21.0.11-win32-x86_64\bin\instrument.dll
0x00007ffd11db0000 - 0x00007ffd11dd0000 	C:\Users\Usuario\.vscode\extensions\redhat.java-1.55.0-win32-x64\jre\21.0.11-win32-x86_64\bin\java.dll
0x00007ffd38ce0000 - 0x00007ffd39464000 	C:\WINDOWS\System32\SHELL32.dll
0x00007ffd35af0000 - 0x00007ffd36370000 	C:\WINDOWS\SYSTEM32\windows.storage.dll
0x00007ffd395e0000 - 0x00007ffd396d6000 	C:\WINDOWS\System32\SHCORE.dll
0x00007ffd39db0000 - 0x00007ffd39e17000 	C:\WINDOWS\System32\shlwapi.dll
0x00007ffd37e30000 - 0x00007ffd37e59000 	C:\WINDOWS\SYSTEM32\profapi.dll
0x00007ffd11d90000 - 0x00007ffd11da8000 	C:\Users\Usuario\.vscode\extensions\redhat.java-1.55.0-win32-x64\jre\21.0.11-win32-x86_64\bin\zip.dll
0x00007ffd30b90000 - 0x00007ffd30ba0000 	C:\Users\Usuario\.vscode\extensions\redhat.java-1.55.0-win32-x64\jre\21.0.11-win32-x86_64\bin\net.dll
0x00007ffd32210000 - 0x00007ffd32339000 	C:\WINDOWS\SYSTEM32\WINHTTP.dll
0x00007ffd37210000 - 0x00007ffd3727c000 	C:\WINDOWS\system32\mswsock.dll
0x00007ffd10540000 - 0x00007ffd10556000 	C:\Users\Usuario\.vscode\extensions\redhat.java-1.55.0-win32-x64\jre\21.0.11-win32-x86_64\bin\nio.dll
0x00007ffd103f0000 - 0x00007ffd10400000 	C:\Users\Usuario\.vscode\extensions\redhat.java-1.55.0-win32-x64\jre\21.0.11-win32-x86_64\bin\verify.dll
0x00007ffcfdb80000 - 0x00007ffcfdba7000 	C:\Users\Usuario\.gradle\native\660c5614fbf4a5f2a75b1949f50a0caf5cd603558e7d8a26e50b933a0cfb79d1\windows-amd64\native-platform.dll
0x00007ffcfa2e0000 - 0x00007ffcfa357000 	C:\Users\Usuario\.gradle\native\0.2.8\x86_64-windows-gnu\gradle-fileevents.dll
0x00007ffd10370000 - 0x00007ffd1037a000 	C:\Users\Usuario\.vscode\extensions\redhat.java-1.55.0-win32-x64\jre\21.0.11-win32-x86_64\bin\management.dll
0x00007ffd0f550000 - 0x00007ffd0f55c000 	C:\Users\Usuario\.vscode\extensions\redhat.java-1.55.0-win32-x64\jre\21.0.11-win32-x86_64\bin\management_ext.dll
0x00007ffd38b60000 - 0x00007ffd38b68000 	C:\WINDOWS\System32\PSAPI.DLL
0x00007ffd366a0000 - 0x00007ffd366d3000 	C:\WINDOWS\SYSTEM32\IPHLPAPI.DLL
0x00007ffd3aad0000 - 0x00007ffd3aada000 	C:\WINDOWS\System32\NSI.dll
0x00007ffd11d80000 - 0x00007ffd11d89000 	C:\Users\Usuario\.vscode\extensions\redhat.java-1.55.0-win32-x64\jre\21.0.11-win32-x86_64\bin\extnet.dll
0x00007ffd374f0000 - 0x00007ffd3750b000 	C:\WINDOWS\SYSTEM32\CRYPTSP.dll
0x00007ffd36c00000 - 0x00007ffd36c39000 	C:\WINDOWS\system32\rsaenh.dll
0x00007ffd372c0000 - 0x00007ffd372f3000 	C:\WINDOWS\SYSTEM32\USERENV.dll
0x00007ffd37e00000 - 0x00007ffd37e2a000 	C:\WINDOWS\SYSTEM32\bcrypt.dll
0x00007ffd37510000 - 0x00007ffd3751c000 	C:\WINDOWS\SYSTEM32\CRYPTBASE.dll
0x00007ffd134c0000 - 0x00007ffd134ce000 	C:\Users\Usuario\.vscode\extensions\redhat.java-1.55.0-win32-x64\jre\21.0.11-win32-x86_64\bin\sunmscapi.dll
0x00007ffd38100000 - 0x00007ffd38278000 	C:\WINDOWS\System32\CRYPT32.dll
0x00007ffd37710000 - 0x00007ffd37740000 	C:\WINDOWS\SYSTEM32\ncrypt.dll
0x00007ffd376c0000 - 0x00007ffd376ff000 	C:\WINDOWS\SYSTEM32\NTASN1.dll
0x00007ffcd8730000 - 0x00007ffcd8738000 	C:\WINDOWS\system32\wshunix.dll

JVMTI agents:
C:\Users\Usuario\.gradle\wrapper\dists\gradle-9.5.1-bin\iq79hdu3mqx29lgffhp8bfmx\gradle-9.5.1\lib\agents\gradle-instrumentation-agent-9.5.1.jar path:C:\Users\Usuario\.vscode\extensions\redhat.java-1.55.0-win32-x64\jre\21.0.11-win32-x86_64\bin\instrument.dll, loaded, initialized, instrumentlib options:none

dbghelp: loaded successfully - version: 4.0.5 - missing functions: none
symbol engine: initialized successfully - sym options: 0x614 - pdb path: .;C:\Users\Usuario\.vscode\extensions\redhat.java-1.55.0-win32-x64\jre\21.0.11-win32-x86_64\bin;C:\WINDOWS\SYSTEM32;C:\WINDOWS\WinSxS\amd64_microsoft.windows.common-controls_6595b64144ccf1df_6.0.26100.8521_none_3e08b75ce33403b3;C:\Users\Usuario\.vscode\extensions\redhat.java-1.55.0-win32-x64\jre\21.0.11-win32-x86_64\bin\server;C:\Users\Usuario\.gradle\native\660c5614fbf4a5f2a75b1949f50a0caf5cd603558e7d8a26e50b933a0cfb79d1\windows-amd64;C:\Users\Usuario\.gradle\native\0.2.8\x86_64-windows-gnu

VM Arguments:
jvm_args: --add-opens=java.base/java.lang=ALL-UNNAMED --add-opens=java.base/java.lang.invoke=ALL-UNNAMED --add-opens=java.base/java.util=ALL-UNNAMED --add-opens=java.prefs/java.util.prefs=ALL-UNNAMED --add-exports=jdk.compiler/com.sun.tools.javac.api=ALL-UNNAMED --add-exports=jdk.compiler/com.sun.tools.javac.util=ALL-UNNAMED --add-opens=java.base/java.nio.charset=ALL-UNNAMED --add-opens=java.base/java.net=ALL-UNNAMED --add-opens=java.base/java.util.concurrent=ALL-UNNAMED --add-opens=java.base/java.util.concurrent.atomic=ALL-UNNAMED --add-opens=java.xml/javax.xml.namespace=ALL-UNNAMED --add-opens=java.base/java.time=ALL-UNNAMED -XX:MaxMetaspaceSize=384m -XX:+HeapDumpOnOutOfMemoryError -Xms256m -Xmx512m -Dfile.encoding=UTF-8 -Duser.country=BR -Duser.language=pt -Duser.variant -javaagent:C:\Users\Usuario\.gradle\wrapper\dists\gradle-9.5.1-bin\iq79hdu3mqx29lgffhp8bfmx\gradle-9.5.1\lib\agents\gradle-instrumentation-agent-9.5.1.jar 
java_command: org.gradle.launcher.daemon.bootstrap.GradleDaemon 9.5.1
java_class_path (initial): C:\Users\Usuario\.gradle\wrapper\dists\gradle-9.5.1-bin\iq79hdu3mqx29lgffhp8bfmx\gradle-9.5.1\lib\gradle-daemon-main-9.5.1.jar
Launcher Type: SUN_STANDARD

[Global flags]
     intx CICompilerCount                          = 4                                         {product} {ergonomic}
   size_t CompressedClassSpaceSize                 = 335544320                                 {product} {ergonomic}
     uint ConcGCThreads                            = 2                                         {product} {ergonomic}
     uint G1ConcRefinementThreads                  = 8                                         {product} {ergonomic}
   size_t G1HeapRegionSize                         = 1048576                                   {product} {ergonomic}
    uintx GCDrainStackTargetSize                   = 64                                        {product} {ergonomic}
     bool HeapDumpOnOutOfMemoryError               = true                                   {manageable} {command line}
   size_t InitialHeapSize                          = 268435456                                 {product} {command line}
   size_t MarkStackSize                            = 4194304                                   {product} {ergonomic}
   size_t MaxHeapSize                              = 536870912                                 {product} {command line}
   size_t MaxMetaspaceSize                         = 402653184                                 {product} {command line}
   size_t MaxNewSize                               = 321912832                                 {product} {ergonomic}
   size_t MinHeapDeltaBytes                        = 1048576                                   {product} {ergonomic}
   size_t MinHeapSize                              = 268435456                                 {product} {command line}
    uintx NonNMethodCodeHeapSize                   = 5839372                                {pd product} {ergonomic}
    uintx NonProfiledCodeHeapSize                  = 122909434                              {pd product} {ergonomic}
    uintx ProfiledCodeHeapSize                     = 122909434                              {pd product} {ergonomic}
    uintx ReservedCodeCacheSize                    = 251658240                              {pd product} {ergonomic}
     bool SegmentedCodeCache                       = true                                      {product} {ergonomic}
   size_t SoftMaxHeapSize                          = 536870912                              {manageable} {ergonomic}
     bool UseCompressedOops                        = true                           {product lp64_product} {ergonomic}
     bool UseG1GC                                  = true                                      {product} {ergonomic}
     bool UseLargePagesIndividualAllocation        = false                                  {pd product} {ergonomic}

Logging:
Log output configuration:
 #0: stdout all=warning uptime,level,tags foldmultilines=false
 #1: stderr all=off uptime,level,tags foldmultilines=false

Release file:
JAVA_VERSION="21.0.11" 
MODULES="java.base java.compiler java.datatransfer java.xml java.prefs java.desktop java.instrument java.logging java.management java.security.sasl java.naming java.rmi java.management.rmi java.net.http java.scripting java.security.jgss java.transaction.xa java.sql java.sql.rowset java.xml.crypto java.se java.smartcardio jdk.accessibility jdk.internal.jvmstat jdk.attach jdk.charsets jdk.internal.opt jdk.zipfs jdk.compiler jdk.crypto.ec jdk.crypto.cryptoki jdk.crypto.mscapi jdk.dynalink jdk.internal.ed jdk.editpad jdk.hotspot.agent jdk.httpserver jdk.internal.le jdk.internal.vm.ci jdk.internal.vm.compiler jdk.internal.vm.compiler.management jdk.jartool jdk.javadoc jdk.jcmd jdk.management jdk.management.agent jdk.jconsole jdk.jdeps jdk.jdwp.agent jdk.jdi jdk.jfr jdk.jshell jdk.jsobject jdk.jstatd jdk.localedata jdk.management.jfr jdk.naming.dns jdk.naming.rmi jdk.net jdk.nio.mapmode jdk.random jdk.sctp jdk.security.auth jdk.security.jgss jdk.unsupported jdk.unsupported.desktop jdk.xml.dom" 

Environment Variables:
PATH=C:\Program Files\Eclipse Adoptium\jdk-25.0.3.9-hotspot\bin;C:\Program Files (x86)\Common Files\Oracle\Java\java8path;C:\Program Files (x86)\Common Files\Oracle\Java\javapath;C:\WINDOWS\system32;C:\WINDOWS;C:\WINDOWS\System32\Wbem;C:\WINDOWS\System32\WindowsPowerShell\v1.0\;C:\WINDOWS\System32\OpenSSH\;C:\Program Files\Git\cmd;C:\Users\Usuario\AppData\Local\Programs\Python\Python313\Scripts\;C:\Users\Usuario\AppData\Local\Programs\Python\Python313\;C:\Users\Usuario\AppData\Local\Programs\Python\Launcher\;C:\Users\Usuario\.local\bin;C:\Users\Usuario\AppData\Local\Microsoft\WindowsApps;C:\Users\Usuario\AppData\Local\Programs\Microsoft VS Code\bin;C:\maven\apache-maven-3.9.15\bin;C:\Program Files\nodejs\;C:\Program Files\Eclipse Adoptium\jdk-25.0.3.9-hotspot\bin;C:\Program Files (x86)\Common Files\Oracle\Java\java8path;C:\Program Files (x86)\Common Files\Oracle\Java\javapath;C:\WINDOWS\system32;C:\WINDOWS;C:\WINDOWS\System32\Wbem;C:\WINDOWS\System32\WindowsPowerShell\v1.0\;C:\WINDOWS\System32\OpenSSH\;C:\Program Files\Git\cmd;C:\Users\Usuario\AppData\Local\Programs\Python\Python313\Scripts\;C:\Users\Usuario\AppData\Local\Programs\Python\Python313\;C:\Users\Usuario\AppData\Local\Programs\Python\Launcher\;C:\Users\Usuario\.local\bin;C:\Users\Usuario\AppData\Local\Microsoft\WindowsApps;C:\Users\Usuario\AppData\Local\Programs\Microsoft VS Code\bin;C:\maven\apache-maven-3.9.15\bin;C:\Users\Usuario\AppData\Local\Programs\Python\Python313\Scripts\;C:\Users\Usuario\AppData\Local\Programs\Python\Python313\;C:\Users\Usuario\AppData\Local\Programs\Python\Launcher\;C:\Users\Usuario\.local\bin;C:\Users\Usuario\AppData\Local\Microsoft\WindowsApps;C:\Users\Usuario\AppData\Local\Programs\Microsoft VS Code\bin;C:\dev\flutter\;C:\dev\flutter\bin;C:\Users\Usuario\AppData\Roaming\npm
USERNAME=Usuario
OS=Windows_NT
PROCESSOR_IDENTIFIER=AMD64 Family 23 Model 160 Stepping 0, AuthenticAMD
TMP=C:\Users\Usuario\AppData\Local\Temp
TEMP=C:\Users\Usuario\AppData\Local\Temp




Periodic native trim disabled

---------------  S Y S T E M  ---------------

OS:
 Windows 11 , 64 bit Build 26100 (10.0.26100.8521)
OS uptime: 4 days 13:23 hours

CPU: total 8 (initial active 8) (8 cores per cpu, 2 threads per core) family 23 model 160 stepping 0 microcode 0x8a00006, cx8, cmov, fxsr, ht, mmx, 3dnowpref, sse, sse2, sse3, ssse3, sse4a, sse4.1, sse4.2, popcnt, lzcnt, tsc, tscinvbit, avx, avx2, aes, clmul, bmi1, bmi2, adx, sha, fma, vzeroupper, clflush, clflushopt, rdtscp, rdpid, f16c
Processor Information for the first 8 processors :
  Max Mhz: 2401, Current Mhz: 2401, Mhz Limit: 2401

Memory: 4k page, system-wide physical 3615M (82M free)
TotalPageFile size 14879M (AvailPageFile size 12M)
current process WorkingSet (physical memory assigned to process): 218M, peak: 272M
current process commit charge ("private bytes"): 507M, peak: 508M

vm_info: OpenJDK 64-Bit Server VM (21.0.11+10-LTS) for windows-amd64 JRE (21.0.11+10-LTS), built on 2026-04-21T00:00:00Z by "admin" with MS VC++ 17.12 (VS2022)

END.
