#
# There is insufficient memory for the Java Runtime Environment to continue.
# Native memory allocation (malloc) failed to allocate 11421720 bytes. Error detail: Chunk::new
# Possible reasons:
#   The system is out of physical RAM or swap space
#   This process is running with CompressedOops enabled, and the Java Heap may be blocking the growth of the native heap
# Possible solutions:
#   Reduce memory load on the system
#   Increase physical memory or swap space
#   Check if swap backing store is full
#   Decrease Java heap size (-Xmx/-Xms)
#   Decrease number of Java threads
#   Decrease Java thread stack sizes (-Xss)
#   Set larger code cache with -XX:ReservedCodeCacheSize=
#   JVM is running with Unscaled Compressed Oops mode in which the Java heap is
#     placed in the first 4GB address space. The Java Heap base address is the
#     maximum limit for the native heap growth. Please use -XX:HeapBaseMinAddress
#     to set the Java Heap base and to place the Java Heap above 4GB virtual address.
# This output file may be truncated or incomplete.
#
#  Out of Memory Error (arena.cpp:186), pid=1044, tid=8840
#
# JRE version: OpenJDK Runtime Environment Temurin-25.0.3+9 (25.0.3+9) (build 25.0.3+9-LTS)
# Java VM: OpenJDK 64-Bit Server VM Temurin-25.0.3+9 (25.0.3+9-LTS, mixed mode, sharing, tiered, compressed oops, compressed class ptrs, g1 gc, windows-amd64)
# No core dump will be written. Minidumps are not enabled by default on client versions of Windows
#

---------------  S U M M A R Y ------------

Command Line: --add-opens=java.base/java.lang=ALL-UNNAMED --add-opens=java.base/java.lang.invoke=ALL-UNNAMED --add-opens=java.base/java.util=ALL-UNNAMED --add-opens=java.prefs/java.util.prefs=ALL-UNNAMED --add-exports=jdk.compiler/com.sun.tools.javac.api=ALL-UNNAMED --add-exports=jdk.compiler/com.sun.tools.javac.util=ALL-UNNAMED --add-opens=java.base/java.nio.charset=ALL-UNNAMED --add-opens=java.base/java.net=ALL-UNNAMED --add-opens=java.base/java.util.concurrent=ALL-UNNAMED --add-opens=java.base/java.util.concurrent.atomic=ALL-UNNAMED --add-opens=java.xml/javax.xml.namespace=ALL-UNNAMED --add-opens=java.base/java.time=ALL-UNNAMED --enable-native-access=ALL-UNNAMED -XX:MaxMetaspaceSize=384m -XX:+HeapDumpOnOutOfMemoryError -Xms256m -Xmx512m -Dfile.encoding=UTF-8 -Duser.country=BR -Duser.language=pt -Duser.variant -javaagent:C:\Users\Usuario\.gradle\wrapper\dists\gradle-9.5.1-bin\iq79hdu3mqx29lgffhp8bfmx\gradle-9.5.1\lib\agents\gradle-instrumentation-agent-9.5.1.jar org.gradle.launcher.daemon.bootstrap.GradleDaemon 9.5.1

Host: AMD Ryzen 3 7320U with Radeon Graphics         , 8 cores, 3G,  Windows 11 , 64 bit Build 26100 (10.0.26100.8521)
Time: Sun Jun 28 10:23:55 2026 Hora oficial do Brasil elapsed time: 152.040985 seconds (0d 0h 2m 32s)

---------------  T H R E A D  ---------------

Current thread (0x000001ecf29e1290):  JavaThread "C2 CompilerThread0" daemon [_thread_in_native, id=8840, stack(0x000000721b700000,0x000000721b800000) (1024K)]


Current CompileTask:
C2:152041 9757       4       com.sun.org.apache.xerces.internal.impl.XMLDTDScannerImpl::scanEntityDecl (872 bytes)

Stack: [0x000000721b700000,0x000000721b800000]
Native frames: (J=compiled Java code, j=interpreted, Vv=VM code, C=native code)
V  [jvm.dll+0x7aa709]  (no source info available)
V  [jvm.dll+0x7749ed]  (no source info available)
V  [jvm.dll+0x9f7433]  (no source info available)
V  [jvm.dll+0x9f9a21]  (no source info available)
V  [jvm.dll+0x9fa133]  (no source info available)
V  [jvm.dll+0x2fd266]  (no source info available)
V  [jvm.dll+0x1113c6]  (no source info available)
V  [jvm.dll+0x1116ee]  (no source info available)
V  [jvm.dll+0x1a0342]  (no source info available)
V  [jvm.dll+0x3b67e2]  (no source info available)
V  [jvm.dll+0x7b007c]  (no source info available)
V  [jvm.dll+0x2c0847]  (no source info available)
V  [jvm.dll+0x2bf80f]  (no source info available)
V  [jvm.dll+0x2374a0]  (no source info available)
V  [jvm.dll+0x2cf906]  (no source info available)
V  [jvm.dll+0x2cdb8a]  (no source info available)
V  [jvm.dll+0x49070e]  (no source info available)
V  [jvm.dll+0x99894d]  (no source info available)
V  [jvm.dll+0x7a8ce5]  (no source info available)
C  [ucrtbase.dll+0x2cd30]  (no source info available)
C  [KERNEL32.DLL+0x2e957]  (no source info available)
C  [ntdll.dll+0x87c1c]  (no source info available)

Lock stack of current Java thread (top to bottom):


---------------  P R O C E S S  ---------------

Threads class SMR info:
_java_thread_list=0x000001ecfad92460, length=50, elements={
0x000001ecd778ef90, 0x000001ecf29d4310, 0x000001ecf29d6d80, 0x000001ecf29d9650,
0x000001ecf29de270, 0x000001ecf29df7e0, 0x000001ecf29e03a0, 0x000001ecf29e1290,
0x000001ecf29e5ff0, 0x000001ecf2bf8190, 0x000001ecf2c700f0, 0x000001ecf78d00c0,
0x000001ecf8d05010, 0x000001ecf7c72750, 0x000001ecf8d847c0, 0x000001ecf8d7ea60,
0x000001ecf799f4b0, 0x000001ecf799d570, 0x000001ecf799e510, 0x000001ecf79a13f0,
0x000001ecf799ece0, 0x000001ecf79a3b00, 0x000001ecf79a42d0, 0x000001ecf9b02fd0,
0x000001ecf9b000f0, 0x000001ecf9b02800, 0x000001ecf9b056e0, 0x000001ecf9b06e50,
0x000001ecf8f4dfa0, 0x000001ecf8f4c060, 0x000001ecf8f4e770, 0x000001ecf8f4fee0,
0x000001ecf8f4f710, 0x000001ecf8f4d7d0, 0x000001ecf8f51e20, 0x000001ecf8f53590,
0x000001ecf9182b90, 0x000001ecf91823c0, 0x000001ecf91871e0, 0x000001ecf91879b0,
0x000001ecf9189120, 0x000001ecfa2d4ca0, 0x000001ecfa2d7b80, 0x000001ecfa2d44d0,
0x000001ecfa2d6410, 0x000001ecfa2d92f0, 0x000001ecfa2db230, 0x000001ecfa2d8350,
0x000001ecf94e64d0, 0x000001ecf94ea350
}

Java Threads: ( => current thread )
  0x000001ecd778ef90 JavaThread "main"                              [_thread_blocked, id=10212, stack(0x000000721a900000,0x000000721aa00000) (1024K)]
  0x000001ecf29d4310 JavaThread "Reference Handler"          daemon [_thread_blocked, id=18944, stack(0x000000721b100000,0x000000721b200000) (1024K)]
  0x000001ecf29d6d80 JavaThread "Finalizer"                  daemon [_thread_blocked, id=4268, stack(0x000000721b200000,0x000000721b300000) (1024K)]
  0x000001ecf29d9650 JavaThread "Signal Dispatcher"          daemon [_thread_blocked, id=10684, stack(0x000000721b300000,0x000000721b400000) (1024K)]
  0x000001ecf29de270 JavaThread "Attach Listener"            daemon [_thread_blocked, id=12420, stack(0x000000721b400000,0x000000721b500000) (1024K)]
  0x000001ecf29df7e0 JavaThread "Service Thread"             daemon [_thread_blocked, id=13996, stack(0x000000721b500000,0x000000721b600000) (1024K)]
  0x000001ecf29e03a0 JavaThread "Monitor Deflation Thread"   daemon [_thread_blocked, id=20648, stack(0x000000721b600000,0x000000721b700000) (1024K)]
=>0x000001ecf29e1290 JavaThread "C2 CompilerThread0"         daemon [_thread_in_native, id=8840, stack(0x000000721b700000,0x000000721b800000) (1024K)]
  0x000001ecf29e5ff0 JavaThread "C1 CompilerThread0"         daemon [_thread_blocked, id=1128, stack(0x000000721b800000,0x000000721b900000) (1024K)]
  0x000001ecf2bf8190 JavaThread "Common-Cleaner"             daemon [_thread_blocked, id=12396, stack(0x000000721b900000,0x000000721ba00000) (1024K)]
  0x000001ecf2c700f0 JavaThread "Notification Thread"        daemon [_thread_blocked, id=7984, stack(0x000000721ba00000,0x000000721bb00000) (1024K)]
  0x000001ecf78d00c0 JavaThread "Daemon health stats"               [_thread_blocked, id=12272, stack(0x000000721c000000,0x000000721c100000) (1024K)]
  0x000001ecf8d05010 JavaThread "Incoming local TCP Connector on port 63452"        [_thread_in_native, id=1004, stack(0x000000721c100000,0x000000721c200000) (1024K)]
  0x000001ecf7c72750 JavaThread "Daemon periodic checks"            [_thread_blocked, id=1676, stack(0x000000721c200000,0x000000721c300000) (1024K)]
  0x000001ecf8d847c0 JavaThread "Daemon"                            [_thread_blocked, id=15504, stack(0x000000721c300000,0x000000721c400000) (1024K)]
  0x000001ecf8d7ea60 JavaThread "Handler for socket connection from /127.0.0.1:63452 to /127.0.0.1:63455"        [_thread_in_native, id=18420, stack(0x000000721c400000,0x000000721c500000) (1024K)]
  0x000001ecf799f4b0 JavaThread "Cancel handler"                    [_thread_blocked, id=11960, stack(0x000000721c500000,0x000000721c600000) (1024K)]
  0x000001ecf799d570 JavaThread "Daemon worker"                     [_thread_blocked, id=12064, stack(0x000000721c600000,0x000000721c700000) (1024K)]
  0x000001ecf799e510 JavaThread "Asynchronous log dispatcher for DefaultDaemonConnection: socket connection from /127.0.0.1:63452 to /127.0.0.1:63455"        [_thread_blocked, id=21284, stack(0x000000721c700000,0x000000721c800000) (1024K)]
  0x000001ecf79a13f0 JavaThread "Stdin handler"                     [_thread_blocked, id=9920, stack(0x000000721c800000,0x000000721c900000) (1024K)]
  0x000001ecf799ece0 JavaThread "Daemon client event forwarder"        [_thread_blocked, id=20524, stack(0x000000721c900000,0x000000721ca00000) (1024K)]
  0x000001ecf79a3b00 JavaThread "Cache worker for journal cache (C:\Users\Usuario\.gradle\caches\journal-1)"        [_thread_blocked, id=15248, stack(0x000000721ca00000,0x000000721cb00000) (1024K)]
  0x000001ecf79a42d0 JavaThread "File lock request listener"        [_thread_in_native, id=12588, stack(0x000000721cb00000,0x000000721cc00000) (1024K)]
  0x000001ecf9b02fd0 JavaThread "File lock release action executor"        [_thread_blocked, id=12188, stack(0x000000721cc00000,0x000000721cd00000) (1024K)]
  0x000001ecf9b000f0 JavaThread "Cache worker for file hash cache (C:\Users\Usuario\.gradle\caches\9.5.1\fileHashes)"        [_thread_blocked, id=1588, stack(0x000000721cd00000,0x000000721ce00000) (1024K)]
  0x000001ecf9b02800 JavaThread "Cache worker for file hash cache (C:\Users\Usuario\Documents\ecommerce-api\.gradle\9.5.1\fileHashes)"        [_thread_blocked, id=13288, stack(0x000000721d100000,0x000000721d200000) (1024K)]
  0x000001ecf9b056e0 JavaThread "Cache worker for Build Output Cleanup Cache (C:\Users\Usuario\Documents\ecommerce-api\.gradle\buildOutputCleanup)"        [_thread_blocked, id=14492, stack(0x000000721d200000,0x000000721d300000) (1024K)]
  0x000001ecf9b06e50 JavaThread "File watcher server"        daemon [_thread_in_native, id=7736, stack(0x000000721d300000,0x000000721d400000) (1024K)]
  0x000001ecf8f4dfa0 JavaThread "File watcher consumer"      daemon [_thread_blocked, id=9128, stack(0x000000721d400000,0x000000721d500000) (1024K)]
  0x000001ecf8f4c060 JavaThread "jar transforms"                    [_thread_blocked, id=13936, stack(0x000000721d500000,0x000000721d600000) (1024K)]
  0x000001ecf8f4e770 JavaThread "jar transforms Thread 2"           [_thread_blocked, id=11852, stack(0x000000721d600000,0x000000721d700000) (1024K)]
  0x000001ecf8f4fee0 JavaThread "jar transforms Thread 3"           [_thread_blocked, id=1608, stack(0x000000721d700000,0x000000721d800000) (1024K)]
  0x000001ecf8f4f710 JavaThread "Cache worker for file content cache (C:\Users\Usuario\.gradle\caches\9.5.1\fileContent)"        [_thread_blocked, id=19128, stack(0x000000721d800000,0x000000721d900000) (1024K)]
  0x000001ecf8f4d7d0 JavaThread "Cache worker for checksums cache (C:\Users\Usuario\Documents\ecommerce-api\.gradle\9.5.1\checksums)"        [_thread_blocked, id=2496, stack(0x000000721d900000,0x000000721da00000) (1024K)]
  0x000001ecf8f51e20 JavaThread "Cache worker for cache directory md-supplier (C:\Users\Usuario\.gradle\caches\9.5.1\md-supplier)"        [_thread_blocked, id=19948, stack(0x000000721da00000,0x000000721db00000) (1024K)]
  0x000001ecf8f53590 JavaThread "Cache worker for cache directory md-rule (C:\Users\Usuario\.gradle\caches\9.5.1\md-rule)"        [_thread_blocked, id=10620, stack(0x000000721db00000,0x000000721dc00000) (1024K)]
  0x000001ecf9182b90 JavaThread "jar transforms Thread 4"           [_thread_blocked, id=8448, stack(0x000000721a600000,0x000000721a700000) (1024K)]
  0x000001ecf91823c0 JavaThread "jar transforms Thread 5"           [_thread_blocked, id=200, stack(0x000000721dc00000,0x000000721dd00000) (1024K)]
  0x000001ecf91871e0 JavaThread "jar transforms Thread 6"           [_thread_blocked, id=14632, stack(0x000000721dd00000,0x000000721de00000) (1024K)]
  0x000001ecf91879b0 JavaThread "jar transforms Thread 7"           [_thread_blocked, id=12144, stack(0x000000721de00000,0x000000721df00000) (1024K)]
  0x000001ecf9189120 JavaThread "jar transforms Thread 8"           [_thread_blocked, id=15672, stack(0x000000721df00000,0x000000721e000000) (1024K)]
  0x000001ecfa2d4ca0 JavaThread "Build operations"                  [_thread_blocked, id=6052, stack(0x000000721a700000,0x000000721a800000) (1024K)]
  0x000001ecfa2d7b80 JavaThread "Build operations Thread 2"         [_thread_blocked, id=17308, stack(0x000000721a800000,0x000000721a900000) (1024K)]
  0x000001ecfa2d44d0 JavaThread "Build operations Thread 3"         [_thread_blocked, id=4756, stack(0x000000721e000000,0x000000721e100000) (1024K)]
  0x000001ecfa2d6410 JavaThread "Build operations Thread 4"         [_thread_blocked, id=21052, stack(0x000000721e100000,0x000000721e200000) (1024K)]
  0x000001ecfa2d92f0 JavaThread "Build operations Thread 5"         [_thread_blocked, id=19564, stack(0x000000721e200000,0x000000721e300000) (1024K)]
  0x000001ecfa2db230 JavaThread "Build operations Thread 6"         [_thread_blocked, id=20532, stack(0x000000721e300000,0x000000721e400000) (1024K)]
  0x000001ecfa2d8350 JavaThread "Build operations Thread 7"         [_thread_blocked, id=14228, stack(0x000000721e400000,0x000000721e500000) (1024K)]
  0x000001ecf94e64d0 JavaThread "Build operations Thread 8"         [_thread_blocked, id=12260, stack(0x000000721e900000,0x000000721ea00000) (1024K)]
  0x000001ecf94ea350 JavaThread "Memory manager"                    [_thread_blocked, id=2928, stack(0x000000721ea00000,0x000000721eb00000) (1024K)]
Total: 50

Other Threads:
  0x000001ecf29bddc0 VMThread "VM Thread"                           [id=20424, stack(0x000000721b000000,0x000000721b100000) (1024K)]
  0x000001ecf29b15d0 WatcherThread "VM Periodic Task Thread"        [id=9856, stack(0x000000721af00000,0x000000721b000000) (1024K)]
  0x000001ecd77c0f10 WorkerThread "GC Thread#0"                     [id=2164, stack(0x000000721aa00000,0x000000721ab00000) (1024K)]
  0x000001ecf7da8370 WorkerThread "GC Thread#1"                     [id=14276, stack(0x000000721bb00000,0x000000721bc00000) (1024K)]
  0x000001ecf7dc05f0 WorkerThread "GC Thread#2"                     [id=19020, stack(0x000000721bc00000,0x000000721bd00000) (1024K)]
  0x000001ecf7dc2e40 WorkerThread "GC Thread#3"                     [id=14340, stack(0x000000721bd00000,0x000000721be00000) (1024K)]
  0x000001ecf7dc3270 WorkerThread "GC Thread#4"                     [id=11248, stack(0x000000721be00000,0x000000721bf00000) (1024K)]
  0x000001ecf7dcbed0 WorkerThread "GC Thread#5"                     [id=8628, stack(0x000000721bf00000,0x000000721c000000) (1024K)]
  0x000001ecf2ab0d20 WorkerThread "GC Thread#6"                     [id=18340, stack(0x000000721ce00000,0x000000721cf00000) (1024K)]
  0x000001ecf2aaeef0 WorkerThread "GC Thread#7"                     [id=6416, stack(0x000000721cf00000,0x000000721d000000) (1024K)]
  0x000001ecd77c8cb0 ConcurrentGCThread "G1 Main Marker"            [id=6808, stack(0x000000721ab00000,0x000000721ac00000) (1024K)]
  0x000001ecd77c9850 WorkerThread "G1 Conc#0"                       [id=19156, stack(0x000000721ac00000,0x000000721ad00000) (1024K)]
  0x000001ecf2ab0030 WorkerThread "G1 Conc#1"                       [id=16356, stack(0x000000721d000000,0x000000721d100000) (1024K)]
  0x000001ecd7838ed0 ConcurrentGCThread "G1 Refine#0"               [id=11200, stack(0x000000721ad00000,0x000000721ae00000) (1024K)]
  0x000001ecd78398e0 ConcurrentGCThread "G1 Service"                [id=8636, stack(0x000000721ae00000,0x000000721af00000) (1024K)]
Total: 15

Threads with active compile tasks:
C2 CompilerThread0  152384 9757       4       com.sun.org.apache.xerces.internal.impl.XMLDTDScannerImpl::scanEntityDecl (872 bytes)
Total: 1

VM state: not at safepoint (normal execution)

VM Mutex/Monitor currently owned by a thread: None

Heap address: 0x00000000e0000000, size: 512 MB, Compressed Oops mode: 32-bit

CDS archive(s) mapped at: [0x000000004a000000-0x000000004add0000-0x000000004add0000), size 14483456, SharedBaseAddress: 0x000000004a000000, ArchiveRelocationMode: 1.
Compressed class space mapped at: 0x000000004b000000-0x000000005f000000, reserved size: 335544320
UseCompressedClassPointers 1, UseCompactObjectHeaders 0
Narrow klass pointer bits 32, Max shift 3
Narrow klass base: 0x000000004a000000, Narrow klass shift: 0
Encoding Range: [0x000000004a000000 - 0x000000014a000000), (4294967296 bytes)
Klass Range:    [0x000000004a010000 - 0x000000005f000000), (352256000 bytes)
Klass ID Range:  [65536 - 352321529) (352255993)
Protection zone: [0x000000004a000000 - 0x000000004a010000), (65536 bytes)

GC Precious Log:
 CardTable entry size: 512
 Card Set container configuration: InlinePtr #cards 5 size 8 Array Of Cards #cards 10 size 36 Howl #buckets 4 coarsen threshold 1843 Howl Bitmap #cards 512 size 80 coarsen threshold 460 Card regions per heap region 1 cards per card region 2048
 CPUs: 8 total, 8 available
 Memory: 3615M
 Large Page Support: Disabled
 NUMA Support: Disabled
 Compressed Oops: Enabled (32-bit)
 Heap Region Size: 1M
 Heap Min Capacity: 256M
 Heap Initial Capacity: 256M
 Heap Max Capacity: 512M
 Pre-touch: Disabled
 Parallel Workers: 8
 Concurrent Workers: 2
 Concurrent Refinement Workers: 8
 Periodic GC: Disabled

Heap:
 garbage-first heap   total reserved 524288K, committed 262144K, used 146137K [0x00000000e0000000, 0x0000000100000000)
  region size 1024K, 103 young (105472K), 6 survivors (6144K)

Heap Regions: E=young(eden), S=young(survivor), O=old, HS=humongous(starts), HC=humongous(continues), CS=collection set, F=free, TAMS=top-at-mark-start, PB=parsable bottom
|   0|0x00000000e0000000, 0x00000000e0100000, 0x00000000e0100000|100%|HS|  |TAMS 0x00000000e0000000| PB 0x00000000e0000000| Complete |  0
|   1|0x00000000e0100000, 0x00000000e0200000, 0x00000000e0200000|100%|HC|  |TAMS 0x00000000e0100000| PB 0x00000000e0100000| Complete |  0
|   2|0x00000000e0200000, 0x00000000e0300000, 0x00000000e0300000|100%|HC|  |TAMS 0x00000000e0200000| PB 0x00000000e0200000| Complete |  0
|   3|0x00000000e0300000, 0x00000000e0400000, 0x00000000e0400000|100%|HC|  |TAMS 0x00000000e0300000| PB 0x00000000e0300000| Complete |  0
|   4|0x00000000e0400000, 0x00000000e0500000, 0x00000000e0500000|100%| O|  |TAMS 0x00000000e0400000| PB 0x00000000e0400000| Untracked |  0
|   5|0x00000000e0500000, 0x00000000e0600000, 0x00000000e0600000|100%| O|  |TAMS 0x00000000e0500000| PB 0x00000000e0500000| Untracked |  0
|   6|0x00000000e0600000, 0x00000000e0700000, 0x00000000e0700000|100%|HS|  |TAMS 0x00000000e0600000| PB 0x00000000e0600000| Complete |  0
|   7|0x00000000e0700000, 0x00000000e0800000, 0x00000000e0800000|100%| O|  |TAMS 0x00000000e0700000| PB 0x00000000e0700000| Untracked |  0
|   8|0x00000000e0800000, 0x00000000e0900000, 0x00000000e0900000|100%| O|  |TAMS 0x00000000e0800000| PB 0x00000000e0800000| Untracked |  0
|   9|0x00000000e0900000, 0x00000000e0a00000, 0x00000000e0a00000|100%| O|  |TAMS 0x00000000e0900000| PB 0x00000000e0900000| Untracked |  0
|  10|0x00000000e0a00000, 0x00000000e0b00000, 0x00000000e0b00000|100%| O|  |TAMS 0x00000000e0a00000| PB 0x00000000e0a00000| Untracked |  0
|  11|0x00000000e0b00000, 0x00000000e0c00000, 0x00000000e0c00000|100%| O|  |TAMS 0x00000000e0b00000| PB 0x00000000e0b00000| Untracked |  0
|  12|0x00000000e0c00000, 0x00000000e0d00000, 0x00000000e0d00000|100%| O|  |TAMS 0x00000000e0c00000| PB 0x00000000e0c00000| Untracked |  0
|  13|0x00000000e0d00000, 0x00000000e0e00000, 0x00000000e0e00000|100%| O|  |TAMS 0x00000000e0d00000| PB 0x00000000e0d00000| Untracked |  0
|  14|0x00000000e0e00000, 0x00000000e0e00000, 0x00000000e0f00000|  0%| F|  |TAMS 0x00000000e0e00000| PB 0x00000000e0e00000| Untracked |  0
|  15|0x00000000e0f00000, 0x00000000e1000000, 0x00000000e1000000|100%| O|  |TAMS 0x00000000e0f00000| PB 0x00000000e0f00000| Untracked |  0
|  16|0x00000000e1000000, 0x00000000e1100000, 0x00000000e1100000|100%| O|  |TAMS 0x00000000e1000000| PB 0x00000000e1000000| Untracked |  0
|  17|0x00000000e1100000, 0x00000000e1200000, 0x00000000e1200000|100%| O|  |TAMS 0x00000000e1100000| PB 0x00000000e1100000| Untracked |  0
|  18|0x00000000e1200000, 0x00000000e1300000, 0x00000000e1300000|100%| O|  |TAMS 0x00000000e1200000| PB 0x00000000e1200000| Untracked |  0
|  19|0x00000000e1300000, 0x00000000e1400000, 0x00000000e1400000|100%| O|  |TAMS 0x00000000e1300000| PB 0x00000000e1300000| Untracked |  0
|  20|0x00000000e1400000, 0x00000000e1500000, 0x00000000e1500000|100%| O|  |TAMS 0x00000000e1400000| PB 0x00000000e1400000| Untracked |  0
|  21|0x00000000e1500000, 0x00000000e1600000, 0x00000000e1600000|100%| O|  |TAMS 0x00000000e1500000| PB 0x00000000e1500000| Untracked |  0
|  22|0x00000000e1600000, 0x00000000e1700000, 0x00000000e1700000|100%| O|  |TAMS 0x00000000e1600000| PB 0x00000000e1600000| Untracked |  0
|  23|0x00000000e1700000, 0x00000000e1800000, 0x00000000e1800000|100%| O|  |TAMS 0x00000000e1700000| PB 0x00000000e1700000| Untracked |  0
|  24|0x00000000e1800000, 0x00000000e1900000, 0x00000000e1900000|100%| O|  |TAMS 0x00000000e1800000| PB 0x00000000e1800000| Untracked |  0
|  25|0x00000000e1900000, 0x00000000e1a00000, 0x00000000e1a00000|100%| O|  |TAMS 0x00000000e1900000| PB 0x00000000e1900000| Untracked |  0
|  26|0x00000000e1a00000, 0x00000000e1b00000, 0x00000000e1b00000|100%| O|  |TAMS 0x00000000e1a00000| PB 0x00000000e1a00000| Untracked |  0
|  27|0x00000000e1b00000, 0x00000000e1c00000, 0x00000000e1c00000|100%| O|  |TAMS 0x00000000e1b00000| PB 0x00000000e1b00000| Untracked |  0
|  28|0x00000000e1c00000, 0x00000000e1d00000, 0x00000000e1d00000|100%| O|  |TAMS 0x00000000e1c00000| PB 0x00000000e1c00000| Untracked |  0
|  29|0x00000000e1d00000, 0x00000000e1e00000, 0x00000000e1e00000|100%| O|  |TAMS 0x00000000e1d00000| PB 0x00000000e1d00000| Untracked |  0
|  30|0x00000000e1e00000, 0x00000000e1f00000, 0x00000000e1f00000|100%| O|  |TAMS 0x00000000e1e00000| PB 0x00000000e1e00000| Untracked |  0
|  31|0x00000000e1f00000, 0x00000000e2000000, 0x00000000e2000000|100%| O|  |TAMS 0x00000000e1f00000| PB 0x00000000e1f00000| Untracked |  0
|  32|0x00000000e2000000, 0x00000000e2100000, 0x00000000e2100000|100%| O|  |TAMS 0x00000000e2000000| PB 0x00000000e2000000| Untracked |  0
|  33|0x00000000e2100000, 0x00000000e2200000, 0x00000000e2200000|100%| O|  |TAMS 0x00000000e2100000| PB 0x00000000e2100000| Untracked |  0
|  34|0x00000000e2200000, 0x00000000e2300000, 0x00000000e2300000|100%| O|  |TAMS 0x00000000e2200000| PB 0x00000000e2200000| Untracked |  0
|  35|0x00000000e2300000, 0x00000000e2400000, 0x00000000e2400000|100%| O|  |TAMS 0x00000000e2300000| PB 0x00000000e2300000| Untracked |  0
|  36|0x00000000e2400000, 0x00000000e2500000, 0x00000000e2500000|100%| O|  |TAMS 0x00000000e2400000| PB 0x00000000e2400000| Untracked |  0
|  37|0x00000000e2500000, 0x00000000e2600000, 0x00000000e2600000|100%| O|  |TAMS 0x00000000e2500000| PB 0x00000000e2500000| Untracked |  0
|  38|0x00000000e2600000, 0x00000000e2700000, 0x00000000e2700000|100%| O|  |TAMS 0x00000000e2600000| PB 0x00000000e2600000| Untracked |  0
|  39|0x00000000e2700000, 0x00000000e2800000, 0x00000000e2800000|100%| O|  |TAMS 0x00000000e2700000| PB 0x00000000e2700000| Untracked |  0
|  40|0x00000000e2800000, 0x00000000e2900000, 0x00000000e2900000|100%| O|Cm|TAMS 0x00000000e2800000| PB 0x00000000e2800000| Complete |  0
|  41|0x00000000e2900000, 0x00000000e2900000, 0x00000000e2a00000|  0%| F|  |TAMS 0x00000000e2900000| PB 0x00000000e2900000| Untracked |  0
|  42|0x00000000e2a00000, 0x00000000e2a00000, 0x00000000e2b00000|  0%| F|  |TAMS 0x00000000e2a00000| PB 0x00000000e2a00000| Untracked |  0
|  43|0x00000000e2b00000, 0x00000000e2b00000, 0x00000000e2c00000|  0%| F|  |TAMS 0x00000000e2b00000| PB 0x00000000e2b00000| Untracked |  0
|  44|0x00000000e2c00000, 0x00000000e2c00000, 0x00000000e2d00000|  0%| F|  |TAMS 0x00000000e2c00000| PB 0x00000000e2c00000| Untracked |  0
|  45|0x00000000e2d00000, 0x00000000e2d00000, 0x00000000e2e00000|  0%| F|  |TAMS 0x00000000e2d00000| PB 0x00000000e2d00000| Untracked |  0
|  46|0x00000000e2e00000, 0x00000000e2e00000, 0x00000000e2f00000|  0%| F|  |TAMS 0x00000000e2e00000| PB 0x00000000e2e00000| Untracked |  0
|  47|0x00000000e2f00000, 0x00000000e2f00000, 0x00000000e3000000|  0%| F|  |TAMS 0x00000000e2f00000| PB 0x00000000e2f00000| Untracked |  0
|  48|0x00000000e3000000, 0x00000000e3000000, 0x00000000e3100000|  0%| F|  |TAMS 0x00000000e3000000| PB 0x00000000e3000000| Untracked |  0
|  49|0x00000000e3100000, 0x00000000e3100000, 0x00000000e3200000|  0%| F|  |TAMS 0x00000000e3100000| PB 0x00000000e3100000| Untracked |  0
|  50|0x00000000e3200000, 0x00000000e3200000, 0x00000000e3300000|  0%| F|  |TAMS 0x00000000e3200000| PB 0x00000000e3200000| Untracked |  0
|  51|0x00000000e3300000, 0x00000000e3300000, 0x00000000e3400000|  0%| F|  |TAMS 0x00000000e3300000| PB 0x00000000e3300000| Untracked |  0
|  52|0x00000000e3400000, 0x00000000e3400000, 0x00000000e3500000|  0%| F|  |TAMS 0x00000000e3400000| PB 0x00000000e3400000| Untracked |  0
|  53|0x00000000e3500000, 0x00000000e3500000, 0x00000000e3600000|  0%| F|  |TAMS 0x00000000e3500000| PB 0x00000000e3500000| Untracked |  0
|  54|0x00000000e3600000, 0x00000000e3600000, 0x00000000e3700000|  0%| F|  |TAMS 0x00000000e3600000| PB 0x00000000e3600000| Untracked |  0
|  55|0x00000000e3700000, 0x00000000e3700000, 0x00000000e3800000|  0%| F|  |TAMS 0x00000000e3700000| PB 0x00000000e3700000| Untracked |  0
|  56|0x00000000e3800000, 0x00000000e3800000, 0x00000000e3900000|  0%| F|  |TAMS 0x00000000e3800000| PB 0x00000000e3800000| Untracked |  0
|  57|0x00000000e3900000, 0x00000000e3900000, 0x00000000e3a00000|  0%| F|  |TAMS 0x00000000e3900000| PB 0x00000000e3900000| Untracked |  0
|  58|0x00000000e3a00000, 0x00000000e3a00000, 0x00000000e3b00000|  0%| F|  |TAMS 0x00000000e3a00000| PB 0x00000000e3a00000| Untracked |  0
|  59|0x00000000e3b00000, 0x00000000e3b00000, 0x00000000e3c00000|  0%| F|  |TAMS 0x00000000e3b00000| PB 0x00000000e3b00000| Untracked |  0
|  60|0x00000000e3c00000, 0x00000000e3c00000, 0x00000000e3d00000|  0%| F|  |TAMS 0x00000000e3c00000| PB 0x00000000e3c00000| Untracked |  0
|  61|0x00000000e3d00000, 0x00000000e3d00000, 0x00000000e3e00000|  0%| F|  |TAMS 0x00000000e3d00000| PB 0x00000000e3d00000| Untracked |  0
|  62|0x00000000e3e00000, 0x00000000e3e00000, 0x00000000e3f00000|  0%| F|  |TAMS 0x00000000e3e00000| PB 0x00000000e3e00000| Untracked |  0
|  63|0x00000000e3f00000, 0x00000000e3f00000, 0x00000000e4000000|  0%| F|  |TAMS 0x00000000e3f00000| PB 0x00000000e3f00000| Untracked |  0
|  64|0x00000000e4000000, 0x00000000e4000000, 0x00000000e4100000|  0%| F|  |TAMS 0x00000000e4000000| PB 0x00000000e4000000| Untracked |  0
|  65|0x00000000e4100000, 0x00000000e4100000, 0x00000000e4200000|  0%| F|  |TAMS 0x00000000e4100000| PB 0x00000000e4100000| Untracked |  0
|  66|0x00000000e4200000, 0x00000000e4200000, 0x00000000e4300000|  0%| F|  |TAMS 0x00000000e4200000| PB 0x00000000e4200000| Untracked |  0
|  67|0x00000000e4300000, 0x00000000e4300000, 0x00000000e4400000|  0%| F|  |TAMS 0x00000000e4300000| PB 0x00000000e4300000| Untracked |  0
|  68|0x00000000e4400000, 0x00000000e4400000, 0x00000000e4500000|  0%| F|  |TAMS 0x00000000e4400000| PB 0x00000000e4400000| Untracked |  0
|  69|0x00000000e4500000, 0x00000000e4500000, 0x00000000e4600000|  0%| F|  |TAMS 0x00000000e4500000| PB 0x00000000e4500000| Untracked |  0
|  70|0x00000000e4600000, 0x00000000e4600000, 0x00000000e4700000|  0%| F|  |TAMS 0x00000000e4600000| PB 0x00000000e4600000| Untracked |  0
|  71|0x00000000e4700000, 0x00000000e4700000, 0x00000000e4800000|  0%| F|  |TAMS 0x00000000e4700000| PB 0x00000000e4700000| Untracked |  0
|  72|0x00000000e4800000, 0x00000000e4800000, 0x00000000e4900000|  0%| F|  |TAMS 0x00000000e4800000| PB 0x00000000e4800000| Untracked |  0
|  73|0x00000000e4900000, 0x00000000e4900000, 0x00000000e4a00000|  0%| F|  |TAMS 0x00000000e4900000| PB 0x00000000e4900000| Untracked |  0
|  74|0x00000000e4a00000, 0x00000000e4a00000, 0x00000000e4b00000|  0%| F|  |TAMS 0x00000000e4a00000| PB 0x00000000e4a00000| Untracked |  0
|  75|0x00000000e4b00000, 0x00000000e4b00000, 0x00000000e4c00000|  0%| F|  |TAMS 0x00000000e4b00000| PB 0x00000000e4b00000| Untracked |  0
|  76|0x00000000e4c00000, 0x00000000e4c00000, 0x00000000e4d00000|  0%| F|  |TAMS 0x00000000e4c00000| PB 0x00000000e4c00000| Untracked |  0
|  77|0x00000000e4d00000, 0x00000000e4d00000, 0x00000000e4e00000|  0%| F|  |TAMS 0x00000000e4d00000| PB 0x00000000e4d00000| Untracked |  0
|  78|0x00000000e4e00000, 0x00000000e4e00000, 0x00000000e4f00000|  0%| F|  |TAMS 0x00000000e4e00000| PB 0x00000000e4e00000| Untracked |  0
|  79|0x00000000e4f00000, 0x00000000e4f00000, 0x00000000e5000000|  0%| F|  |TAMS 0x00000000e4f00000| PB 0x00000000e4f00000| Untracked |  0
|  80|0x00000000e5000000, 0x00000000e5000000, 0x00000000e5100000|  0%| F|  |TAMS 0x00000000e5000000| PB 0x00000000e5000000| Untracked |  0
|  81|0x00000000e5100000, 0x00000000e5100000, 0x00000000e5200000|  0%| F|  |TAMS 0x00000000e5100000| PB 0x00000000e5100000| Untracked |  0
|  82|0x00000000e5200000, 0x00000000e5200000, 0x00000000e5300000|  0%| F|  |TAMS 0x00000000e5200000| PB 0x00000000e5200000| Untracked |  0
|  83|0x00000000e5300000, 0x00000000e5300000, 0x00000000e5400000|  0%| F|  |TAMS 0x00000000e5300000| PB 0x00000000e5300000| Untracked |  0
|  84|0x00000000e5400000, 0x00000000e5400000, 0x00000000e5500000|  0%| F|  |TAMS 0x00000000e5400000| PB 0x00000000e5400000| Untracked |  0
|  85|0x00000000e5500000, 0x00000000e5500000, 0x00000000e5600000|  0%| F|  |TAMS 0x00000000e5500000| PB 0x00000000e5500000| Untracked |  0
|  86|0x00000000e5600000, 0x00000000e5600000, 0x00000000e5700000|  0%| F|  |TAMS 0x00000000e5600000| PB 0x00000000e5600000| Untracked |  0
|  87|0x00000000e5700000, 0x00000000e5700000, 0x00000000e5800000|  0%| F|  |TAMS 0x00000000e5700000| PB 0x00000000e5700000| Untracked |  0
|  88|0x00000000e5800000, 0x00000000e5800000, 0x00000000e5900000|  0%| F|  |TAMS 0x00000000e5800000| PB 0x00000000e5800000| Untracked |  0
|  89|0x00000000e5900000, 0x00000000e5900000, 0x00000000e5a00000|  0%| F|  |TAMS 0x00000000e5900000| PB 0x00000000e5900000| Untracked |  0
|  90|0x00000000e5a00000, 0x00000000e5a00000, 0x00000000e5b00000|  0%| F|  |TAMS 0x00000000e5a00000| PB 0x00000000e5a00000| Untracked |  0
|  91|0x00000000e5b00000, 0x00000000e5b00000, 0x00000000e5c00000|  0%| F|  |TAMS 0x00000000e5b00000| PB 0x00000000e5b00000| Untracked |  0
|  92|0x00000000e5c00000, 0x00000000e5c00000, 0x00000000e5d00000|  0%| F|  |TAMS 0x00000000e5c00000| PB 0x00000000e5c00000| Untracked |  0
|  93|0x00000000e5d00000, 0x00000000e5d00000, 0x00000000e5e00000|  0%| F|  |TAMS 0x00000000e5d00000| PB 0x00000000e5d00000| Untracked |  0
|  94|0x00000000e5e00000, 0x00000000e5e00000, 0x00000000e5f00000|  0%| F|  |TAMS 0x00000000e5e00000| PB 0x00000000e5e00000| Untracked |  0
|  95|0x00000000e5f00000, 0x00000000e5f00000, 0x00000000e6000000|  0%| F|  |TAMS 0x00000000e5f00000| PB 0x00000000e5f00000| Untracked |  0
|  96|0x00000000e6000000, 0x00000000e6000000, 0x00000000e6100000|  0%| F|  |TAMS 0x00000000e6000000| PB 0x00000000e6000000| Untracked |  0
|  97|0x00000000e6100000, 0x00000000e6100000, 0x00000000e6200000|  0%| F|  |TAMS 0x00000000e6100000| PB 0x00000000e6100000| Untracked |  0
|  98|0x00000000e6200000, 0x00000000e6200000, 0x00000000e6300000|  0%| F|  |TAMS 0x00000000e6200000| PB 0x00000000e6200000| Untracked |  0
|  99|0x00000000e6300000, 0x00000000e6300000, 0x00000000e6400000|  0%| F|  |TAMS 0x00000000e6300000| PB 0x00000000e6300000| Untracked |  0
| 100|0x00000000e6400000, 0x00000000e6400000, 0x00000000e6500000|  0%| F|  |TAMS 0x00000000e6400000| PB 0x00000000e6400000| Untracked |  0
| 101|0x00000000e6500000, 0x00000000e6500000, 0x00000000e6600000|  0%| F|  |TAMS 0x00000000e6500000| PB 0x00000000e6500000| Untracked |  0
| 102|0x00000000e6600000, 0x00000000e6600000, 0x00000000e6700000|  0%| F|  |TAMS 0x00000000e6600000| PB 0x00000000e6600000| Untracked |  0
| 103|0x00000000e6700000, 0x00000000e6700000, 0x00000000e6800000|  0%| F|  |TAMS 0x00000000e6700000| PB 0x00000000e6700000| Untracked |  0
| 104|0x00000000e6800000, 0x00000000e6800000, 0x00000000e6900000|  0%| F|  |TAMS 0x00000000e6800000| PB 0x00000000e6800000| Untracked |  0
| 105|0x00000000e6900000, 0x00000000e6900000, 0x00000000e6a00000|  0%| F|  |TAMS 0x00000000e6900000| PB 0x00000000e6900000| Untracked |  0
| 106|0x00000000e6a00000, 0x00000000e6a00000, 0x00000000e6b00000|  0%| F|  |TAMS 0x00000000e6a00000| PB 0x00000000e6a00000| Untracked |  0
| 107|0x00000000e6b00000, 0x00000000e6b00000, 0x00000000e6c00000|  0%| F|  |TAMS 0x00000000e6b00000| PB 0x00000000e6b00000| Untracked |  0
| 108|0x00000000e6c00000, 0x00000000e6c00000, 0x00000000e6d00000|  0%| F|  |TAMS 0x00000000e6c00000| PB 0x00000000e6c00000| Untracked |  0
| 109|0x00000000e6d00000, 0x00000000e6d00000, 0x00000000e6e00000|  0%| F|  |TAMS 0x00000000e6d00000| PB 0x00000000e6d00000| Untracked |  0
| 110|0x00000000e6e00000, 0x00000000e6e00000, 0x00000000e6f00000|  0%| F|  |TAMS 0x00000000e6e00000| PB 0x00000000e6e00000| Untracked |  0
| 111|0x00000000e6f00000, 0x00000000e6f00000, 0x00000000e7000000|  0%| F|  |TAMS 0x00000000e6f00000| PB 0x00000000e6f00000| Untracked |  0
| 112|0x00000000e7000000, 0x00000000e7000000, 0x00000000e7100000|  0%| F|  |TAMS 0x00000000e7000000| PB 0x00000000e7000000| Untracked |  0
| 113|0x00000000e7100000, 0x00000000e7100000, 0x00000000e7200000|  0%| F|  |TAMS 0x00000000e7100000| PB 0x00000000e7100000| Untracked |  0
| 114|0x00000000e7200000, 0x00000000e7200000, 0x00000000e7300000|  0%| F|  |TAMS 0x00000000e7200000| PB 0x00000000e7200000| Untracked |  0
| 115|0x00000000e7300000, 0x00000000e7300000, 0x00000000e7400000|  0%| F|  |TAMS 0x00000000e7300000| PB 0x00000000e7300000| Untracked |  0
| 116|0x00000000e7400000, 0x00000000e7400000, 0x00000000e7500000|  0%| F|  |TAMS 0x00000000e7400000| PB 0x00000000e7400000| Untracked |  0
| 117|0x00000000e7500000, 0x00000000e7500000, 0x00000000e7600000|  0%| F|  |TAMS 0x00000000e7500000| PB 0x00000000e7500000| Untracked |  0
| 118|0x00000000e7600000, 0x00000000e7600000, 0x00000000e7700000|  0%| F|  |TAMS 0x00000000e7600000| PB 0x00000000e7600000| Untracked |  0
| 119|0x00000000e7700000, 0x00000000e7700000, 0x00000000e7800000|  0%| F|  |TAMS 0x00000000e7700000| PB 0x00000000e7700000| Untracked |  0
| 120|0x00000000e7800000, 0x00000000e7800000, 0x00000000e7900000|  0%| F|  |TAMS 0x00000000e7800000| PB 0x00000000e7800000| Untracked |  0
| 121|0x00000000e7900000, 0x00000000e7900000, 0x00000000e7a00000|  0%| F|  |TAMS 0x00000000e7900000| PB 0x00000000e7900000| Untracked |  0
| 122|0x00000000e7a00000, 0x00000000e7a00000, 0x00000000e7b00000|  0%| F|  |TAMS 0x00000000e7a00000| PB 0x00000000e7a00000| Untracked |  0
| 123|0x00000000e7b00000, 0x00000000e7b00000, 0x00000000e7c00000|  0%| F|  |TAMS 0x00000000e7b00000| PB 0x00000000e7b00000| Untracked |  0
| 124|0x00000000e7c00000, 0x00000000e7c00000, 0x00000000e7d00000|  0%| F|  |TAMS 0x00000000e7c00000| PB 0x00000000e7c00000| Untracked |  0
| 125|0x00000000e7d00000, 0x00000000e7d00000, 0x00000000e7e00000|  0%| F|  |TAMS 0x00000000e7d00000| PB 0x00000000e7d00000| Untracked |  0
| 126|0x00000000e7e00000, 0x00000000e7e00000, 0x00000000e7f00000|  0%| F|  |TAMS 0x00000000e7e00000| PB 0x00000000e7e00000| Untracked |  0
| 127|0x00000000e7f00000, 0x00000000e7f00000, 0x00000000e8000000|  0%| F|  |TAMS 0x00000000e7f00000| PB 0x00000000e7f00000| Untracked |  0
| 128|0x00000000e8000000, 0x00000000e8000000, 0x00000000e8100000|  0%| F|  |TAMS 0x00000000e8000000| PB 0x00000000e8000000| Untracked |  0
| 129|0x00000000e8100000, 0x00000000e8100000, 0x00000000e8200000|  0%| F|  |TAMS 0x00000000e8100000| PB 0x00000000e8100000| Untracked |  0
| 130|0x00000000e8200000, 0x00000000e8200000, 0x00000000e8300000|  0%| F|  |TAMS 0x00000000e8200000| PB 0x00000000e8200000| Untracked |  0
| 131|0x00000000e8300000, 0x00000000e8300000, 0x00000000e8400000|  0%| F|  |TAMS 0x00000000e8300000| PB 0x00000000e8300000| Untracked |  0
| 132|0x00000000e8400000, 0x00000000e8400000, 0x00000000e8500000|  0%| F|  |TAMS 0x00000000e8400000| PB 0x00000000e8400000| Untracked |  0
| 133|0x00000000e8500000, 0x00000000e8500000, 0x00000000e8600000|  0%| F|  |TAMS 0x00000000e8500000| PB 0x00000000e8500000| Untracked |  0
| 134|0x00000000e8600000, 0x00000000e8600000, 0x00000000e8700000|  0%| F|  |TAMS 0x00000000e8600000| PB 0x00000000e8600000| Untracked |  0
| 135|0x00000000e8700000, 0x00000000e8700000, 0x00000000e8800000|  0%| F|  |TAMS 0x00000000e8700000| PB 0x00000000e8700000| Untracked |  0
| 136|0x00000000e8800000, 0x00000000e8800000, 0x00000000e8900000|  0%| F|  |TAMS 0x00000000e8800000| PB 0x00000000e8800000| Untracked |  0
| 137|0x00000000e8900000, 0x00000000e8900000, 0x00000000e8a00000|  0%| F|  |TAMS 0x00000000e8900000| PB 0x00000000e8900000| Untracked |  0
| 138|0x00000000e8a00000, 0x00000000e8a00000, 0x00000000e8b00000|  0%| F|  |TAMS 0x00000000e8a00000| PB 0x00000000e8a00000| Untracked |  0
| 139|0x00000000e8b00000, 0x00000000e8b00000, 0x00000000e8c00000|  0%| F|  |TAMS 0x00000000e8b00000| PB 0x00000000e8b00000| Untracked |  0
| 140|0x00000000e8c00000, 0x00000000e8c00000, 0x00000000e8d00000|  0%| F|  |TAMS 0x00000000e8c00000| PB 0x00000000e8c00000| Untracked |  0
| 141|0x00000000e8d00000, 0x00000000e8d00000, 0x00000000e8e00000|  0%| F|  |TAMS 0x00000000e8d00000| PB 0x00000000e8d00000| Untracked |  0
| 142|0x00000000e8e00000, 0x00000000e8e00000, 0x00000000e8f00000|  0%| F|  |TAMS 0x00000000e8e00000| PB 0x00000000e8e00000| Untracked |  0
| 143|0x00000000e8f00000, 0x00000000e8f00000, 0x00000000e9000000|  0%| F|  |TAMS 0x00000000e8f00000| PB 0x00000000e8f00000| Untracked |  0
| 144|0x00000000e9000000, 0x00000000e9000000, 0x00000000e9100000|  0%| F|  |TAMS 0x00000000e9000000| PB 0x00000000e9000000| Untracked |  0
| 145|0x00000000e9100000, 0x00000000e9100000, 0x00000000e9200000|  0%| F|  |TAMS 0x00000000e9100000| PB 0x00000000e9100000| Untracked |  0
| 146|0x00000000e9200000, 0x00000000e9200000, 0x00000000e9300000|  0%| F|  |TAMS 0x00000000e9200000| PB 0x00000000e9200000| Untracked |  0
| 147|0x00000000e9300000, 0x00000000e9300000, 0x00000000e9400000|  0%| F|  |TAMS 0x00000000e9300000| PB 0x00000000e9300000| Untracked |  0
| 148|0x00000000e9400000, 0x00000000e9400000, 0x00000000e9500000|  0%| F|  |TAMS 0x00000000e9400000| PB 0x00000000e9400000| Untracked |  0
| 149|0x00000000e9500000, 0x00000000e9500000, 0x00000000e9600000|  0%| F|  |TAMS 0x00000000e9500000| PB 0x00000000e9500000| Untracked |  0
| 150|0x00000000e9600000, 0x00000000e9600000, 0x00000000e9700000|  0%| F|  |TAMS 0x00000000e9600000| PB 0x00000000e9600000| Untracked |  0
| 151|0x00000000e9700000, 0x00000000e9700000, 0x00000000e9800000|  0%| F|  |TAMS 0x00000000e9700000| PB 0x00000000e9700000| Untracked |  0
| 152|0x00000000e9800000, 0x00000000e9900000, 0x00000000e9900000|100%| E|  |TAMS 0x00000000e9800000| PB 0x00000000e9800000| Complete |  0
| 153|0x00000000e9900000, 0x00000000e9a00000, 0x00000000e9a00000|100%| E|CS|TAMS 0x00000000e9900000| PB 0x00000000e9900000| Complete |  0
| 154|0x00000000e9a00000, 0x00000000e9b00000, 0x00000000e9b00000|100%| E|CS|TAMS 0x00000000e9a00000| PB 0x00000000e9a00000| Complete |  0
| 155|0x00000000e9b00000, 0x00000000e9c00000, 0x00000000e9c00000|100%| E|CS|TAMS 0x00000000e9b00000| PB 0x00000000e9b00000| Complete |  0
| 156|0x00000000e9c00000, 0x00000000e9d00000, 0x00000000e9d00000|100%| E|CS|TAMS 0x00000000e9c00000| PB 0x00000000e9c00000| Complete |  0
| 157|0x00000000e9d00000, 0x00000000e9e00000, 0x00000000e9e00000|100%| E|CS|TAMS 0x00000000e9d00000| PB 0x00000000e9d00000| Complete |  0
| 158|0x00000000e9e00000, 0x00000000e9f00000, 0x00000000e9f00000|100%| E|CS|TAMS 0x00000000e9e00000| PB 0x00000000e9e00000| Complete |  0
| 159|0x00000000e9f00000, 0x00000000ea000000, 0x00000000ea000000|100%| E|CS|TAMS 0x00000000e9f00000| PB 0x00000000e9f00000| Complete |  0
| 160|0x00000000ea000000, 0x00000000ea100000, 0x00000000ea100000|100%| E|CS|TAMS 0x00000000ea000000| PB 0x00000000ea000000| Complete |  0
| 161|0x00000000ea100000, 0x00000000ea200000, 0x00000000ea200000|100%| E|CS|TAMS 0x00000000ea100000| PB 0x00000000ea100000| Complete |  0
| 162|0x00000000ea200000, 0x00000000ea300000, 0x00000000ea300000|100%| E|CS|TAMS 0x00000000ea200000| PB 0x00000000ea200000| Complete |  0
| 163|0x00000000ea300000, 0x00000000ea400000, 0x00000000ea400000|100%| E|CS|TAMS 0x00000000ea300000| PB 0x00000000ea300000| Complete |  0
| 164|0x00000000ea400000, 0x00000000ea500000, 0x00000000ea500000|100%| E|CS|TAMS 0x00000000ea400000| PB 0x00000000ea400000| Complete |  0
| 165|0x00000000ea500000, 0x00000000ea600000, 0x00000000ea600000|100%| E|CS|TAMS 0x00000000ea500000| PB 0x00000000ea500000| Complete |  0
| 166|0x00000000ea600000, 0x00000000ea700000, 0x00000000ea700000|100%| E|CS|TAMS 0x00000000ea600000| PB 0x00000000ea600000| Complete |  0
| 167|0x00000000ea700000, 0x00000000ea800000, 0x00000000ea800000|100%| E|CS|TAMS 0x00000000ea700000| PB 0x00000000ea700000| Complete |  0
| 168|0x00000000ea800000, 0x00000000ea900000, 0x00000000ea900000|100%| E|CS|TAMS 0x00000000ea800000| PB 0x00000000ea800000| Complete |  0
| 169|0x00000000ea900000, 0x00000000eaa00000, 0x00000000eaa00000|100%| E|CS|TAMS 0x00000000ea900000| PB 0x00000000ea900000| Complete |  0
| 170|0x00000000eaa00000, 0x00000000eab00000, 0x00000000eab00000|100%| E|CS|TAMS 0x00000000eaa00000| PB 0x00000000eaa00000| Complete |  0
| 171|0x00000000eab00000, 0x00000000eac00000, 0x00000000eac00000|100%| E|CS|TAMS 0x00000000eab00000| PB 0x00000000eab00000| Complete |  0
| 172|0x00000000eac00000, 0x00000000ead00000, 0x00000000ead00000|100%| E|CS|TAMS 0x00000000eac00000| PB 0x00000000eac00000| Complete |  0
| 173|0x00000000ead00000, 0x00000000eae00000, 0x00000000eae00000|100%| E|CS|TAMS 0x00000000ead00000| PB 0x00000000ead00000| Complete |  0
| 174|0x00000000eae00000, 0x00000000eaf00000, 0x00000000eaf00000|100%| E|CS|TAMS 0x00000000eae00000| PB 0x00000000eae00000| Complete |  0
| 175|0x00000000eaf00000, 0x00000000eb000000, 0x00000000eb000000|100%| E|CS|TAMS 0x00000000eaf00000| PB 0x00000000eaf00000| Complete |  0
| 176|0x00000000eb000000, 0x00000000eb100000, 0x00000000eb100000|100%| E|CS|TAMS 0x00000000eb000000| PB 0x00000000eb000000| Complete |  0
| 177|0x00000000eb100000, 0x00000000eb200000, 0x00000000eb200000|100%| E|CS|TAMS 0x00000000eb100000| PB 0x00000000eb100000| Complete |  0
| 178|0x00000000eb200000, 0x00000000eb300000, 0x00000000eb300000|100%| E|CS|TAMS 0x00000000eb200000| PB 0x00000000eb200000| Complete |  0
| 179|0x00000000eb300000, 0x00000000eb400000, 0x00000000eb400000|100%| E|CS|TAMS 0x00000000eb300000| PB 0x00000000eb300000| Complete |  0
| 180|0x00000000eb400000, 0x00000000eb500000, 0x00000000eb500000|100%| E|CS|TAMS 0x00000000eb400000| PB 0x00000000eb400000| Complete |  0
| 181|0x00000000eb500000, 0x00000000eb600000, 0x00000000eb600000|100%| E|CS|TAMS 0x00000000eb500000| PB 0x00000000eb500000| Complete |  0
| 182|0x00000000eb600000, 0x00000000eb700000, 0x00000000eb700000|100%| E|CS|TAMS 0x00000000eb600000| PB 0x00000000eb600000| Complete |  0
| 183|0x00000000eb700000, 0x00000000eb800000, 0x00000000eb800000|100%| E|CS|TAMS 0x00000000eb700000| PB 0x00000000eb700000| Complete |  0
| 184|0x00000000eb800000, 0x00000000eb900000, 0x00000000eb900000|100%| E|CS|TAMS 0x00000000eb800000| PB 0x00000000eb800000| Complete |  0
| 185|0x00000000eb900000, 0x00000000eba00000, 0x00000000eba00000|100%| E|CS|TAMS 0x00000000eb900000| PB 0x00000000eb900000| Complete |  0
| 186|0x00000000eba00000, 0x00000000ebb00000, 0x00000000ebb00000|100%| E|CS|TAMS 0x00000000eba00000| PB 0x00000000eba00000| Complete |  0
| 187|0x00000000ebb00000, 0x00000000ebc00000, 0x00000000ebc00000|100%| E|CS|TAMS 0x00000000ebb00000| PB 0x00000000ebb00000| Complete |  0
| 188|0x00000000ebc00000, 0x00000000ebd00000, 0x00000000ebd00000|100%| E|CS|TAMS 0x00000000ebc00000| PB 0x00000000ebc00000| Complete |  0
| 189|0x00000000ebd00000, 0x00000000ebe00000, 0x00000000ebe00000|100%| E|CS|TAMS 0x00000000ebd00000| PB 0x00000000ebd00000| Complete |  0
| 190|0x00000000ebe00000, 0x00000000ebf00000, 0x00000000ebf00000|100%| E|CS|TAMS 0x00000000ebe00000| PB 0x00000000ebe00000| Complete |  0
| 191|0x00000000ebf00000, 0x00000000ec000000, 0x00000000ec000000|100%| E|CS|TAMS 0x00000000ebf00000| PB 0x00000000ebf00000| Complete |  0
| 192|0x00000000ec000000, 0x00000000ec100000, 0x00000000ec100000|100%| E|CS|TAMS 0x00000000ec000000| PB 0x00000000ec000000| Complete |  0
| 193|0x00000000ec100000, 0x00000000ec200000, 0x00000000ec200000|100%| E|CS|TAMS 0x00000000ec100000| PB 0x00000000ec100000| Complete |  0
| 194|0x00000000ec200000, 0x00000000ec300000, 0x00000000ec300000|100%| E|CS|TAMS 0x00000000ec200000| PB 0x00000000ec200000| Complete |  0
| 195|0x00000000ec300000, 0x00000000ec400000, 0x00000000ec400000|100%| E|CS|TAMS 0x00000000ec300000| PB 0x00000000ec300000| Complete |  0
| 196|0x00000000ec400000, 0x00000000ec500000, 0x00000000ec500000|100%| E|CS|TAMS 0x00000000ec400000| PB 0x00000000ec400000| Complete |  0
| 197|0x00000000ec500000, 0x00000000ec600000, 0x00000000ec600000|100%| E|CS|TAMS 0x00000000ec500000| PB 0x00000000ec500000| Complete |  0
| 198|0x00000000ec600000, 0x00000000ec700000, 0x00000000ec700000|100%| E|CS|TAMS 0x00000000ec600000| PB 0x00000000ec600000| Complete |  0
| 199|0x00000000ec700000, 0x00000000ec800000, 0x00000000ec800000|100%| E|CS|TAMS 0x00000000ec700000| PB 0x00000000ec700000| Complete |  0
| 200|0x00000000ec800000, 0x00000000ec900000, 0x00000000ec900000|100%| E|CS|TAMS 0x00000000ec800000| PB 0x00000000ec800000| Complete |  0
| 201|0x00000000ec900000, 0x00000000eca00000, 0x00000000eca00000|100%| E|CS|TAMS 0x00000000ec900000| PB 0x00000000ec900000| Complete |  0
| 202|0x00000000eca00000, 0x00000000ecb00000, 0x00000000ecb00000|100%| E|CS|TAMS 0x00000000eca00000| PB 0x00000000eca00000| Complete |  0
| 203|0x00000000ecb00000, 0x00000000ecc00000, 0x00000000ecc00000|100%| E|CS|TAMS 0x00000000ecb00000| PB 0x00000000ecb00000| Complete |  0
| 204|0x00000000ecc00000, 0x00000000ecd00000, 0x00000000ecd00000|100%| E|CS|TAMS 0x00000000ecc00000| PB 0x00000000ecc00000| Complete |  0
| 205|0x00000000ecd00000, 0x00000000ece00000, 0x00000000ece00000|100%| E|CS|TAMS 0x00000000ecd00000| PB 0x00000000ecd00000| Complete |  0
| 206|0x00000000ece00000, 0x00000000ecf00000, 0x00000000ecf00000|100%| E|CS|TAMS 0x00000000ece00000| PB 0x00000000ece00000| Complete |  0
| 207|0x00000000ecf00000, 0x00000000ed000000, 0x00000000ed000000|100%| E|CS|TAMS 0x00000000ecf00000| PB 0x00000000ecf00000| Complete |  0
| 208|0x00000000ed000000, 0x00000000ed100000, 0x00000000ed100000|100%| E|CS|TAMS 0x00000000ed000000| PB 0x00000000ed000000| Complete |  0
| 209|0x00000000ed100000, 0x00000000ed200000, 0x00000000ed200000|100%| E|CS|TAMS 0x00000000ed100000| PB 0x00000000ed100000| Complete |  0
| 210|0x00000000ed200000, 0x00000000ed300000, 0x00000000ed300000|100%| E|CS|TAMS 0x00000000ed200000| PB 0x00000000ed200000| Complete |  0
| 211|0x00000000ed300000, 0x00000000ed400000, 0x00000000ed400000|100%| E|CS|TAMS 0x00000000ed300000| PB 0x00000000ed300000| Complete |  0
| 212|0x00000000ed400000, 0x00000000ed500000, 0x00000000ed500000|100%| E|CS|TAMS 0x00000000ed400000| PB 0x00000000ed400000| Complete |  0
| 213|0x00000000ed500000, 0x00000000ed600000, 0x00000000ed600000|100%| E|CS|TAMS 0x00000000ed500000| PB 0x00000000ed500000| Complete |  0
| 214|0x00000000ed600000, 0x00000000ed700000, 0x00000000ed700000|100%| E|CS|TAMS 0x00000000ed600000| PB 0x00000000ed600000| Complete |  0
| 215|0x00000000ed700000, 0x00000000ed800000, 0x00000000ed800000|100%| E|CS|TAMS 0x00000000ed700000| PB 0x00000000ed700000| Complete |  0
| 216|0x00000000ed800000, 0x00000000ed900000, 0x00000000ed900000|100%| E|CS|TAMS 0x00000000ed800000| PB 0x00000000ed800000| Complete |  0
| 217|0x00000000ed900000, 0x00000000eda00000, 0x00000000eda00000|100%| E|CS|TAMS 0x00000000ed900000| PB 0x00000000ed900000| Complete |  0
| 218|0x00000000eda00000, 0x00000000edb00000, 0x00000000edb00000|100%| E|CS|TAMS 0x00000000eda00000| PB 0x00000000eda00000| Complete |  0
| 219|0x00000000edb00000, 0x00000000edc00000, 0x00000000edc00000|100%| E|CS|TAMS 0x00000000edb00000| PB 0x00000000edb00000| Complete |  0
| 220|0x00000000edc00000, 0x00000000edd00000, 0x00000000edd00000|100%| E|CS|TAMS 0x00000000edc00000| PB 0x00000000edc00000| Complete |  0
| 221|0x00000000edd00000, 0x00000000ede00000, 0x00000000ede00000|100%| E|CS|TAMS 0x00000000edd00000| PB 0x00000000edd00000| Complete |  0
| 222|0x00000000ede00000, 0x00000000edf00000, 0x00000000edf00000|100%| E|CS|TAMS 0x00000000ede00000| PB 0x00000000ede00000| Complete |  0
| 223|0x00000000edf00000, 0x00000000ee000000, 0x00000000ee000000|100%| E|CS|TAMS 0x00000000edf00000| PB 0x00000000edf00000| Complete |  0
| 224|0x00000000ee000000, 0x00000000ee100000, 0x00000000ee100000|100%| E|CS|TAMS 0x00000000ee000000| PB 0x00000000ee000000| Complete |  0
| 225|0x00000000ee100000, 0x00000000ee200000, 0x00000000ee200000|100%| E|CS|TAMS 0x00000000ee100000| PB 0x00000000ee100000| Complete |  0
| 226|0x00000000ee200000, 0x00000000ee300000, 0x00000000ee300000|100%| E|CS|TAMS 0x00000000ee200000| PB 0x00000000ee200000| Complete |  0
| 227|0x00000000ee300000, 0x00000000ee400000, 0x00000000ee400000|100%| E|CS|TAMS 0x00000000ee300000| PB 0x00000000ee300000| Complete |  0
| 228|0x00000000ee400000, 0x00000000ee500000, 0x00000000ee500000|100%| E|CS|TAMS 0x00000000ee400000| PB 0x00000000ee400000| Complete |  0
| 229|0x00000000ee500000, 0x00000000ee600000, 0x00000000ee600000|100%| E|CS|TAMS 0x00000000ee500000| PB 0x00000000ee500000| Complete |  0
| 230|0x00000000ee600000, 0x00000000ee700000, 0x00000000ee700000|100%| E|CS|TAMS 0x00000000ee600000| PB 0x00000000ee600000| Complete |  0
| 231|0x00000000ee700000, 0x00000000ee800000, 0x00000000ee800000|100%| E|CS|TAMS 0x00000000ee700000| PB 0x00000000ee700000| Complete |  0
| 232|0x00000000ee800000, 0x00000000ee900000, 0x00000000ee900000|100%| E|CS|TAMS 0x00000000ee800000| PB 0x00000000ee800000| Complete |  0
| 233|0x00000000ee900000, 0x00000000eea00000, 0x00000000eea00000|100%| E|CS|TAMS 0x00000000ee900000| PB 0x00000000ee900000| Complete |  0
| 234|0x00000000eea00000, 0x00000000eeb00000, 0x00000000eeb00000|100%| E|CS|TAMS 0x00000000eea00000| PB 0x00000000eea00000| Complete |  0
| 235|0x00000000eeb00000, 0x00000000eec00000, 0x00000000eec00000|100%| E|CS|TAMS 0x00000000eeb00000| PB 0x00000000eeb00000| Complete |  0
| 236|0x00000000eec00000, 0x00000000eed00000, 0x00000000eed00000|100%| E|CS|TAMS 0x00000000eec00000| PB 0x00000000eec00000| Complete |  0
| 237|0x00000000eed00000, 0x00000000eee00000, 0x00000000eee00000|100%| E|CS|TAMS 0x00000000eed00000| PB 0x00000000eed00000| Complete |  0
| 238|0x00000000eee00000, 0x00000000eef00000, 0x00000000eef00000|100%| E|CS|TAMS 0x00000000eee00000| PB 0x00000000eee00000| Complete |  0
| 239|0x00000000eef00000, 0x00000000ef000000, 0x00000000ef000000|100%| E|CS|TAMS 0x00000000eef00000| PB 0x00000000eef00000| Complete |  0
| 240|0x00000000ef000000, 0x00000000ef100000, 0x00000000ef100000|100%| E|CS|TAMS 0x00000000ef000000| PB 0x00000000ef000000| Complete |  0
| 241|0x00000000ef100000, 0x00000000ef200000, 0x00000000ef200000|100%| E|CS|TAMS 0x00000000ef100000| PB 0x00000000ef100000| Complete |  0
| 242|0x00000000ef200000, 0x00000000ef300000, 0x00000000ef300000|100%| E|CS|TAMS 0x00000000ef200000| PB 0x00000000ef200000| Complete |  0
| 243|0x00000000ef300000, 0x00000000ef400000, 0x00000000ef400000|100%| E|CS|TAMS 0x00000000ef300000| PB 0x00000000ef300000| Complete |  0
| 244|0x00000000ef400000, 0x00000000ef4b6780, 0x00000000ef500000| 71%| S|CS|TAMS 0x00000000ef400000| PB 0x00000000ef400000| Complete |  0
| 245|0x00000000ef500000, 0x00000000ef600000, 0x00000000ef600000|100%| S|CS|TAMS 0x00000000ef500000| PB 0x00000000ef500000| Complete |  0
| 246|0x00000000ef600000, 0x00000000ef700000, 0x00000000ef700000|100%| S|CS|TAMS 0x00000000ef600000| PB 0x00000000ef600000| Complete |  0
| 247|0x00000000ef700000, 0x00000000ef800000, 0x00000000ef800000|100%| S|CS|TAMS 0x00000000ef700000| PB 0x00000000ef700000| Complete |  0
| 248|0x00000000ef800000, 0x00000000ef900000, 0x00000000ef900000|100%| S|CS|TAMS 0x00000000ef800000| PB 0x00000000ef800000| Complete |  0
| 249|0x00000000ef900000, 0x00000000efa00000, 0x00000000efa00000|100%| S|CS|TAMS 0x00000000ef900000| PB 0x00000000ef900000| Complete |  0
| 250|0x00000000efa00000, 0x00000000efb00000, 0x00000000efb00000|100%| E|CS|TAMS 0x00000000efa00000| PB 0x00000000efa00000| Complete |  0
| 251|0x00000000efb00000, 0x00000000efc00000, 0x00000000efc00000|100%| E|CS|TAMS 0x00000000efb00000| PB 0x00000000efb00000| Complete |  0
| 252|0x00000000efc00000, 0x00000000efd00000, 0x00000000efd00000|100%| E|CS|TAMS 0x00000000efc00000| PB 0x00000000efc00000| Complete |  0
| 255|0x00000000eff00000, 0x00000000f0000000, 0x00000000f0000000|100%| E|CS|TAMS 0x00000000eff00000| PB 0x00000000eff00000| Complete |  0
| 510|0x00000000ffe00000, 0x00000000fff00000, 0x00000000fff00000|100%| O|  |TAMS 0x00000000ffe00000| PB 0x00000000ffe00000| Untracked |  0
| 511|0x00000000fff00000, 0x0000000100000000, 0x0000000100000000|100%| E|CS|TAMS 0x00000000fff00000| PB 0x00000000fff00000| Complete |  0

Card table byte_map: [0x000001ecef6d0000,0x000001ecef7d0000] _byte_map_base: 0x000001eceefd0000

Marking Bits: (CMBitMap*) 0x000001ecd77c16a0
 Bits: [0x000001ecef7d0000, 0x000001eceffd0000)

Polling page: 0x000001ecd5510000

Metaspace:
Metaspace        used 64497K, committed 66624K, reserved 393216K
 class space     used 9700K, committed 10752K, reserved 327680K

Usage:
  Non-class:     53.51 MB used.
      Class:      9.47 MB used.
       Both:     62.99 MB used.

Virtual space:
  Non-class space:       64.00 MB reserved,      54.56 MB ( 85%) committed,  1 nodes.
      Class space:      320.00 MB reserved,      10.50 MB (  3%) committed,  1 nodes.
             Both:      384.00 MB reserved,      65.06 MB ( 17%) committed. 

Chunk freelists:
   Non-Class:  8.75 MB
       Class:  5.51 MB
        Both:  14.27 MB

MaxMetaspaceSize: 384.00 MB
CompressedClassSpaceSize: 320.00 MB
Initial GC threshold: 21.00 MB
Current GC threshold: 100.31 MB
CDS: on
 - commit_granule_bytes: 65536.
 - commit_granule_words: 8192.
 - virtual_space_node_default_size: 8388608.
 - enlarge_chunks_in_place: 1.
UseCompressedClassPointers 1, UseCompactObjectHeaders 0
Narrow klass pointer bits 32, Max shift 3
Narrow klass base: 0x000000004a000000, Narrow klass shift: 0
Encoding Range: [0x000000004a000000 - 0x000000014a000000), (4294967296 bytes)
Klass Range:    [0x000000004a010000 - 0x000000005f000000), (352256000 bytes)
Klass ID Range:  [65536 - 352321529) (352255993)
Protection zone: [0x000000004a000000 - 0x000000004a010000), (65536 bytes)


Internal statistics:

num_allocs_failed_limit: 18.
num_arena_births: 3764.
num_arena_deaths: 0.
num_vsnodes_births: 2.
num_vsnodes_deaths: 0.
num_space_committed: 1041.
num_space_uncommitted: 0.
num_chunks_returned_to_freelist: 18.
num_chunks_taken_from_freelist: 6587.
num_chunk_merges: 18.
num_chunk_splits: 4270.
num_chunks_enlarged: 2613.
num_inconsistent_stats: 0.

CodeHeap 'non-profiled nmethods': size=120064Kb used=4389Kb max_used=4389Kb free=115674Kb
 bounds [0x000001ece7d60000, 0x000001ece81b0000, 0x000001ecef2a0000]
CodeHeap 'profiled nmethods': size=120064Kb used=14049Kb max_used=14049Kb free=106014Kb
 bounds [0x000001ece0280000, 0x000001ece1040000, 0x000001ece77c0000]
CodeHeap 'non-nmethods': size=5760Kb used=2022Kb max_used=2118Kb free=3737Kb
 bounds [0x000001ece77c0000, 0x000001ece7a30000, 0x000001ece7d60000]
CodeCache: size=245888Kb, used=20460Kb, max_used=20556Kb, free=225425Kb
 total_blobs=9923, nmethods=9058, adapters=767, full_count=0
Compilation: enabled, stopped_count=0, restarted_count=0

Compilation events (20 events):
Event: 150.512 Thread 0x000001ecf29e5ff0 9763       1       java.util.Formatter$FixedString::index (3 bytes)
Event: 150.512 Thread 0x000001ecf29e5ff0 nmethod 9763 0x000001ece81a9288 code [0x000001ece81a9380, 0x000001ece81a9448]
Event: 150.515 Thread 0x000001ecf29e5ff0 9764       3       sun.security.ssl.TransportContext::isInboundClosed (8 bytes)
Event: 150.516 Thread 0x000001ecf29e5ff0 nmethod 9764 0x000001ece1025608 code [0x000001ece1025700, 0x000001ece10258b0]
Event: 150.639 Thread 0x000001ecf29e5ff0 9765       3       sun.nio.fs.WindowsPath::equals (26 bytes)
Event: 150.640 Thread 0x000001ecf29e5ff0 nmethod 9765 0x000001ece1025908 code [0x000001ece1025a00, 0x000001ece1025dc8]
Event: 150.643 Thread 0x000001ecf29e5ff0 9766       3       com.sun.org.apache.xerces.internal.dom.NodeImpl::isSpecified (27 bytes)
Event: 150.644 Thread 0x000001ecf29e5ff0 nmethod 9766 0x000001ece1025e08 code [0x000001ece1025f00, 0x000001ece1026058]
Event: 150.670 Thread 0x000001ecf29e5ff0 9768       3       com.sun.org.apache.xerces.internal.util.XMLAttributesImpl::getIndexFast (38 bytes)
Event: 150.670 Thread 0x000001ecf29e5ff0 nmethod 9768 0x000001ece1026108 code [0x000001ece1026200, 0x000001ece1026440]
Event: 150.670 Thread 0x000001ecf29e5ff0 9767       3       com.sun.org.apache.xerces.internal.util.XMLAttributesImpl::addAttribute (679 bytes)
Event: 150.675 Thread 0x000001ecf29e5ff0 nmethod 9767 0x000001ece1026488 code [0x000001ece1026580, 0x000001ece102a158]
Event: 150.675 Thread 0x000001ecf29e5ff0 9769       3       com.sun.org.apache.xerces.internal.util.XMLAttributesImpl::setSpecified (11 bytes)
Event: 150.675 Thread 0x000001ecf29e5ff0 nmethod 9769 0x000001ece102a188 code [0x000001ece102a280, 0x000001ece102a3c0]
Event: 150.675 Thread 0x000001ecf29e5ff0 9770       3       com.sun.org.apache.xerces.internal.dom.DeferredDocumentImpl::createDeferredAttribute (95 bytes)
Event: 150.675 Thread 0x000001ecf29e5ff0 nmethod 9770 0x000001ece102a488 code [0x000001ece102a580, 0x000001ece102a898]
Event: 150.676 Thread 0x000001ecf29e5ff0 9771       3       org.gradle.internal.logging.console.StyledTextOutputBackedRenderer::onOutput (260 bytes)
Event: 150.691 Thread 0x000001ecf29e5ff0 nmethod 9771 0x000001ece102a908 code [0x000001ece102aa00, 0x000001ece102d4d8]
Event: 150.691 Thread 0x000001ecf29e5ff0 9772       3       org.apache.http.util.ByteArrayBuffer::capacity (6 bytes)
Event: 150.692 Thread 0x000001ecf29e5ff0 nmethod 9772 0x000001ece102d588 code [0x000001ece102d680, 0x000001ece102d790]

GC Heap Usage History (18 events):
Event: 4.602 {heap Before GC invocations=0 (full 0):
 garbage-first heap   total reserved 524288K, committed 264192K, used 53394K [0x00000000e0000000, 0x0000000100000000)
  region size 1024K, 47 young (48128K), 0 survivors (0K)
}
Event: 4.612 {heap After GC invocations=1 (full 0):
 garbage-first heap   total reserved 524288K, committed 264192K, used 12759K [0x00000000e0000000, 0x0000000100000000)
  region size 1024K, 6 young (6144K), 6 survivors (6144K)
}
Event: 17.632 {heap Before GC invocations=1 (full 0):
 garbage-first heap   total reserved 524288K, committed 264192K, used 122327K [0x00000000e0000000, 0x0000000100000000)
  region size 1024K, 111 young (113664K), 6 survivors (6144K)
}
Event: 17.662 {heap After GC invocations=2 (full 0):
 garbage-first heap   total reserved 524288K, committed 264192K, used 23776K [0x00000000e0000000, 0x0000000100000000)
  region size 1024K, 14 young (14336K), 14 survivors (14336K)
}
Event: 20.345 {heap Before GC invocations=2 (full 0):
 garbage-first heap   total reserved 524288K, committed 264192K, used 35040K [0x00000000e0000000, 0x0000000100000000)
  region size 1024K, 26 young (26624K), 14 survivors (14336K)
}
Event: 20.363 {heap After GC invocations=3 (full 0):
 garbage-first heap   total reserved 524288K, committed 264192K, used 25165K [0x00000000e0000000, 0x0000000100000000)
  region size 1024K, 10 young (10240K), 10 survivors (10240K)
}
Event: 30.333 {heap Before GC invocations=4 (full 0):
 garbage-first heap   total reserved 524288K, committed 262144K, used 148045K [0x00000000e0000000, 0x0000000100000000)
  region size 1024K, 130 young (133120K), 10 survivors (10240K)
}
Event: 30.355 {heap After GC invocations=5 (full 0):
 garbage-first heap   total reserved 524288K, committed 262144K, used 32127K [0x00000000e0000000, 0x0000000100000000)
  region size 1024K, 16 young (16384K), 16 survivors (16384K)
}
Event: 30.522 {heap Before GC invocations=5 (full 0):
 garbage-first heap   total reserved 524288K, committed 262144K, used 34175K [0x00000000e0000000, 0x0000000100000000)
  region size 1024K, 19 young (19456K), 16 survivors (16384K)
}
Event: 30.531 {heap After GC invocations=6 (full 0):
 garbage-first heap   total reserved 524288K, committed 262144K, used 33017K [0x00000000e0000000, 0x0000000100000000)
  region size 1024K, 9 young (9216K), 9 survivors (9216K)
}
Event: 30.646 {heap Before GC invocations=6 (full 0):
 garbage-first heap   total reserved 524288K, committed 262144K, used 36089K [0x00000000e0000000, 0x0000000100000000)
  region size 1024K, 13 young (13312K), 9 survivors (9216K)
}
Event: 30.787 {heap After GC invocations=7 (full 0):
 garbage-first heap   total reserved 524288K, committed 262144K, used 32588K [0x00000000e0000000, 0x0000000100000000)
  region size 1024K, 9 young (9216K), 9 survivors (9216K)
}
Event: 69.416 {heap Before GC invocations=8 (full 0):
 garbage-first heap   total reserved 524288K, committed 262144K, used 179020K [0x00000000e0000000, 0x0000000100000000)
  region size 1024K, 153 young (156672K), 9 survivors (9216K)
}
Event: 69.622 {heap After GC invocations=9 (full 0):
 garbage-first heap   total reserved 524288K, committed 262144K, used 42990K [0x00000000e0000000, 0x0000000100000000)
  region size 1024K, 19 young (19456K), 19 survivors (19456K)
}
Event: 95.149 {heap Before GC invocations=9 (full 0):
 garbage-first heap   total reserved 524288K, committed 262144K, used 123886K [0x00000000e0000000, 0x0000000100000000)
  region size 1024K, 100 young (102400K), 19 survivors (19456K)
}
Event: 95.302 {heap After GC invocations=10 (full 0):
 garbage-first heap   total reserved 524288K, committed 262144K, used 48497K [0x00000000e0000000, 0x0000000100000000)
  region size 1024K, 7 young (7168K), 7 survivors (7168K)
}
Event: 95.556 {heap Before GC invocations=10 (full 0):
 garbage-first heap   total reserved 524288K, committed 262144K, used 52593K [0x00000000e0000000, 0x0000000100000000)
  region size 1024K, 12 young (12288K), 7 survivors (7168K)
}
Event: 95.571 {heap After GC invocations=11 (full 0):
 garbage-first heap   total reserved 524288K, committed 262144K, used 47833K [0x00000000e0000000, 0x0000000100000000)
  region size 1024K, 6 young (6144K), 6 survivors (6144K)
}

Metaspace Usage History (18 events):
Event: 4.602 {metaspace Before GC invocations=0 (full 0):
 Metaspace       used 4601K, committed 4864K, reserved 393216K
  class space    used 595K, committed 704K, reserved 327680K
}
Event: 4.612 {metaspace After GC invocations=1 (full 0):
 Metaspace       used 4601K, committed 4864K, reserved 393216K
  class space    used 595K, committed 704K, reserved 327680K
}
Event: 17.633 {metaspace Before GC invocations=1 (full 0):
 Metaspace       used 19504K, committed 20096K, reserved 393216K
  class space    used 2835K, committed 3072K, reserved 327680K
}
Event: 17.662 {metaspace After GC invocations=2 (full 0):
 Metaspace       used 19504K, committed 20096K, reserved 393216K
  class space    used 2835K, committed 3072K, reserved 327680K
}
Event: 20.345 {metaspace Before GC invocations=2 (full 0):
 Metaspace       used 20830K, committed 21504K, reserved 393216K
  class space    used 3066K, committed 3328K, reserved 327680K
}
Event: 20.363 {metaspace After GC invocations=3 (full 0):
 Metaspace       used 20830K, committed 21504K, reserved 393216K
  class space    used 3066K, committed 3328K, reserved 327680K
}
Event: 30.334 {metaspace Before GC invocations=4 (full 0):
 Metaspace       used 34630K, committed 35968K, reserved 393216K
  class space    used 5241K, committed 5888K, reserved 327680K
}
Event: 30.355 {metaspace After GC invocations=5 (full 0):
 Metaspace       used 34630K, committed 35968K, reserved 393216K
  class space    used 5241K, committed 5888K, reserved 327680K
}
Event: 30.522 {metaspace Before GC invocations=5 (full 0):
 Metaspace       used 34879K, committed 36288K, reserved 393216K
  class space    used 5284K, committed 5952K, reserved 327680K
}
Event: 30.531 {metaspace After GC invocations=6 (full 0):
 Metaspace       used 34879K, committed 36288K, reserved 393216K
  class space    used 5284K, committed 5952K, reserved 327680K
}
Event: 30.646 {metaspace Before GC invocations=6 (full 0):
 Metaspace       used 35234K, committed 36608K, reserved 393216K
  class space    used 5360K, committed 6016K, reserved 327680K
}
Event: 30.787 {metaspace After GC invocations=7 (full 0):
 Metaspace       used 35234K, committed 36608K, reserved 393216K
  class space    used 5360K, committed 6016K, reserved 327680K
}
Event: 69.417 {metaspace Before GC invocations=8 (full 0):
 Metaspace       used 49880K, committed 51840K, reserved 393216K
  class space    used 7616K, committed 8576K, reserved 327680K
}
Event: 69.622 {metaspace After GC invocations=9 (full 0):
 Metaspace       used 49880K, committed 51840K, reserved 393216K
  class space    used 7616K, committed 8576K, reserved 327680K
}
Event: 95.149 {metaspace Before GC invocations=9 (full 0):
 Metaspace       used 59099K, committed 61120K, reserved 393216K
  class space    used 8949K, committed 9920K, reserved 327680K
}
Event: 95.302 {metaspace After GC invocations=10 (full 0):
 Metaspace       used 59099K, committed 61120K, reserved 393216K
  class space    used 8949K, committed 9920K, reserved 327680K
}
Event: 95.556 {metaspace Before GC invocations=10 (full 0):
 Metaspace       used 59417K, committed 61440K, reserved 393216K
  class space    used 9007K, committed 9984K, reserved 327680K
}
Event: 95.571 {metaspace After GC invocations=11 (full 0):
 Metaspace       used 59417K, committed 61440K, reserved 393216K
  class space    used 9007K, committed 9984K, reserved 327680K
}

Dll operation events (14 events):
Event: 0.031 Loaded shared library C:\Program Files\Eclipse Adoptium\jdk-25.0.3.9-hotspot\bin\java.dll
Event: 0.491 Loaded shared library C:\Program Files\Eclipse Adoptium\jdk-25.0.3.9-hotspot\bin\zip.dll
Event: 0.499 Loaded shared library C:\Program Files\Eclipse Adoptium\jdk-25.0.3.9-hotspot\bin\instrument.dll
Event: 0.557 Loaded shared library C:\Program Files\Eclipse Adoptium\jdk-25.0.3.9-hotspot\bin\net.dll
Event: 1.007 Loaded shared library C:\Program Files\Eclipse Adoptium\jdk-25.0.3.9-hotspot\bin\nio.dll
Event: 1.013 Loaded shared library C:\Program Files\Eclipse Adoptium\jdk-25.0.3.9-hotspot\bin\zip.dll
Event: 2.202 Loaded shared library C:\Program Files\Eclipse Adoptium\jdk-25.0.3.9-hotspot\bin\jimage.dll
Event: 2.978 Loaded shared library C:\Program Files\Eclipse Adoptium\jdk-25.0.3.9-hotspot\bin\verify.dll
Event: 3.048 Loaded shared library C:\Users\Usuario\.gradle\native\660c5614fbf4a5f2a75b1949f50a0caf5cd603558e7d8a26e50b933a0cfb79d1\windows-amd64\native-platform.dll
Event: 3.085 Loaded shared library C:\Users\Usuario\.gradle\native\0.2.8\x86_64-windows-gnu\gradle-fileevents.dll
Event: 7.107 Loaded shared library C:\Program Files\Eclipse Adoptium\jdk-25.0.3.9-hotspot\bin\management.dll
Event: 7.171 Loaded shared library C:\Program Files\Eclipse Adoptium\jdk-25.0.3.9-hotspot\bin\management_ext.dll
Event: 8.925 Loaded shared library C:\Program Files\Eclipse Adoptium\jdk-25.0.3.9-hotspot\bin\extnet.dll
Event: 11.791 Loaded shared library C:\Program Files\Eclipse Adoptium\jdk-25.0.3.9-hotspot\bin\sunmscapi.dll

Deoptimization events (20 events):
Event: 124.244 Thread 0x000001ecf799d570 DEOPT PACKING pc=0x000001ece0effc5a sp=0x000000721c6f2cb0
Event: 124.244 Thread 0x000001ecf799d570 DEOPT UNPACKING pc=0x000001ece7811702 sp=0x000000721c6f21a8 mode 0
Event: 133.275 Thread 0x000001ecf799d570 DEOPT PACKING pc=0x000001ece0f8716e sp=0x000000721c6f3170
Event: 133.275 Thread 0x000001ecf799d570 DEOPT UNPACKING pc=0x000001ece7811702 sp=0x000000721c6f2610 mode 0
Event: 143.552 Thread 0x000001ecf799d570 Uncommon trap: trap_request=0xffffff66 fr.pc=0x000001ece813d2dc relative=0x0000000000000f5c
Event: 143.552 Thread 0x000001ecf799d570 Uncommon trap: reason=loop_limit_check action=maybe_recompile pc=0x000001ece813d2dc method=com.sun.org.apache.xerces.internal.parsers.AbstractDOMParser.startElement(Lcom/sun/org/apache/xerces/internal/xni/QName;Lcom/sun/org/apache/xerces/internal/xni/XMLA
Event: 143.552 Thread 0x000001ecf799d570 DEOPT PACKING pc=0x000001ece813d2dc sp=0x000000721c6f44c0
Event: 143.553 Thread 0x000001ecf799d570 DEOPT UNPACKING pc=0x000001ece78e1082 sp=0x000000721c6f4430 mode 2
Event: 143.553 Thread 0x000001ecf799d570 Uncommon trap: trap_request=0xffffff45 fr.pc=0x000001ece8145868 relative=0x00000000000016e8
Event: 143.553 Thread 0x000001ecf799d570 Uncommon trap: reason=unstable_if action=reinterpret pc=0x000001ece8145868 method=com.sun.org.apache.xerces.internal.impl.XMLDocumentFragmentScannerImpl$FragmentContentDriver.next()I @ 56 c2
Event: 143.554 Thread 0x000001ecf799d570 DEOPT PACKING pc=0x000001ece8145868 sp=0x000000721c6f4590
Event: 143.554 Thread 0x000001ecf799d570 DEOPT UNPACKING pc=0x000001ece78e1082 sp=0x000000721c6f4538 mode 2
Event: 143.641 Thread 0x000001ecf799d570 DEOPT PACKING pc=0x000001ece0c65d7b sp=0x000000721c6f33a0
Event: 143.641 Thread 0x000001ecf799d570 DEOPT UNPACKING pc=0x000001ece7811702 sp=0x000000721c6f28b0 mode 0
Event: 143.643 Thread 0x000001ecf799d570 Uncommon trap: trap_request=0xffffff45 fr.pc=0x000001ece817b94c relative=0x0000000000000c4c
Event: 143.643 Thread 0x000001ecf799d570 Uncommon trap: reason=unstable_if action=reinterpret pc=0x000001ece817b94c method=com.esotericsoftware.kryo.io.Input.readString()Ljava/lang/String; @ 38 c2
Event: 143.643 Thread 0x000001ecf799d570 DEOPT PACKING pc=0x000001ece817b94c sp=0x000000721c6f3590
Event: 143.643 Thread 0x000001ecf799d570 DEOPT UNPACKING pc=0x000001ece78e1082 sp=0x000000721c6f3568 mode 2
Event: 144.121 Thread 0x000001ecf79a3b00 DEOPT PACKING pc=0x000001ece0d81c33 sp=0x000000721cafe1d0
Event: 144.121 Thread 0x000001ecf79a3b00 DEOPT UNPACKING pc=0x000001ece7811702 sp=0x000000721cafd740 mode 0

Classes loaded (20 events):
Event: 110.546 Loading class com/sun/org/apache/xerces/internal/dom/AttrImpl done
Event: 110.546 Loading class com/sun/org/apache/xerces/internal/dom/DeferredAttrImpl done
Event: 110.552 Loading class com/sun/org/apache/xerces/internal/dom/DeferredTextImpl
Event: 110.553 Loading class com/sun/org/apache/xerces/internal/dom/TextImpl
Event: 110.554 Loading class org/w3c/dom/CharacterData
Event: 110.556 Loading class org/w3c/dom/CharacterData done
Event: 110.556 Loading class org/w3c/dom/Text
Event: 110.556 Loading class org/w3c/dom/Text done
Event: 110.556 Loading class com/sun/org/apache/xerces/internal/dom/CharacterDataImpl
Event: 110.560 Loading class com/sun/org/apache/xerces/internal/dom/CharacterDataImpl done
Event: 110.560 Loading class com/sun/org/apache/xerces/internal/dom/TextImpl done
Event: 110.560 Loading class com/sun/org/apache/xerces/internal/dom/DeferredTextImpl done
Event: 110.560 Loading class com/sun/org/apache/xerces/internal/dom/CharacterDataImpl$1
Event: 110.560 Loading class com/sun/org/apache/xerces/internal/dom/CharacterDataImpl$1 done
Event: 111.245 Loading class com/sun/org/apache/xerces/internal/dom/DeferredCommentImpl
Event: 111.247 Loading class com/sun/org/apache/xerces/internal/dom/CommentImpl
Event: 111.247 Loading class org/w3c/dom/Comment
Event: 111.247 Loading class org/w3c/dom/Comment done
Event: 111.247 Loading class com/sun/org/apache/xerces/internal/dom/CommentImpl done
Event: 111.247 Loading class com/sun/org/apache/xerces/internal/dom/DeferredCommentImpl done

Classes unloaded (0 events):
No events

Classes redefined (0 events):
No events

Internal exceptions (20 events):
Event: 100.009 Thread 0x000001ecf799d570 Exception <a 'java/lang/ClassNotFoundException'{0x00000000eddba9b0}: groovy/lang/ReferenceBeanInfo> (0x00000000eddba9b0) 
thrown [s\src\hotspot\share\classfile\systemDictionary.cpp, line 328]
Event: 100.095 Thread 0x000001ecf799d570 Exception <a 'java/lang/ClassNotFoundException'{0x00000000eddcdd08}: groovy/lang/ReferenceCustomizer> (0x00000000eddcdd08) 
thrown [s\src\hotspot\share\classfile\systemDictionary.cpp, line 328]
Event: 103.095 Thread 0x000001ecf799ece0 Exception <a 'java/lang/NoSuchMethodError'{0x00000000edc2f008}: static Lorg/gradle/internal/build/event/types/DefaultProjectConfigurationSuccessResult;.<clinit>()V> (0x00000000edc2f008) 
thrown [s\src\hotspot\share\prims\jni.cpp, line 1106]
Event: 103.098 Thread 0x000001ecf799ece0 Exception <a 'java/lang/NoSuchMethodError'{0x00000000edc30168}: static Lorg/gradle/internal/build/event/types/AbstractProjectConfigurationResult;.<clinit>()V> (0x00000000edc30168) 
thrown [s\src\hotspot\share\prims\jni.cpp, line 1106]
Event: 103.103 Thread 0x000001ecf799ece0 Exception <a 'java/lang/NoSuchMethodError'{0x00000000edb81040}: static Lorg/gradle/internal/build/event/types/DefaultPluginApplicationResult;.<clinit>()V> (0x00000000edb81040) 
thrown [s\src\hotspot\share\prims\jni.cpp, line 1106]
Event: 103.107 Thread 0x000001ecf799ece0 Exception <a 'java/lang/NoSuchMethodError'{0x00000000edb88650}: static Lorg/gradle/internal/build/event/types/DefaultBinaryPluginIdentifier;.<clinit>()V> (0x00000000edb88650) 
thrown [s\src\hotspot\share\prims\jni.cpp, line 1106]
Event: 103.128 Thread 0x000001ecf799d570 Exception <a 'java/lang/NoSuchMethodError'{0x00000000edb5f8d8}: 'java.lang.Object java.lang.invoke.DelegatingMethodHandle$Holder.reinvoke_L(java.lang.Object, java.lang.Object, java.lang.Object, int, java.lang.Object, java.lang.Object)'> (0x00000000edb5f8d8) 
thrown [s\src\hotspot\share\interpreter\linkResolver.cpp, line 804]
Event: 103.130 Thread 0x000001ecf799ece0 Exception <a 'java/lang/NoSuchMethodError'{0x00000000edb982f0}: static Lorg/gradle/internal/build/event/types/DefaultScriptPluginIdentifier;.<clinit>()V> (0x00000000edb982f0) 
thrown [s\src\hotspot\share\prims\jni.cpp, line 1106]
Event: 103.143 Thread 0x000001ecf799d570 Exception <a 'java/lang/NoSuchMethodError'{0x00000000edba6c28}: 'java.lang.Object java.lang.invoke.DirectMethodHandle$Holder.invokeStatic(java.lang.Object, java.lang.Object, java.lang.Object, java.lang.Object, java.lang.Object, java.lang.Object, int)'> (0x00000000edba6c28) 
thrown [s\src\hotspot\share\interpreter\linkResolver.cpp, line 804]
Event: 103.150 Thread 0x000001ecf799d570 Exception <a 'java/lang/NoSuchMethodError'{0x00000000edbc9d40}: 'java.lang.Object java.lang.invoke.DirectMethodHandle$Holder.invokeStatic(java.lang.Object, java.lang.Object, java.lang.Object, java.lang.Object, java.lang.Object, java.lang.Object, int, java.lang.Object)'> (0x00000000edbc9d40) 
thrown [s\src\hotspot\share\interpreter\linkResolver.cpp, line 804]
Event: 103.163 Thread 0x000001ecf799d570 Exception <a 'java/lang/NoSuchMethodError'{0x00000000edbedbe0}: 'java.lang.Object java.lang.invoke.DirectMethodHandle$Holder.invokeStatic(java.lang.Object, java.lang.Object, java.lang.Object, java.lang.Object, java.lang.Object, java.lang.Object, int, java.lang.Object, java.lang.Object)'> (0x00000000edbedbe0) 
thrown [s\src\hotspot\share\interpreter\linkResolver.cpp, line 804]
Event: 103.227 Thread 0x000001ecf799d570 Exception <a 'java/lang/ClassNotFoundException'{0x00000000eda4c658}: java/util/TreeSetBeanInfo> (0x00000000eda4c658) 
thrown [s\src\hotspot\share\classfile\systemDictionary.cpp, line 328]
Event: 103.230 Thread 0x000001ecf799d570 Exception <a 'java/lang/ClassNotFoundException'{0x00000000eda521f0}: java/util/AbstractSetBeanInfo> (0x00000000eda521f0) 
thrown [s\src\hotspot\share\classfile\systemDictionary.cpp, line 328]
Event: 103.232 Thread 0x000001ecf799d570 Exception <a 'java/lang/ClassNotFoundException'{0x00000000eda57d60}: java/util/AbstractSetCustomizer> (0x00000000eda57d60) 
thrown [s\src\hotspot\share\classfile\systemDictionary.cpp, line 328]
Event: 103.243 Thread 0x000001ecf799d570 Exception <a 'java/lang/ClassNotFoundException'{0x00000000eda772e0}: java/util/TreeSetCustomizer> (0x00000000eda772e0) 
thrown [s\src\hotspot\share\classfile\systemDictionary.cpp, line 328]
Event: 104.490 Thread 0x000001ecf799d570 Exception <a 'java/lang/NoSuchMethodError'{0x00000000ed1774a8}: 'int java.lang.invoke.DirectMethodHandle$Holder.invokeSpecialIFC(java.lang.Object, java.lang.Object, java.lang.Object, java.lang.Object, java.lang.Object)'> (0x00000000ed1774a8) 
thrown [s\src\hotspot\share\interpreter\linkResolver.cpp, line 804]
Event: 105.094 Thread 0x000001ecf799ece0 Exception <a 'java/lang/NoSuchMethodError'{0x00000000ecd81f78}: static Lorg/gradle/internal/build/event/types/DefaultFileDownloadDescriptor;.<clinit>()V> (0x00000000ecd81f78) 
thrown [s\src\hotspot\share\prims\jni.cpp, line 1106]
Event: 106.447 Thread 0x000001ecf799d570 Exception <a 'java/lang/NoSuchMethodError'{0x00000000ecc207f8}: 'void java.lang.invoke.DirectMethodHandle$Holder.invokeVirtual(java.lang.Object, java.lang.Object, long)'> (0x00000000ecc207f8) 
thrown [s\src\hotspot\share\interpreter\linkResolver.cpp, line 804]
Event: 107.159 Thread 0x000001ecf799ece0 Exception <a 'java/lang/NoSuchMethodError'{0x00000000ecd89ce8}: static Lorg/gradle/internal/build/event/types/DefaultStatusEvent;.<clinit>()V> (0x00000000ecd89ce8) 
thrown [s\src\hotspot\share\prims\jni.cpp, line 1106]
Event: 107.207 Thread 0x000001ecf799ece0 Exception <a 'java/lang/NoSuchMethodError'{0x00000000ecb01f10}: static Lorg/gradle/internal/build/event/types/DefaultFileDownloadSuccessResult;.<clinit>()V> (0x00000000ecb01f10) 
thrown [s\src\hotspot\share\prims\jni.cpp, line 1106]

VM Operations (20 events):
Event: 99.293 Executing non-safepoint VM operation: HandshakeAllThreads (Deoptimize)
Event: 99.299 Executing non-safepoint VM operation: HandshakeAllThreads (Deoptimize) done
Event: 103.280 Executing non-safepoint VM operation: HandshakeAllThreads (Deoptimize)
Event: 103.281 Executing non-safepoint VM operation: HandshakeAllThreads (Deoptimize) done
Event: 104.295 Executing non-safepoint VM operation: HandshakeAllThreads (Deoptimize)
Event: 104.295 Executing non-safepoint VM operation: HandshakeAllThreads (Deoptimize) done
Event: 110.065 Executing non-safepoint VM operation: HandshakeAllThreads (Deoptimize)
Event: 110.075 Executing non-safepoint VM operation: HandshakeAllThreads (Deoptimize) done
Event: 110.223 Executing non-safepoint VM operation: HandshakeAllThreads (Deoptimize)
Event: 110.224 Executing non-safepoint VM operation: HandshakeAllThreads (Deoptimize) done
Event: 110.532 Executing non-safepoint VM operation: HandshakeAllThreads (Deoptimize)
Event: 110.532 Executing non-safepoint VM operation: HandshakeAllThreads (Deoptimize) done
Event: 110.534 Executing non-safepoint VM operation: HandshakeAllThreads (Deoptimize)
Event: 110.534 Executing non-safepoint VM operation: HandshakeAllThreads (Deoptimize) done
Event: 120.575 Executing non-safepoint VM operation: HandshakeAllThreads (HandshakeForDeflation)
Event: 120.576 Executing non-safepoint VM operation: HandshakeAllThreads (HandshakeForDeflation) done
Event: 120.579 Executing non-safepoint VM operation: RendezvousGCThreads
Event: 120.579 Executing non-safepoint VM operation: RendezvousGCThreads done
Event: 143.945 Executing non-safepoint VM operation: HandshakeAllThreads (Deoptimize)
Event: 143.952 Executing non-safepoint VM operation: HandshakeAllThreads (Deoptimize) done

Memory protections (0 events):
No events

Nmethod flushes (20 events):
Event: 95.782 Thread 0x000001ecf29bddc0 flushing  nmethod 0x000001ece03f1e08
Event: 95.782 Thread 0x000001ecf29bddc0 flushing  nmethod 0x000001ece03f2f08
Event: 95.782 Thread 0x000001ecf29bddc0 flushing  nmethod 0x000001ece03f5808
Event: 95.782 Thread 0x000001ecf29bddc0 flushing  nmethod 0x000001ece0426108
Event: 95.782 Thread 0x000001ecf29bddc0 flushing  nmethod 0x000001ece0426708
Event: 95.782 Thread 0x000001ecf29bddc0 flushing  nmethod 0x000001ece0429008
Event: 95.782 Thread 0x000001ecf29bddc0 flushing  nmethod 0x000001ece0589f88
Event: 95.782 Thread 0x000001ecf29bddc0 flushing  nmethod 0x000001ece058df88
Event: 95.782 Thread 0x000001ecf29bddc0 flushing  nmethod 0x000001ece0681588
Event: 95.782 Thread 0x000001ecf29bddc0 flushing  nmethod 0x000001ece0683988
Event: 95.782 Thread 0x000001ecf29bddc0 flushing  nmethod 0x000001ece06b3808
Event: 95.782 Thread 0x000001ecf29bddc0 flushing  nmethod 0x000001ece06b3e08
Event: 95.783 Thread 0x000001ecf29bddc0 flushing  nmethod 0x000001ece06b4108
Event: 95.783 Thread 0x000001ecf29bddc0 flushing  nmethod 0x000001ece06bad88
Event: 95.783 Thread 0x000001ecf29bddc0 flushing  nmethod 0x000001ece06bb688
Event: 95.783 Thread 0x000001ecf29bddc0 flushing  nmethod 0x000001ece06bbd88
Event: 95.783 Thread 0x000001ecf29bddc0 flushing  nmethod 0x000001ece06bce88
Event: 95.783 Thread 0x000001ecf29bddc0 flushing  nmethod 0x000001ece06bdc88
Event: 95.783 Thread 0x000001ecf29bddc0 flushing  nmethod 0x000001ece06be008
Event: 95.784 Thread 0x000001ecf29bddc0 flushing  nmethod 0x000001ece081f988

Events (20 events):
Event: 23.662 Thread 0x000001ecf799d570 Thread added: 0x000001ecf8f4e770
Event: 23.662 Thread 0x000001ecf799d570 Thread added: 0x000001ecf8f4fee0
Event: 26.892 Thread 0x000001ecf799d570 Thread added: 0x000001ecf8f4f710
Event: 27.044 Thread 0x000001ecf799d570 Thread added: 0x000001ecf8f4d7d0
Event: 28.796 Thread 0x000001ecf799d570 Thread added: 0x000001ecf8f51e20
Event: 29.511 Thread 0x000001ecf799d570 Thread added: 0x000001ecf8f53590
Event: 30.602 Thread 0x000001ecf799d570 Thread added: 0x000001ecf9182b90
Event: 30.948 Thread 0x000001ecf799d570 Thread added: 0x000001ecf91823c0
Event: 34.729 Thread 0x000001ecf799d570 Thread added: 0x000001ecf91871e0
Event: 34.874 Thread 0x000001ecf799d570 Thread added: 0x000001ecf91879b0
Event: 35.055 Thread 0x000001ecf799d570 Thread added: 0x000001ecf9189120
Event: 69.381 Thread 0x000001ecf799d570 Thread added: 0x000001ecfa2d4ca0
Event: 69.383 Thread 0x000001ecf799d570 Thread added: 0x000001ecfa2d7b80
Event: 69.383 Thread 0x000001ecf799d570 Thread added: 0x000001ecfa2d44d0
Event: 69.384 Thread 0x000001ecf799d570 Thread added: 0x000001ecfa2d6410
Event: 69.384 Thread 0x000001ecf799d570 Thread added: 0x000001ecfa2d92f0
Event: 69.385 Thread 0x000001ecf799d570 Thread added: 0x000001ecfa2db230
Event: 69.387 Thread 0x000001ecf799d570 Thread added: 0x000001ecfa2d8350
Event: 78.617 Thread 0x000001ecf799d570 Thread added: 0x000001ecf94e64d0
Event: 88.793 Thread 0x000001ecf799d570 Thread added: 0x000001ecf94ea350


Dynamic libraries:
0x00007ff6f8180000 - 0x00007ff6f818e000 	C:\Program Files\Eclipse Adoptium\jdk-25.0.3.9-hotspot\bin\java.exe
0x00007ffd3ac80000 - 0x00007ffd3aee6000 	C:\WINDOWS\SYSTEM32\ntdll.dll
0x00007ffd39790000 - 0x00007ffd39859000 	C:\WINDOWS\System32\KERNEL32.DLL
0x00007ffd38330000 - 0x00007ffd3872a000 	C:\WINDOWS\System32\KERNELBASE.dll
0x00007ffd34f50000 - 0x00007ffd34ff0000 	C:\WINDOWS\SYSTEM32\apphelp.dll
0x00007ffd38730000 - 0x00007ffd3887c000 	C:\WINDOWS\System32\ucrtbase.dll
0x00007ffd0e070000 - 0x00007ffd0e08e000 	C:\Program Files\Eclipse Adoptium\jdk-25.0.3.9-hotspot\bin\VCRUNTIME140.dll
0x00007ffd2e5b0000 - 0x00007ffd2e5c6000 	C:\Program Files\Eclipse Adoptium\jdk-25.0.3.9-hotspot\bin\jli.dll
0x00007ffd3a760000 - 0x00007ffd3a927000 	C:\WINDOWS\System32\USER32.dll
0x00007ffd37f10000 - 0x00007ffd37f37000 	C:\WINDOWS\System32\win32u.dll
0x00007ffd24880000 - 0x00007ffd24b12000 	C:\WINDOWS\WinSxS\amd64_microsoft.windows.common-controls_6595b64144ccf1df_6.0.26100.8521_none_3e08b75ce33403b3\COMCTL32.dll
0x00007ffd39860000 - 0x00007ffd3988b000 	C:\WINDOWS\System32\GDI32.dll
0x00007ffd38ab0000 - 0x00007ffd38b59000 	C:\WINDOWS\System32\msvcrt.dll
0x00007ffd37f40000 - 0x00007ffd3806b000 	C:\WINDOWS\System32\gdi32full.dll
0x00007ffd38880000 - 0x00007ffd38923000 	C:\WINDOWS\System32\msvcp_win.dll
0x00007ffd38ca0000 - 0x00007ffd38cd2000 	C:\WINDOWS\System32\IMM32.DLL
0x00007ffd30980000 - 0x00007ffd3098c000 	C:\Program Files\Eclipse Adoptium\jdk-25.0.3.9-hotspot\bin\vcruntime140_1.dll
0x00007ffd059f0000 - 0x00007ffd05a7d000 	C:\Program Files\Eclipse Adoptium\jdk-25.0.3.9-hotspot\bin\msvcp140.dll
0x00007ffc99be0000 - 0x00007ffc9ab0a000 	C:\Program Files\Eclipse Adoptium\jdk-25.0.3.9-hotspot\bin\server\jvm.dll
0x00007ffd39e20000 - 0x00007ffd39ed6000 	C:\WINDOWS\System32\ADVAPI32.dll
0x00007ffd396e0000 - 0x00007ffd3978a000 	C:\WINDOWS\System32\sechost.dll
0x00007ffd394c0000 - 0x00007ffd395d8000 	C:\WINDOWS\System32\RPCRT4.dll
0x00007ffd39990000 - 0x00007ffd39a10000 	C:\WINDOWS\System32\WS2_32.dll
0x00007ffd37d60000 - 0x00007ffd37dbe000 	C:\WINDOWS\SYSTEM32\POWRPROF.dll
0x00007ffd2b1b0000 - 0x00007ffd2b1e6000 	C:\WINDOWS\SYSTEM32\WINMM.dll
0x00007ffd2f9c0000 - 0x00007ffd2f9cb000 	C:\WINDOWS\SYSTEM32\VERSION.dll
0x00007ffd37d40000 - 0x00007ffd37d54000 	C:\WINDOWS\SYSTEM32\UMPDC.dll
0x00007ffd36ca0000 - 0x00007ffd36cbb000 	C:\WINDOWS\SYSTEM32\kernel.appcore.dll
0x00007ffd167d0000 - 0x00007ffd167da000 	C:\Program Files\Eclipse Adoptium\jdk-25.0.3.9-hotspot\bin\jimage.dll
0x00007ffd2ed20000 - 0x00007ffd2ef62000 	C:\WINDOWS\SYSTEM32\DBGHELP.DLL
0x00007ffd39a20000 - 0x00007ffd39da3000 	C:\WINDOWS\System32\combase.dll
0x00007ffd39f00000 - 0x00007ffd39fd9000 	C:\WINDOWS\System32\OLEAUT32.dll
0x00007ffd235b0000 - 0x00007ffd235eb000 	C:\WINDOWS\SYSTEM32\dbgcore.DLL
0x00007ffd38280000 - 0x00007ffd38328000 	C:\WINDOWS\System32\bcryptPrimitives.dll
0x00007ffd33200000 - 0x00007ffd3320f000 	C:\Program Files\Eclipse Adoptium\jdk-25.0.3.9-hotspot\bin\instrument.dll
0x00007ffd0c100000 - 0x00007ffd0c11e000 	C:\Program Files\Eclipse Adoptium\jdk-25.0.3.9-hotspot\bin\java.dll
0x00007ffd3a930000 - 0x00007ffd3aac8000 	C:\WINDOWS\System32\ole32.dll
0x00007ffd38ce0000 - 0x00007ffd39464000 	C:\WINDOWS\System32\SHELL32.dll
0x00007ffd35af0000 - 0x00007ffd36370000 	C:\WINDOWS\SYSTEM32\windows.storage.dll
0x00007ffd395e0000 - 0x00007ffd396d6000 	C:\WINDOWS\System32\SHCORE.dll
0x00007ffd39db0000 - 0x00007ffd39e17000 	C:\WINDOWS\System32\shlwapi.dll
0x00007ffd37e30000 - 0x00007ffd37e59000 	C:\WINDOWS\SYSTEM32\profapi.dll
0x00007ffd08480000 - 0x00007ffd08496000 	C:\Program Files\Eclipse Adoptium\jdk-25.0.3.9-hotspot\bin\zip.dll
0x00007ffd09fe0000 - 0x00007ffd09ff1000 	C:\Program Files\Eclipse Adoptium\jdk-25.0.3.9-hotspot\bin\net.dll
0x00007ffd37210000 - 0x00007ffd3727c000 	C:\WINDOWS\system32\mswsock.dll
0x00007ffd085f0000 - 0x00007ffd08606000 	C:\Program Files\Eclipse Adoptium\jdk-25.0.3.9-hotspot\bin\nio.dll
0x00007ffd13f90000 - 0x00007ffd13fa0000 	C:\Program Files\Eclipse Adoptium\jdk-25.0.3.9-hotspot\bin\verify.dll
0x00007ffcfdb80000 - 0x00007ffcfdba7000 	C:\Users\Usuario\.gradle\native\660c5614fbf4a5f2a75b1949f50a0caf5cd603558e7d8a26e50b933a0cfb79d1\windows-amd64\native-platform.dll
0x00007ffcfa2e0000 - 0x00007ffcfa357000 	C:\Users\Usuario\.gradle\native\0.2.8\x86_64-windows-gnu\gradle-fileevents.dll
0x00007ffd0e060000 - 0x00007ffd0e06a000 	C:\Program Files\Eclipse Adoptium\jdk-25.0.3.9-hotspot\bin\management.dll
0x00007ffd0c650000 - 0x00007ffd0c65c000 	C:\Program Files\Eclipse Adoptium\jdk-25.0.3.9-hotspot\bin\management_ext.dll
0x00007ffd38b60000 - 0x00007ffd38b68000 	C:\WINDOWS\System32\PSAPI.DLL
0x00007ffd366a0000 - 0x00007ffd366d3000 	C:\WINDOWS\SYSTEM32\IPHLPAPI.DLL
0x00007ffd3aad0000 - 0x00007ffd3aada000 	C:\WINDOWS\System32\NSI.dll
0x00007ffd11c20000 - 0x00007ffd11c29000 	C:\Program Files\Eclipse Adoptium\jdk-25.0.3.9-hotspot\bin\extnet.dll
0x00007ffd374f0000 - 0x00007ffd3750b000 	C:\WINDOWS\SYSTEM32\CRYPTSP.dll
0x00007ffd36c00000 - 0x00007ffd36c39000 	C:\WINDOWS\system32\rsaenh.dll
0x00007ffd372c0000 - 0x00007ffd372f3000 	C:\WINDOWS\SYSTEM32\USERENV.dll
0x00007ffd37e00000 - 0x00007ffd37e2a000 	C:\WINDOWS\SYSTEM32\bcrypt.dll
0x00007ffd37510000 - 0x00007ffd3751c000 	C:\WINDOWS\SYSTEM32\CRYPTBASE.dll
0x00007ffd0c610000 - 0x00007ffd0c61e000 	C:\Program Files\Eclipse Adoptium\jdk-25.0.3.9-hotspot\bin\sunmscapi.dll
0x00007ffd38100000 - 0x00007ffd38278000 	C:\WINDOWS\System32\CRYPT32.dll
0x00007ffd37710000 - 0x00007ffd37740000 	C:\WINDOWS\SYSTEM32\ncrypt.dll
0x00007ffd376c0000 - 0x00007ffd376ff000 	C:\WINDOWS\SYSTEM32\NTASN1.dll
0x00007ffcd8730000 - 0x00007ffcd8738000 	C:\WINDOWS\system32\wshunix.dll
0x00007ffd366e0000 - 0x00007ffd3682a000 	C:\WINDOWS\SYSTEM32\DNSAPI.dll
0x00007ffd37030000 - 0x00007ffd3703d000 	C:\WINDOWS\SYSTEM32\DSPARSE.dll
0x00007ffd31280000 - 0x00007ffd3128b000 	C:\Windows\System32\rasadhlp.dll
0x00007ffd328b0000 - 0x00007ffd32936000 	C:\WINDOWS\System32\fwpuclnt.dll

JVMTI agents:
C:\Users\Usuario\.gradle\wrapper\dists\gradle-9.5.1-bin\iq79hdu3mqx29lgffhp8bfmx\gradle-9.5.1\lib\agents\gradle-instrumentation-agent-9.5.1.jar path:C:\Program Files\Eclipse Adoptium\jdk-25.0.3.9-hotspot\bin\instrument.dll, loaded, initialized, instrumentlib options:none

dbghelp: loaded successfully - version: 4.0.5 - missing functions: none
symbol engine: initialized successfully - sym options: 0x614 - pdb path: .;C:\Program Files\Eclipse Adoptium\jdk-25.0.3.9-hotspot\bin;C:\WINDOWS\SYSTEM32;C:\WINDOWS\WinSxS\amd64_microsoft.windows.common-controls_6595b64144ccf1df_6.0.26100.8521_none_3e08b75ce33403b3;C:\Program Files\Eclipse Adoptium\jdk-25.0.3.9-hotspot\bin\server;C:\Users\Usuario\.gradle\native\660c5614fbf4a5f2a75b1949f50a0caf5cd603558e7d8a26e50b933a0cfb79d1\windows-amd64;C:\Users\Usuario\.gradle\native\0.2.8\x86_64-windows-gnu

VM Arguments:
jvm_args: --add-opens=java.base/java.lang=ALL-UNNAMED --add-opens=java.base/java.lang.invoke=ALL-UNNAMED --add-opens=java.base/java.util=ALL-UNNAMED --add-opens=java.prefs/java.util.prefs=ALL-UNNAMED --add-exports=jdk.compiler/com.sun.tools.javac.api=ALL-UNNAMED --add-exports=jdk.compiler/com.sun.tools.javac.util=ALL-UNNAMED --add-opens=java.base/java.nio.charset=ALL-UNNAMED --add-opens=java.base/java.net=ALL-UNNAMED --add-opens=java.base/java.util.concurrent=ALL-UNNAMED --add-opens=java.base/java.util.concurrent.atomic=ALL-UNNAMED --add-opens=java.xml/javax.xml.namespace=ALL-UNNAMED --add-opens=java.base/java.time=ALL-UNNAMED --enable-native-access=ALL-UNNAMED -XX:MaxMetaspaceSize=384m -XX:+HeapDumpOnOutOfMemoryError -Xms256m -Xmx512m -Dfile.encoding=UTF-8 -Duser.country=BR -Duser.language=pt -Duser.variant -javaagent:C:\Users\Usuario\.gradle\wrapper\dists\gradle-9.5.1-bin\iq79hdu3mqx29lgffhp8bfmx\gradle-9.5.1\lib\agents\gradle-instrumentation-agent-9.5.1.jar 
java_command: org.gradle.launcher.daemon.bootstrap.GradleDaemon 9.5.1
java_class_path (initial): C:\Users\Usuario\.gradle\wrapper\dists\gradle-9.5.1-bin\iq79hdu3mqx29lgffhp8bfmx\gradle-9.5.1\lib\gradle-daemon-main-9.5.1.jar
Launcher Type: SUN_STANDARD

[Global flags]
     intx CICompilerCount                          = 4                                         {product} {ergonomic}
   size_t CompressedClassSpaceSize                 = 335544320                                 {product} {ergonomic}
     uint ConcGCThreads                            = 2                                         {product} {ergonomic}
     uint G1ConcRefinementThreads                  = 8                                         {product} {ergonomic}
   size_t G1HeapRegionSize                         = 1048576                                   {product} {ergonomic}
     bool HeapDumpOnOutOfMemoryError               = true                                   {manageable} {command line}
   size_t InitialHeapSize                          = 268435456                                 {product} {command line}
   size_t MarkStackSize                            = 4194304                                   {product} {ergonomic}
   size_t MarkStackSizeMax                         = 536870912                                 {product} {ergonomic}
   size_t MaxHeapSize                              = 536870912                                 {product} {command line}
   size_t MaxMetaspaceSize                         = 402653184                                 {product} {command line}
   size_t MaxNewSize                               = 321912832                                 {product} {ergonomic}
   size_t MinHeapDeltaBytes                        = 1048576                                   {product} {ergonomic}
   size_t MinHeapSize                              = 268435456                                 {product} {command line}
    uintx NonNMethodCodeHeapSize                   = 5898240                                {pd product} {ergonomic}
    uintx NonProfiledCodeHeapSize                  = 122945536                              {pd product} {ergonomic}
    uintx ProfiledCodeHeapSize                     = 122945536                              {pd product} {ergonomic}
    uintx ReservedCodeCacheSize                    = 251789312                              {pd product} {ergonomic}
     bool SegmentedCodeCache                       = true                                      {product} {ergonomic}
   size_t SoftMaxHeapSize                          = 536870912                              {manageable} {ergonomic}
     bool UseCompressedOops                        = true                           {product lp64_product} {ergonomic}
     bool UseG1GC                                  = true                                      {product} {ergonomic}
     bool UseLargePagesIndividualAllocation        = false                                  {pd product} {ergonomic}

Logging:
Log output configuration:
 #0: stdout all=warning uptime,level,tags foldmultilines=false
 #1: stderr all=off uptime,level,tags foldmultilines=false

Release file:
IMPLEMENTOR="Eclipse Adoptium" 
IMPLEMENTOR_VERSION="Temurin-25.0.3+9" 
JAVA_RUNTIME_VERSION="25.0.3+9-LTS" 
JAVA_VERSION="25.0.3" 
JAVA_VERSION_DATE="2026-04-21" 
LIBC="default" 
MODULES="java.base java.compiler java.datatransfer java.xml java.prefs java.desktop java.instrument java.logging java.management java.security.sasl java.naming java.rmi java.management.rmi java.net.http java.scripting java.security.jgss java.transaction.xa java.sql java.sql.rowset java.xml.crypto java.se java.smartcardio jdk.accessibility jdk.internal.jvmstat jdk.attach jdk.charsets jdk.internal.opt jdk.zipfs jdk.compiler jdk.crypto.cryptoki jdk.crypto.ec jdk.crypto.mscapi jdk.dynalink jdk.internal.ed jdk.editpad jdk.internal.vm.ci jdk.graal.compiler jdk.graal.compiler.management jdk.hotspot.agent jdk.httpserver jdk.incubator.vector jdk.internal.le jdk.internal.md jdk.jartool jdk.javadoc jdk.jcmd jdk.management jdk.management.agent jdk.jconsole jdk.jdeps jdk.jdwp.agent jdk.jdi jdk.jfr jdk.jlink jdk.jpackage jdk.jshell jdk.jsobject jdk.jstatd jdk.localedata jdk.management.jfr jdk.naming.dns jdk.naming.rmi jdk.net jdk.nio.mapmode jdk.sctp jdk.security.auth jdk.security.jgss jdk.unsupported jdk.unsupported.desktop jdk.xml.dom" 
OS_ARCH="x86_64" 
OS_NAME="Windows" 
SOURCE=".:git:cda0a1776184" 
BUILD_SOURCE="git:a612825ee82a20ac872d60958c349854c1f29a8e"
BUILD_SOURCE_REPO="https://github.com/adoptium/temurin-build.git"
SOURCE_REPO="https://github.com/adoptium/jdk25u.git"
FULL_VERSION="25.0.3+9-LTS"
SEMANTIC_VERSION="25.0.3+9"
BUILD_INFO="OS: Windows Server 2022 Version: 10.0"
JVM_VARIANT="Hotspot"
JVM_VERSION="25.0.3+9-LTS"
IMAGE_TYPE="JDK"

Environment Variables:
PATH=C:\Program Files\Eclipse Adoptium\jdk-25.0.3.9-hotspot\bin;C:\Program Files (x86)\Common Files\Oracle\Java\java8path;C:\Program Files (x86)\Common Files\Oracle\Java\javapath;C:\WINDOWS\system32;C:\WINDOWS;C:\WINDOWS\System32\Wbem;C:\WINDOWS\System32\WindowsPowerShell\v1.0\;C:\WINDOWS\System32\OpenSSH\;C:\Program Files\Git\cmd;C:\Users\Usuario\AppData\Local\Programs\Python\Python313\Scripts\;C:\Users\Usuario\AppData\Local\Programs\Python\Python313\;C:\Users\Usuario\AppData\Local\Programs\Python\Launcher\;C:\Users\Usuario\.local\bin;C:\Users\Usuario\AppData\Local\Microsoft\WindowsApps;C:\Users\Usuario\AppData\Local\Programs\Microsoft VS Code\bin;C:\maven\apache-maven-3.9.15\bin;C:\Program Files\nodejs\;C:\Program Files\Eclipse Adoptium\jdk-25.0.3.9-hotspot\bin;C:\Program Files (x86)\Common Files\Oracle\Java\java8path;C:\Program Files (x86)\Common Files\Oracle\Java\javapath;C:\WINDOWS\system32;C:\WINDOWS;C:\WINDOWS\System32\Wbem;C:\WINDOWS\System32\WindowsPowerShell\v1.0\;C:\WINDOWS\System32\OpenSSH\;C:\Program Files\Git\cmd;C:\Users\Usuario\AppData\Local\Programs\Python\Python313\Scripts\;C:\Users\Usuario\AppData\Local\Programs\Python\Python313\;C:\Users\Usuario\AppData\Local\Programs\Python\Launcher\;C:\Users\Usuario\.local\bin;C:\Users\Usuario\AppData\Local\Microsoft\WindowsApps;C:\Users\Usuario\AppData\Local\Programs\Microsoft VS Code\bin;C:\maven\apache-maven-3.9.15\bin;C:\Users\Usuario\AppData\Local\Programs\Python\Python313\Scripts\;C:\Users\Usuario\AppData\Local\Programs\Python\Python313\;C:\Users\Usuario\AppData\Local\Programs\Python\Launcher\;C:\Users\Usuario\.local\bin;C:\Users\Usuario\AppData\Local\Microsoft\WindowsApps;C:\Users\Usuario\AppData\Local\Programs\Microsoft VS Code\bin;C:\dev\flutter\;C:\dev\flutter\bin;C:\Users\Usuario\AppData\Roaming\npm
USERNAME=Usuario
OS=Windows_NT
PROCESSOR_IDENTIFIER=AMD64 Family 23 Model 160 Stepping 0, AuthenticAMD
TMP=C:\Users\Usuario\AppData\Local\Temp
TEMP=C:\Users\Usuario\AppData\Local\Temp




Compilation memory statistics disabled.

Periodic native trim disabled

---------------  S Y S T E M  ---------------

OS:
 Windows 11 , 64 bit Build 26100 (10.0.26100.8521)
OS uptime: 4 days 13:26 hours

CPU: total 8 (initial active 8) (8 cores per cpu, 2 threads per core) family 23 model 160 stepping 0 microcode 0x8a00006, cx8, cmov, fxsr, ht, mmx, 3dnowpref, sse, sse2, sse3, ssse3, sse4a, sse4.1, sse4.2, popcnt, lzcnt, tsc, tscinvbit, avx, avx2, aes, clmul, bmi1, bmi2, adx, sha, fma, vzeroupper, clflush, clflushopt, clwb, rdtscp, rdpid, f16c
Processor Information for the first 8 processors :
  Max Mhz: 2401, Current Mhz: 2401, Mhz Limit: 2401

Memory: 4k page, system-wide physical 3615M (137M free)
TotalPageFile size 14879M (AvailPageFile size 1M)
current process WorkingSet (physical memory assigned to process): 93M, peak: 224M
current process commit charge ("private bytes"): 496M, peak: 510M

vm_info: OpenJDK 64-Bit Server VM (25.0.3+9-LTS) for windows-amd64 JRE (25.0.3+9-LTS), built on 2026-04-21T00:00:00Z with MS VC++ 17.12 (VS2022)

END.
