#
# There is insufficient memory for the Java Runtime Environment to continue.
# Native memory allocation (malloc) failed to allocate 1405600 bytes. Error detail: Chunk::new
# Possible reasons:
#   The system is out of physical RAM or swap space
#   This process is running with CompressedOops enabled, and the Java Heap may be blocking the growth of the native heap
# Possible solutions:
#   Reduce memory load on the system
#   Increase physical memory or swap space
#   Check if swap backing store is full
#   Decrease Java heap size (-Xmx/-Xms)
#   Decrease number of Java threads
#   Decrease Java thread stack sizes (-Xss)
#   Set larger code cache with -XX:ReservedCodeCacheSize=
#   JVM is running with Unscaled Compressed Oops mode in which the Java heap is
#     placed in the first 4GB address space. The Java Heap base address is the
#     maximum limit for the native heap growth. Please use -XX:HeapBaseMinAddress
#     to set the Java Heap base and to place the Java Heap above 4GB virtual address.
# This output file may be truncated or incomplete.
#
#  Out of Memory Error (arena.cpp:186), pid=6668, tid=16664
#
# JRE version: OpenJDK Runtime Environment Temurin-25.0.3+9 (25.0.3+9) (build 25.0.3+9-LTS)
# Java VM: OpenJDK 64-Bit Server VM Temurin-25.0.3+9 (25.0.3+9-LTS, mixed mode, sharing, tiered, compressed oops, compressed class ptrs, serial gc, windows-amd64)
# No core dump will be written. Minidumps are not enabled by default on client versions of Windows
#

---------------  S U M M A R Y ------------

Command Line: --add-opens=java.base/java.lang=ALL-UNNAMED --add-opens=java.base/java.lang.invoke=ALL-UNNAMED --add-opens=java.base/java.util=ALL-UNNAMED --add-opens=java.prefs/java.util.prefs=ALL-UNNAMED --add-exports=jdk.compiler/com.sun.tools.javac.api=ALL-UNNAMED --add-exports=jdk.compiler/com.sun.tools.javac.util=ALL-UNNAMED --add-opens=java.base/java.nio.charset=ALL-UNNAMED --add-opens=java.base/java.net=ALL-UNNAMED --add-opens=java.base/java.util.concurrent=ALL-UNNAMED --add-opens=java.base/java.util.concurrent.atomic=ALL-UNNAMED --add-opens=java.xml/javax.xml.namespace=ALL-UNNAMED --add-opens=java.base/java.time=ALL-UNNAMED --enable-native-access=ALL-UNNAMED -XX:MaxMetaspaceSize=128m -XX:+UseSerialGC -XX:ReservedCodeCacheSize=64m -Xms64m -Xmx192m -Dfile.encoding=UTF-8 -Duser.country=BR -Duser.language=pt -Duser.variant -javaagent:C:\Users\Usuario\.gradle\wrapper\dists\gradle-9.5.1-bin\iq79hdu3mqx29lgffhp8bfmx\gradle-9.5.1\lib\agents\gradle-instrumentation-agent-9.5.1.jar org.gradle.launcher.daemon.bootstrap.GradleDaemon 9.5.1

Host: AMD Ryzen 3 7320U with Radeon Graphics         , 8 cores, 3G,  Windows 11 , 64 bit Build 26100 (10.0.26100.8521)
Time: Sun Jun 28 10:50:53 2026 Hora oficial do Brasil elapsed time: 17.863217 seconds (0d 0h 0m 17s)

---------------  T H R E A D  ---------------

Current thread (0x000001d7443b3a90):  JavaThread "C2 CompilerThread0" daemon [_thread_in_native, id=16664, stack(0x00000001b2500000,0x00000001b2600000) (1024K)]


Current CompileTask:
C2:17863 3480       4       java.lang.invoke.MethodType::makeImpl (109 bytes)

Stack: [0x00000001b2500000,0x00000001b2600000]
Native frames: (J=compiled Java code, j=interpreted, Vv=VM code, C=native code)
V  [jvm.dll+0x7aa709]  (no source info available)
V  [jvm.dll+0x7749ed]  (no source info available)
V  [jvm.dll+0x9f7433]  (no source info available)
V  [jvm.dll+0x9f9a21]  (no source info available)
V  [jvm.dll+0x9fa133]  (no source info available)
V  [jvm.dll+0x2fd266]  (no source info available)
V  [jvm.dll+0x1113c6]  (no source info available)
V  [jvm.dll+0x1116ee]  (no source info available)
V  [jvm.dll+0x454297]  (no source info available)
V  [jvm.dll+0x2544e8]  (no source info available)
V  [jvm.dll+0x2c06bc]  (no source info available)
V  [jvm.dll+0x2bf80f]  (no source info available)
V  [jvm.dll+0x2374a0]  (no source info available)
V  [jvm.dll+0x2cf906]  (no source info available)
V  [jvm.dll+0x2cdb8a]  (no source info available)
V  [jvm.dll+0x49070e]  (no source info available)
V  [jvm.dll+0x99894d]  (no source info available)
V  [jvm.dll+0x7a8ce5]  (no source info available)
C  [ucrtbase.dll+0x2cd30]  (no source info available)
C  [KERNEL32.DLL+0x2e957]  (no source info available)
C  [ntdll.dll+0x87c1c]  (no source info available)

Lock stack of current Java thread (top to bottom):


---------------  P R O C E S S  ---------------

Threads class SMR info:
_java_thread_list=0x000001d75741e420, length=27, elements={
0x000001d744310d80, 0x000001d744398890, 0x000001d74439bc00, 0x000001d7443a2140,
0x000001d7443a3220, 0x000001d7443a7190, 0x000001d7443a8850, 0x000001d7443b3a90,
0x000001d7443b5ab0, 0x000001d7551143e0, 0x000001d7551619c0, 0x000001d755228b60,
0x000001d756ffcf50, 0x000001d756e7cd80, 0x000001d756d0ac00, 0x000001d757437d20,
0x000001d757420ab0, 0x000001d757188400, 0x000001d757186c90, 0x000001d75718ab10,
0x000001d75718ca50, 0x000001d75718c280, 0x000001d75784cd30, 0x000001d75784bd90,
0x000001d75784e4a0, 0x000001d75784fc10, 0x000001d757852320
}

Java Threads: ( => current thread )
  0x000001d744310d80 JavaThread "main"                              [_thread_blocked, id=4240, stack(0x00000001b1c00000,0x00000001b1d00000) (1024K)]
  0x000001d744398890 JavaThread "Reference Handler"          daemon [_thread_blocked, id=6032, stack(0x00000001b1f00000,0x00000001b2000000) (1024K)]
  0x000001d74439bc00 JavaThread "Finalizer"                  daemon [_thread_blocked, id=16840, stack(0x00000001b2000000,0x00000001b2100000) (1024K)]
  0x000001d7443a2140 JavaThread "Signal Dispatcher"          daemon [_thread_blocked, id=5956, stack(0x00000001b2100000,0x00000001b2200000) (1024K)]
  0x000001d7443a3220 JavaThread "Attach Listener"            daemon [_thread_blocked, id=9444, stack(0x00000001b2200000,0x00000001b2300000) (1024K)]
  0x000001d7443a7190 JavaThread "Service Thread"             daemon [_thread_blocked, id=15896, stack(0x00000001b2300000,0x00000001b2400000) (1024K)]
  0x000001d7443a8850 JavaThread "Monitor Deflation Thread"   daemon [_thread_blocked, id=21368, stack(0x00000001b2400000,0x00000001b2500000) (1024K)]
=>0x000001d7443b3a90 JavaThread "C2 CompilerThread0"         daemon [_thread_in_native, id=16664, stack(0x00000001b2500000,0x00000001b2600000) (1024K)]
  0x000001d7443b5ab0 JavaThread "C1 CompilerThread0"         daemon [_thread_in_native, id=5832, stack(0x00000001b2600000,0x00000001b2700000) (1024K)]
  0x000001d7551143e0 JavaThread "Common-Cleaner"             daemon [_thread_blocked, id=9720, stack(0x00000001b2700000,0x00000001b2800000) (1024K)]
  0x000001d7551619c0 JavaThread "Notification Thread"        daemon [_thread_blocked, id=10440, stack(0x00000001b2800000,0x00000001b2900000) (1024K)]
  0x000001d755228b60 JavaThread "Daemon health stats"               [_thread_blocked, id=2000, stack(0x00000001b2900000,0x00000001b2a00000) (1024K)]
  0x000001d756ffcf50 JavaThread "Incoming local TCP Connector on port 51303"        [_thread_in_native, id=3372, stack(0x00000001b2b00000,0x00000001b2c00000) (1024K)]
  0x000001d756e7cd80 JavaThread "Daemon periodic checks"            [_thread_blocked, id=20924, stack(0x00000001b2c00000,0x00000001b2d00000) (1024K)]
  0x000001d756d0ac00 JavaThread "Daemon"                            [_thread_blocked, id=3576, stack(0x00000001b2d00000,0x00000001b2e00000) (1024K)]
  0x000001d757437d20 JavaThread "Handler for socket connection from /127.0.0.1:51303 to /127.0.0.1:51305"        [_thread_in_native, id=1080, stack(0x00000001b2e00000,0x00000001b2f00000) (1024K)]
  0x000001d757420ab0 JavaThread "Cancel handler"                    [_thread_blocked, id=10720, stack(0x00000001b2f00000,0x00000001b3000000) (1024K)]
  0x000001d757188400 JavaThread "Daemon worker"                     [_thread_in_vm, id=12876, stack(0x00000001b3000000,0x00000001b3100000) (1024K)]
  0x000001d757186c90 JavaThread "Asynchronous log dispatcher for DefaultDaemonConnection: socket connection from /127.0.0.1:51303 to /127.0.0.1:51305"        [_thread_blocked, id=18672, stack(0x00000001b3100000,0x00000001b3200000) (1024K)]
  0x000001d75718ab10 JavaThread "Stdin handler"                     [_thread_blocked, id=8724, stack(0x00000001b3200000,0x00000001b3300000) (1024K)]
  0x000001d75718ca50 JavaThread "Daemon client event forwarder"        [_thread_blocked, id=18944, stack(0x00000001b3300000,0x00000001b3400000) (1024K)]
  0x000001d75718c280 JavaThread "Cache worker for journal cache (C:\Users\Usuario\.gradle\caches\journal-1)"        [_thread_blocked, id=1632, stack(0x00000001b2a00000,0x00000001b2b00000) (1024K)]
  0x000001d75784cd30 JavaThread "File lock request listener"        [_thread_in_native, id=8432, stack(0x00000001b3400000,0x00000001b3500000) (1024K)]
  0x000001d75784bd90 JavaThread "File lock release action executor"        [_thread_blocked, id=9264, stack(0x00000001b3500000,0x00000001b3600000) (1024K)]
  0x000001d75784e4a0 JavaThread "Cache worker for file hash cache (C:\Users\Usuario\.gradle\caches\9.5.1\fileHashes)"        [_thread_blocked, id=18864, stack(0x00000001b3600000,0x00000001b3700000) (1024K)]
  0x000001d75784fc10 JavaThread "Cache worker for file hash cache (C:\Users\Usuario\Documents\ecommerce-api\.gradle\9.5.1\fileHashes)"        [_thread_blocked, id=8416, stack(0x00000001b3700000,0x00000001b3800000) (1024K)]
  0x000001d757852320 JavaThread "Cache worker for Build Output Cleanup Cache (C:\Users\Usuario\Documents\ecommerce-api\.gradle\buildOutputCleanup)"        [_thread_blocked, id=7484, stack(0x00000001b3800000,0x00000001b3900000) (1024K)]
Total: 27

Other Threads:
  0x000001d744387b60 VMThread "VM Thread"                           [id=18640, stack(0x00000001b1e00000,0x00000001b1f00000) (1024K)]
  0x000001d744330200 WatcherThread "VM Periodic Task Thread"        [id=17428, stack(0x00000001b1d00000,0x00000001b1e00000) (1024K)]
Total: 2

Threads with active compile tasks:
C2 CompilerThread0  18107 3480       4       java.lang.invoke.MethodType::makeImpl (109 bytes)
Total: 1

VM state: not at safepoint (normal execution)

VM Mutex/Monitor currently owned by a thread: None

Heap address: 0x00000000f4000000, size: 192 MB, Compressed Oops mode: 32-bit

CDS archive(s) mapped at: [0x00000000de000000-0x00000000dedd0000-0x00000000dedd0000), size 14483456, SharedBaseAddress: 0x00000000de000000, ArchiveRelocationMode: 1.
Compressed class space mapped at: 0x00000000df000000-0x00000000e6000000, reserved size: 117440512
UseCompressedClassPointers 1, UseCompactObjectHeaders 0
Narrow klass pointer bits 32, Max shift 3
Narrow klass base: 0x00000000de000000, Narrow klass shift: 0
Encoding Range: [0x00000000de000000 - 0x00000001de000000), (4294967296 bytes)
Klass Range:    [0x00000000de010000 - 0x00000000e6000000), (134152192 bytes)
Klass ID Range:  [65536 - 134217721) (134152185)
Protection zone: [0x00000000de000000 - 0x00000000de010000), (65536 bytes)

GC Precious Log:
 CardTable entry size: 512
 CPUs: 8 total, 8 available
 Memory: 3615M
 Large Page Support: Disabled
 NUMA Support: Disabled
 Compressed Oops: Enabled (32-bit)
 Heap Min Capacity: 64M
 Heap Initial Capacity: 64M
 Heap Max Capacity: 192M
 Pre-touch: Disabled

Heap:
 DefNew     total 19776K, used 7715K [0x00000000f4000000, 0x00000000f5570000, 0x00000000f8000000)
  eden space 17600K,  38% used [0x00000000f4000000, 0x00000000f4691c38, 0x00000000f5130000)
  from space 2176K,  45% used [0x00000000f5130000, 0x00000000f52270e8, 0x00000000f5350000)
  to   space 2176K,   0% used [0x00000000f5350000, 0x00000000f5350000, 0x00000000f5570000)
 Tenured    total 43712K, used 23878K [0x00000000f8000000, 0x00000000faab0000, 0x0000000100000000)
  the  space 43712K,  54% used [0x00000000f8000000, 0x00000000f9751bc8, 0x00000000faab0000)

Card table byte_map: [0x000001d743cb0000,0x000001d743d10000] _byte_map_base: 0x000001d743510000

Polling page: 0x000001d7422c0000

Metaspace:
Metaspace        used 25421K, committed 26368K, reserved 180224K
 class space     used 3882K, committed 4288K, reserved 114688K

Usage:
  Non-class:     21.03 MB used.
      Class:      3.79 MB used.
       Both:     24.83 MB used.

Virtual space:
  Non-class space:       64.00 MB reserved,      21.56 MB ( 34%) committed,  1 nodes.
      Class space:      112.00 MB reserved,       4.19 MB (  4%) committed,  1 nodes.
             Both:      176.00 MB reserved,      25.75 MB ( 15%) committed. 

Chunk freelists:
   Non-Class:  10.31 MB
       Class:  11.81 MB
        Both:  22.12 MB

MaxMetaspaceSize: 128.00 MB
CompressedClassSpaceSize: 112.00 MB
Initial GC threshold: 21.00 MB
Current GC threshold: 35.00 MB
CDS: on
 - commit_granule_bytes: 65536.
 - commit_granule_words: 8192.
 - virtual_space_node_default_size: 8388608.
 - enlarge_chunks_in_place: 1.
UseCompressedClassPointers 1, UseCompactObjectHeaders 0
Narrow klass pointer bits 32, Max shift 3
Narrow klass base: 0x00000000de000000, Narrow klass shift: 0
Encoding Range: [0x00000000de000000 - 0x00000001de000000), (4294967296 bytes)
Klass Range:    [0x00000000de010000 - 0x00000000e6000000), (134152192 bytes)
Klass ID Range:  [65536 - 134217721) (134152185)
Protection zone: [0x00000000de000000 - 0x00000000de010000), (65536 bytes)


Internal statistics:

num_allocs_failed_limit: 3.
num_arena_births: 1538.
num_arena_deaths: 0.
num_vsnodes_births: 2.
num_vsnodes_deaths: 0.
num_space_committed: 412.
num_space_uncommitted: 0.
num_chunks_returned_to_freelist: 3.
num_chunks_taken_from_freelist: 2630.
num_chunk_merges: 3.
num_chunk_splits: 1709.
num_chunks_enlarged: 1090.
num_inconsistent_stats: 0.

CodeCache: size=65536Kb used=8309Kb max_used=8309Kb free=57226Kb
 bounds [0x000001d74ce00000, 0x000001d74d620000, 0x000001d750e00000]
 total_blobs=4264, nmethods=3634, adapters=534, full_count=0
Compilation: enabled, stopped_count=0, restarted_count=0

Compilation events (20 events):
Event: 16.750 Thread 0x000001d7443b5ab0 nmethod 3608 0x000001d74d60d208 code [0x000001d74d60d300, 0x000001d74d60d4a0]
Event: 16.762 Thread 0x000001d7443b5ab0 3609       3       java.util.Arrays::sort (37 bytes)
Event: 16.762 Thread 0x000001d7443b5ab0 nmethod 3609 0x000001d74d60d508 code [0x000001d74d60d600, 0x000001d74d60d7e8]
Event: 16.803 Thread 0x000001d7443b5ab0 3610       3       java.util.concurrent.locks.AbstractQueuedSynchronizer$Node::<init> (5 bytes)
Event: 16.804 Thread 0x000001d7443b5ab0 nmethod 3610 0x000001d74d60d808 code [0x000001d74d60d900, 0x000001d74d60da60]
Event: 16.911 Thread 0x000001d7443b5ab0 3611       3       jdk.internal.event.Event::<init> (5 bytes)
Event: 16.912 Thread 0x000001d7443b5ab0 nmethod 3611 0x000001d74d60db08 code [0x000001d74d60dc00, 0x000001d74d60dd60]
Event: 16.987 Thread 0x000001d7443b5ab0 3612   !   3       java.util.concurrent.locks.AbstractQueuedSynchronizer::tryInitializeHead (66 bytes)
Event: 16.987 Thread 0x000001d7443b5ab0 nmethod 3612 0x000001d74d60de08 code [0x000001d74d60df00, 0x000001d74d60e400]
Event: 16.998 Thread 0x000001d7443b5ab0 3613   !   3       java.util.concurrent.locks.AbstractQueuedSynchronizer$ConditionObject::newConditionNode (78 bytes)
Event: 16.998 Thread 0x000001d7443b5ab0 nmethod 3613 0x000001d74d60e408 code [0x000001d74d60e500, 0x000001d74d60ee30]
Event: 16.998 Thread 0x000001d7443b5ab0 3614       3       java.util.concurrent.locks.AbstractQueuedSynchronizer$ConditionNode::<init> (5 bytes)
Event: 16.998 Thread 0x000001d7443b5ab0 nmethod 3614 0x000001d74d60ee88 code [0x000001d74d60ef80, 0x000001d74d60f140]
Event: 17.030 Thread 0x000001d7443b5ab0 3615       3       jdk.internal.misc.Unsafe::getAndBitwiseAndInt (27 bytes)
Event: 17.030 Thread 0x000001d7443b5ab0 nmethod 3615 0x000001d74d60f188 code [0x000001d74d60f280, 0x000001d74d60f518]
Event: 17.041 Thread 0x000001d7443b5ab0 3616       3       java.util.concurrent.locks.ReentrantLock$NonfairSync::tryAcquire (27 bytes)
Event: 17.041 Thread 0x000001d7443b5ab0 nmethod 3616 0x000001d74d60f588 code [0x000001d74d60f680, 0x000001d74d60fa28]
Event: 17.105 Thread 0x000001d7443b5ab0 3617       3       java.util.concurrent.locks.AbstractQueuedSynchronizer$Node::clearStatus (12 bytes)
Event: 17.105 Thread 0x000001d7443b5ab0 nmethod 3617 0x000001d74d60fa88 code [0x000001d74d60fb80, 0x000001d74d60fdb0]
Event: 17.105 Thread 0x000001d7443b5ab0 3618       3       jdk.internal.misc.Unsafe::putIntOpaque (9 bytes)

GC Heap Usage History (20 events):
Event: 6.500 {heap Before GC invocations=2 (full 0):
 DefNew     total 19648K, used 19648K [0x00000000f4000000, 0x00000000f5550000, 0x00000000f8000000)
  eden space 17472K, 100% used [0x00000000f4000000, 0x00000000f5110000, 0x00000000f5110000)
  from space 2176K, 100% used [0x00000000f5110000, 0x00000000f5330000, 0x00000000f5330000)
  to   space 2176K,   0% used [0x00000000f5330000, 0x00000000f5330000, 0x00000000f5550000)
 Tenured    total 43712K, used 9018K [0x00000000f8000000, 0x00000000faab0000, 0x0000000100000000)
  the  space 43712K,  20% used [0x00000000f8000000, 0x00000000f88ce8e0, 0x00000000faab0000)
}
Event: 6.505 {heap After GC invocations=3 (full 0):
 DefNew     total 19648K, used 440K [0x00000000f4000000, 0x00000000f5550000, 0x00000000f8000000)
  eden space 17472K,   0% used [0x00000000f4000000, 0x00000000f4000000, 0x00000000f5110000)
  from space 2176K,  20% used [0x00000000f5330000, 0x00000000f539e028, 0x00000000f5550000)
  to   space 2176K,   0% used [0x00000000f5110000, 0x00000000f5110000, 0x00000000f5330000)
 Tenured    total 43712K, used 11188K [0x00000000f8000000, 0x00000000faab0000, 0x0000000100000000)
  the  space 43712K,  25% used [0x00000000f8000000, 0x00000000f8aed240, 0x00000000faab0000)
}
Event: 12.267 {heap Before GC invocations=3 (full 0):
 DefNew     total 19648K, used 17912K [0x00000000f4000000, 0x00000000f5550000, 0x00000000f8000000)
  eden space 17472K, 100% used [0x00000000f4000000, 0x00000000f5110000, 0x00000000f5110000)
  from space 2176K,  20% used [0x00000000f5330000, 0x00000000f539e028, 0x00000000f5550000)
  to   space 2176K,   0% used [0x00000000f5110000, 0x00000000f5110000, 0x00000000f5330000)
 Tenured    total 43712K, used 11188K [0x00000000f8000000, 0x00000000faab0000, 0x0000000100000000)
  the  space 43712K,  25% used [0x00000000f8000000, 0x00000000f8aed240, 0x00000000faab0000)
}
Event: 12.274 {heap After GC invocations=4 (full 0):
 DefNew     total 19648K, used 2175K [0x00000000f4000000, 0x00000000f5550000, 0x00000000f8000000)
  eden space 17472K,   0% used [0x00000000f4000000, 0x00000000f4000000, 0x00000000f5110000)
  from space 2176K,  99% used [0x00000000f5110000, 0x00000000f532fff8, 0x00000000f5330000)
  to   space 2176K,   0% used [0x00000000f5330000, 0x00000000f5330000, 0x00000000f5550000)
 Tenured    total 43712K, used 13591K [0x00000000f8000000, 0x00000000faab0000, 0x0000000100000000)
  the  space 43712K,  31% used [0x00000000f8000000, 0x00000000f8d45d70, 0x00000000faab0000)
}
Event: 13.583 {heap Before GC invocations=4 (full 0):
 DefNew     total 19648K, used 19647K [0x00000000f4000000, 0x00000000f5550000, 0x00000000f8000000)
  eden space 17472K, 100% used [0x00000000f4000000, 0x00000000f5110000, 0x00000000f5110000)
  from space 2176K,  99% used [0x00000000f5110000, 0x00000000f532fff8, 0x00000000f5330000)
  to   space 2176K,   0% used [0x00000000f5330000, 0x00000000f5330000, 0x00000000f5550000)
 Tenured    total 43712K, used 13591K [0x00000000f8000000, 0x00000000faab0000, 0x0000000100000000)
  the  space 43712K,  31% used [0x00000000f8000000, 0x00000000f8d45d70, 0x00000000faab0000)
}
Event: 13.592 {heap After GC invocations=5 (full 0):
 DefNew     total 19648K, used 1791K [0x00000000f4000000, 0x00000000f5550000, 0x00000000f8000000)
  eden space 17472K,   0% used [0x00000000f4000000, 0x00000000f4000000, 0x00000000f5110000)
  from space 2176K,  82% used [0x00000000f5330000, 0x00000000f54efef0, 0x00000000f5550000)
  to   space 2176K,   0% used [0x00000000f5110000, 0x00000000f5110000, 0x00000000f5330000)
 Tenured    total 43712K, used 15757K [0x00000000f8000000, 0x00000000faab0000, 0x0000000100000000)
  the  space 43712K,  36% used [0x00000000f8000000, 0x00000000f8f635c0, 0x00000000faab0000)
}
Event: 14.312 {heap Before GC invocations=5 (full 0):
 DefNew     total 19648K, used 19228K [0x00000000f4000000, 0x00000000f5550000, 0x00000000f8000000)
  eden space 17472K,  99% used [0x00000000f4000000, 0x00000000f5107380, 0x00000000f5110000)
  from space 2176K,  82% used [0x00000000f5330000, 0x00000000f54efef0, 0x00000000f5550000)
  to   space 2176K,   0% used [0x00000000f5110000, 0x00000000f5110000, 0x00000000f5330000)
 Tenured    total 43712K, used 15757K [0x00000000f8000000, 0x00000000faab0000, 0x0000000100000000)
  the  space 43712K,  36% used [0x00000000f8000000, 0x00000000f8f635c0, 0x00000000faab0000)
}
Event: 14.326 {heap After GC invocations=6 (full 0):
 DefNew     total 19648K, used 1959K [0x00000000f4000000, 0x00000000f5550000, 0x00000000f8000000)
  eden space 17472K,   0% used [0x00000000f4000000, 0x00000000f4000000, 0x00000000f5110000)
  from space 2176K,  90% used [0x00000000f5110000, 0x00000000f52f9d80, 0x00000000f5330000)
  to   space 2176K,   0% used [0x00000000f5330000, 0x00000000f5330000, 0x00000000f5550000)
 Tenured    total 43712K, used 17503K [0x00000000f8000000, 0x00000000faab0000, 0x0000000100000000)
  the  space 43712K,  40% used [0x00000000f8000000, 0x00000000f9117e80, 0x00000000faab0000)
}
Event: 14.757 {heap Before GC invocations=6 (full 0):
 DefNew     total 19648K, used 19431K [0x00000000f4000000, 0x00000000f5550000, 0x00000000f8000000)
  eden space 17472K, 100% used [0x00000000f4000000, 0x00000000f5110000, 0x00000000f5110000)
  from space 2176K,  90% used [0x00000000f5110000, 0x00000000f52f9d80, 0x00000000f5330000)
  to   space 2176K,   0% used [0x00000000f5330000, 0x00000000f5330000, 0x00000000f5550000)
 Tenured    total 43712K, used 17503K [0x00000000f8000000, 0x00000000faab0000, 0x0000000100000000)
  the  space 43712K,  40% used [0x00000000f8000000, 0x00000000f9117e80, 0x00000000faab0000)
}
Event: 14.764 {heap After GC invocations=7 (full 0):
 DefNew     total 19648K, used 681K [0x00000000f4000000, 0x00000000f5550000, 0x00000000f8000000)
  eden space 17472K,   0% used [0x00000000f4000000, 0x00000000f4000000, 0x00000000f5110000)
  from space 2176K,  31% used [0x00000000f5330000, 0x00000000f53da6a0, 0x00000000f5550000)
  to   space 2176K,   0% used [0x00000000f5110000, 0x00000000f5110000, 0x00000000f5330000)
 Tenured    total 43712K, used 19454K [0x00000000f8000000, 0x00000000faab0000, 0x0000000100000000)
  the  space 43712K,  44% used [0x00000000f8000000, 0x00000000f92ff978, 0x00000000faab0000)
}
Event: 15.305 {heap Before GC invocations=7 (full 0):
 DefNew     total 19648K, used 18153K [0x00000000f4000000, 0x00000000f5550000, 0x00000000f8000000)
  eden space 17472K, 100% used [0x00000000f4000000, 0x00000000f5110000, 0x00000000f5110000)
  from space 2176K,  31% used [0x00000000f5330000, 0x00000000f53da6a0, 0x00000000f5550000)
  to   space 2176K,   0% used [0x00000000f5110000, 0x00000000f5110000, 0x00000000f5330000)
 Tenured    total 43712K, used 19454K [0x00000000f8000000, 0x00000000faab0000, 0x0000000100000000)
  the  space 43712K,  44% used [0x00000000f8000000, 0x00000000f92ff978, 0x00000000faab0000)
}
Event: 15.313 {heap After GC invocations=8 (full 0):
 DefNew     total 19648K, used 1717K [0x00000000f4000000, 0x00000000f5550000, 0x00000000f8000000)
  eden space 17472K,   0% used [0x00000000f4000000, 0x00000000f4000000, 0x00000000f5110000)
  from space 2176K,  78% used [0x00000000f5110000, 0x00000000f52bd548, 0x00000000f5330000)
  to   space 2176K,   0% used [0x00000000f5330000, 0x00000000f5330000, 0x00000000f5550000)
 Tenured    total 43712K, used 19454K [0x00000000f8000000, 0x00000000faab0000, 0x0000000100000000)
  the  space 43712K,  44% used [0x00000000f8000000, 0x00000000f92ff978, 0x00000000faab0000)
}
Event: 15.670 {heap Before GC invocations=8 (full 0):
 DefNew     total 19648K, used 19189K [0x00000000f4000000, 0x00000000f5550000, 0x00000000f8000000)
  eden space 17472K, 100% used [0x00000000f4000000, 0x00000000f5110000, 0x00000000f5110000)
  from space 2176K,  78% used [0x00000000f5110000, 0x00000000f52bd548, 0x00000000f5330000)
  to   space 2176K,   0% used [0x00000000f5330000, 0x00000000f5330000, 0x00000000f5550000)
 Tenured    total 43712K, used 19454K [0x00000000f8000000, 0x00000000faab0000, 0x0000000100000000)
  the  space 43712K,  44% used [0x00000000f8000000, 0x00000000f92ff978, 0x00000000faab0000)
}
Event: 15.679 {heap After GC invocations=9 (full 0):
 DefNew     total 19648K, used 2105K [0x00000000f4000000, 0x00000000f5550000, 0x00000000f8000000)
  eden space 17472K,   0% used [0x00000000f4000000, 0x00000000f4000000, 0x00000000f5110000)
  from space 2176K,  96% used [0x00000000f5330000, 0x00000000f553e580, 0x00000000f5550000)
  to   space 2176K,   0% used [0x00000000f5110000, 0x00000000f5110000, 0x00000000f5330000)
 Tenured    total 43712K, used 20122K [0x00000000f8000000, 0x00000000faab0000, 0x0000000100000000)
  the  space 43712K,  46% used [0x00000000f8000000, 0x00000000f93a6830, 0x00000000faab0000)
}
Event: 15.881 {heap Before GC invocations=9 (full 0):
 DefNew     total 19648K, used 13266K [0x00000000f4000000, 0x00000000f5550000, 0x00000000f8000000)
  eden space 17472K,  63% used [0x00000000f4000000, 0x00000000f4ae63c0, 0x00000000f5110000)
  from space 2176K,  96% used [0x00000000f5330000, 0x00000000f553e580, 0x00000000f5550000)
  to   space 2176K,   0% used [0x00000000f5110000, 0x00000000f5110000, 0x00000000f5330000)
 Tenured    total 43712K, used 20122K [0x00000000f8000000, 0x00000000faab0000, 0x0000000100000000)
  the  space 43712K,  46% used [0x00000000f8000000, 0x00000000f93a6830, 0x00000000faab0000)
}
Event: 15.937 {heap After GC invocations=10 (full 1):
 DefNew     total 19776K, used 0K [0x00000000f4000000, 0x00000000f5570000, 0x00000000f8000000)
  eden space 17600K,   0% used [0x00000000f4000000, 0x00000000f4000000, 0x00000000f5130000)
  from space 2176K,   0% used [0x00000000f5130000, 0x00000000f5130000, 0x00000000f5350000)
  to   space 2176K,   0% used [0x00000000f5350000, 0x00000000f5350000, 0x00000000f5570000)
 Tenured    total 43712K, used 22748K [0x00000000f8000000, 0x00000000faab0000, 0x0000000100000000)
  the  space 43712K,  52% used [0x00000000f8000000, 0x00000000f96371e0, 0x00000000faab0000)
}
Event: 16.342 {heap Before GC invocations=10 (full 1):
 DefNew     total 19776K, used 17600K [0x00000000f4000000, 0x00000000f5570000, 0x00000000f8000000)
  eden space 17600K, 100% used [0x00000000f4000000, 0x00000000f5130000, 0x00000000f5130000)
  from space 2176K,   0% used [0x00000000f5130000, 0x00000000f5130000, 0x00000000f5350000)
  to   space 2176K,   0% used [0x00000000f5350000, 0x00000000f5350000, 0x00000000f5570000)
 Tenured    total 43712K, used 22748K [0x00000000f8000000, 0x00000000faab0000, 0x0000000100000000)
  the  space 43712K,  52% used [0x00000000f8000000, 0x00000000f96371e0, 0x00000000faab0000)
}
Event: 16.348 {heap After GC invocations=11 (full 1):
 DefNew     total 19776K, used 1141K [0x00000000f4000000, 0x00000000f5570000, 0x00000000f8000000)
  eden space 17600K,   0% used [0x00000000f4000000, 0x00000000f4000000, 0x00000000f5130000)
  from space 2176K,  52% used [0x00000000f5350000, 0x00000000f546d650, 0x00000000f5570000)
  to   space 2176K,   0% used [0x00000000f5130000, 0x00000000f5130000, 0x00000000f5350000)
 Tenured    total 43712K, used 22748K [0x00000000f8000000, 0x00000000faab0000, 0x0000000100000000)
  the  space 43712K,  52% used [0x00000000f8000000, 0x00000000f96371e0, 0x00000000faab0000)
}
Event: 16.753 {heap Before GC invocations=11 (full 1):
 DefNew     total 19776K, used 18741K [0x00000000f4000000, 0x00000000f5570000, 0x00000000f8000000)
  eden space 17600K, 100% used [0x00000000f4000000, 0x00000000f5130000, 0x00000000f5130000)
  from space 2176K,  52% used [0x00000000f5350000, 0x00000000f546d650, 0x00000000f5570000)
  to   space 2176K,   0% used [0x00000000f5130000, 0x00000000f5130000, 0x00000000f5350000)
 Tenured    total 43712K, used 22748K [0x00000000f8000000, 0x00000000faab0000, 0x0000000100000000)
  the  space 43712K,  52% used [0x00000000f8000000, 0x00000000f96371e0, 0x00000000faab0000)
}
Event: 16.760 {heap After GC invocations=12 (full 1):
 DefNew     total 19776K, used 988K [0x00000000f4000000, 0x00000000f5570000, 0x00000000f8000000)
  eden space 17600K,   0% used [0x00000000f4000000, 0x00000000f4000000, 0x00000000f5130000)
  from space 2176K,  45% used [0x00000000f5130000, 0x00000000f52270e8, 0x00000000f5350000)
  to   space 2176K,   0% used [0x00000000f5350000, 0x00000000f5350000, 0x00000000f5570000)
 Tenured    total 43712K, used 23878K [0x00000000f8000000, 0x00000000faab0000, 0x0000000100000000)
  the  space 43712K,  54% used [0x00000000f8000000, 0x00000000f9751bc8, 0x00000000faab0000)
}

Metaspace Usage History (20 events):
Event: 6.500 {metaspace Before GC invocations=2 (full 0):
 Metaspace       used 4574K, committed 4736K, reserved 180224K
  class space    used 595K, committed 704K, reserved 114688K
}
Event: 6.505 {metaspace After GC invocations=3 (full 0):
 Metaspace       used 4574K, committed 4736K, reserved 180224K
  class space    used 595K, committed 704K, reserved 114688K
}
Event: 12.267 {metaspace Before GC invocations=3 (full 0):
 Metaspace       used 4674K, committed 4928K, reserved 180224K
  class space    used 595K, committed 704K, reserved 114688K
}
Event: 12.274 {metaspace After GC invocations=4 (full 0):
 Metaspace       used 4674K, committed 4928K, reserved 180224K
  class space    used 595K, committed 704K, reserved 114688K
}
Event: 13.583 {metaspace Before GC invocations=4 (full 0):
 Metaspace       used 6971K, committed 7232K, reserved 180224K
  class space    used 958K, committed 1088K, reserved 114688K
}
Event: 13.592 {metaspace After GC invocations=5 (full 0):
 Metaspace       used 6971K, committed 7232K, reserved 180224K
  class space    used 958K, committed 1088K, reserved 114688K
}
Event: 14.312 {metaspace Before GC invocations=5 (full 0):
 Metaspace       used 11304K, committed 11648K, reserved 180224K
  class space    used 1535K, committed 1664K, reserved 114688K
}
Event: 14.326 {metaspace After GC invocations=6 (full 0):
 Metaspace       used 11304K, committed 11648K, reserved 180224K
  class space    used 1535K, committed 1664K, reserved 114688K
}
Event: 14.757 {metaspace Before GC invocations=6 (full 0):
 Metaspace       used 14150K, committed 14592K, reserved 180224K
  class space    used 1974K, committed 2176K, reserved 114688K
}
Event: 14.764 {metaspace After GC invocations=7 (full 0):
 Metaspace       used 14150K, committed 14592K, reserved 180224K
  class space    used 1974K, committed 2176K, reserved 114688K
}
Event: 15.305 {metaspace Before GC invocations=7 (full 0):
 Metaspace       used 16956K, committed 17472K, reserved 180224K
  class space    used 2397K, committed 2624K, reserved 114688K
}
Event: 15.313 {metaspace After GC invocations=8 (full 0):
 Metaspace       used 16956K, committed 17472K, reserved 180224K
  class space    used 2397K, committed 2624K, reserved 114688K
}
Event: 15.670 {metaspace Before GC invocations=8 (full 0):
 Metaspace       used 19434K, committed 19968K, reserved 180224K
  class space    used 2828K, committed 3072K, reserved 114688K
}
Event: 15.679 {metaspace After GC invocations=9 (full 0):
 Metaspace       used 19434K, committed 19968K, reserved 180224K
  class space    used 2828K, committed 3072K, reserved 114688K
}
Event: 15.881 {metaspace Before GC invocations=9 (full 0):
 Metaspace       used 20821K, committed 21504K, reserved 180224K
  class space    used 3077K, committed 3392K, reserved 114688K
}
Event: 15.937 {metaspace After GC invocations=10 (full 1):
 Metaspace       used 20821K, committed 21504K, reserved 180224K
  class space    used 3077K, committed 3392K, reserved 114688K
}
Event: 16.342 {metaspace Before GC invocations=10 (full 1):
 Metaspace       used 22981K, committed 23744K, reserved 180224K
  class space    used 3444K, committed 3776K, reserved 114688K
}
Event: 16.348 {metaspace After GC invocations=11 (full 1):
 Metaspace       used 22981K, committed 23744K, reserved 180224K
  class space    used 3444K, committed 3776K, reserved 114688K
}
Event: 16.753 {metaspace Before GC invocations=11 (full 1):
 Metaspace       used 24770K, committed 25664K, reserved 180224K
  class space    used 3756K, committed 4160K, reserved 114688K
}
Event: 16.760 {metaspace After GC invocations=12 (full 1):
 Metaspace       used 24770K, committed 25664K, reserved 180224K
  class space    used 3756K, committed 4160K, reserved 114688K
}

Dll operation events (14 events):
Event: 0.023 Loaded shared library C:\Program Files\Eclipse Adoptium\jdk-25.0.3.9-hotspot\bin\java.dll
Event: 0.097 Loaded shared library C:\Program Files\Eclipse Adoptium\jdk-25.0.3.9-hotspot\bin\zip.dll
Event: 0.101 Loaded shared library C:\Program Files\Eclipse Adoptium\jdk-25.0.3.9-hotspot\bin\instrument.dll
Event: 0.106 Loaded shared library C:\Program Files\Eclipse Adoptium\jdk-25.0.3.9-hotspot\bin\net.dll
Event: 0.111 Loaded shared library C:\Program Files\Eclipse Adoptium\jdk-25.0.3.9-hotspot\bin\nio.dll
Event: 0.114 Loaded shared library C:\Program Files\Eclipse Adoptium\jdk-25.0.3.9-hotspot\bin\zip.dll
Event: 0.433 Loaded shared library C:\Program Files\Eclipse Adoptium\jdk-25.0.3.9-hotspot\bin\jimage.dll
Event: 0.973 Loaded shared library C:\Program Files\Eclipse Adoptium\jdk-25.0.3.9-hotspot\bin\verify.dll
Event: 1.026 Loaded shared library C:\Users\Usuario\.gradle\native\660c5614fbf4a5f2a75b1949f50a0caf5cd603558e7d8a26e50b933a0cfb79d1\windows-amd64\native-platform.dll
Event: 1.045 Loaded shared library C:\Users\Usuario\.gradle\native\0.2.8\x86_64-windows-gnu\gradle-fileevents.dll
Event: 13.341 Loaded shared library C:\Program Files\Eclipse Adoptium\jdk-25.0.3.9-hotspot\bin\management.dll
Event: 13.349 Loaded shared library C:\Program Files\Eclipse Adoptium\jdk-25.0.3.9-hotspot\bin\management_ext.dll
Event: 13.767 Loaded shared library C:\Program Files\Eclipse Adoptium\jdk-25.0.3.9-hotspot\bin\extnet.dll
Event: 14.177 Loaded shared library C:\Program Files\Eclipse Adoptium\jdk-25.0.3.9-hotspot\bin\sunmscapi.dll

Deoptimization events (20 events):
Event: 16.269 Thread 0x000001d757188400 Uncommon trap: trap_request=0xffffff45 fr.pc=0x000001d74d517a68 relative=0x00000000000000e8
Event: 16.269 Thread 0x000001d757188400 Uncommon trap: reason=unstable_if action=reinterpret pc=0x000001d74d517a68 method=java.util.Arrays.equals([Ljava/lang/Object;[Ljava/lang/Object;)Z @ 44 c2
Event: 16.269 Thread 0x000001d757188400 DEOPT PACKING pc=0x000001d74d517a68 sp=0x00000001b30fb370
Event: 16.269 Thread 0x000001d757188400 DEOPT UNPACKING pc=0x000001d74cf16f82 sp=0x00000001b30fb310 mode 2
Event: 16.269 Thread 0x000001d757188400 Uncommon trap: trap_request=0xffffff45 fr.pc=0x000001d74d582cdc relative=0x00000000000002dc
Event: 16.269 Thread 0x000001d757188400 Uncommon trap: reason=unstable_if action=reinterpret pc=0x000001d74d582cdc method=java.util.HashMap.getNode(Ljava/lang/Object;)Ljava/util/HashMap$Node; @ 131 c2
Event: 16.269 Thread 0x000001d757188400 DEOPT PACKING pc=0x000001d74d582cdc sp=0x00000001b30fb430
Event: 16.269 Thread 0x000001d757188400 DEOPT UNPACKING pc=0x000001d74cf16f82 sp=0x00000001b30fb3a0 mode 2
Event: 16.269 Thread 0x000001d757188400 Uncommon trap: trap_request=0xffffff45 fr.pc=0x000001d74d44ef08 relative=0x0000000000000508
Event: 16.269 Thread 0x000001d757188400 Uncommon trap: reason=unstable_if action=reinterpret pc=0x000001d74d44ef08 method=java.util.HashMap.putVal(ILjava/lang/Object;Ljava/lang/Object;ZZ)Ljava/lang/Object; @ 206 c2
Event: 16.269 Thread 0x000001d757188400 DEOPT PACKING pc=0x000001d74d44ef08 sp=0x00000001b30fb3c0
Event: 16.269 Thread 0x000001d757188400 DEOPT UNPACKING pc=0x000001d74cf16f82 sp=0x00000001b30fb328 mode 2
Event: 16.297 Thread 0x000001d757188400 Uncommon trap: trap_request=0xffffff45 fr.pc=0x000001d74d432ffc relative=0x00000000000007dc
Event: 16.297 Thread 0x000001d757188400 Uncommon trap: reason=unstable_if action=reinterpret pc=0x000001d74d432ffc method=jdk.internal.classfile.impl.SplitConstantPool.maybeCloneUtf8Entry(Ljava/lang/classfile/constantpool/Utf8Entry;)Ljdk/internal/classfile/impl/AbstractPoolEntry$Utf8EntryImpl; 
Event: 16.297 Thread 0x000001d757188400 DEOPT PACKING pc=0x000001d74d432ffc sp=0x00000001b30f9c80
Event: 16.297 Thread 0x000001d757188400 DEOPT UNPACKING pc=0x000001d74cf16f82 sp=0x00000001b30f9c30 mode 2
Event: 16.487 Thread 0x000001d757188400 Uncommon trap: trap_request=0xffffffde fr.pc=0x000001d74cf56dd4 relative=0x00000000000001d4
Event: 16.487 Thread 0x000001d757188400 Uncommon trap: reason=class_check action=maybe_recompile pc=0x000001d74cf56dd4 method=java.lang.String.equals(Ljava/lang/Object;)Z @ 8 c2
Event: 16.487 Thread 0x000001d757188400 DEOPT PACKING pc=0x000001d74cf56dd4 sp=0x00000001b30fa140
Event: 16.487 Thread 0x000001d757188400 DEOPT UNPACKING pc=0x000001d74cf16f82 sp=0x00000001b30fa0d8 mode 2

Classes loaded (20 events):
Event: 15.983 Loading class java/lang/FunctionalInterface
Event: 15.983 Loading class java/lang/FunctionalInterface done
Event: 16.120 Loading class javax/xml/parsers/ParserConfigurationException
Event: 16.121 Loading class javax/xml/parsers/ParserConfigurationException done
Event: 16.121 Loading class org/xml/sax/SAXException
Event: 16.122 Loading class org/xml/sax/SAXException done
Event: 16.122 Loading class javax/xml/xpath/XPathExpressionException
Event: 16.122 Loading class javax/xml/xpath/XPathException
Event: 16.122 Loading class javax/xml/xpath/XPathException done
Event: 16.122 Loading class javax/xml/xpath/XPathExpressionException done
Event: 16.122 Loading class org/xml/sax/ErrorHandler
Event: 16.123 Loading class org/xml/sax/ErrorHandler done
Event: 16.128 Loading class java/nio/file/AtomicMoveNotSupportedException
Event: 16.129 Loading class java/nio/file/AtomicMoveNotSupportedException done
Event: 16.471 Loading class java/util/zip/GZIPInputStream
Event: 16.471 Loading class java/util/zip/GZIPInputStream done
Event: 16.471 Loading class java/util/zip/GZIPOutputStream
Event: 16.471 Loading class java/util/zip/DeflaterOutputStream
Event: 16.471 Loading class java/util/zip/DeflaterOutputStream done
Event: 16.471 Loading class java/util/zip/GZIPOutputStream done

Classes unloaded (0 events):
No events

Classes redefined (0 events):
No events

Internal exceptions (20 events):
Event: 15.813 Thread 0x000001d757188400 Exception <a 'java/lang/NoSuchMethodError'{0x00000000f4847fe8}: 'java.lang.Object java.lang.invoke.DirectMethodHandle$Holder.invokeStatic(java.lang.Object, java.lang.Object, java.lang.Object, java.lang.Object, java.lang.Object, java.lang.Object, java.lang.Object, java.lang.Object, java.lang.Object, java.lang.Object, java.lang.Object, java.lang.Object, java.lang.Object, java.lang.Object, java.lang.Object, java.lang.Object, java.lang.Object, java.lang.Object, java.lang.Object, java.lang.Object, java.lang.Obj
Event: 15.821 Thread 0x000001d757188400 Exception <a 'java/lang/NoSuchMethodError'{0x00000000f48ad8e0}: 'int java.lang.invoke.DirectMethodHandle$Holder.invokeStatic(java.lang.Object, java.lang.Object, java.lang.Object, java.lang.Object)'> (0x00000000f48ad8e0) 
thrown [s\src\hotspot\share\interpreter\linkResolver.cpp, line 804]
Event: 15.840 Thread 0x000001d757188400 Exception <a 'java/lang/IncompatibleClassChangeError'{0x00000000f494d178}: Found class java.lang.Object, but interface was expected> (0x00000000f494d178) 
thrown [s\src\hotspot\share\interpreter\linkResolver.cpp, line 871]
Event: 15.945 Thread 0x000001d757188400 Exception <a 'java/lang/NoSuchMethodError'{0x00000000f4096100}: 'void java.lang.invoke.DirectMethodHandle$Holder.invokeVirtual(java.lang.Object, java.lang.Object, java.lang.Object, java.lang.Object, java.lang.Object)'> (0x00000000f4096100) 
thrown [s\src\hotspot\share\interpreter\linkResolver.cpp, line 804]
Event: 16.030 Thread 0x000001d757188400 Exception <a 'java/lang/NoSuchMethodError'{0x00000000f44c0938}: 'java.lang.Object java.lang.invoke.Invokers$Holder.invoker(java.lang.Object, java.lang.Object, java.lang.Object, java.lang.Object)'> (0x00000000f44c0938) 
thrown [s\src\hotspot\share\interpreter\linkResolver.cpp, line 804]
Event: 16.097 Thread 0x000001d757188400 Exception <a 'java/lang/NoSuchMethodError'{0x00000000f4789d18}: 'java.lang.Object java.lang.invoke.DirectMethodHandle$Holder.invokeVirtual(java.lang.Object, java.lang.Object, java.lang.Object, java.lang.Object, java.lang.Object, java.lang.Object, java.lang.Object, java.lang.Object, java.lang.Object, java.lang.Object, java.lang.Object, java.lang.Object, java.lang.Object, java.lang.Object, java.lang.Object, java.lang.Object, java.lang.Object, java.lang.Object, java.lang.Object, java.lang.Object, java.lang.Ob
Event: 16.144 Thread 0x000001d757188400 Exception <a 'java/lang/NoSuchMethodError'{0x00000000f4939cc8}: 'java.lang.Object java.lang.invoke.DirectMethodHandle$Holder.invokeSpecial(java.lang.Object, java.lang.Object, java.lang.Object, java.lang.Object, java.lang.Object, java.lang.Object, java.lang.Object, java.lang.Object, java.lang.Object, java.lang.Object, java.lang.Object, java.lang.Object, java.lang.Object, java.lang.Object, java.lang.Object, java.lang.Object, java.lang.Object, java.lang.Object, java.lang.Object, java.lang.Object, java.lang.Ob
Event: 16.229 Thread 0x000001d757188400 Exception <a 'java/lang/NoSuchMethodError'{0x00000000f4c6e0c0}: 'void java.lang.invoke.DirectMethodHandle$Holder.invokeVirtual(java.lang.Object, java.lang.Object, java.lang.Object, java.lang.Object, java.lang.Object, java.lang.Object)'> (0x00000000f4c6e0c0) 
thrown [s\src\hotspot\share\interpreter\linkResolver.cpp, line 804]
Event: 16.229 Thread 0x000001d757188400 Exception <a 'java/lang/NoSuchMethodError'{0x00000000f4c76f28}: 'void java.lang.invoke.DelegatingMethodHandle$Holder.reinvoke_L(java.lang.Object, java.lang.Object, java.lang.Object, java.lang.Object, java.lang.Object, java.lang.Object)'> (0x00000000f4c76f28) 
thrown [s\src\hotspot\share\interpreter\linkResolver.cpp, line 804]
Event: 16.281 Thread 0x000001d757188400 Exception <a 'java/lang/NoSuchMethodError'{0x00000000f4e72008}: 'java.lang.Object java.lang.invoke.DirectMethodHandle$Holder.newInvokeSpecial(java.lang.Object, java.lang.Object, java.lang.Object, java.lang.Object, java.lang.Object, java.lang.Object, java.lang.Object)'> (0x00000000f4e72008) 
thrown [s\src\hotspot\share\interpreter\linkResolver.cpp, line 804]
Event: 16.597 Thread 0x000001d757188400 Exception <a 'java/lang/NoSuchMethodError'{0x00000000f489faf8}: 'java.lang.Object java.lang.invoke.DirectMethodHandle$Holder.invokeSpecial(java.lang.Object, java.lang.Object, java.lang.Object, java.lang.Object, java.lang.Object, java.lang.Object, java.lang.Object, java.lang.Object, java.lang.Object, java.lang.Object, java.lang.Object, java.lang.Object, java.lang.Object, java.lang.Object, java.lang.Object, java.lang.Object, java.lang.Object, java.lang.Object, java.lang.Object, java.lang.Object, java.lang.Ob
Event: 16.597 Thread 0x000001d757188400 Exception <a 'java/lang/NoSuchMethodError'{0x00000000f48d6ec8}: 'java.lang.Object java.lang.invoke.DelegatingMethodHandle$Holder.reinvoke_L(java.lang.Object, java.lang.Object, java.lang.Object, java.lang.Object, java.lang.Object, java.lang.Object, java.lang.Object, java.lang.Object, java.lang.Object, java.lang.Object, java.lang.Object, java.lang.Object, java.lang.Object, java.lang.Object, java.lang.Object, java.lang.Object, java.lang.Object, java.lang.Object, java.lang.Object, java.lang.Object, java.lang.O
Event: 16.598 Thread 0x000001d757188400 Exception <a 'java/lang/NoSuchMethodError'{0x00000000f48eb608}: 'java.lang.Object java.lang.invoke.DirectMethodHandle$Holder.invokeSpecial(java.lang.Object, java.lang.Object, java.lang.Object, java.lang.Object, java.lang.Object, java.lang.Object, java.lang.Object, java.lang.Object, java.lang.Object, java.lang.Object, java.lang.Object, java.lang.Object, java.lang.Object, java.lang.Object, java.lang.Object, java.lang.Object, java.lang.Object, java.lang.Object, java.lang.Object, java.lang.Object, java.lang.Ob
Event: 16.599 Thread 0x000001d757188400 Exception <a 'java/lang/NoSuchMethodError'{0x00000000f48f5778}: 'java.lang.Object java.lang.invoke.Invokers$Holder.invoker(java.lang.Object, java.lang.Object, java.lang.Object, java.lang.Object, java.lang.Object, java.lang.Object, java.lang.Object, java.lang.Object, java.lang.Object, java.lang.Object, java.lang.Object, java.lang.Object, java.lang.Object, java.lang.Object, java.lang.Object, java.lang.Object, java.lang.Object, java.lang.Object, java.lang.Object, java.lang.Object, java.lang.Object, java.lang.
Event: 16.599 Thread 0x000001d757188400 Exception <a 'java/lang/NoSuchMethodError'{0x00000000f4900360}: 'java.lang.Object java.lang.invoke.DelegatingMethodHandle$Holder.delegate(java.lang.Object, java.lang.Object, java.lang.Object, java.lang.Object, java.lang.Object, java.lang.Object, java.lang.Object, java.lang.Object, java.lang.Object, java.lang.Object, java.lang.Object, java.lang.Object, java.lang.Object, java.lang.Object, java.lang.Object, java.lang.Object, java.lang.Object, java.lang.Object, java.lang.Object, java.lang.Object, java.lang.Obj
Event: 16.633 Thread 0x000001d757188400 Exception <a 'java/lang/NoSuchMethodError'{0x00000000f4b54d00}: 'java.lang.Object java.lang.invoke.DirectMethodHandle$Holder.invokeStaticInit(java.lang.Object, java.lang.Object, java.lang.Object)'> (0x00000000f4b54d00) 
thrown [s\src\hotspot\share\interpreter\linkResolver.cpp, line 804]
Event: 16.675 Thread 0x000001d757188400 Exception <a 'java/lang/NoSuchMethodError'{0x00000000f4d3e410}: 'int java.lang.invoke.DirectMethodHandle$Holder.invokeStaticInit(java.lang.Object, java.lang.Object)'> (0x00000000f4d3e410) 
thrown [s\src\hotspot\share\interpreter\linkResolver.cpp, line 804]
Event: 16.706 Thread 0x000001d757188400 Exception <a 'java/lang/NoSuchMethodError'{0x00000000f4e83090}: 'java.lang.Object java.lang.invoke.DirectMethodHandle$Holder.invokeVirtual(java.lang.Object, java.lang.Object, java.lang.Object, java.lang.Object, java.lang.Object, java.lang.Object, java.lang.Object, java.lang.Object, java.lang.Object, java.lang.Object, java.lang.Object, java.lang.Object, java.lang.Object)'> (0x00000000f4e83090) 
thrown [s\src\hotspot\share\interpreter\linkResolver.cpp, line 804]
Event: 16.707 Thread 0x000001d757188400 Exception <a 'java/lang/NoSuchMethodError'{0x00000000f4e8d760}: 'java.lang.Object java.lang.invoke.DirectMethodHandle$Holder.invokeSpecial(java.lang.Object, java.lang.Object, java.lang.Object, java.lang.Object, java.lang.Object, java.lang.Object, java.lang.Object, java.lang.Object, java.lang.Object, java.lang.Object, java.lang.Object, java.lang.Object, java.lang.Object, java.lang.Object)'> (0x00000000f4e8d760) 
thrown [s\src\hotspot\share\interpreter\linkResolver.cpp, line 804]
Event: 16.740 Thread 0x000001d757188400 Exception <a 'java/lang/NoSuchMethodError'{0x00000000f5089480}: 'void java.lang.invoke.DirectMethodHandle$Holder.invokeStaticInit(java.lang.Object, java.lang.Object)'> (0x00000000f5089480) 
thrown [s\src\hotspot\share\interpreter\linkResolver.cpp, line 804]

VM Operations (20 events):
Event: 14.312 Executing safepoint VM operation: SerialCollectForAllocation (Allocation Failure)
Event: 14.326 Executing safepoint VM operation: SerialCollectForAllocation (Allocation Failure) done
Event: 14.733 Executing non-safepoint VM operation: HandshakeAllThreads (Deoptimize)
Event: 14.733 Executing non-safepoint VM operation: HandshakeAllThreads (Deoptimize) done
Event: 14.757 Executing safepoint VM operation: SerialCollectForAllocation (Allocation Failure)
Event: 14.764 Executing safepoint VM operation: SerialCollectForAllocation (Allocation Failure) done
Event: 15.305 Executing safepoint VM operation: SerialCollectForAllocation (Allocation Failure)
Event: 15.313 Executing safepoint VM operation: SerialCollectForAllocation (Allocation Failure) done
Event: 15.425 Executing non-safepoint VM operation: HandshakeAllThreads (Deoptimize)
Event: 15.425 Executing non-safepoint VM operation: HandshakeAllThreads (Deoptimize) done
Event: 15.426 Executing non-safepoint VM operation: HandshakeAllThreads (Deoptimize)
Event: 15.426 Executing non-safepoint VM operation: HandshakeAllThreads (Deoptimize) done
Event: 15.670 Executing safepoint VM operation: SerialCollectForAllocation (Allocation Failure)
Event: 15.679 Executing safepoint VM operation: SerialCollectForAllocation (Allocation Failure) done
Event: 15.881 Executing safepoint VM operation: CollectForMetadataAllocation (Metadata GC Threshold)
Event: 15.937 Executing safepoint VM operation: CollectForMetadataAllocation (Metadata GC Threshold) done
Event: 16.341 Executing safepoint VM operation: SerialCollectForAllocation (Allocation Failure)
Event: 16.348 Executing safepoint VM operation: SerialCollectForAllocation (Allocation Failure) done
Event: 16.753 Executing safepoint VM operation: SerialCollectForAllocation (Allocation Failure)
Event: 16.760 Executing safepoint VM operation: SerialCollectForAllocation (Allocation Failure) done

Memory protections (0 events):
No events

Nmethod flushes (0 events):
No events

Events (20 events):
Event: 13.249 Thread 0x000001d7443b5ab0 Thread added: 0x000001d743ef5fb0
Event: 13.489 Thread 0x000001d743ef5fb0 Thread exited: 0x000001d743ef5fb0
Event: 13.573 Thread 0x000001d744310d80 Thread added: 0x000001d755228b60
Event: 13.855 Thread 0x000001d7443b5ab0 Thread added: 0x000001d743ef2740
Event: 13.964 Thread 0x000001d744310d80 Thread added: 0x000001d756ffcf50
Event: 14.111 Thread 0x000001d744310d80 Thread added: 0x000001d756e7cd80
Event: 14.210 Thread 0x000001d756ffcf50 Thread added: 0x000001d756d0ac00
Event: 14.215 Thread 0x000001d756d0ac00 Thread added: 0x000001d757437d20
Event: 14.286 Thread 0x000001d756d0ac00 Thread added: 0x000001d757420ab0
Event: 14.296 Thread 0x000001d756d0ac00 Thread added: 0x000001d757188400
Event: 14.310 Thread 0x000001d757188400 Thread added: 0x000001d757186c90
Event: 14.346 Thread 0x000001d757188400 Thread added: 0x000001d75718ab10
Event: 14.359 Thread 0x000001d757188400 Thread added: 0x000001d75718ca50
Event: 14.558 Thread 0x000001d743ef2740 Thread exited: 0x000001d743ef2740
Event: 14.976 Thread 0x000001d757188400 Thread added: 0x000001d75718c280
Event: 14.986 Thread 0x000001d757188400 Thread added: 0x000001d75784cd30
Event: 15.085 Thread 0x000001d75784cd30 Thread added: 0x000001d75784bd90
Event: 15.126 Thread 0x000001d757188400 Thread added: 0x000001d75784e4a0
Event: 16.495 Thread 0x000001d757188400 Thread added: 0x000001d75784fc10
Event: 16.517 Thread 0x000001d757188400 Thread added: 0x000001d757852320


Dynamic libraries:
0x00007ff7fcd60000 - 0x00007ff7fcd6e000 	C:\Program Files\Eclipse Adoptium\jdk-25.0.3.9-hotspot\bin\java.exe
0x00007ffd3ac80000 - 0x00007ffd3aee6000 	C:\WINDOWS\SYSTEM32\ntdll.dll
0x00007ffd39790000 - 0x00007ffd39859000 	C:\WINDOWS\System32\KERNEL32.DLL
0x00007ffd38330000 - 0x00007ffd3872a000 	C:\WINDOWS\System32\KERNELBASE.dll
0x00007ffd34f50000 - 0x00007ffd34ff0000 	C:\WINDOWS\SYSTEM32\apphelp.dll
0x00007ffd38730000 - 0x00007ffd3887c000 	C:\WINDOWS\System32\ucrtbase.dll
0x00007ffd0e070000 - 0x00007ffd0e08e000 	C:\Program Files\Eclipse Adoptium\jdk-25.0.3.9-hotspot\bin\VCRUNTIME140.dll
0x00007ffd1b500000 - 0x00007ffd1b516000 	C:\Program Files\Eclipse Adoptium\jdk-25.0.3.9-hotspot\bin\jli.dll
0x00007ffd3a760000 - 0x00007ffd3a927000 	C:\WINDOWS\System32\USER32.dll
0x00007ffd37f10000 - 0x00007ffd37f37000 	C:\WINDOWS\System32\win32u.dll
0x00007ffd39860000 - 0x00007ffd3988b000 	C:\WINDOWS\System32\GDI32.dll
0x00007ffd37f40000 - 0x00007ffd3806b000 	C:\WINDOWS\System32\gdi32full.dll
0x00007ffd38880000 - 0x00007ffd38923000 	C:\WINDOWS\System32\msvcp_win.dll
0x00007ffd24880000 - 0x00007ffd24b12000 	C:\WINDOWS\WinSxS\amd64_microsoft.windows.common-controls_6595b64144ccf1df_6.0.26100.8521_none_3e08b75ce33403b3\COMCTL32.dll
0x00007ffd38ab0000 - 0x00007ffd38b59000 	C:\WINDOWS\System32\msvcrt.dll
0x00007ffd38ca0000 - 0x00007ffd38cd2000 	C:\WINDOWS\System32\IMM32.DLL
0x00007ffd30980000 - 0x00007ffd3098c000 	C:\Program Files\Eclipse Adoptium\jdk-25.0.3.9-hotspot\bin\vcruntime140_1.dll
0x00007ffd059f0000 - 0x00007ffd05a7d000 	C:\Program Files\Eclipse Adoptium\jdk-25.0.3.9-hotspot\bin\msvcp140.dll
0x00007ffc99be0000 - 0x00007ffc9ab0a000 	C:\Program Files\Eclipse Adoptium\jdk-25.0.3.9-hotspot\bin\server\jvm.dll
0x00007ffd39e20000 - 0x00007ffd39ed6000 	C:\WINDOWS\System32\ADVAPI32.dll
0x00007ffd396e0000 - 0x00007ffd3978a000 	C:\WINDOWS\System32\sechost.dll
0x00007ffd394c0000 - 0x00007ffd395d8000 	C:\WINDOWS\System32\RPCRT4.dll
0x00007ffd39990000 - 0x00007ffd39a10000 	C:\WINDOWS\System32\WS2_32.dll
0x00007ffd2f9c0000 - 0x00007ffd2f9cb000 	C:\WINDOWS\SYSTEM32\VERSION.dll
0x00007ffd37d60000 - 0x00007ffd37dbe000 	C:\WINDOWS\SYSTEM32\POWRPROF.dll
0x00007ffd2b1b0000 - 0x00007ffd2b1e6000 	C:\WINDOWS\SYSTEM32\WINMM.dll
0x00007ffd37d40000 - 0x00007ffd37d54000 	C:\WINDOWS\SYSTEM32\UMPDC.dll
0x00007ffd36ca0000 - 0x00007ffd36cbb000 	C:\WINDOWS\SYSTEM32\kernel.appcore.dll
0x00007ffd167d0000 - 0x00007ffd167da000 	C:\Program Files\Eclipse Adoptium\jdk-25.0.3.9-hotspot\bin\jimage.dll
0x00007ffd2ed20000 - 0x00007ffd2ef62000 	C:\WINDOWS\SYSTEM32\DBGHELP.DLL
0x00007ffd39a20000 - 0x00007ffd39da3000 	C:\WINDOWS\System32\combase.dll
0x00007ffd39f00000 - 0x00007ffd39fd9000 	C:\WINDOWS\System32\OLEAUT32.dll
0x00007ffd235b0000 - 0x00007ffd235eb000 	C:\WINDOWS\SYSTEM32\dbgcore.DLL
0x00007ffd38280000 - 0x00007ffd38328000 	C:\WINDOWS\System32\bcryptPrimitives.dll
0x00007ffd33200000 - 0x00007ffd3320f000 	C:\Program Files\Eclipse Adoptium\jdk-25.0.3.9-hotspot\bin\instrument.dll
0x00007ffd0c100000 - 0x00007ffd0c11e000 	C:\Program Files\Eclipse Adoptium\jdk-25.0.3.9-hotspot\bin\java.dll
0x00007ffd3a930000 - 0x00007ffd3aac8000 	C:\WINDOWS\System32\ole32.dll
0x00007ffd38ce0000 - 0x00007ffd39464000 	C:\WINDOWS\System32\SHELL32.dll
0x00007ffd35af0000 - 0x00007ffd36370000 	C:\WINDOWS\SYSTEM32\windows.storage.dll
0x00007ffd395e0000 - 0x00007ffd396d6000 	C:\WINDOWS\System32\SHCORE.dll
0x00007ffd39db0000 - 0x00007ffd39e17000 	C:\WINDOWS\System32\shlwapi.dll
0x00007ffd37e30000 - 0x00007ffd37e59000 	C:\WINDOWS\SYSTEM32\profapi.dll
0x00007ffd08480000 - 0x00007ffd08496000 	C:\Program Files\Eclipse Adoptium\jdk-25.0.3.9-hotspot\bin\zip.dll
0x00007ffd09fe0000 - 0x00007ffd09ff1000 	C:\Program Files\Eclipse Adoptium\jdk-25.0.3.9-hotspot\bin\net.dll
0x00007ffd37210000 - 0x00007ffd3727c000 	C:\WINDOWS\system32\mswsock.dll
0x00007ffd085f0000 - 0x00007ffd08606000 	C:\Program Files\Eclipse Adoptium\jdk-25.0.3.9-hotspot\bin\nio.dll
0x00007ffd13f90000 - 0x00007ffd13fa0000 	C:\Program Files\Eclipse Adoptium\jdk-25.0.3.9-hotspot\bin\verify.dll
0x00007ffcfdb80000 - 0x00007ffcfdba7000 	C:\Users\Usuario\.gradle\native\660c5614fbf4a5f2a75b1949f50a0caf5cd603558e7d8a26e50b933a0cfb79d1\windows-amd64\native-platform.dll
0x00007ffd018b0000 - 0x00007ffd01927000 	C:\Users\Usuario\.gradle\native\0.2.8\x86_64-windows-gnu\gradle-fileevents.dll
0x00007ffd0e060000 - 0x00007ffd0e06a000 	C:\Program Files\Eclipse Adoptium\jdk-25.0.3.9-hotspot\bin\management.dll
0x00007ffd0c650000 - 0x00007ffd0c65c000 	C:\Program Files\Eclipse Adoptium\jdk-25.0.3.9-hotspot\bin\management_ext.dll
0x00007ffd38b60000 - 0x00007ffd38b68000 	C:\WINDOWS\System32\PSAPI.DLL
0x00007ffd366a0000 - 0x00007ffd366d3000 	C:\WINDOWS\SYSTEM32\IPHLPAPI.DLL
0x00007ffd3aad0000 - 0x00007ffd3aada000 	C:\WINDOWS\System32\NSI.dll
0x00007ffd11c20000 - 0x00007ffd11c29000 	C:\Program Files\Eclipse Adoptium\jdk-25.0.3.9-hotspot\bin\extnet.dll
0x00007ffd374f0000 - 0x00007ffd3750b000 	C:\WINDOWS\SYSTEM32\CRYPTSP.dll
0x00007ffd36c00000 - 0x00007ffd36c39000 	C:\WINDOWS\system32\rsaenh.dll
0x00007ffd372c0000 - 0x00007ffd372f3000 	C:\WINDOWS\SYSTEM32\USERENV.dll
0x00007ffd37e00000 - 0x00007ffd37e2a000 	C:\WINDOWS\SYSTEM32\bcrypt.dll
0x00007ffd37510000 - 0x00007ffd3751c000 	C:\WINDOWS\SYSTEM32\CRYPTBASE.dll
0x00007ffd0c610000 - 0x00007ffd0c61e000 	C:\Program Files\Eclipse Adoptium\jdk-25.0.3.9-hotspot\bin\sunmscapi.dll
0x00007ffd38100000 - 0x00007ffd38278000 	C:\WINDOWS\System32\CRYPT32.dll
0x00007ffd37710000 - 0x00007ffd37740000 	C:\WINDOWS\SYSTEM32\ncrypt.dll
0x00007ffd376c0000 - 0x00007ffd376ff000 	C:\WINDOWS\SYSTEM32\NTASN1.dll
0x00007ffcd8730000 - 0x00007ffcd8738000 	C:\WINDOWS\system32\wshunix.dll

JVMTI agents:
C:\Users\Usuario\.gradle\wrapper\dists\gradle-9.5.1-bin\iq79hdu3mqx29lgffhp8bfmx\gradle-9.5.1\lib\agents\gradle-instrumentation-agent-9.5.1.jar path:C:\Program Files\Eclipse Adoptium\jdk-25.0.3.9-hotspot\bin\instrument.dll, loaded, initialized, instrumentlib options:none

dbghelp: loaded successfully - version: 4.0.5 - missing functions: none
symbol engine: initialized successfully - sym options: 0x614 - pdb path: .;C:\Program Files\Eclipse Adoptium\jdk-25.0.3.9-hotspot\bin;C:\WINDOWS\SYSTEM32;C:\WINDOWS\WinSxS\amd64_microsoft.windows.common-controls_6595b64144ccf1df_6.0.26100.8521_none_3e08b75ce33403b3;C:\Program Files\Eclipse Adoptium\jdk-25.0.3.9-hotspot\bin\server;C:\Users\Usuario\.gradle\native\660c5614fbf4a5f2a75b1949f50a0caf5cd603558e7d8a26e50b933a0cfb79d1\windows-amd64;C:\Users\Usuario\.gradle\native\0.2.8\x86_64-windows-gnu

VM Arguments:
jvm_args: --add-opens=java.base/java.lang=ALL-UNNAMED --add-opens=java.base/java.lang.invoke=ALL-UNNAMED --add-opens=java.base/java.util=ALL-UNNAMED --add-opens=java.prefs/java.util.prefs=ALL-UNNAMED --add-exports=jdk.compiler/com.sun.tools.javac.api=ALL-UNNAMED --add-exports=jdk.compiler/com.sun.tools.javac.util=ALL-UNNAMED --add-opens=java.base/java.nio.charset=ALL-UNNAMED --add-opens=java.base/java.net=ALL-UNNAMED --add-opens=java.base/java.util.concurrent=ALL-UNNAMED --add-opens=java.base/java.util.concurrent.atomic=ALL-UNNAMED --add-opens=java.xml/javax.xml.namespace=ALL-UNNAMED --add-opens=java.base/java.time=ALL-UNNAMED --enable-native-access=ALL-UNNAMED -XX:MaxMetaspaceSize=128m -XX:+UseSerialGC -XX:ReservedCodeCacheSize=64m -Xms64m -Xmx192m -Dfile.encoding=UTF-8 -Duser.country=BR -Duser.language=pt -Duser.variant -javaagent:C:\Users\Usuario\.gradle\wrapper\dists\gradle-9.5.1-bin\iq79hdu3mqx29lgffhp8bfmx\gradle-9.5.1\lib\agents\gradle-instrumentation-agent-9.5.1.jar 
java_command: org.gradle.launcher.daemon.bootstrap.GradleDaemon 9.5.1
java_class_path (initial): C:\Users\Usuario\.gradle\wrapper\dists\gradle-9.5.1-bin\iq79hdu3mqx29lgffhp8bfmx\gradle-9.5.1\lib\gradle-daemon-main-9.5.1.jar
Launcher Type: SUN_STANDARD

[Global flags]
     intx CICompilerCount                          = 4                                         {product} {ergonomic}
   size_t CompressedClassSpaceSize                 = 117440512                                 {product} {ergonomic}
   size_t InitialHeapSize                          = 67108864                                  {product} {command line}
   size_t MaxHeapSize                              = 201326592                                 {product} {command line}
   size_t MaxMetaspaceSize                         = 134217728                                 {product} {command line}
   size_t MaxNewSize                               = 67108864                                  {product} {ergonomic}
   size_t MinHeapDeltaBytes                        = 196608                                    {product} {ergonomic}
   size_t MinHeapSize                              = 67108864                                  {product} {command line}
   size_t NewSize                                  = 22347776                                  {product} {ergonomic}
    uintx NonNMethodCodeHeapSize                   = 4096                                   {pd product} {ergonomic}
    uintx NonProfiledCodeHeapSize                  = 0                                      {pd product} {ergonomic}
    uintx ProfiledCodeHeapSize                     = 0                                      {pd product} {ergonomic}
    uintx ReservedCodeCacheSize                    = 67108864                               {pd product} {command line}
   size_t SoftMaxHeapSize                          = 201326592                              {manageable} {ergonomic}
     bool UseCompressedOops                        = true                           {product lp64_product} {ergonomic}
     bool UseLargePagesIndividualAllocation        = false                                  {pd product} {ergonomic}
     bool UseSerialGC                              = true                                      {product} {command line}

Logging:
Log output configuration:
 #0: stdout all=warning uptime,level,tags foldmultilines=false
 #1: stderr all=off uptime,level,tags foldmultilines=false

Release file:
IMPLEMENTOR="Eclipse Adoptium" 
IMPLEMENTOR_VERSION="Temurin-25.0.3+9" 
JAVA_RUNTIME_VERSION="25.0.3+9-LTS" 
JAVA_VERSION="25.0.3" 
JAVA_VERSION_DATE="2026-04-21" 
LIBC="default" 
MODULES="java.base java.compiler java.datatransfer java.xml java.prefs java.desktop java.instrument java.logging java.management java.security.sasl java.naming java.rmi java.management.rmi java.net.http java.scripting java.security.jgss java.transaction.xa java.sql java.sql.rowset java.xml.crypto java.se java.smartcardio jdk.accessibility jdk.internal.jvmstat jdk.attach jdk.charsets jdk.internal.opt jdk.zipfs jdk.compiler jdk.crypto.cryptoki jdk.crypto.ec jdk.crypto.mscapi jdk.dynalink jdk.internal.ed jdk.editpad jdk.internal.vm.ci jdk.graal.compiler jdk.graal.compiler.management jdk.hotspot.agent jdk.httpserver jdk.incubator.vector jdk.internal.le jdk.internal.md jdk.jartool jdk.javadoc jdk.jcmd jdk.management jdk.management.agent jdk.jconsole jdk.jdeps jdk.jdwp.agent jdk.jdi jdk.jfr jdk.jlink jdk.jpackage jdk.jshell jdk.jsobject jdk.jstatd jdk.localedata jdk.management.jfr jdk.naming.dns jdk.naming.rmi jdk.net jdk.nio.mapmode jdk.sctp jdk.security.auth jdk.security.jgss jdk.unsupported jdk.unsupported.desktop jdk.xml.dom" 
OS_ARCH="x86_64" 
OS_NAME="Windows" 
SOURCE=".:git:cda0a1776184" 
BUILD_SOURCE="git:a612825ee82a20ac872d60958c349854c1f29a8e"
BUILD_SOURCE_REPO="https://github.com/adoptium/temurin-build.git"
SOURCE_REPO="https://github.com/adoptium/jdk25u.git"
FULL_VERSION="25.0.3+9-LTS"
SEMANTIC_VERSION="25.0.3+9"
BUILD_INFO="OS: Windows Server 2022 Version: 10.0"
JVM_VARIANT="Hotspot"
JVM_VERSION="25.0.3+9-LTS"
IMAGE_TYPE="JDK"

Environment Variables:
PATH=C:\Program Files\Eclipse Adoptium\jdk-25.0.3.9-hotspot\bin;C:\Program Files (x86)\Common Files\Oracle\Java\java8path;C:\Program Files (x86)\Common Files\Oracle\Java\javapath;C:\WINDOWS\system32;C:\WINDOWS;C:\WINDOWS\System32\Wbem;C:\WINDOWS\System32\WindowsPowerShell\v1.0\;C:\WINDOWS\System32\OpenSSH\;C:\Program Files\Git\cmd;C:\Users\Usuario\AppData\Local\Programs\Python\Python313\Scripts\;C:\Users\Usuario\AppData\Local\Programs\Python\Python313\;C:\Users\Usuario\AppData\Local\Programs\Python\Launcher\;C:\Users\Usuario\.local\bin;C:\Users\Usuario\AppData\Local\Microsoft\WindowsApps;C:\Users\Usuario\AppData\Local\Programs\Microsoft VS Code\bin;C:\maven\apache-maven-3.9.15\bin;C:\Program Files\nodejs\;C:\Program Files\Eclipse Adoptium\jdk-25.0.3.9-hotspot\bin;C:\Program Files (x86)\Common Files\Oracle\Java\java8path;C:\Program Files (x86)\Common Files\Oracle\Java\javapath;C:\WINDOWS\system32;C:\WINDOWS;C:\WINDOWS\System32\Wbem;C:\WINDOWS\System32\WindowsPowerShell\v1.0\;C:\WINDOWS\System32\OpenSSH\;C:\Program Files\Git\cmd;C:\Users\Usuario\AppData\Local\Programs\Python\Python313\Scripts\;C:\Users\Usuario\AppData\Local\Programs\Python\Python313\;C:\Users\Usuario\AppData\Local\Programs\Python\Launcher\;C:\Users\Usuario\.local\bin;C:\Users\Usuario\AppData\Local\Microsoft\WindowsApps;C:\Users\Usuario\AppData\Local\Programs\Microsoft VS Code\bin;C:\maven\apache-maven-3.9.15\bin;C:\Users\Usuario\AppData\Local\Programs\Python\Python313\Scripts\;C:\Users\Usuario\AppData\Local\Programs\Python\Python313\;C:\Users\Usuario\AppData\Local\Programs\Python\Launcher\;C:\Users\Usuario\.local\bin;C:\Users\Usuario\AppData\Local\Microsoft\WindowsApps;C:\Users\Usuario\AppData\Local\Programs\Microsoft VS Code\bin;C:\dev\flutter\;C:\dev\flutter\bin;C:\Users\Usuario\AppData\Roaming\npm
USERNAME=Usuario
OS=Windows_NT
PROCESSOR_IDENTIFIER=AMD64 Family 23 Model 160 Stepping 0, AuthenticAMD
TMP=C:\Users\Usuario\AppData\Local\Temp
TEMP=C:\Users\Usuario\AppData\Local\Temp




Compilation memory statistics disabled.

Periodic native trim disabled

---------------  S Y S T E M  ---------------

OS:
 Windows 11 , 64 bit Build 26100 (10.0.26100.8521)
OS uptime: 4 days 13:53 hours

CPU: total 8 (initial active 8) (8 cores per cpu, 2 threads per core) family 23 model 160 stepping 0 microcode 0x8a00006, cx8, cmov, fxsr, ht, mmx, 3dnowpref, sse, sse2, sse3, ssse3, sse4a, sse4.1, sse4.2, popcnt, lzcnt, tsc, tscinvbit, avx, avx2, aes, clmul, bmi1, bmi2, adx, sha, fma, vzeroupper, clflush, clflushopt, clwb, rdtscp, rdpid, f16c
Processor Information for the first 8 processors :
  Max Mhz: 2401, Current Mhz: 2401, Mhz Limit: 2401

Memory: 4k page, system-wide physical 3615M (311M free)
TotalPageFile size 14879M (AvailPageFile size 46M)
current process WorkingSet (physical memory assigned to process): 174M, peak: 175M
current process commit charge ("private bytes"): 186M, peak: 187M

vm_info: OpenJDK 64-Bit Server VM (25.0.3+9-LTS) for windows-amd64 JRE (25.0.3+9-LTS), built on 2026-04-21T00:00:00Z with MS VC++ 17.12 (VS2022)

END.
